Log file open, 05/02/20 16:23:09
LogWindows: Failed to load 'aqProf.dll' (GetLastError=126)
LogWindows: File 'aqProf.dll' does not exist
LogWindows: Failed to load 'VtuneApi.dll' (GetLastError=126)
LogWindows: File 'VtuneApi.dll' does not exist
LogWindows: Failed to load 'VtuneApi32e.dll' (GetLastError=126)
LogWindows: File 'VtuneApi32e.dll' does not exist
LogConsoleResponse: Display: Failed to find resolution value strings in scalability ini. Falling back to default.
LogInit: Display: Running engine for game: MyProject2
LogPlatformFile: Not using cached read wrapper
LogTaskGraph: Started task graph with 5 named threads and 35 total threads with 3 sets of task threads.
LogStats: Stats thread started at 0.082451
LogD3D11RHI: Loaded GFSDK_Aftermath_Lib.x64.dll
LogICUInternationalization: ICU TimeZone Detection - Raw Offset: +1:00, Platform Override: ''
LogPluginManager: Mounting plugin Paper2D
LogPluginManager: Mounting plugin AISupport
LogPluginManager: Mounting plugin LightPropagationVolume
LogPluginManager: Mounting plugin ActorLayerUtilities
LogPluginManager: Mounting plugin AnimationSharing
LogPluginManager: Mounting plugin CLionSourceCodeAccess
LogPluginManager: Mounting plugin CodeLiteSourceCodeAccess
LogPluginManager: Mounting plugin GitSourceControl
LogPluginManager: Mounting plugin KDevelopSourceCodeAccess
LogPluginManager: Mounting plugin NullSourceCodeAccess
LogPluginManager: Mounting plugin PerforceSourceControl
LogPluginManager: Mounting plugin SubversionSourceControl
LogPluginManager: Mounting plugin UObjectPlugin
LogPluginManager: Mounting plugin VisualStudioCodeSourceCodeAccess
LogPluginManager: Mounting plugin VisualStudioSourceCodeAccess
LogPluginManager: Mounting plugin XCodeSourceCodeAccess
LogPluginManager: Mounting plugin AssetManagerEditor
LogPluginManager: Mounting plugin CryptoKeys
LogPluginManager: Mounting plugin CurveEditorTools
LogPluginManager: Mounting plugin DataValidation
LogPluginManager: Mounting plugin FacialAnimation
LogPluginManager: Mounting plugin GameplayTagsEditor
LogPluginManager: Mounting plugin MacGraphicsSwitching
LogPluginManager: Mounting plugin MaterialAnalyzer
LogPluginManager: Mounting plugin MobileLauncherProfileWizard
LogPluginManager: Mounting plugin PluginBrowser
LogPluginManager: Mounting plugin SpeedTreeImporter
LogPluginManager: Mounting plugin DatasmithContent
LogPluginManager: Mounting plugin VariantManagerContent
LogPluginManager: Mounting plugin AlembicImporter
LogPluginManager: Mounting plugin AutomationUtils
LogPluginManager: Mounting plugin BackChannel
LogPluginManager: Mounting plugin CharacterAI
LogPluginManager: Mounting plugin GeometryCache
LogPluginManager: Mounting plugin HTML5Networking
LogPluginManager: Mounting plugin PlatformCrypto
LogPluginManager: Mounting plugin ProxyLODPlugin
LogPluginManager: Mounting plugin SkeletalReduction
LogPluginManager: Mounting plugin MagicLeap
LogPluginManager: Mounting plugin MagicLeapMedia
LogPluginManager: Mounting plugin TcpSocketPlugin
LogPluginManager: Mounting plugin AndroidMedia
LogPluginManager: Mounting plugin AvfMedia
LogPluginManager: Mounting plugin ImgMedia
LogPluginManager: Mounting plugin MediaCompositing
LogPluginManager: Mounting plugin MediaPlayerEditor
LogPluginManager: Mounting plugin WebMMedia
LogPluginManager: Mounting plugin WmfMedia
LogPluginManager: Mounting plugin TcpMessaging
LogPluginManager: Mounting plugin UdpMessaging
LogPluginManager: Mounting plugin ActorSequence
LogPluginManager: Mounting plugin LevelSequenceEditor
LogPluginManager: Mounting plugin MatineeToLevelSequence
LogPluginManager: Mounting plugin NetcodeUnitTest
LogPluginManager: Mounting plugin NUTUnrealEngine4
LogPluginManager: Mounting plugin OnlineSubsystemGooglePlay
LogPluginManager: Mounting plugin OnlineSubsystemIOS
LogPluginManager: Mounting plugin OnlineSubsystem
LogPluginManager: Mounting plugin OnlineSubsystemNull
LogPluginManager: Mounting plugin OnlineSubsystemSteam
LogPluginManager: Mounting plugin OnlineSubsystemUtils
LogPluginManager: Mounting plugin LauncherChunkInstaller
LogPluginManager: Mounting plugin AndroidDeviceProfileSelector
LogPluginManager: Mounting plugin AndroidMoviePlayer
LogPluginManager: Mounting plugin AndroidPermission
LogPluginManager: Mounting plugin AppleImageUtils
LogPluginManager: Mounting plugin AppleMoviePlayer
LogPluginManager: Mounting plugin ArchVisCharacter
LogPluginManager: Mounting plugin AudioCapture
LogPluginManager: Mounting plugin CableComponent
LogPluginManager: Mounting plugin CustomMeshComponent
LogPluginManager: Mounting plugin EditableMesh
LogPluginManager: Mounting plugin ExampleDeviceProfileSelector
LogPluginManager: Mounting plugin GoogleCloudMessaging
LogPluginManager: Mounting plugin IOSDeviceProfileSelector
LogPluginManager: Mounting plugin LinuxDeviceProfileSelector
LogPluginManager: Mounting plugin LocationServicesBPLibrary
LogPluginManager: Mounting plugin MobilePatchingUtils
LogPluginManager: Mounting plugin OculusVR
LogPluginManager: Mounting plugin PhysXVehicles
LogPluginManager: Mounting plugin ProceduralMeshComponent
LogPluginManager: Mounting plugin RuntimePhysXCooking
LogPluginManager: Mounting plugin SignificanceManager
LogPluginManager: Mounting plugin SteamVR
LogPluginManager: Mounting plugin WebMMoviePlayer
LogPluginManager: Mounting plugin WindowsMoviePlayer
LogPluginManager: Mounting plugin ScreenshotTools
LogPluginManager: Mounting plugin AdvancedSessions
LogPluginManager: Mounting plugin AdvancedSteamSessions
LogInit: Using libcurl 7.55.1-DEV
LogInit:  - built for x86_64-pc-win32
LogInit:  - supports SSL with OpenSSL/1.1.1
LogInit:  - supports HTTP deflate (compression) using libz 1.2.8
LogInit:  - other features:
LogInit:      CURL_VERSION_SSL
LogInit:      CURL_VERSION_LIBZ
LogInit:      CURL_VERSION_IPV6
LogInit:      CURL_VERSION_ASYNCHDNS
LogInit:      CURL_VERSION_LARGEFILE
LogInit:      CURL_VERSION_IDN
LogInit:  CurlRequestOptions (configurable via config and command line):
LogInit:  - bVerifyPeer = true  - Libcurl will verify peer certificate
LogInit:  - bUseHttpProxy = false  - Libcurl will NOT use HTTP proxy
LogInit:  - bDontReuseConnections = false  - Libcurl will reuse connections
LogInit:  - MaxHostConnections = 16  - Libcurl will limit the number of connections to a host
LogInit:  - LocalHostAddr = Default
LogInit:  - BufferSize = 65536
LogOnline: OSS: Creating online subsystem instance for: NULL
LogInit: WinSock: version 1.1 (2.2), MaxSocks=32767, MaxUdp=65467
LogInit: Build: ++UE4+Release-4.23-CL-9631420
LogInit: Engine Version: 4.23.1-9631420+++UE4+Release-4.23
LogInit: Compatible Engine Version: 4.23.0-8386587+++UE4+Release-4.23
LogInit: Net CL: 8386587
LogInit: OS: Windows 10 (Release 1903) (), CPU: AMD Ryzen 5 1600 Six-Core Processor            , GPU: NVIDIA GeForce GTX 1060 3GB
LogInit: Compiled (64-bit): Oct 18 2019 02:07:44
LogInit: Compiled with Visual C++: 19.16.27030.01
LogInit: Build Configuration: Development
LogInit: Branch Name: ++UE4+Release-4.23
LogInit: Command Line: 
LogInit: Base Directory: D:/Epic_Games/UE_4.23/UE_4.23/Engine/Binaries/Win64/
LogInit: Installed Engine Build: 1
LogDevObjectVersion: Number of dev versions registered: 23
LogDevObjectVersion:   Dev-Blueprints (B0D832E4-1F89-4F0D-ACCF-7EB736FD4AA2): 10
LogDevObjectVersion:   Dev-Build (E1C64328-A22C-4D53-A36C-8E866417BD8C): 0
LogDevObjectVersion:   Dev-Core (375EC13C-06E4-48FB-B500-84F0262A717E): 3
LogDevObjectVersion:   Dev-Editor (E4B068ED-F494-42E9-A231-DA0B2E46BB41): 34
LogDevObjectVersion:   Dev-Framework (CFFC743F-43B0-4480-9391-14DF171D2073): 35
LogDevObjectVersion:   Dev-Mobile (B02B49B5-BB20-44E9-A304-32B752E40360): 2
LogDevObjectVersion:   Dev-Networking (A4E4105C-59A1-49B5-A7C5-40C4547EDFEE): 0
LogDevObjectVersion:   Dev-Online (39C831C9-5AE6-47DC-9A44-9C173E1C8E7C): 0
LogDevObjectVersion:   Dev-Physics (78F01B33-EBEA-4F98-B9B4-84EACCB95AA2): 0
LogDevObjectVersion:   Dev-Platform (6631380F-2D4D-43E0-8009-CF276956A95A): 0
LogDevObjectVersion:   Dev-Rendering (12F88B9F-8875-4AFC-A67C-D90C383ABD29): 31
LogDevObjectVersion:   Dev-Sequencer (7B5AE74C-D270-4C10-A958-57980B212A5A): 11
LogDevObjectVersion:   Dev-VR (D7296918-1DD6-4BDD-9DE2-64A83CC13884): 2
LogDevObjectVersion:   Dev-LoadTimes (C2A15278-BFE7-4AFE-6C17-90FF531DF755): 1
LogDevObjectVersion:   Private-Geometry (6EACA3D4-40EC-4CC1-B786-8BED09428FC5): 3
LogDevObjectVersion:   Dev-AnimPhys (29E575DD-E0A3-4627-9D10-D276232CDCEA): 17
LogDevObjectVersion:   Dev-Anim (AF43A65D-7FD3-4947-9873-3E8ED9C1BB05): 2
LogDevObjectVersion:   Dev-ReflectionCapture (6B266CEC-1EC7-4B8F-A30B-E4D90942FC07): 1
LogDevObjectVersion:   Dev-Automation (0DF73D61-A23F-47EA-B727-89E90C41499A): 1
LogDevObjectVersion:   FortniteMain (601D1886-AC64-4F84-AA16-D3DE0DEAC7D6): 27
LogDevObjectVersion:   Dev-Enterprise (9DFFBCD6-494F-0158-E221-12823C92A888): 6
LogDevObjectVersion:   Dev-Niagara (F2AED0AC-9AFE-416F-8664-AA7FFA26D6FC): 1
LogDevObjectVersion:   Dev-Destruction (174F1F0B-B4C6-45A5-B13F-2EE8D0FB917D): 9
LogInit: Presizing for max 16777216 objects, including 0 objects not considered by GC, pre-allocating 0 bytes for permanent pool.
LogInit: Object subsystem initialized
LogConfig: Setting CVar [[con.DebugEarlyDefault:1]]
LogConfig: Setting CVar [[r.setres:1280x720]]
[2020.05.02-14.23.10:918][  0]LogConfig: Setting CVar [[r.VSync:0]]
[2020.05.02-14.23.10:918][  0]LogConfig: Setting CVar [[r.RHICmdBypass:0]]
[2020.05.02-14.23.10:918][  0]LogConfig: Applying CVar settings from Section [/Script/Engine.RendererSettings] File [J:/SECP/secp/MyProject2/Saved/Config/Windows/Engine.ini]
[2020.05.02-14.23.10:918][  0]LogConfig: Setting CVar [[r.GPUCrashDebugging:0]]
[2020.05.02-14.23.10:918][  0]LogConfig: Applying CVar settings from Section [/Script/Engine.RendererOverrideSettings] File [J:/SECP/secp/MyProject2/Saved/Config/Windows/Engine.ini]
[2020.05.02-14.23.10:918][  0]LogConfig: Applying CVar settings from Section [/Script/Engine.StreamingSettings] File [J:/SECP/secp/MyProject2/Saved/Config/Windows/Engine.ini]
[2020.05.02-14.23.10:918][  0]LogConfig: Setting CVar [[s.MinBulkDataSizeForAsyncLoading:131072]]
[2020.05.02-14.23.10:918][  0]LogConfig: Setting CVar [[s.AsyncLoadingThreadEnabled:0]]
[2020.05.02-14.23.10:918][  0]LogConfig: Setting CVar [[s.EventDrivenLoaderEnabled:1]]
[2020.05.02-14.23.10:918][  0]LogConfig: Setting CVar [[s.WarnIfTimeLimitExceeded:0]]
[2020.05.02-14.23.10:918][  0]LogConfig: Setting CVar [[s.TimeLimitExceededMultiplier:1.5]]
[2020.05.02-14.23.10:918][  0]LogConfig: Setting CVar [[s.TimeLimitExceededMinTime:0.005]]
[2020.05.02-14.23.10:918][  0]LogConfig: Setting CVar [[s.UseBackgroundLevelStreaming:1]]
[2020.05.02-14.23.10:918][  0]LogConfig: Setting CVar [[s.PriorityAsyncLoadingExtraTime:15.0]]
[2020.05.02-14.23.10:919][  0]LogConfig: Setting CVar [[s.LevelStreamingActorsUpdateTimeLimit:5.0]]
[2020.05.02-14.23.10:919][  0]LogConfig: Setting CVar [[s.PriorityLevelStreamingActorsUpdateExtraTime:5.0]]
[2020.05.02-14.23.10:919][  0]LogConfig: Setting CVar [[s.LevelStreamingComponentsRegistrationGranularity:10]]
[2020.05.02-14.23.10:919][  0]LogConfig: Setting CVar [[s.UnregisterComponentsTimeLimit:1.0]]
[2020.05.02-14.23.10:919][  0]LogConfig: Setting CVar [[s.LevelStreamingComponentsUnregistrationGranularity:5]]
[2020.05.02-14.23.10:919][  0]LogConfig: Applying CVar settings from Section [/Script/Engine.GarbageCollectionSettings] File [J:/SECP/secp/MyProject2/Saved/Config/Windows/Engine.ini]
[2020.05.02-14.23.10:919][  0]LogConfig: Setting CVar [[gc.MaxObjectsNotConsideredByGC:1]]
[2020.05.02-14.23.10:919][  0]LogConfig: Setting CVar [[gc.SizeOfPermanentObjectPool:0]]
[2020.05.02-14.23.10:919][  0]LogConfig: Setting CVar [[gc.FlushStreamingOnGC:0]]
[2020.05.02-14.23.10:919][  0]LogConfig: Setting CVar [[gc.NumRetriesBeforeForcingGC:10]]
[2020.05.02-14.23.10:919][  0]LogConfig: Setting CVar [[gc.AllowParallelGC:1]]
[2020.05.02-14.23.10:919][  0]LogConfig: Setting CVar [[gc.TimeBetweenPurgingPendingKillObjects:61.1]]
[2020.05.02-14.23.10:919][  0]LogConfig: Setting CVar [[gc.MaxObjectsInEditor:16777216]]
[2020.05.02-14.23.10:919][  0]LogConfig: Setting CVar [[gc.IncrementalBeginDestroyEnabled:1]]
[2020.05.02-14.23.10:919][  0]LogConfig: Setting CVar [[gc.CreateGCClusters:1]]
[2020.05.02-14.23.10:919][  0]LogConfig: Setting CVar [[gc.MinGCClusterSize:5]]
[2020.05.02-14.23.10:919][  0]LogConfig: Setting CVar [[gc.ActorClusteringEnabled:0]]
[2020.05.02-14.23.10:919][  0]LogConfig: Setting CVar [[gc.BlueprintClusteringEnabled:0]]
[2020.05.02-14.23.10:919][  0]LogConfig: Setting CVar [[gc.UseDisregardForGCOnDedicatedServers:0]]
[2020.05.02-14.23.10:919][  0]LogConfig: Applying CVar settings from Section [/Script/Engine.NetworkSettings] File [J:/SECP/secp/MyProject2/Saved/Config/Windows/Engine.ini]
[2020.05.02-14.23.10:919][  0]LogConfig: Applying CVar settings from Section [/Script/UnrealEd.CookerSettings] File [J:/SECP/secp/MyProject2/Saved/Config/Windows/Engine.ini]
[2020.05.02-14.23.10:935][  0]LogConfig: Applying CVar settings from Section [ViewDistanceQuality@3] File [J:/SECP/secp/MyProject2/Saved/Config/Windows/Scalability.ini]
[2020.05.02-14.23.10:935][  0]LogConfig: Setting CVar [[r.SkeletalMeshLODBias:0]]
[2020.05.02-14.23.10:935][  0]LogConfig: Setting CVar [[r.ViewDistanceScale:1.0]]
[2020.05.02-14.23.10:935][  0]LogConfig: Applying CVar settings from Section [AntiAliasingQuality@3] File [J:/SECP/secp/MyProject2/Saved/Config/Windows/Scalability.ini]
[2020.05.02-14.23.10:935][  0]LogConfig: Setting CVar [[r.PostProcessAAQuality:4]]
[2020.05.02-14.23.10:935][  0]LogConfig: Applying CVar settings from Section [ShadowQuality@3] File [J:/SECP/secp/MyProject2/Saved/Config/Windows/Scalability.ini]
[2020.05.02-14.23.10:935][  0]LogConfig: Setting CVar [[r.LightFunctionQuality:1]]
[2020.05.02-14.23.10:935][  0]LogConfig: Setting CVar [[r.ShadowQuality:5]]
[2020.05.02-14.23.10:935][  0]LogConfig: Setting CVar [[r.Shadow.CSM.MaxCascades:10]]
[2020.05.02-14.23.10:935][  0]LogConfig: Setting CVar [[r.Shadow.MaxResolution:2048]]
[2020.05.02-14.23.10:935][  0]LogConfig: Setting CVar [[r.Shadow.MaxCSMResolution:2048]]
[2020.05.02-14.23.10:935][  0]LogConfig: Setting CVar [[r.Shadow.RadiusThreshold:0.01]]
[2020.05.02-14.23.10:935][  0]LogConfig: Setting CVar [[r.Shadow.DistanceScale:1.0]]
[2020.05.02-14.23.10:935][  0]LogConfig: Setting CVar [[r.Shadow.CSM.TransitionScale:1.0]]
[2020.05.02-14.23.10:935][  0]LogConfig: Setting CVar [[r.Shadow.PreShadowResolutionFactor:1.0]]
[2020.05.02-14.23.10:936][  0]LogConfig: Setting CVar [[r.DistanceFieldShadowing:1]]
[2020.05.02-14.23.10:936][  0]LogConfig: Setting CVar [[r.DistanceFieldAO:1]]
[2020.05.02-14.23.10:936][  0]LogConfig: Setting CVar [[r.AOQuality:2]]
[2020.05.02-14.23.10:936][  0]LogConfig: Setting CVar [[r.VolumetricFog:1]]
[2020.05.02-14.23.10:936][  0]LogConfig: Setting CVar [[r.VolumetricFog.GridPixelSize:8]]
[2020.05.02-14.23.10:936][  0]LogConfig: Setting CVar [[r.VolumetricFog.GridSizeZ:128]]
[2020.05.02-14.23.10:936][  0]LogConfig: Setting CVar [[r.VolumetricFog.HistoryMissSupersampleCount:4]]
[2020.05.02-14.23.10:936][  0]LogConfig: Setting CVar [[r.LightMaxDrawDistanceScale:1]]
[2020.05.02-14.23.10:936][  0]LogConfig: Setting CVar [[r.CapsuleShadows:1]]
[2020.05.02-14.23.10:936][  0]LogConfig: Applying CVar settings from Section [PostProcessQuality@3] File [J:/SECP/secp/MyProject2/Saved/Config/Windows/Scalability.ini]
[2020.05.02-14.23.10:936][  0]LogConfig: Setting CVar [[r.MotionBlurQuality:4]]
[2020.05.02-14.23.10:936][  0]LogConfig: Setting CVar [[r.AmbientOcclusionMipLevelFactor:0.4]]
[2020.05.02-14.23.10:936][  0]LogConfig: Setting CVar [[r.AmbientOcclusionMaxQuality:100]]
[2020.05.02-14.23.10:936][  0]LogConfig: Setting CVar [[r.AmbientOcclusionLevels:-1]]
[2020.05.02-14.23.10:936][  0]LogConfig: Setting CVar [[r.AmbientOcclusionRadiusScale:1.0]]
[2020.05.02-14.23.10:936][  0]LogConfig: Setting CVar [[r.DepthOfFieldQuality:2]]
[2020.05.02-14.23.10:936][  0]LogConfig: Setting CVar [[r.RenderTargetPoolMin:400]]
[2020.05.02-14.23.10:936][  0]LogConfig: Setting CVar [[r.LensFlareQuality:2]]
[2020.05.02-14.23.10:936][  0]LogConfig: Setting CVar [[r.SceneColorFringeQuality:1]]
[2020.05.02-14.23.10:936][  0]LogConfig: Setting CVar [[r.EyeAdaptationQuality:2]]
[2020.05.02-14.23.10:936][  0]LogConfig: Setting CVar [[r.BloomQuality:5]]
[2020.05.02-14.23.10:936][  0]LogConfig: Setting CVar [[r.FastBlurThreshold:100]]
[2020.05.02-14.23.10:936][  0]LogConfig: Setting CVar [[r.Upscale.Quality:3]]
[2020.05.02-14.23.10:936][  0]LogConfig: Setting CVar [[r.Tonemapper.GrainQuantization:1]]
[2020.05.02-14.23.10:936][  0]LogConfig: Setting CVar [[r.LightShaftQuality:1]]
[2020.05.02-14.23.10:936][  0]LogConfig: Setting CVar [[r.Filter.SizeScale:1]]
[2020.05.02-14.23.10:936][  0]LogConfig: Setting CVar [[r.Tonemapper.Quality:5]]
[2020.05.02-14.23.10:936][  0]LogConfig: Setting CVar [[r.DOF.Gather.AccumulatorQuality:1        ; higher gathering accumulator quality]]
[2020.05.02-14.23.10:936][  0]LogConfig: Setting CVar [[r.DOF.Gather.PostfilterMethod:1          ; Median3x3 postfilering method]]
[2020.05.02-14.23.10:936][  0]LogConfig: Setting CVar [[r.DOF.Gather.EnableBokehSettings:0       ; no bokeh simulation when gathering]]
[2020.05.02-14.23.10:936][  0]LogConfig: Setting CVar [[r.DOF.Gather.RingCount:4                 ; medium number of samples when gathering]]
[2020.05.02-14.23.10:936][  0]LogConfig: Setting CVar [[r.DOF.Scatter.ForegroundCompositing:1    ; additive foreground scattering]]
[2020.05.02-14.23.10:936][  0]LogConfig: Setting CVar [[r.DOF.Scatter.BackgroundCompositing:2    ; additive background scattering]]
[2020.05.02-14.23.10:936][  0]LogConfig: Setting CVar [[r.DOF.Scatter.EnableBokehSettings:1      ; bokeh simulation when scattering]]
[2020.05.02-14.23.10:936][  0]LogConfig: Setting CVar [[r.DOF.Scatter.MaxSpriteRatio:0.1         ; only a maximum of 10% of scattered bokeh]]
[2020.05.02-14.23.10:936][  0]LogConfig: Setting CVar [[r.DOF.Recombine.Quality:1                ; cheap slight out of focus]]
[2020.05.02-14.23.10:936][  0]LogConfig: Setting CVar [[r.DOF.Recombine.EnableBokehSettings:0    ; no bokeh simulation on slight out of focus]]
[2020.05.02-14.23.10:936][  0]LogConfig: Setting CVar [[r.DOF.TemporalAAQuality:1                ; more stable temporal accumulation]]
[2020.05.02-14.23.10:936][  0]LogConfig: Setting CVar [[r.DOF.Kernel.MaxForegroundRadius:0.025]]
[2020.05.02-14.23.10:936][  0]LogConfig: Setting CVar [[r.DOF.Kernel.MaxBackgroundRadius:0.025]]
[2020.05.02-14.23.10:936][  0]LogConfig: Applying CVar settings from Section [TextureQuality@3] File [J:/SECP/secp/MyProject2/Saved/Config/Windows/Scalability.ini]
[2020.05.02-14.23.10:936][  0]LogConfig: Setting CVar [[r.Streaming.MipBias:0]]
[2020.05.02-14.23.10:936][  0]LogConfig: Setting CVar [[r.Streaming.AmortizeCPUToGPUCopy:0]]
[2020.05.02-14.23.10:936][  0]LogConfig: Setting CVar [[r.Streaming.MaxNumTexturesToStreamPerFrame:0]]
[2020.05.02-14.23.10:936][  0]LogConfig: Setting CVar [[r.Streaming.Boost:1]]
[2020.05.02-14.23.10:936][  0]LogConfig: Setting CVar [[r.MaxAnisotropy:8]]
[2020.05.02-14.23.10:936][  0]LogConfig: Setting CVar [[r.Streaming.LimitPoolSizeToVRAM:0]]
[2020.05.02-14.23.10:936][  0]LogConfig: Setting CVar [[r.Streaming.PoolSize:1000]]
[2020.05.02-14.23.10:936][  0]LogConfig: Setting CVar [[r.Streaming.MaxEffectiveScreenSize:0]]
[2020.05.02-14.23.10:936][  0]LogConfig: Applying CVar settings from Section [EffectsQuality@3] File [J:/SECP/secp/MyProject2/Saved/Config/Windows/Scalability.ini]
[2020.05.02-14.23.10:936][  0]LogConfig: Setting CVar [[r.TranslucencyLightingVolumeDim:64]]
[2020.05.02-14.23.10:936][  0]LogConfig: Setting CVar [[r.RefractionQuality:2]]
[2020.05.02-14.23.10:936][  0]LogConfig: Setting CVar [[r.SSR.Quality:3]]
[2020.05.02-14.23.10:936][  0]LogConfig: Setting CVar [[r.SceneColorFormat:4]]
[2020.05.02-14.23.10:936][  0]LogConfig: Setting CVar [[r.DetailMode:2]]
[2020.05.02-14.23.10:936][  0]LogConfig: Setting CVar [[r.TranslucencyVolumeBlur:1]]
[2020.05.02-14.23.10:936][  0]LogConfig: Setting CVar [[r.MaterialQualityLevel:1 ; High quality]]
[2020.05.02-14.23.10:936][  0]LogConfig: Setting CVar [[r.SSS.Scale:1]]
[2020.05.02-14.23.10:936][  0]LogConfig: Setting CVar [[r.SSS.SampleSet:2]]
[2020.05.02-14.23.10:936][  0]LogConfig: Setting CVar [[r.SSS.Quality:1]]
[2020.05.02-14.23.10:936][  0]LogConfig: Setting CVar [[r.SSS.HalfRes:1]]
[2020.05.02-14.23.10:936][  0]LogConfig: Setting CVar [[r.EmitterSpawnRateScale:1.0]]
[2020.05.02-14.23.10:936][  0]LogConfig: Setting CVar [[r.ParticleLightQuality:2]]
[2020.05.02-14.23.10:937][  0]LogConfig: Applying CVar settings from Section [FoliageQuality@3] File [J:/SECP/secp/MyProject2/Saved/Config/Windows/Scalability.ini]
[2020.05.02-14.23.10:937][  0]LogConfig: Setting CVar [[foliage.DensityScale:1.0]]
[2020.05.02-14.23.10:937][  0]LogConfig: Setting CVar [[grass.DensityScale:1.0]]
[2020.05.02-14.23.10:937][  0]LogInit: Selected Device Profile: [Windows]
[2020.05.02-14.23.10:937][  0]LogInit: Applying CVar settings loaded from the selected device profile: [Windows]
[2020.05.02-14.23.10:947][  0]LogHAL: Display: Platform has ~ 8 GB [8518803456 / 8589934592 / 8], which maps to Default [LargestMinGB=32, LargerMinGB=12, DefaultMinGB=8, SmallerMinGB=6, SmallestMinGB=0)
[2020.05.02-14.23.10:947][  0]LogInit: Going up to parent DeviceProfile []
[2020.05.02-14.23.10:947][  0]LogConfig: Applying CVar settings from Section [ViewDistanceQuality@3] File [J:/SECP/secp/MyProject2/Saved/Config/Windows/Scalability.ini]
[2020.05.02-14.23.10:948][  0]LogConfig: Setting CVar [[r.SkeletalMeshLODBias:0]]
[2020.05.02-14.23.10:948][  0]LogConfig: Setting CVar [[r.ViewDistanceScale:1.0]]
[2020.05.02-14.23.10:948][  0]LogConfig: Applying CVar settings from Section [AntiAliasingQuality@3] File [J:/SECP/secp/MyProject2/Saved/Config/Windows/Scalability.ini]
[2020.05.02-14.23.10:948][  0]LogConfig: Setting CVar [[r.PostProcessAAQuality:4]]
[2020.05.02-14.23.10:948][  0]LogConfig: Applying CVar settings from Section [ShadowQuality@3] File [J:/SECP/secp/MyProject2/Saved/Config/Windows/Scalability.ini]
[2020.05.02-14.23.10:948][  0]LogConfig: Setting CVar [[r.LightFunctionQuality:1]]
[2020.05.02-14.23.10:948][  0]LogConfig: Setting CVar [[r.ShadowQuality:5]]
[2020.05.02-14.23.10:948][  0]LogConfig: Setting CVar [[r.Shadow.CSM.MaxCascades:10]]
[2020.05.02-14.23.10:948][  0]LogConfig: Setting CVar [[r.Shadow.MaxResolution:2048]]
[2020.05.02-14.23.10:948][  0]LogConfig: Setting CVar [[r.Shadow.MaxCSMResolution:2048]]
[2020.05.02-14.23.10:948][  0]LogConfig: Setting CVar [[r.Shadow.RadiusThreshold:0.01]]
[2020.05.02-14.23.10:948][  0]LogConfig: Setting CVar [[r.Shadow.DistanceScale:1.0]]
[2020.05.02-14.23.10:948][  0]LogConfig: Setting CVar [[r.Shadow.CSM.TransitionScale:1.0]]
[2020.05.02-14.23.10:948][  0]LogConfig: Setting CVar [[r.Shadow.PreShadowResolutionFactor:1.0]]
[2020.05.02-14.23.10:948][  0]LogConfig: Setting CVar [[r.DistanceFieldShadowing:1]]
[2020.05.02-14.23.10:948][  0]LogConfig: Setting CVar [[r.DistanceFieldAO:1]]
[2020.05.02-14.23.10:948][  0]LogConfig: Setting CVar [[r.AOQuality:2]]
[2020.05.02-14.23.10:948][  0]LogConfig: Setting CVar [[r.VolumetricFog:1]]
[2020.05.02-14.23.10:948][  0]LogConfig: Setting CVar [[r.VolumetricFog.GridPixelSize:8]]
[2020.05.02-14.23.10:948][  0]LogConfig: Setting CVar [[r.VolumetricFog.GridSizeZ:128]]
[2020.05.02-14.23.10:948][  0]LogConfig: Setting CVar [[r.VolumetricFog.HistoryMissSupersampleCount:4]]
[2020.05.02-14.23.10:948][  0]LogConfig: Setting CVar [[r.LightMaxDrawDistanceScale:1]]
[2020.05.02-14.23.10:948][  0]LogConfig: Setting CVar [[r.CapsuleShadows:1]]
[2020.05.02-14.23.10:948][  0]LogConfig: Applying CVar settings from Section [PostProcessQuality@3] File [J:/SECP/secp/MyProject2/Saved/Config/Windows/Scalability.ini]
[2020.05.02-14.23.10:948][  0]LogConfig: Setting CVar [[r.MotionBlurQuality:4]]
[2020.05.02-14.23.10:948][  0]LogConfig: Setting CVar [[r.AmbientOcclusionMipLevelFactor:0.4]]
[2020.05.02-14.23.10:948][  0]LogConfig: Setting CVar [[r.AmbientOcclusionMaxQuality:100]]
[2020.05.02-14.23.10:948][  0]LogConfig: Setting CVar [[r.AmbientOcclusionLevels:-1]]
[2020.05.02-14.23.10:948][  0]LogConfig: Setting CVar [[r.AmbientOcclusionRadiusScale:1.0]]
[2020.05.02-14.23.10:948][  0]LogConfig: Setting CVar [[r.DepthOfFieldQuality:2]]
[2020.05.02-14.23.10:948][  0]LogConfig: Setting CVar [[r.RenderTargetPoolMin:400]]
[2020.05.02-14.23.10:948][  0]LogConfig: Setting CVar [[r.LensFlareQuality:2]]
[2020.05.02-14.23.10:948][  0]LogConfig: Setting CVar [[r.SceneColorFringeQuality:1]]
[2020.05.02-14.23.10:948][  0]LogConfig: Setting CVar [[r.EyeAdaptationQuality:2]]
[2020.05.02-14.23.10:948][  0]LogConfig: Setting CVar [[r.BloomQuality:5]]
[2020.05.02-14.23.10:948][  0]LogConfig: Setting CVar [[r.FastBlurThreshold:100]]
[2020.05.02-14.23.10:948][  0]LogConfig: Setting CVar [[r.Upscale.Quality:3]]
[2020.05.02-14.23.10:948][  0]LogConfig: Setting CVar [[r.Tonemapper.GrainQuantization:1]]
[2020.05.02-14.23.10:948][  0]LogConfig: Setting CVar [[r.LightShaftQuality:1]]
[2020.05.02-14.23.10:948][  0]LogConfig: Setting CVar [[r.Filter.SizeScale:1]]
[2020.05.02-14.23.10:948][  0]LogConfig: Setting CVar [[r.Tonemapper.Quality:5]]
[2020.05.02-14.23.10:948][  0]LogConfig: Setting CVar [[r.DOF.Gather.AccumulatorQuality:1        ; higher gathering accumulator quality]]
[2020.05.02-14.23.10:948][  0]LogConfig: Setting CVar [[r.DOF.Gather.PostfilterMethod:1          ; Median3x3 postfilering method]]
[2020.05.02-14.23.10:948][  0]LogConfig: Setting CVar [[r.DOF.Gather.EnableBokehSettings:0       ; no bokeh simulation when gathering]]
[2020.05.02-14.23.10:948][  0]LogConfig: Setting CVar [[r.DOF.Gather.RingCount:4                 ; medium number of samples when gathering]]
[2020.05.02-14.23.10:948][  0]LogConfig: Setting CVar [[r.DOF.Scatter.ForegroundCompositing:1    ; additive foreground scattering]]
[2020.05.02-14.23.10:948][  0]LogConfig: Setting CVar [[r.DOF.Scatter.BackgroundCompositing:2    ; additive background scattering]]
[2020.05.02-14.23.10:948][  0]LogConfig: Setting CVar [[r.DOF.Scatter.EnableBokehSettings:1      ; bokeh simulation when scattering]]
[2020.05.02-14.23.10:948][  0]LogConfig: Setting CVar [[r.DOF.Scatter.MaxSpriteRatio:0.1         ; only a maximum of 10% of scattered bokeh]]
[2020.05.02-14.23.10:948][  0]LogConfig: Setting CVar [[r.DOF.Recombine.Quality:1                ; cheap slight out of focus]]
[2020.05.02-14.23.10:948][  0]LogConfig: Setting CVar [[r.DOF.Recombine.EnableBokehSettings:0    ; no bokeh simulation on slight out of focus]]
[2020.05.02-14.23.10:948][  0]LogConfig: Setting CVar [[r.DOF.TemporalAAQuality:1                ; more stable temporal accumulation]]
[2020.05.02-14.23.10:948][  0]LogConfig: Setting CVar [[r.DOF.Kernel.MaxForegroundRadius:0.025]]
[2020.05.02-14.23.10:948][  0]LogConfig: Setting CVar [[r.DOF.Kernel.MaxBackgroundRadius:0.025]]
[2020.05.02-14.23.10:948][  0]LogConfig: Applying CVar settings from Section [TextureQuality@3] File [J:/SECP/secp/MyProject2/Saved/Config/Windows/Scalability.ini]
[2020.05.02-14.23.10:948][  0]LogConfig: Setting CVar [[r.Streaming.MipBias:0]]
[2020.05.02-14.23.10:948][  0]LogConfig: Setting CVar [[r.Streaming.AmortizeCPUToGPUCopy:0]]
[2020.05.02-14.23.10:948][  0]LogConfig: Setting CVar [[r.Streaming.MaxNumTexturesToStreamPerFrame:0]]
[2020.05.02-14.23.10:948][  0]LogConfig: Setting CVar [[r.Streaming.Boost:1]]
[2020.05.02-14.23.10:948][  0]LogConfig: Setting CVar [[r.MaxAnisotropy:8]]
[2020.05.02-14.23.10:948][  0]LogConfig: Setting CVar [[r.Streaming.LimitPoolSizeToVRAM:0]]
[2020.05.02-14.23.10:948][  0]LogConfig: Setting CVar [[r.Streaming.PoolSize:1000]]
[2020.05.02-14.23.10:948][  0]LogConfig: Setting CVar [[r.Streaming.MaxEffectiveScreenSize:0]]
[2020.05.02-14.23.10:949][  0]LogConfig: Applying CVar settings from Section [EffectsQuality@3] File [J:/SECP/secp/MyProject2/Saved/Config/Windows/Scalability.ini]
[2020.05.02-14.23.10:949][  0]LogConfig: Setting CVar [[r.TranslucencyLightingVolumeDim:64]]
[2020.05.02-14.23.10:949][  0]LogConfig: Setting CVar [[r.RefractionQuality:2]]
[2020.05.02-14.23.10:949][  0]LogConfig: Setting CVar [[r.SSR.Quality:3]]
[2020.05.02-14.23.10:949][  0]LogConfig: Setting CVar [[r.SceneColorFormat:4]]
[2020.05.02-14.23.10:949][  0]LogConfig: Setting CVar [[r.DetailMode:2]]
[2020.05.02-14.23.10:949][  0]LogConfig: Setting CVar [[r.TranslucencyVolumeBlur:1]]
[2020.05.02-14.23.10:949][  0]LogConfig: Setting CVar [[r.MaterialQualityLevel:1 ; High quality]]
[2020.05.02-14.23.10:949][  0]LogConfig: Setting CVar [[r.SSS.Scale:1]]
[2020.05.02-14.23.10:949][  0]LogConfig: Setting CVar [[r.SSS.SampleSet:2]]
[2020.05.02-14.23.10:949][  0]LogConfig: Setting CVar [[r.SSS.Quality:1]]
[2020.05.02-14.23.10:949][  0]LogConfig: Setting CVar [[r.SSS.HalfRes:1]]
[2020.05.02-14.23.10:949][  0]LogConfig: Setting CVar [[r.EmitterSpawnRateScale:1.0]]
[2020.05.02-14.23.10:949][  0]LogConfig: Setting CVar [[r.ParticleLightQuality:2]]
[2020.05.02-14.23.10:949][  0]LogConfig: Applying CVar settings from Section [FoliageQuality@3] File [J:/SECP/secp/MyProject2/Saved/Config/Windows/Scalability.ini]
[2020.05.02-14.23.10:949][  0]LogConfig: Setting CVar [[foliage.DensityScale:1.0]]
[2020.05.02-14.23.10:949][  0]LogConfig: Setting CVar [[grass.DensityScale:1.0]]
[2020.05.02-14.23.10:949][  0]LogConfig: Applying CVar settings from Section [Startup] File [../../../Engine/Config/ConsoleVariables.ini]
[2020.05.02-14.23.10:965][  0]LogConfig: Setting CVar [[net.UseAdaptiveNetUpdateFrequency:0]]
[2020.05.02-14.23.10:965][  0]LogConfig: Setting CVar [[p.chaos.AllowCreatePhysxBodies:1]]
[2020.05.02-14.23.10:965][  0]LogConfig: Applying CVar settings from Section [ConsoleVariables] File [J:/SECP/secp/MyProject2/Saved/Config/Windows/Engine.ini]
[2020.05.02-14.23.10:965][  0]LogInit: Computer: PCDEMARC
[2020.05.02-14.23.10:965][  0]LogInit: User: Usuario
[2020.05.02-14.23.10:966][  0]LogInit: CPU Page size=4096, Cores=6
[2020.05.02-14.23.10:966][  0]LogInit: High frequency timer resolution =10.000000 MHz
[2020.05.02-14.23.10:966][  0]LogMemory: Memory total: Physical=7.9GB (8GB approx)
[2020.05.02-14.23.10:966][  0]LogMemory: Platform Memory Stats for Windows
[2020.05.02-14.23.10:966][  0]LogMemory: Process Physical Memory: 103.15 MB used, 103.16 MB peak
[2020.05.02-14.23.10:966][  0]LogMemory: Process Virtual Memory: 106.57 MB used, 106.57 MB peak
[2020.05.02-14.23.10:966][  0]LogMemory: Physical Memory: 5520.77 MB used,  2603.39 MB free, 8124.16 MB total
[2020.05.02-14.23.10:966][  0]LogMemory: Virtual Memory: 4691.77 MB used,  134213040.00 MB free, 134217728.00 MB total
[2020.05.02-14.23.10:970][  0]LogWindows: WindowsPlatformFeatures enabled
[2020.05.02-14.23.11:233][  0]LogInit: Overriding language with editor language configuration option (en).
[2020.05.02-14.23.11:233][  0]LogInit: Overriding locale with editor culture configuration option ().
[2020.05.02-14.23.11:233][  0]LogInit: Using OS detected locale (es-ES).
[2020.05.02-14.23.12:708][  0]LogInit: Setting process to per monitor DPI aware
[2020.05.02-14.23.12:817][  0]LogSlate: New Slate User Created.  User Index 0, Is Virtual User: 0
[2020.05.02-14.23.12:817][  0]LogSlate: Slate User Registered.  User Index 0, Is Virtual User: 0
[2020.05.02-14.23.13:121][  0]LogHMD: Failed to initialize OpenVR with code 110
[2020.05.02-14.23.13:121][  0]LogD3D11RHI: D3D11 adapters:
[2020.05.02-14.23.13:211][  0]LogD3D11RHI:    0. 'NVIDIA GeForce GTX 1060 3GB' (Feature Level 11_0)
[2020.05.02-14.23.13:211][  0]LogD3D11RHI:       2988/0/4062 MB DedicatedVideo/DedicatedSystem/SharedSystem, Outputs:1, VendorId:0x10de
[2020.05.02-14.23.13:214][  0]LogD3D11RHI:    1. 'Microsoft Basic Render Driver' (Feature Level 11_0)
[2020.05.02-14.23.13:214][  0]LogD3D11RHI:       0/0/4062 MB DedicatedVideo/DedicatedSystem/SharedSystem, Outputs:0, VendorId:0x1414
[2020.05.02-14.23.13:214][  0]LogD3D11RHI: Chosen D3D11 Adapter: 0
[2020.05.02-14.23.13:224][  0]LogD3D11RHI: Creating new Direct3DDevice
[2020.05.02-14.23.13:224][  0]LogD3D11RHI:     GPU DeviceId: 0x1c02 (for the marketing name, search the web for "GPU Device Id")
[2020.05.02-14.23.13:224][  0]LogWindows: EnumDisplayDevices:
[2020.05.02-14.23.13:224][  0]LogWindows:    0. 'NVIDIA GeForce GTX 1060 3GB' (P:1 D:1)
[2020.05.02-14.23.13:224][  0]LogWindows:    1. 'NVIDIA GeForce GTX 1060 3GB' (P:0 D:0)
[2020.05.02-14.23.13:225][  0]LogWindows:    2. 'NVIDIA GeForce GTX 1060 3GB' (P:0 D:0)
[2020.05.02-14.23.13:225][  0]LogWindows:    3. 'NVIDIA GeForce GTX 1060 3GB' (P:0 D:0)
[2020.05.02-14.23.13:225][  0]LogWindows: DebugString: FoundDriverCount:4 
[2020.05.02-14.23.13:225][  0]LogD3D11RHI:     Adapter Name: NVIDIA GeForce GTX 1060 3GB
[2020.05.02-14.23.13:225][  0]LogD3D11RHI:   Driver Version: 445.75 (internal:26.21.14.4575, unified:445.75)
[2020.05.02-14.23.13:225][  0]LogD3D11RHI:      Driver Date: 3-17-2020
[2020.05.02-14.23.13:225][  0]LogRHI: Texture pool is 2091 MB (70% of 2988 MB)
[2020.05.02-14.23.13:288][  0]LogD3D11RHI: Async texture creation enabled
[2020.05.02-14.23.13:315][  0]LogD3D11RHI: GPU Timing Frequency: 1000.000000 (Debug: 2 1)
[2020.05.02-14.23.13:622][  0]LogTemp: Display: Module 'AllDesktopTargetPlatform' loaded TargetPlatform 'AllDesktop'
[2020.05.02-14.23.13:630][  0]LogTemp: Display: Module 'MacClientTargetPlatform' loaded TargetPlatform 'MacClient'
[2020.05.02-14.23.13:639][  0]LogTemp: Display: Module 'MacNoEditorTargetPlatform' loaded TargetPlatform 'MacNoEditor'
[2020.05.02-14.23.13:648][  0]LogTemp: Display: Module 'MacServerTargetPlatform' loaded TargetPlatform 'MacServer'
[2020.05.02-14.23.13:656][  0]LogTemp: Display: Module 'MacTargetPlatform' loaded TargetPlatform 'Mac'
[2020.05.02-14.23.13:665][  0]LogTemp: Display: Module 'WindowsClientTargetPlatform' loaded TargetPlatform 'WindowsClient'
[2020.05.02-14.23.13:674][  0]LogTemp: Display: Module 'WindowsNoEditorTargetPlatform' loaded TargetPlatform 'WindowsNoEditor'
[2020.05.02-14.23.13:684][  0]LogTemp: Display: Module 'WindowsServerTargetPlatform' loaded TargetPlatform 'WindowsServer'
[2020.05.02-14.23.13:688][  0]LogTemp: Display: Module 'WindowsTargetPlatform' loaded TargetPlatform 'Windows'
[2020.05.02-14.23.13:722][  0]LogTemp: Display: Module 'AndroidTargetPlatform' loaded TargetPlatform 'Android'
[2020.05.02-14.23.13:722][  0]LogTemp: Display: Module 'AndroidTargetPlatform' loaded TargetPlatform 'Android_ASTC'
[2020.05.02-14.23.13:722][  0]LogTemp: Display: Module 'AndroidTargetPlatform' loaded TargetPlatform 'Android_ATC'
[2020.05.02-14.23.13:722][  0]LogTemp: Display: Module 'AndroidTargetPlatform' loaded TargetPlatform 'Android_DXT'
[2020.05.02-14.23.13:722][  0]LogTemp: Display: Module 'AndroidTargetPlatform' loaded TargetPlatform 'Android_ETC1'
[2020.05.02-14.23.13:722][  0]LogTemp: Display: Module 'AndroidTargetPlatform' loaded TargetPlatform 'Android_ETC1a'
[2020.05.02-14.23.13:722][  0]LogTemp: Display: Module 'AndroidTargetPlatform' loaded TargetPlatform 'Android_ETC2'
[2020.05.02-14.23.13:722][  0]LogTemp: Display: Module 'AndroidTargetPlatform' loaded TargetPlatform 'Android_PVRTC'
[2020.05.02-14.23.13:722][  0]LogTemp: Display: Module 'AndroidTargetPlatform' loaded TargetPlatform 'AndroidClient'
[2020.05.02-14.23.13:722][  0]LogTemp: Display: Module 'AndroidTargetPlatform' loaded TargetPlatform 'Android_ASTCClient'
[2020.05.02-14.23.13:722][  0]LogTemp: Display: Module 'AndroidTargetPlatform' loaded TargetPlatform 'Android_ATCClient'
[2020.05.02-14.23.13:722][  0]LogTemp: Display: Module 'AndroidTargetPlatform' loaded TargetPlatform 'Android_DXTClient'
[2020.05.02-14.23.13:722][  0]LogTemp: Display: Module 'AndroidTargetPlatform' loaded TargetPlatform 'Android_ETC1Client'
[2020.05.02-14.23.13:722][  0]LogTemp: Display: Module 'AndroidTargetPlatform' loaded TargetPlatform 'Android_ETC1aClient'
[2020.05.02-14.23.13:722][  0]LogTemp: Display: Module 'AndroidTargetPlatform' loaded TargetPlatform 'Android_ETC2Client'
[2020.05.02-14.23.13:722][  0]LogTemp: Display: Module 'AndroidTargetPlatform' loaded TargetPlatform 'Android_PVRTCClient'
[2020.05.02-14.23.13:722][  0]LogTemp: Display: Module 'AndroidTargetPlatform' loaded TargetPlatform 'Android_Multi'
[2020.05.02-14.23.13:722][  0]LogTemp: Display: Module 'AndroidTargetPlatform' loaded TargetPlatform 'Android_MultiClient'
[2020.05.02-14.23.13:724][  0]LogTemp: Display: Module 'HTML5TargetPlatform' loaded TargetPlatform 'HTML5'
[2020.05.02-14.23.13:742][  0]LogTemp: Display: Module 'IOSTargetPlatform' loaded TargetPlatform 'IOSClient'
[2020.05.02-14.23.13:742][  0]LogTemp: Display: Module 'IOSTargetPlatform' loaded TargetPlatform 'IOS'
[2020.05.02-14.23.13:757][  0]LogTemp: Display: Module 'TVOSTargetPlatform' loaded TargetPlatform 'TVOSClient'
[2020.05.02-14.23.13:757][  0]LogTemp: Display: Module 'TVOSTargetPlatform' loaded TargetPlatform 'TVOS'
[2020.05.02-14.23.13:764][  0]LogTemp: Display: Module 'LinuxClientTargetPlatform' loaded TargetPlatform 'LinuxClient'
[2020.05.02-14.23.13:772][  0]LogTemp: Display: Module 'LinuxNoEditorTargetPlatform' loaded TargetPlatform 'LinuxNoEditor'
[2020.05.02-14.23.13:780][  0]LogTemp: Display: Module 'LinuxServerTargetPlatform' loaded TargetPlatform 'LinuxServer'
[2020.05.02-14.23.13:788][  0]LogTemp: Display: Module 'LinuxTargetPlatform' loaded TargetPlatform 'Linux'
[2020.05.02-14.23.13:813][  0]LogTemp: Display: Module 'LuminTargetPlatform' loaded TargetPlatform 'Lumin'
[2020.05.02-14.23.13:813][  0]LogTemp: Display: Module 'LuminTargetPlatform' loaded TargetPlatform 'LuminClient'
[2020.05.02-14.23.13:813][  0]LogTargetPlatformManager: Display: Building Assets For Windows
[2020.05.02-14.23.13:821][  0]LogAudioDebug: Display: Lib vorbis DLL was dynamically loaded.
[2020.05.02-14.23.13:865][  0]LogShaderCompilers: Guid format shader working directory is 24 characters bigger than the processId version (J:/SECP/secp/MyProject2/Intermediate/Shaders/WorkingDirectory/12436/).
[2020.05.02-14.23.13:865][  0]LogShaderCompilers: Cleaned the shader compiler working directory 'C:/Users/Usuario/AppData/Local/Temp/UnrealShaderWorkingDir/7C8FE4C64C2B4F9CA9947CA3BF198733/'.
[2020.05.02-14.23.13:867][  0]LogXGEController: Cannot use XGE Controller as Incredibuild is not installed on this machine.
[2020.05.02-14.23.13:867][  0]LogShaderCompilers: Cannot use XGE Shader Compiler as Incredibuild is not installed on this machine.
[2020.05.02-14.23.13:867][  0]LogShaderCompilers: Display: Using Local Shader Compiler.
[2020.05.02-14.23.14:567][  0]LogDerivedDataCache: Display: Max Cache Size: 512 MB
[2020.05.02-14.23.14:621][  0]LogDerivedDataCache: Loaded boot cache 0.05s 73MB C:/Users/Usuario/AppData/Local/UnrealEngine/4.23/DerivedDataCache/Boot.ddc.
[2020.05.02-14.23.14:621][  0]LogDerivedDataCache: Display: Loaded Boot cache: C:/Users/Usuario/AppData/Local/UnrealEngine/4.23/DerivedDataCache/Boot.ddc
[2020.05.02-14.23.14:621][  0]LogDerivedDataCache: FDerivedDataBackendGraph:  Pak pak cache file J:/SECP/secp/MyProject2/DerivedDataCache/DDC.ddp not found, will not use a pak cache.
[2020.05.02-14.23.14:621][  0]LogDerivedDataCache: Unable to find inner node Pak for hierarchical cache Hierarchy.
[2020.05.02-14.23.14:621][  0]LogDerivedDataCache: FDerivedDataBackendGraph:  CompressedPak pak cache file J:/SECP/secp/MyProject2/DerivedDataCache/Compressed.ddp not found, will not use a pak cache.
[2020.05.02-14.23.14:622][  0]LogDerivedDataCache: Unable to find inner node CompressedPak for hierarchical cache Hierarchy.
[2020.05.02-14.23.14:634][  0]LogDerivedDataCache: Display: Pak cache opened for reading ../../../Engine/DerivedDataCache/Compressed.ddp.
[2020.05.02-14.23.14:634][  0]LogDerivedDataCache: FDerivedDataBackendGraph:  EnterprisePak pak cache file ../../../Enterprise/DerivedDataCache/Compressed.ddp not found, will not use a pak cache.
[2020.05.02-14.23.14:634][  0]LogDerivedDataCache: Unable to find inner node EnterprisePak for hierarchical cache Hierarchy.
[2020.05.02-14.23.14:636][  0]LogDerivedDataCache: Using Local data cache path C:/Users/Usuario/AppData/Local/UnrealEngine/Common/DerivedDataCache: Writable
[2020.05.02-14.23.14:636][  0]LogDerivedDataCache: Shared data cache path not found in *engine.ini, will not use an Shared cache.
[2020.05.02-14.23.14:636][  0]LogDerivedDataCache: Unable to find inner node Shared for hierarchical cache Hierarchy.
[2020.05.02-14.23.14:660][  0]LogMaterial: Verifying Global Shaders for PCD3D_SM5
[2020.05.02-14.23.14:663][  0]LogSlate: Using FreeType 2.6.0
[2020.05.02-14.23.14:664][  0]LogSlate: SlateFontServices - WITH_FREETYPE: 1, WITH_HARFBUZZ: 1
[2020.05.02-14.23.14:720][  0]LogAssetRegistry: FAssetRegistry took 0.0028 seconds to start up
[2020.05.02-14.23.15:015][  0]LogInit: Selected Device Profile: [Windows]
[2020.05.02-14.23.15:165][  0]LogMeshReduction: Using QuadricMeshReduction for automatic static mesh reduction
[2020.05.02-14.23.15:165][  0]LogMeshReduction: Using SimplygonMeshReduction for automatic skeletal mesh reduction
[2020.05.02-14.23.15:165][  0]LogMeshReduction: Using ProxyLODMeshReduction for automatic mesh merging
[2020.05.02-14.23.15:165][  0]LogMeshReduction: No distributed automatic mesh merging module available
[2020.05.02-14.23.15:165][  0]LogMeshMerging: No distributed automatic mesh merging module available
[2020.05.02-14.23.15:175][  0]LogNetVersion: MyProject2 1.0.0, NetCL: 8386587, EngineNetVer: 11, GameNetVer: 0 (Checksum: 4230709586)
[2020.05.02-14.23.16:265][  0]LogPackageLocalizationCache: Processed 12 localized package path(s) for 1 prioritized culture(s) in 0.691364 seconds
[2020.05.02-14.23.16:275][  0]LogUObjectArray: 43444 objects as part of root set at end of initial load.
[2020.05.02-14.23.16:275][  0]LogUObjectAllocator: 7548648 out of 0 bytes used by permanent object pool.
[2020.05.02-14.23.16:275][  0]LogUObjectArray: CloseDisregardForGC: 0/0 objects in disregard for GC pool
[2020.05.02-14.23.17:205][  0]LogTcpMessaging: Initializing TcpMessaging bridge
[2020.05.02-14.23.17:209][  0]LogUdpMessaging: Initializing bridge on interface 0.0.0.0:0 to multicast group 230.0.0.1:6666.
[2020.05.02-14.23.18:239][  0]SourceControl: Source control is disabled
[2020.05.02-14.23.18:239][  0]SourceControl: Source control is disabled
[2020.05.02-14.23.18:241][  0]SourceControl: Source control is disabled
[2020.05.02-14.23.18:242][  0]SourceControl: Source control is disabled
[2020.05.02-14.23.18:454][  0]LogOnline: Display: STEAM: Loading Steam SDK 1.42
[2020.05.02-14.23.18:617][  0]LogAndroidPermission: UAndroidPermissionCallbackProxy::GetInstance
[2020.05.02-14.23.18:782][  0]LogOcInput: OculusInput pre-init called
[2020.05.02-14.23.18:789][  0]LogWindows: Failed to load 'OVRPlugin.dll' (GetLastError=126)
[2020.05.02-14.23.18:789][  0]LogWindows: File 'OVRPlugin.dll' does not exist
[2020.05.02-14.23.18:870][  0]LogEngine: Initializing Engine...
[2020.05.02-14.23.18:871][  0]LogHMD: Failed to initialize OpenVR with code 110
[2020.05.02-14.23.18:872][  0]LogStats: UGameplayTagsManager::InitializeManager -  0.000 s
[2020.05.02-14.23.19:180][  0]LogInit: Initializing FReadOnlyCVARCache
[2020.05.02-14.23.19:192][  0]LogAIModule: Creating AISystem for world Untitled
[2020.05.02-14.23.19:230][  0]LogInit: XAudio2 using '2D HD LG TV (NVIDIA High Definition Audio)' : 2 channels at 48 kHz using 16 bits per sample (channel mask 0x3)
[2020.05.02-14.23.19:253][  0]LogInit: FAudioDevice initialized.
[2020.05.02-14.23.19:254][  0]LogNetVersion: Set ProjectVersion to 1.0.0.0. Version Checksum will be recalculated on next use.
[2020.05.02-14.23.19:458][  0]LogDerivedDataCache: Saved boot cache 0.20s 73MB C:/Users/Usuario/AppData/Local/UnrealEngine/4.23/DerivedDataCache/Boot.ddc.
[2020.05.02-14.23.19:468][  0]LogInit: Texture streaming: Enabled
[2020.05.02-14.23.19:486][  0]LogEngineSessionManager: EngineSessionManager initialized
[2020.05.02-14.23.19:486][  0]LogEditorSessionSummary: Verbose: Initializing EditorSessionSummaryWriter for editor session tracking
[2020.05.02-14.23.19:488][  0]LogEditorSessionSummary: EditorSessionSummaryWriter initialized
[2020.05.02-14.23.20:029][  0]LogInit: Transaction tracking system initialized
[2020.05.02-14.23.20:055][  0]BlueprintLog: New page: Editor Load
[2020.05.02-14.23.20:119][  0]LocalizationService: Localization service is disabled
[2020.05.02-14.23.20:426][  0]LogCook: Display: Max memory allowance for cook 16384mb min free memory 0mb
[2020.05.02-14.23.20:426][  0]LogCook: Display: Mobile HDR setting 1
[2020.05.02-14.23.20:614][  0]LogFileCache: Scanning file cache for directory 'J:/SECP/secp/MyProject2/Content/' took 0.02s
[2020.05.02-14.23.20:614][  0]SourceControl: Source control is disabled
[2020.05.02-14.23.20:615][  0]Cmd: MAP LOAD FILE="J:/SECP/secp/MyProject2/Content/TopDownBP/Maps/TopDownExampleMap.umap" TEMPLATE=0 SHOWPROGRESS=1 FEATURELEVEL=3
[2020.05.02-14.23.20:655][  0]LightingResults: New page: Lighting Build
[2020.05.02-14.23.20:657][  0]LogWorld: UWorld::CleanupWorld for Untitled, bSessionEnded=true, bCleanupResources=true
[2020.05.02-14.23.20:657][  0]MapCheck: New page: Map Check
[2020.05.02-14.23.20:657][  0]LightingResults: New page: Lighting Build
[2020.05.02-14.23.20:695][  0]LogUObjectHash: Compacting FUObjectHashTables data took   1.96ms
[2020.05.02-14.23.33:390][  0]LogMaterial: Display: Missing cached shader map for material BaseColor, compiling. 
[2020.05.02-14.23.34:284][  0]LogShaderCompilers: Display: Worker (1/9): shaders left to compile 84
[2020.05.02-14.23.34:284][  0]LogShaderCompilers: Display: Worker (2/9): shaders left to compile 74
[2020.05.02-14.23.34:284][  0]LogShaderCompilers: Display: Worker (3/9): shaders left to compile 64
[2020.05.02-14.23.34:284][  0]LogShaderCompilers: Display: Worker (4/9): shaders left to compile 54
[2020.05.02-14.23.34:284][  0]LogShaderCompilers: Display: Worker (5/9): shaders left to compile 44
[2020.05.02-14.23.34:284][  0]LogShaderCompilers: Display: Worker (6/9): shaders left to compile 34
[2020.05.02-14.23.34:284][  0]LogShaderCompilers: Display: Worker (7/9): shaders left to compile 24
[2020.05.02-14.23.34:284][  0]LogShaderCompilers: Display: Worker (8/9): shaders left to compile 14
[2020.05.02-14.23.34:284][  0]LogShaderCompilers: Display: Worker (9/9): shaders left to compile 4
[2020.05.02-14.23.34:284][  0]LogPhysics: Warning: Failed to cook TriMesh: /Game/TopDownBP/Assets/Character/Mesh/Extra/NoBarba.NoBarba.
[2020.05.02-14.23.34:284][  0]LogPhysics: Warning: Attempt to build physics data for /Game/TopDownBP/Assets/Character/Mesh/Extra/NoBarba.NoBarba:BodySetup_0 when we are unable to.
[2020.05.02-14.23.34:940][  0]LogMaterial: Display: Missing cached shader map for material carpet_Mat, compiling. 
[2020.05.02-14.23.36:918][  0]LogShaderCompilers: Display: Worker (9/9): shaders left to compile 31
[2020.05.02-14.23.36:919][  0]LogAIModule: Creating AISystem for world TopDownExampleMap
[2020.05.02-14.23.37:085][  0]LogEditorServer: Finished looking for orphan Actors (0.000 secs)
[2020.05.02-14.23.37:088][  0]LogNavigation: Warning: Recreating dtNavMesh instance due to saved navmesh origin (X=-2939.616 Y=-6234.702 Z=1479.268, usually the RecastNavMesh location) not being aligned with tile size (988 uu) 
[2020.05.02-14.23.37:193][  0]LogUObjectHash: Compacting FUObjectHashTables data took  10.43ms
[2020.05.02-14.23.37:202][  0]Cmd: MAP CHECKDEP NOCLEARLOG
[2020.05.02-14.23.37:202][  0]MapCheck: Map check complete: 0 Error(s), 0 Warning(s), took 0,348ms to complete.
[2020.05.02-14.23.37:202][  0]LogFileHelpers: Loading map 'TopDownExampleMap' took 16.587
[2020.05.02-14.23.37:917][  0]LogShaderCompilers: Display: Worker (7/9): shaders left to compile 27
[2020.05.02-14.23.37:917][  0]LogSlate: Updating window title bar state: overlay mode, drag disabled, window buttons hidden, title bar hidden
[2020.05.02-14.23.37:972][  0]LogSlate: Updating window title bar state: overlay mode, drag disabled, window buttons hidden, title bar hidden
[2020.05.02-14.23.38:022][  0]LogSlate: Updating window title bar state: overlay mode, drag disabled, window buttons hidden, title bar hidden
[2020.05.02-14.23.38:052][  0]LogSlate: Updating window title bar state: overlay mode, drag disabled, window buttons hidden, title bar hidden
[2020.05.02-14.23.38:917][  0]LogShaderCompilers: Display: Worker (9/9): shaders left to compile 23
[2020.05.02-14.23.38:917][  0]LogShaderCompilers: Display: Worker (1/9): shaders left to compile 20
[2020.05.02-14.23.38:917][  0]LogShaderCompilers: Display: Worker (5/9): shaders left to compile 17
[2020.05.02-14.23.38:917][  0]LogCollectionManager: Loaded 0 collections in 0.001829 seconds
[2020.05.02-14.23.39:045][  0]LogFileCache: Scanning file cache for directory 'J:/SECP/secp/MyProject2/Saved/Collections/' took 0.00s
[2020.05.02-14.23.39:045][  0]LogFileCache: Scanning file cache for directory 'J:/SECP/secp/MyProject2/Content/Developers/Usuario/Collections/' took 0.00s
[2020.05.02-14.23.39:045][  0]LogFileCache: Scanning file cache for directory 'J:/SECP/secp/MyProject2/Content/Collections/' took 0.00s
[2020.05.02-14.23.39:045][  0]LogShaderCompilers: Display: Worker (7/9): shaders left to compile 15
[2020.05.02-14.23.39:045][  0]LogCollectionManager: Rebuilt the GUID cache for 0 collections in 0.000004 seconds
[2020.05.02-14.23.39:067][  0]LogContentBrowser: Native class hierarchy populated in 0.0191 seconds. Added 2892 classes and 695 folders.
[2020.05.02-14.23.39:171][  0]LogContentBrowser: Native class hierarchy updated for 'WidgetCarousel' in 0.0008 seconds. Added 0 classes and 0 folders.
[2020.05.02-14.23.40:439][  0]LogShaderCompilers: Display: Worker (4/9): shaders left to compile 13
[2020.05.02-14.23.40:440][  0]LogShaderCompilers: Display: Worker (6/9): shaders left to compile 11
[2020.05.02-14.23.40:440][  0]LogShaderCompilers: Display: Worker (5/9): shaders left to compile 9
[2020.05.02-14.23.40:440][  0]LogShaderCompilers: Display: Worker (8/9): shaders left to compile 7
[2020.05.02-14.23.40:440][  0]LogShaderCompilers: Display: Worker (7/9): shaders left to compile 5
[2020.05.02-14.23.40:440][  0]LogContentBrowser: Native class hierarchy updated for 'AddContentDialog' in 0.0004 seconds. Added 0 classes and 0 folders.
[2020.05.02-14.23.40:553][  0]LogSlate: Took 0.000811 seconds to synchronously load lazily loaded font '../../../Engine/Content/Slate/Fonts/Roboto-Regular.ttf' (155K)
[2020.05.02-14.23.40:557][  0]LogSlate: Took 0.000409 seconds to synchronously load lazily loaded font '../../../Engine/Content/Slate/Fonts/Roboto-Bold.ttf' (160K)
[2020.05.02-14.23.40:634][  0]LogShaderCompilers: Display: Worker (1/9): shaders left to compile 4
[2020.05.02-14.23.40:634][  0]LogSlate: Took 0.018339 seconds to synchronously load lazily loaded font '../../../Engine/Content/Editor/Slate/Fonts/FontAwesome.ttf' (139K)
[2020.05.02-14.23.41:065][  0]LogShaderCompilers: Display: Worker (9/9): shaders left to compile 3
[2020.05.02-14.23.41:065][  0]LogShaderCompilers: Display: Worker (2/9): shaders left to compile 2
[2020.05.02-14.23.41:065][  0]LogShaderCompilers: Display: Worker (7/9): shaders left to compile 1
[2020.05.02-14.23.41:065][  0]LogRenderer: Reallocating scene render targets to support 780x360 Format 10 NumSamples 1 (Frame:1).
[2020.05.02-14.23.41:528][  0]LogContentBrowser: Native class hierarchy updated for 'HierarchicalLODOutliner' in 0.0003 seconds. Added 0 classes and 0 folders.
[2020.05.02-14.23.41:528][  0]LogLoad: (Engine Initialization) Total time: 46.32 seconds
[2020.05.02-14.23.41:528][  0]LogLoad: (Engine Initialization) Total Blueprint compile time: 0.00 seconds
[2020.05.02-14.23.41:738][  0]LogContentStreaming: Texture pool size now 1000 MB
[2020.05.02-14.23.41:844][  0]LogSlate: Took 0.016189 seconds to synchronously load lazily loaded font '../../../Engine/Content/Slate/Fonts/Roboto-Light.ttf' (167K)
[2020.05.02-14.23.51:168][523]LogAssetRegistry: Asset discovery search completed in 36.4496 seconds
[2020.05.02-14.23.51:172][523]LogCollectionManager: Rebuilt the object cache for 0 collections in 0.000007 seconds (found 0 objects)
[2020.05.02-14.23.51:172][523]LogCollectionManager: Fixed up redirectors for 0 collections in 0.000083 seconds (updated 0 objects)
[2020.05.02-14.24.12:058][766]LogSlate: FSceneViewport::OnFocusLost() reason 0
[2020.05.02-14.24.12:295][779]LogSlate: Took 0.000179 seconds to synchronously load lazily loaded font '../../../Engine/Content/Slate/Fonts/Roboto-Light.ttf' (167K)
[2020.05.02-14.24.12:313][779]LogAssetEditorManager: Opening Asset editor for Material /Game/TopDownBP/Assets/Materiales/Polygon/carpet_Mat.carpet_Mat
[2020.05.02-14.24.12:348][779]LogMaterial: Display: Missing cached shader map for material carpet_Mat, compiling. 
[2020.05.02-14.24.13:160][779]LogMaterial: Display: Missing cached shader map for material carpet_Mat, compiling. 
[2020.05.02-14.24.13:186][779]LogMaterial: Display: Missing cached shader map for material carpet_Mat, compiling. 
[2020.05.02-14.24.13:220][779]LogShaderCompilers: Display: Worker (1/9): shaders left to compile 30
[2020.05.02-14.24.13:220][779]LogShaderCompilers: Display: Worker (2/9): shaders left to compile 29
[2020.05.02-14.24.13:220][779]LogShaderCompilers: Display: Worker (3/9): shaders left to compile 28
[2020.05.02-14.24.13:220][779]LogShaderCompilers: Display: Worker (4/9): shaders left to compile 27
[2020.05.02-14.24.13:220][779]LogShaderCompilers: Display: Worker (5/9): shaders left to compile 26
[2020.05.02-14.24.13:220][779]LogShaderCompilers: Display: Worker (6/9): shaders left to compile 25
[2020.05.02-14.24.13:220][779]LogShaderCompilers: Display: Worker (7/9): shaders left to compile 24
[2020.05.02-14.24.13:220][779]LogShaderCompilers: Display: Worker (8/9): shaders left to compile 23
[2020.05.02-14.24.13:220][779]LogMaterial: Display: Missing cached shader map for material FMatExpressionPreview MaterialExpressionTextureSample_0, compiling. 
[2020.05.02-14.24.13:232][779]LogMaterial: Display: Missing cached shader map for material FMatExpressionPreview MaterialExpressionVectorParameter_0, compiling. 
[2020.05.02-14.24.13:241][779]LogMaterial: Display: Missing cached shader map for material FMatExpressionPreview MaterialExpressionVectorParameter_1, compiling. 
[2020.05.02-14.24.14:710][779]LogShaderCompilers: Display: Worker (8/9): shaders left to compile 34
[2020.05.02-14.24.14:710][779]LogShaderCompilers: Display: Worker (4/9): shaders left to compile 33
[2020.05.02-14.24.14:710][779]LogShaderCompilers: Display: Worker (5/9): shaders left to compile 32
[2020.05.02-14.24.14:710][779]LogShaderCompilers: Display: Worker (2/9): shaders left to compile 31
[2020.05.02-14.24.14:710][779]LogShaderCompilers: Display: Worker (3/9): shaders left to compile 30
[2020.05.02-14.24.14:710][779]LogShaderCompilers: Display: Worker (6/9): shaders left to compile 29
[2020.05.02-14.24.14:710][779]LogShaderCompilers: Display: Worker (7/9): shaders left to compile 28
[2020.05.02-14.24.14:710][779]LogShaderCompilers: Display: Worker (1/9): shaders left to compile 27
[2020.05.02-14.24.14:710][779]LogShaderCompilers: Display: Worker (8/9): shaders left to compile 26
[2020.05.02-14.24.14:710][779]LogShaderCompilers: Display: Worker (2/9): shaders left to compile 25
[2020.05.02-14.24.14:710][779]LogShaderCompilers: Display: Worker (7/9): shaders left to compile 24
[2020.05.02-14.24.14:710][779]LogShaderCompilers: Display: Worker (4/9): shaders left to compile 23
[2020.05.02-14.24.14:710][779]LogShaderCompilers: Display: Worker (3/9): shaders left to compile 22
[2020.05.02-14.24.14:710][779]LogShaderCompilers: Display: Worker (1/9): shaders left to compile 21
[2020.05.02-14.24.14:710][779]LogShaderCompilers: Display: Worker (6/9): shaders left to compile 20
[2020.05.02-14.24.14:710][779]LogShaderCompilers: Display: Worker (5/9): shaders left to compile 19
[2020.05.02-14.24.14:710][779]LogSlate: Took 0.022974 seconds to synchronously load lazily loaded font '../../../Engine/Content/Slate/Fonts/Roboto-BoldCondensed.ttf' (158K)
[2020.05.02-14.24.14:733][779]LogShaderCompilers: Display: Worker (8/9): shaders left to compile 18
[2020.05.02-14.24.15:428][779]LogShaderCompilers: Display: Worker (2/9): shaders left to compile 17
[2020.05.02-14.24.15:428][779]LogShaderCompilers: Display: Worker (3/9): shaders left to compile 16
[2020.05.02-14.24.15:428][779]LogShaderCompilers: Display: Worker (5/9): shaders left to compile 15
[2020.05.02-14.24.15:428][779]LogShaderCompilers: Display: Worker (7/9): shaders left to compile 14
[2020.05.02-14.24.15:428][779]LogShaderCompilers: Display: Worker (1/9): shaders left to compile 13
[2020.05.02-14.24.15:428][779]LogShaderCompilers: Display: Worker (4/9): shaders left to compile 12
[2020.05.02-14.24.15:428][779]LogShaderCompilers: Display: Worker (6/9): shaders left to compile 11
[2020.05.02-14.24.15:430][779]LogShaderCompilers: Display: Worker (8/9): shaders left to compile 10
[2020.05.02-14.24.15:533][781]LogShaderCompilers: Display: Worker (3/9): shaders left to compile 9
[2020.05.02-14.24.15:697][785]LogShaderCompilers: Display: Worker (2/9): shaders left to compile 8
[2020.05.02-14.24.15:870][790]LogShaderCompilers: Display: Worker (5/9): shaders left to compile 7
[2020.05.02-14.24.15:898][791]LogShaderCompilers: Display: Worker (1/9): shaders left to compile 6
[2020.05.02-14.24.15:924][792]LogShaderCompilers: Display: Worker (7/9): shaders left to compile 5
[2020.05.02-14.24.15:963][793]MaterialEditorStats: Base pass shader: 127 instructions
[2020.05.02-14.24.15:963][793]MaterialEditorStats: Base pass shader with Surface Lightmap: 154 instructions
[2020.05.02-14.24.15:963][793]MaterialEditorStats: Base pass shader with Volumetric Lightmap: 201 instructions
[2020.05.02-14.24.15:963][793]MaterialEditorStats: Base pass vertex shader: 44 instructions
[2020.05.02-14.24.15:963][793]MaterialEditorStats: Texture samplers: 4/16
[2020.05.02-14.24.15:963][793]MaterialEditorStats: Texture Lookups (Est.): VS(0), PS(1)
[2020.05.02-14.24.15:963][793]MaterialEditorStats: User interpolators: 2/4 Scalars (1/4 Vectors) (TexCoords: 2, Custom: 0)
[2020.05.02-14.24.15:977][793]LogShaderCompilers: Display: Worker (8/9): shaders left to compile 4
[2020.05.02-14.24.15:996][793]LogShaderCompilers: Display: Worker (6/9): shaders left to compile 3
[2020.05.02-14.24.16:033][794]LogShaderCompilers: Display: Worker (4/9): shaders left to compile 2
[2020.05.02-14.24.16:058][795]LogShaderCompilers: Display: Worker (3/9): shaders left to compile 1
[2020.05.02-14.24.18:901][952]LogSlate: Took 0.015728 seconds to synchronously load lazily loaded font '../../../Engine/Content/Slate/Fonts/Roboto-Italic.ttf' (157K)
[2020.05.02-14.24.27:246][452]LogSlate: Window 'carpet_Mat' being destroyed
[2020.05.02-14.24.27:479][452]LogWorld: UWorld::CleanupWorld for World_1, bSessionEnded=true, bCleanupResources=true
[2020.05.02-14.24.34:953][884]LogAssetEditorManager: Opening Asset editor for StaticMesh /Game/TopDownBP/Assets/polygon/plantas/SM_Bld_Floor_Grass_01.SM_Bld_Floor_Grass_01
[2020.05.02-14.24.35:649][884]LogRenderer: Reallocating scene render targets to support 1016x608 Format 10 NumSamples 1 (Frame:1).
[2020.05.02-14.24.41:539][204]LogEditorSessionSummary: EditorSessionSummary sent report. Type=Shutdown, SessionId={85E1D9D8-49DC-DFBE-2D65-67B004AC70F5}
[2020.05.02-14.24.51:849][807]LogSlate: FSceneViewport::OnFocusLost() reason 0
[2020.05.02-14.24.58:303][193]LogSlate: FSceneViewport::OnFocusLost() reason 0
[2020.05.02-14.24.59:140][243]LogSlate: Window 'SM_Bld_Floor_Grass_01' being destroyed
[2020.05.02-14.24.59:198][243]LogWorld: UWorld::CleanupWorld for World_3, bSessionEnded=true, bCleanupResources=true
[2020.05.02-14.32.42:829][715]LogEditorSessionSummary: EditorSessionSummary sent report. Type=Shutdown, SessionId={5AF671FC-4659-6766-78E6-8C9C18C21162}
[2020.05.02-15.05.13:705][568]LogEditorViewport: Clicking on Actor (LMB): StaticMeshActor (park)
[2020.05.02-15.05.15:336][641]LogSlate: FSceneViewport::OnFocusLost() reason 0
[2020.05.02-15.05.18:954][840]LogEditorFactories: Performing atomic reimport of [C:/Users/Usuario/Desktop/Block_out/export/park.FBX]
[2020.05.02-15.05.18:993][840]LogFbx: Loading FBX Scene from C:/Users/Usuario/Desktop/Block_out/export/park.FBX
[2020.05.02-15.05.19:030][840]LogFbx: FBX Scene Loaded Succesfully
[2020.05.02-15.05.19:688][840]LogFbx: Display: Triangulating static mesh SM_Bld_Floor_Grass_003
[2020.05.02-15.05.20:396][840]LogStaticMesh: Building static mesh park...
[2020.05.02-15.05.20:882][840]LogStaticMesh: Built static mesh [0.48s] /Game/TopDownBP/Assets/Edificios/Parque/Props_Parque/Parque/park.park
[2020.05.02-15.05.20:968][840]LogStaticMesh: Warning: park has degenerate tangent bases which will result in incorrect shading.  MikkTSpace relies on tangent bases and may result in mesh corruption, consider disabling this option.
[2020.05.02-15.05.20:968][840]LogStaticMesh: Warning: park has some nearly zero bi-normals which can create some issues. (Tolerance of 1E-4)
[2020.05.02-15.05.22:716][840]LogSlate: Window 'Reimport Material Conflicts Resolution' being destroyed
[2020.05.02-15.05.22:724][840]LogEditorFactories: -- imported successfully
[2020.05.02-15.05.22:729][840]FBXImport: Warning: No smoothing group information was found in this FBX scene.  Please make sure to enable the 'Export Smoothing Groups' option in the FBX Exporter plug-in before exporting the file.  Even for tools that don't support smoothing groups, the FBX Exporter will generate appropriate smoothing data at export-time so that correct vertex normals can be inferred while importing. 
[2020.05.02-15.05.22:729][840]FBXImport: Warning: park has degenerate tangent bases which will result in incorrect shading.  MikkTSpace relies on tangent bases and may result in mesh corruption, consider disabling this option. 
[2020.05.02-15.05.22:729][840]FBXImport: Warning: park has some nearly zero bi-normals which can create some issues. (Tolerance of 1E-4) 
[2020.05.02-15.05.36:213][581]LogEditorViewport: Clicking on Actor (LMB): StaticMeshActor (park)
[2020.05.02-15.05.40:076][812]LogEditorViewport: Clicking on Actor (LMB): StaticMeshActor (Papelera_3)
[2020.05.02-15.05.41:231][879]Cmd: DELETE
[2020.05.02-15.05.41:231][879]Cmd: ACTOR DELETE
[2020.05.02-15.05.41:420][879]LogEditorActor: Deleted Actor: StaticMeshActor
[2020.05.02-15.05.41:467][879]LogUObjectHash: Compacting FUObjectHashTables data took   3.73ms
[2020.05.02-15.05.41:467][879]LogEditorActor: Deleted 1 Actors (0.087 secs)
[2020.05.02-15.05.44:090][ 39]LogEditorViewport: Clicking on Actor (LMB): StaticMeshActor (arbusto_1)
[2020.05.02-15.05.48:071][274]LogEditorViewport: Clicking on Actor (LMB): StaticMeshActor (park)
[2020.05.02-15.05.50:388][408]LogSlate: FSceneViewport::OnFocusLost() reason 2
[2020.05.02-15.05.57:069][702]LogEditorViewport: Clicking on Actor (LMB): BP_Sky_Sphere_C (SkySphereBlueprint)
[2020.05.02-15.06.13:577][688]LogEditorViewport: Clicking on Actor (LMB): StaticMeshActor (park)
[2020.05.02-15.06.19:132][  3]LogSlate: FSceneViewport::OnFocusLost() reason 2
[2020.05.02-15.06.46:594][569]LogEditorViewport: Clicking on Actor (LMB): StaticMeshActor (arbol_6)
[2020.05.02-15.06.47:797][637]LogEditorViewport: Clicking on Actor (CTRL LMB): StaticMeshActor (arbol_2)
[2020.05.02-15.06.55:943][123]LogEditorViewport: Clicking on Actor (LMB): StaticMeshActor (Banco_P8)
[2020.05.02-15.06.56:662][165]LogEditorViewport: Clicking on Actor (CTRL LMB): StaticMeshActor (Papelera_5)
[2020.05.02-15.06.57:281][201]LogEditorViewport: Clicking on Actor (CTRL LMB): StaticMeshActor (park)
[2020.05.02-15.06.58:368][265]Cmd: TRANSACTION UNDO
[2020.05.02-15.06.58:401][265]LogEditorTransaction: Undo Clicking on Actors
[2020.05.02-15.06.59:270][315]LogEditorViewport: Clicking on Actor (CTRL LMB): StaticMeshActor (Banco_P7)
[2020.05.02-15.07.00:308][376]Cmd: DELETE
[2020.05.02-15.07.00:308][376]Cmd: ACTOR DELETE
[2020.05.02-15.07.00:314][376]LogEditorActor: Deleted Actor: StaticMeshActor
[2020.05.02-15.07.00:315][376]LogEditorActor: Deleted Actor: StaticMeshActor
[2020.05.02-15.07.00:315][376]LogEditorActor: Deleted Actor: StaticMeshActor
[2020.05.02-15.07.00:350][376]LogUObjectHash: Compacting FUObjectHashTables data took   0.91ms
[2020.05.02-15.07.00:351][376]LogEditorActor: Deleted 3 Actors (0.042 secs)
[2020.05.02-15.07.05:260][672]LogEditorViewport: Clicking on Actor (LMB): StaticMeshActor (park)
[2020.05.02-15.07.09:323][910]LogSlate: FSceneViewport::OnFocusLost() reason 0
[2020.05.02-15.07.17:643][407]LogEditorViewport: Clicking on Actor (LMB): PlayerStart (PlayerStart)
[2020.05.02-15.07.19:776][534]LogNavigationPoint: PostEditMove Clear paths rebuilt
[2020.05.02-15.07.24:577][820]LogNavigationPoint: PostEditMove Clear paths rebuilt
[2020.05.02-15.07.48:929][266]LogSlate: FSceneViewport::OnFocusLost() reason 5
[2020.05.02-15.07.53:328][532]LogEditorViewport: Clicking on Actor (LMB): StaticMeshActor (arbol_28)
[2020.05.02-15.07.56:055][680]LogSlate: FSceneViewport::OnFocusLost() reason 0
[2020.05.02-15.07.56:231][689]LogAssetEditorManager: Opening Asset editor for Material /Game/TopDownBP/Assets/Edificios/Parque/Props_Parque/arboles/Tree3_2_001.Tree3_2_001
[2020.05.02-15.07.56:236][689]LogMaterial: Display: Missing cached shader map for material Tree3_2_001, compiling. 
[2020.05.02-15.07.56:391][689]LogMaterial: Display: Missing cached shader map for material Tree3_2_001, compiling. 
[2020.05.02-15.07.56:417][689]LogMaterial: Display: Missing cached shader map for material Tree3_2_001, compiling. 
[2020.05.02-15.07.56:444][689]LogShaderCompilers: Display: Worker (1/9): shaders left to compile 30
[2020.05.02-15.07.56:444][689]LogShaderCompilers: Display: Worker (2/9): shaders left to compile 29
[2020.05.02-15.07.56:444][689]LogShaderCompilers: Display: Worker (3/9): shaders left to compile 28
[2020.05.02-15.07.56:444][689]LogShaderCompilers: Display: Worker (4/9): shaders left to compile 27
[2020.05.02-15.07.56:444][689]LogShaderCompilers: Display: Worker (5/9): shaders left to compile 26
[2020.05.02-15.07.56:444][689]LogShaderCompilers: Display: Worker (6/9): shaders left to compile 25
[2020.05.02-15.07.56:444][689]LogShaderCompilers: Display: Worker (7/9): shaders left to compile 24
[2020.05.02-15.07.56:444][689]LogShaderCompilers: Display: Worker (8/9): shaders left to compile 23
[2020.05.02-15.07.56:448][689]LogMaterial: Display: Missing cached shader map for material FMatExpressionPreview MaterialExpressionVectorParameter_0, compiling. 
[2020.05.02-15.07.57:947][754]LogShaderCompilers: Display: Worker (8/9): shaders left to compile 26
[2020.05.02-15.07.58:184][761]LogShaderCompilers: Display: Worker (6/9): shaders left to compile 25
[2020.05.02-15.07.58:193][761]LogShaderCompilers: Display: Worker (4/9): shaders left to compile 24
[2020.05.02-15.07.58:215][762]LogShaderCompilers: Display: Worker (2/9): shaders left to compile 23
[2020.05.02-15.07.58:215][762]LogShaderCompilers: Display: Worker (5/9): shaders left to compile 22
[2020.05.02-15.07.58:215][762]LogShaderCompilers: Display: Worker (7/9): shaders left to compile 21
[2020.05.02-15.07.58:273][765]LogShaderCompilers: Display: Worker (1/9): shaders left to compile 20
[2020.05.02-15.07.58:274][765]LogShaderCompilers: Display: Worker (3/9): shaders left to compile 19
[2020.05.02-15.07.58:340][767]LogShaderCompilers: Display: Worker (8/9): shaders left to compile 18
[2020.05.02-15.07.58:865][784]LogShaderCompilers: Display: Worker (2/9): shaders left to compile 17
[2020.05.02-15.07.58:941][787]LogShaderCompilers: Display: Worker (1/9): shaders left to compile 16
[2020.05.02-15.07.59:142][797]LogShaderCompilers: Display: Worker (3/9): shaders left to compile 15
[2020.05.02-15.07.59:185][799]LogShaderCompilers: Display: Worker (5/9): shaders left to compile 14
[2020.05.02-15.07.59:204][800]LogShaderCompilers: Display: Worker (8/9): shaders left to compile 13
[2020.05.02-15.07.59:222][801]LogShaderCompilers: Display: Worker (6/9): shaders left to compile 12
[2020.05.02-15.07.59:222][801]LogShaderCompilers: Display: Worker (7/9): shaders left to compile 11
[2020.05.02-15.07.59:272][803]LogShaderCompilers: Display: Worker (4/9): shaders left to compile 10
[2020.05.02-15.07.59:368][808]LogShaderCompilers: Display: Worker (2/9): shaders left to compile 9
[2020.05.02-15.07.59:736][822]LogShaderCompilers: Display: Worker (5/9): shaders left to compile 8
[2020.05.02-15.07.59:758][823]LogShaderCompilers: Display: Worker (7/9): shaders left to compile 7
[2020.05.02-15.07.59:788][824]LogShaderCompilers: Display: Worker (1/9): shaders left to compile 6
[2020.05.02-15.07.59:971][832]LogShaderCompilers: Display: Worker (8/9): shaders left to compile 5
[2020.05.02-15.07.59:975][832]LogShaderCompilers: Display: Worker (3/9): shaders left to compile 4
[2020.05.02-15.08.00:095][836]LogShaderCompilers: Display: Worker (4/9): shaders left to compile 3
[2020.05.02-15.08.00:120][837]LogShaderCompilers: Display: Worker (6/9): shaders left to compile 2
[2020.05.02-15.08.00:220][840]LogShaderCompilers: Display: Worker (2/9): shaders left to compile 1
[2020.05.02-15.08.00:579][851]MaterialEditorStats: Base pass shader: 119 instructions
[2020.05.02-15.08.00:579][851]MaterialEditorStats: Base pass shader with Surface Lightmap: 146 instructions
[2020.05.02-15.08.00:579][851]MaterialEditorStats: Base pass shader with Volumetric Lightmap: 193 instructions
[2020.05.02-15.08.00:579][851]MaterialEditorStats: Base pass vertex shader: 40 instructions
[2020.05.02-15.08.00:579][851]MaterialEditorStats: Texture samplers: 3/16
[2020.05.02-15.08.03:123][978]LogMaterial: Display: Missing cached shader map for material FMatExpressionPreview MaterialExpressionVectorParameter_0, compiling. 
[2020.05.02-15.08.03:135][978]LogMaterial: Display: Missing cached shader map for material Tree3_2_001, compiling. 
[2020.05.02-15.08.03:156][978]LogShaderCompilers: Display: Worker (1/9): shaders left to compile 4
[2020.05.02-15.08.03:156][978]LogShaderCompilers: Display: Worker (2/9): shaders left to compile 3
[2020.05.02-15.08.03:156][978]LogShaderCompilers: Display: Worker (3/9): shaders left to compile 2
[2020.05.02-15.08.03:156][978]LogShaderCompilers: Display: Worker (4/9): shaders left to compile 1
[2020.05.02-15.08.03:187][979]LogShaderCompilers: Display: Worker (5/9): shaders left to compile 30
[2020.05.02-15.08.03:187][979]LogShaderCompilers: Display: Worker (6/9): shaders left to compile 29
[2020.05.02-15.08.03:187][979]LogShaderCompilers: Display: Worker (7/9): shaders left to compile 28
[2020.05.02-15.08.03:187][979]LogShaderCompilers: Display: Worker (8/9): shaders left to compile 27
[2020.05.02-15.08.03:278][982]LogMaterial: Display: Missing cached shader map for material FMatExpressionPreview MaterialExpressionVectorParameter_0, compiling. 
[2020.05.02-15.08.03:298][982]LogMaterial: Display: Missing cached shader map for material Tree3_2_001, compiling. 
[2020.05.02-15.08.03:580][989]LogShaderCompilers: Display: Worker (5/9): shaders left to compile 34
[2020.05.02-15.08.03:596][990]LogShaderCompilers: Display: Worker (6/9): shaders left to compile 33
[2020.05.02-15.08.03:596][990]LogShaderCompilers: Display: Worker (7/9): shaders left to compile 32
[2020.05.02-15.08.03:611][990]LogShaderCompilers: Display: Worker (3/9): shaders left to compile 31
[2020.05.02-15.08.03:611][990]LogShaderCompilers: Display: Worker (4/9): shaders left to compile 30
[2020.05.02-15.08.03:611][990]LogShaderCompilers: Display: Worker (8/9): shaders left to compile 29
[2020.05.02-15.08.03:665][993]LogShaderCompilers: Display: Worker (1/9): shaders left to compile 28
[2020.05.02-15.08.03:665][993]LogShaderCompilers: Display: Worker (2/9): shaders left to compile 27
[2020.05.02-15.08.04:036][  7]LogShaderCompilers: Display: Worker (4/9): shaders left to compile 26
[2020.05.02-15.08.04:052][  8]LogShaderCompilers: Display: Worker (8/9): shaders left to compile 25
[2020.05.02-15.08.04:068][  9]LogShaderCompilers: Display: Worker (1/9): shaders left to compile 24
[2020.05.02-15.08.04:068][  9]LogShaderCompilers: Display: Worker (2/9): shaders left to compile 23
[2020.05.02-15.08.04:096][ 10]LogShaderCompilers: Display: Worker (3/9): shaders left to compile 22
[2020.05.02-15.08.04:096][ 10]LogShaderCompilers: Display: Worker (7/9): shaders left to compile 21
[2020.05.02-15.08.04:113][ 11]LogShaderCompilers: Display: Worker (5/9): shaders left to compile 20
[2020.05.02-15.08.04:130][ 12]LogShaderCompilers: Display: Worker (6/9): shaders left to compile 19
[2020.05.02-15.08.04:242][ 14]LogShaderCompilers: Display: Worker (2/9): shaders left to compile 18
[2020.05.02-15.08.04:397][ 21]LogShaderCompilers: Display: Worker (4/9): shaders left to compile 17
[2020.05.02-15.08.04:423][ 22]LogShaderCompilers: Display: Worker (8/9): shaders left to compile 16
[2020.05.02-15.08.04:451][ 23]LogShaderCompilers: Display: Worker (1/9): shaders left to compile 15
[2020.05.02-15.08.04:451][ 23]LogShaderCompilers: Display: Worker (3/9): shaders left to compile 14
[2020.05.02-15.08.04:503][ 24]LogMaterial: Display: Missing cached shader map for material FMatExpressionPreview MaterialExpressionVectorParameter_0, compiling. 
[2020.05.02-15.08.04:520][ 24]LogMaterial: Display: Missing cached shader map for material Tree3_2_001, compiling. 
[2020.05.02-15.08.04:562][ 24]LogMaterial: Display: Missing cached shader map for material Tree3_2_001, compiling. 
[2020.05.02-15.08.04:607][ 24]LogMaterial: Display: Missing cached shader map for material FMatExpressionPreview MaterialExpressionVectorParameter_0, compiling. 
[2020.05.02-15.08.04:639][ 24]LogMaterial: Display: Missing cached shader map for material FMatExpressionPreview MaterialExpressionVectorParameter_0, compiling. 
[2020.05.02-15.08.04:662][ 24]LogShaderCompilers: Display: Worker (6/9): shaders left to compile 34
[2020.05.02-15.08.04:671][ 24]LogMaterial: Display: Missing cached shader map for material Tree3_2_001, compiling. 
[2020.05.02-15.08.05:028][ 31]LogShaderCompilers: Display: Worker (8/9): shaders left to compile 34
[2020.05.02-15.08.05:028][ 31]LogShaderCompilers: Display: Worker (7/9): shaders left to compile 33
[2020.05.02-15.08.05:110][ 34]LogShaderCompilers: Display: Worker (5/9): shaders left to compile 32
[2020.05.02-15.08.05:134][ 35]LogShaderCompilers: Display: Worker (2/9): shaders left to compile 31
[2020.05.02-15.08.05:134][ 35]LogShaderCompilers: Display: Worker (6/9): shaders left to compile 30
[2020.05.02-15.08.05:264][ 39]LogShaderCompilers: Display: Worker (1/9): shaders left to compile 29
[2020.05.02-15.08.05:293][ 40]LogShaderCompilers: Display: Worker (3/9): shaders left to compile 28
[2020.05.02-15.08.05:294][ 40]LogShaderCompilers: Display: Worker (4/9): shaders left to compile 27
[2020.05.02-15.08.05:560][ 47]LogShaderCompilers: Display: Worker (6/9): shaders left to compile 26
[2020.05.02-15.08.05:622][ 49]LogShaderCompilers: Display: Worker (5/9): shaders left to compile 25
[2020.05.02-15.08.05:653][ 50]LogShaderCompilers: Display: Worker (7/9): shaders left to compile 24
[2020.05.02-15.08.05:653][ 50]LogShaderCompilers: Display: Worker (2/9): shaders left to compile 23
[2020.05.02-15.08.05:678][ 51]LogShaderCompilers: Display: Worker (8/9): shaders left to compile 22
[2020.05.02-15.08.05:709][ 52]LogShaderCompilers: Display: Worker (3/9): shaders left to compile 21
[2020.05.02-15.08.05:721][ 52]LogShaderCompilers: Display: Worker (1/9): shaders left to compile 20
[2020.05.02-15.08.05:739][ 52]LogShaderCompilers: Display: Worker (4/9): shaders left to compile 19
[2020.05.02-15.08.05:864][ 56]LogShaderCompilers: Display: Worker (2/9): shaders left to compile 18
[2020.05.02-15.08.05:983][ 60]LogShaderCompilers: Display: Worker (6/9): shaders left to compile 17
[2020.05.02-15.08.06:059][ 62]LogShaderCompilers: Display: Worker (5/9): shaders left to compile 16
[2020.05.02-15.08.06:059][ 62]LogShaderCompilers: Display: Worker (7/9): shaders left to compile 15
[2020.05.02-15.08.06:095][ 63]LogShaderCompilers: Display: Worker (8/9): shaders left to compile 14
[2020.05.02-15.08.06:222][ 66]LogMaterial: Display: Missing cached shader map for material FMatExpressionPreview MaterialExpressionVectorParameter_0, compiling. 
[2020.05.02-15.08.06:245][ 66]LogMaterial: Display: Missing cached shader map for material Tree3_2_001, compiling. 
[2020.05.02-15.08.06:302][ 66]LogMaterial: Display: Missing cached shader map for material FMatExpressionPreview MaterialExpressionVectorParameter_0, compiling. 
[2020.05.02-15.08.06:331][ 66]LogShaderCompilers: Display: Worker (4/9): shaders left to compile 4
[2020.05.02-15.08.06:331][ 66]LogMaterial: Display: Missing cached shader map for material Tree3_2_001, compiling. 
[2020.05.02-15.08.06:374][ 66]LogSlate: Window 'Color Picker' being destroyed
[2020.05.02-15.08.06:657][ 73]LogShaderCompilers: Display: Worker (5/9): shaders left to compile 33
[2020.05.02-15.08.06:681][ 74]LogShaderCompilers: Display: Worker (3/9): shaders left to compile 32
[2020.05.02-15.08.06:778][ 77]LogShaderCompilers: Display: Worker (1/9): shaders left to compile 31
[2020.05.02-15.08.06:809][ 77]LogShaderCompilers: Display: Worker (2/9): shaders left to compile 30
[2020.05.02-15.08.06:883][ 80]LogShaderCompilers: Display: Worker (7/9): shaders left to compile 29
[2020.05.02-15.08.06:910][ 81]LogShaderCompilers: Display: Worker (6/9): shaders left to compile 28
[2020.05.02-15.08.06:962][ 83]LogShaderCompilers: Display: Worker (8/9): shaders left to compile 27
[2020.05.02-15.08.07:002][ 84]LogShaderCompilers: Display: Worker (4/9): shaders left to compile 26
[2020.05.02-15.08.07:204][ 89]LogShaderCompilers: Display: Worker (3/9): shaders left to compile 25
[2020.05.02-15.08.07:232][ 90]LogShaderCompilers: Display: Worker (2/9): shaders left to compile 24
[2020.05.02-15.08.07:284][ 90]LogShaderCompilers: Display: Worker (5/9): shaders left to compile 23
[2020.05.02-15.08.07:325][ 92]LogShaderCompilers: Display: Worker (1/9): shaders left to compile 22
[2020.05.02-15.08.07:325][ 92]LogShaderCompilers: Display: Worker (7/9): shaders left to compile 21
[2020.05.02-15.08.07:339][ 92]LogShaderCompilers: Display: Worker (6/9): shaders left to compile 20
[2020.05.02-15.08.07:355][ 92]LogShaderCompilers: Display: Worker (8/9): shaders left to compile 19
[2020.05.02-15.08.07:412][ 95]LogShaderCompilers: Display: Worker (4/9): shaders left to compile 18
[2020.05.02-15.08.07:485][ 98]LogShaderCompilers: Display: Worker (5/9): shaders left to compile 17
[2020.05.02-15.08.07:485][ 98]LogMaterialEditor: Saving and Compiling material Tree3_2_001
[2020.05.02-15.08.10:370][ 98]LogShaderCompilers: Display: Worker (3/9): shaders left to compile 16
[2020.05.02-15.08.10:370][ 98]LogShaderCompilers: Display: Worker (2/9): shaders left to compile 15
[2020.05.02-15.08.10:370][ 98]LogShaderCompilers: Display: Worker (1/9): shaders left to compile 14
[2020.05.02-15.08.10:370][ 98]LogShaderCompilers: Display: Worker (8/9): shaders left to compile 13
[2020.05.02-15.08.10:370][ 98]LogShaderCompilers: Display: Worker (3/9): shaders left to compile 12
[2020.05.02-15.08.10:370][ 98]LogShaderCompilers: Display: Worker (7/9): shaders left to compile 11
[2020.05.02-15.08.10:370][ 98]LogShaderCompilers: Display: Worker (4/9): shaders left to compile 10
[2020.05.02-15.08.10:370][ 98]LogShaderCompilers: Display: Worker (6/9): shaders left to compile 9
[2020.05.02-15.08.10:370][ 98]LogShaderCompilers: Display: Worker (5/9): shaders left to compile 8
[2020.05.02-15.08.10:370][ 98]LogShaderCompilers: Display: Worker (2/9): shaders left to compile 7
[2020.05.02-15.08.10:370][ 98]LogShaderCompilers: Display: Worker (1/9): shaders left to compile 6
[2020.05.02-15.08.10:370][ 98]LogShaderCompilers: Display: Worker (8/9): shaders left to compile 5
[2020.05.02-15.08.10:370][ 98]LogShaderCompilers: Display: Worker (4/9): shaders left to compile 4
[2020.05.02-15.08.10:370][ 98]LogShaderCompilers: Display: Worker (2/9): shaders left to compile 3
[2020.05.02-15.08.10:370][ 98]LogShaderCompilers: Display: Worker (3/9): shaders left to compile 2
[2020.05.02-15.08.10:370][ 98]LogShaderCompilers: Display: Worker (6/9): shaders left to compile 1
[2020.05.02-15.08.10:386][ 98]LogMaterial: Display: Missing cached shader map for material Tree3_2_001, compiling. 
[2020.05.02-15.08.10:483][ 98]LogShaderCompilers: Display: Worker (1/9): shaders left to compile 30
[2020.05.02-15.08.10:483][ 98]LogShaderCompilers: Display: Worker (2/9): shaders left to compile 29
[2020.05.02-15.08.10:483][ 98]LogShaderCompilers: Display: Worker (3/9): shaders left to compile 28
[2020.05.02-15.08.10:483][ 98]LogShaderCompilers: Display: Worker (4/9): shaders left to compile 27
[2020.05.02-15.08.10:483][ 98]LogShaderCompilers: Display: Worker (5/9): shaders left to compile 26
[2020.05.02-15.08.10:483][ 98]LogShaderCompilers: Display: Worker (6/9): shaders left to compile 25
[2020.05.02-15.08.10:483][ 98]LogShaderCompilers: Display: Worker (7/9): shaders left to compile 24
[2020.05.02-15.08.10:483][ 98]LogShaderCompilers: Display: Worker (8/9): shaders left to compile 23
[2020.05.02-15.08.10:497][ 98]LogMaterial: Display: Missing cached shader map for material Tree3_2_001, compiling. 
[2020.05.02-15.08.10:684][ 98]LogMaterial: Display: Missing cached shader map for material Tree3_2_001, compiling. 
[2020.05.02-15.08.10:731][ 98]LogShaderCompilers: Display: Worker (8/9): shaders left to compile 53
[2020.05.02-15.08.10:778][ 98]LogUObjectHash: Compacting FUObjectHashTables data took   4.13ms
[2020.05.02-15.08.10:800][ 98]LogMaterial: Display: Missing cached shader map for material DebugViewMode MaterialTexCoordScale, compiling. 
[2020.05.02-15.08.12:651][ 98]LogShaderCompilers: Display: Worker (1/9): shaders left to compile 52
[2020.05.02-15.08.12:651][ 98]LogShaderCompilers: Display: Worker (2/9): shaders left to compile 53
[2020.05.02-15.08.12:651][ 98]LogShaderCompilers: Display: Worker (3/9): shaders left to compile 52
[2020.05.02-15.08.12:651][ 98]LogShaderCompilers: Display: Worker (4/9): shaders left to compile 51
[2020.05.02-15.08.12:651][ 98]LogShaderCompilers: Display: Worker (5/9): shaders left to compile 50
[2020.05.02-15.08.12:651][ 98]LogShaderCompilers: Display: Worker (7/9): shaders left to compile 49
[2020.05.02-15.08.12:651][ 98]LogShaderCompilers: Display: Worker (6/9): shaders left to compile 48
[2020.05.02-15.08.12:651][ 98]LogShaderCompilers: Display: Worker (8/9): shaders left to compile 47
[2020.05.02-15.08.12:651][ 98]LogShaderCompilers: Display: Worker (3/9): shaders left to compile 46
[2020.05.02-15.08.12:651][ 98]LogShaderCompilers: Display: Worker (7/9): shaders left to compile 45
[2020.05.02-15.08.12:651][ 98]LogShaderCompilers: Display: Worker (4/9): shaders left to compile 44
[2020.05.02-15.08.12:651][ 98]LogShaderCompilers: Display: Worker (1/9): shaders left to compile 43
[2020.05.02-15.08.12:651][ 98]LogShaderCompilers: Display: Worker (6/9): shaders left to compile 42
[2020.05.02-15.08.12:651][ 98]LogShaderCompilers: Display: Worker (2/9): shaders left to compile 41
[2020.05.02-15.08.12:651][ 98]LogShaderCompilers: Display: Worker (5/9): shaders left to compile 40
[2020.05.02-15.08.12:651][ 98]LogShaderCompilers: Display: Worker (8/9): shaders left to compile 39
[2020.05.02-15.08.12:651][ 98]LogShaderCompilers: Display: Worker (3/9): shaders left to compile 38
[2020.05.02-15.08.12:651][ 98]LogShaderCompilers: Display: Worker (1/9): shaders left to compile 37
[2020.05.02-15.08.12:651][ 98]LogShaderCompilers: Display: Worker (5/9): shaders left to compile 36
[2020.05.02-15.08.12:651][ 98]LogShaderCompilers: Display: Worker (7/9): shaders left to compile 35
[2020.05.02-15.08.12:651][ 98]LogShaderCompilers: Display: Worker (6/9): shaders left to compile 34
[2020.05.02-15.08.12:651][ 98]LogShaderCompilers: Display: Worker (4/9): shaders left to compile 33
[2020.05.02-15.08.12:651][ 98]LogShaderCompilers: Display: Worker (2/9): shaders left to compile 32
[2020.05.02-15.08.12:651][ 98]LogShaderCompilers: Display: Worker (8/9): shaders left to compile 31
[2020.05.02-15.08.12:651][ 98]LogShaderCompilers: Display: Worker (1/9): shaders left to compile 27
[2020.05.02-15.08.12:651][ 98]LogShaderCompilers: Display: Worker (3/9): shaders left to compile 23
[2020.05.02-15.08.12:651][ 98]LogShaderCompilers: Display: Worker (4/9): shaders left to compile 20
[2020.05.02-15.08.12:651][ 98]LogShaderCompilers: Display: Worker (5/9): shaders left to compile 17
[2020.05.02-15.08.12:651][ 98]LogShaderCompilers: Display: Worker (6/9): shaders left to compile 14
[2020.05.02-15.08.12:655][ 98]LogShaderCompilers: Display: Worker (2/9): shaders left to compile 12
[2020.05.02-15.08.12:660][ 98]TextureStreamingBuild: Display: Compiling optional shaders took 1.881 seconds.
[2020.05.02-15.08.12:710][ 98]LogShaderCompilers: Display: Worker (7/9): shaders left to compile 10
[2020.05.02-15.08.12:711][ 98]LogUObjectHash: Compacting FUObjectHashTables data took   2.19ms
[2020.05.02-15.08.12:774][ 98]LogSlate: FSceneViewport::OnFocusLost() reason 5
[2020.05.02-15.08.14:577][ 98]LogShaderCompilers: Display: Worker (1/9): shaders left to compile 8
[2020.05.02-15.08.14:577][ 98]LogShaderCompilers: Display: Worker (8/9): shaders left to compile 6
[2020.05.02-15.08.14:577][ 98]LogShaderCompilers: Display: Worker (2/9): shaders left to compile 5
[2020.05.02-15.08.14:577][ 98]LogShaderCompilers: Display: Worker (6/9): shaders left to compile 4
[2020.05.02-15.08.14:577][ 98]LogShaderCompilers: Display: Worker (7/9): shaders left to compile 3
[2020.05.02-15.08.14:577][ 98]LogShaderCompilers: Display: Worker (2/9): shaders left to compile 2
[2020.05.02-15.08.14:577][ 98]LogShaderCompilers: Display: Worker (3/9): shaders left to compile 1
[2020.05.02-15.08.15:639][ 98]LogSavePackage: Moving 'J:/SECP/secp/MyProject2/Saved/Tree3_2_001E0DBC0FF4973768610FB59A95C6993C7.tmp' to 'J:/SECP/secp/MyProject2/Content/TopDownBP/Assets/Edificios/Parque/Props_Parque/arboles/Tree3_2_001.uasset'
[2020.05.02-15.08.15:675][ 98]MaterialEditorStats: Base pass shader: 119 instructions
[2020.05.02-15.08.15:675][ 98]MaterialEditorStats: Base pass shader with Surface Lightmap: 146 instructions
[2020.05.02-15.08.15:675][ 98]MaterialEditorStats: Base pass shader with Volumetric Lightmap: 193 instructions
[2020.05.02-15.08.15:675][ 98]MaterialEditorStats: Base pass vertex shader: 40 instructions
[2020.05.02-15.08.15:675][ 98]MaterialEditorStats: Texture samplers: 3/16
[2020.05.02-15.08.18:804][281]LogSlate: FSceneViewport::OnFocusLost() reason 0
[2020.05.02-15.08.18:886][286]LogSlate: Window 'Tree3_2_001' being destroyed
[2020.05.02-15.08.19:396][286]LogWorld: UWorld::CleanupWorld for World_4, bSessionEnded=true, bCleanupResources=true
[2020.05.02-15.08.44:859][805]LogEditorViewport: Clicking on Actor (LMB): StaticMeshActor (SM_Bld_Wall_Baseboard_Window_04_SM_Bld_Wall_Baseboard_Window_04)
[2020.05.02-15.08.51:815][217]LogSlate: FSceneViewport::OnFocusLost() reason 5
[2020.05.02-15.08.52:028][217]LogUObjectHash: Compacting FUObjectHashTables data took   2.20ms
[2020.05.02-15.08.52:818][217]LogSavePackage: Moving 'J:/SECP/secp/MyProject2/Saved/TopDownExampleMap_Auto143CFE80547E7672C58F5FB988C1CBB0E.tmp' to 'J:/SECP/secp/MyProject2/Saved/Autosaves/Game/TopDownBP/Maps/TopDownExampleMap_Auto1.umap'
[2020.05.02-15.08.53:461][217]LogFileHelpers: Editor autosave (incl. sublevels) for '/Game/TopDownBP/Maps/TopDownExampleMap' took 1.471
[2020.05.02-15.08.53:461][217]LogFileHelpers: Editor autosave (incl. sublevels) for all levels took 1.471
[2020.05.02-15.08.53:475][217]OBJ SavePackage: Generating thumbnails for [1] asset(s) in package [/Game/TopDownBP/Assets/Edificios/Parque/Props_Parque/Parque/park] ([1] browsable assets)...
[2020.05.02-15.08.53:498][217]OBJ SavePackage:     Rendered thumbnail for [StaticMesh /Game/TopDownBP/Assets/Edificios/Parque/Props_Parque/Parque/park.park]
[2020.05.02-15.08.53:498][217]OBJ SavePackage: Finished generating thumbnails for package [/Game/TopDownBP/Assets/Edificios/Parque/Props_Parque/Parque/park]
[2020.05.02-15.08.53:614][217]LogSavePackage: Moving 'J:/SECP/secp/MyProject2/Saved/park_Auto1093E7F3A47E3CFCF809AEB95465FB954.tmp' to 'J:/SECP/secp/MyProject2/Saved/Autosaves/Game/TopDownBP/Assets/Edificios/Parque/Props_Parque/Parque/park_Auto1.uasset'
[2020.05.02-15.08.53:632][217]LogFileHelpers: Auto-saving content packages took 0.158
[2020.05.02-15.08.55:618][326]LogUObjectHash: Compacting FUObjectHashTables data took   2.61ms
[2020.05.02-15.08.57:335][326]LogSlate: Window 'Save Content' being destroyed
[2020.05.02-15.08.57:347][326]LogSlate: FSceneViewport::OnFocusLost() reason 5
[2020.05.02-15.08.57:517][326]LogSavePackage: Moving 'J:/SECP/secp/MyProject2/Saved/parkC8D85C3646E0BBC3274B80A1B63E96DE.tmp' to 'J:/SECP/secp/MyProject2/Content/TopDownBP/Assets/Edificios/Parque/Props_Parque/Parque/park.uasset'
[2020.05.02-15.08.57:755][326]Cmd: OBJ SAVEPACKAGE PACKAGE="/Game/TopDownBP/Maps/TopDownExampleMap" FILE="J:/SECP/secp/MyProject2/Content/TopDownBP/Maps/TopDownExampleMap.umap" SILENT=true AUTOSAVING=false KEEPDIRTY=false
[2020.05.02-15.08.57:828][326]LogUObjectHash: Compacting FUObjectHashTables data took   0.90ms
[2020.05.02-15.08.58:185][326]LogSavePackage: Moving 'J:/SECP/secp/MyProject2/Saved/TopDownExampleMapF0854E7A4FD260C62A5AFC9A79D32F0F.tmp' to 'J:/SECP/secp/MyProject2/Content/TopDownBP/Maps/TopDownExampleMap.umap'
[2020.05.02-15.08.58:392][326]LogFileHelpers: Saving map 'TopDownExampleMap' took 0.637
