Log file open, 04/12/20 22:13:57
LogWindows: Failed to load 'aqProf.dll' (GetLastError=126)
LogWindows: File 'aqProf.dll' does not exist
LogWindows: Failed to load 'VtuneApi.dll' (GetLastError=126)
LogWindows: File 'VtuneApi.dll' does not exist
LogWindows: Failed to load 'VtuneApi32e.dll' (GetLastError=126)
LogWindows: File 'VtuneApi32e.dll' does not exist
LogConsoleResponse: Display: Failed to find resolution value strings in scalability ini. Falling back to default.
LogInit: Display: Running engine for game: MyProject2
LogPlatformFile: Not using cached read wrapper
LogTaskGraph: Started task graph with 5 named threads and 14 total threads with 3 sets of task threads.
LogStats: Stats thread started at 0.523741
LogD3D11RHI: Loaded GFSDK_Aftermath_Lib.x64.dll
LogICUInternationalization: ICU TimeZone Detection - Raw Offset: +1:00, Platform Override: ''
LogPluginManager: Mounting plugin Paper2D
LogPluginManager: Mounting plugin AISupport
LogPluginManager: Mounting plugin LightPropagationVolume
LogPluginManager: Mounting plugin ActorLayerUtilities
LogPluginManager: Mounting plugin AnimationSharing
LogPluginManager: Mounting plugin CLionSourceCodeAccess
LogPluginManager: Mounting plugin CodeLiteSourceCodeAccess
LogPluginManager: Mounting plugin GitSourceControl
LogPluginManager: Mounting plugin KDevelopSourceCodeAccess
LogPluginManager: Mounting plugin NullSourceCodeAccess
LogPluginManager: Mounting plugin PerforceSourceControl
LogPluginManager: Mounting plugin SubversionSourceControl
LogPluginManager: Mounting plugin UObjectPlugin
LogPluginManager: Mounting plugin VisualStudioCodeSourceCodeAccess
LogPluginManager: Mounting plugin VisualStudioSourceCodeAccess
LogPluginManager: Mounting plugin XCodeSourceCodeAccess
LogPluginManager: Mounting plugin AssetManagerEditor
LogPluginManager: Mounting plugin CryptoKeys
LogPluginManager: Mounting plugin CurveEditorTools
LogPluginManager: Mounting plugin DataValidation
LogPluginManager: Mounting plugin FacialAnimation
LogPluginManager: Mounting plugin GameplayTagsEditor
LogPluginManager: Mounting plugin MacGraphicsSwitching
LogPluginManager: Mounting plugin MaterialAnalyzer
LogPluginManager: Mounting plugin MobileLauncherProfileWizard
LogPluginManager: Mounting plugin PluginBrowser
LogPluginManager: Mounting plugin SpeedTreeImporter
LogPluginManager: Mounting plugin DatasmithContent
LogPluginManager: Mounting plugin VariantManagerContent
LogPluginManager: Mounting plugin AlembicImporter
LogPluginManager: Mounting plugin AutomationUtils
LogPluginManager: Mounting plugin BackChannel
LogPluginManager: Mounting plugin CharacterAI
LogPluginManager: Mounting plugin GeometryCache
LogPluginManager: Mounting plugin HTML5Networking
LogPluginManager: Mounting plugin PlatformCrypto
LogPluginManager: Mounting plugin ProxyLODPlugin
LogPluginManager: Mounting plugin SkeletalReduction
LogPluginManager: Mounting plugin MagicLeap
LogPluginManager: Mounting plugin MagicLeapMedia
LogPluginManager: Mounting plugin AndroidMedia
LogPluginManager: Mounting plugin AvfMedia
LogPluginManager: Mounting plugin ImgMedia
LogPluginManager: Mounting plugin MediaCompositing
LogPluginManager: Mounting plugin MediaPlayerEditor
LogPluginManager: Mounting plugin WebMMedia
LogPluginManager: Mounting plugin WmfMedia
LogPluginManager: Mounting plugin TcpMessaging
LogPluginManager: Mounting plugin UdpMessaging
LogPluginManager: Mounting plugin ActorSequence
LogPluginManager: Mounting plugin LevelSequenceEditor
LogPluginManager: Mounting plugin MatineeToLevelSequence
LogPluginManager: Mounting plugin NetcodeUnitTest
LogPluginManager: Mounting plugin NUTUnrealEngine4
LogPluginManager: Mounting plugin OnlineSubsystemGooglePlay
LogPluginManager: Mounting plugin OnlineSubsystemIOS
LogPluginManager: Mounting plugin OnlineSubsystem
LogPluginManager: Mounting plugin OnlineSubsystemNull
LogPluginManager: Mounting plugin OnlineSubsystemSteam
LogPluginManager: Mounting plugin OnlineSubsystemUtils
LogPluginManager: Mounting plugin LauncherChunkInstaller
LogPluginManager: Mounting plugin AndroidDeviceProfileSelector
LogPluginManager: Mounting plugin AndroidMoviePlayer
LogPluginManager: Mounting plugin AndroidPermission
LogPluginManager: Mounting plugin AppleImageUtils
LogPluginManager: Mounting plugin AppleMoviePlayer
LogPluginManager: Mounting plugin ArchVisCharacter
LogPluginManager: Mounting plugin AudioCapture
LogPluginManager: Mounting plugin CableComponent
LogPluginManager: Mounting plugin CustomMeshComponent
LogPluginManager: Mounting plugin EditableMesh
LogPluginManager: Mounting plugin ExampleDeviceProfileSelector
LogPluginManager: Mounting plugin GoogleCloudMessaging
LogPluginManager: Mounting plugin IOSDeviceProfileSelector
LogPluginManager: Mounting plugin LinuxDeviceProfileSelector
LogPluginManager: Mounting plugin LocationServicesBPLibrary
LogPluginManager: Mounting plugin MobilePatchingUtils
LogPluginManager: Mounting plugin OculusVR
LogPluginManager: Mounting plugin PhysXVehicles
LogPluginManager: Mounting plugin ProceduralMeshComponent
LogPluginManager: Mounting plugin RuntimePhysXCooking
LogPluginManager: Mounting plugin SignificanceManager
LogPluginManager: Mounting plugin SteamVR
LogPluginManager: Mounting plugin WebMMoviePlayer
LogPluginManager: Mounting plugin WindowsMoviePlayer
LogPluginManager: Mounting plugin ScreenshotTools
LogPluginManager: Mounting plugin AdvancedSessions
LogPluginManager: Mounting plugin AdvancedSteamSessions
LogInit: Using libcurl 7.55.1-DEV
LogInit:  - built for x86_64-pc-win32
LogInit:  - supports SSL with OpenSSL/1.1.1
LogInit:  - supports HTTP deflate (compression) using libz 1.2.8
LogInit:  - other features:
LogInit:      CURL_VERSION_SSL
LogInit:      CURL_VERSION_LIBZ
LogInit:      CURL_VERSION_IPV6
LogInit:      CURL_VERSION_ASYNCHDNS
LogInit:      CURL_VERSION_LARGEFILE
LogInit:      CURL_VERSION_IDN
LogInit:  CurlRequestOptions (configurable via config and command line):
LogInit:  - bVerifyPeer = true  - Libcurl will verify peer certificate
LogInit:  - bUseHttpProxy = false  - Libcurl will NOT use HTTP proxy
LogInit:  - bDontReuseConnections = false  - Libcurl will reuse connections
LogInit:  - MaxHostConnections = 16  - Libcurl will limit the number of connections to a host
LogInit:  - LocalHostAddr = Default
LogInit:  - BufferSize = 65536
LogOnline: OSS: Creating online subsystem instance for: NULL
LogInit: WinSock: version 1.1 (2.2), MaxSocks=32767, MaxUdp=65467
LogInit: Build: ++UE4+Release-4.23-CL-9631420
LogInit: Engine Version: 4.23.1-9631420+++UE4+Release-4.23
LogInit: Compatible Engine Version: 4.23.0-8386587+++UE4+Release-4.23
LogInit: Net CL: 8386587
LogInit: OS: Windows 8.1 (), CPU: Intel(R) Core(TM) i5-6600K CPU @ 3.50GHz, GPU: NVIDIA GeForce GTX 970
LogInit: Compiled (64-bit): Oct 18 2019 02:07:44
LogInit: Compiled with Visual C++: 19.16.27030.01
LogInit: Build Configuration: Development
LogInit: Branch Name: ++UE4+Release-4.23
LogInit: Command Line: 
LogInit: Base Directory: C:/Program Files/Epic Games/UE_4.23/Engine/Binaries/Win64/
LogInit: Installed Engine Build: 1
LogDevObjectVersion: Number of dev versions registered: 23
LogDevObjectVersion:   Dev-Blueprints (B0D832E4-1F89-4F0D-ACCF-7EB736FD4AA2): 10
LogDevObjectVersion:   Dev-Build (E1C64328-A22C-4D53-A36C-8E866417BD8C): 0
LogDevObjectVersion:   Dev-Core (375EC13C-06E4-48FB-B500-84F0262A717E): 3
LogDevObjectVersion:   Dev-Editor (E4B068ED-F494-42E9-A231-DA0B2E46BB41): 34
LogDevObjectVersion:   Dev-Framework (CFFC743F-43B0-4480-9391-14DF171D2073): 35
LogDevObjectVersion:   Dev-Mobile (B02B49B5-BB20-44E9-A304-32B752E40360): 2
LogDevObjectVersion:   Dev-Networking (A4E4105C-59A1-49B5-A7C5-40C4547EDFEE): 0
LogDevObjectVersion:   Dev-Online (39C831C9-5AE6-47DC-9A44-9C173E1C8E7C): 0
LogDevObjectVersion:   Dev-Physics (78F01B33-EBEA-4F98-B9B4-84EACCB95AA2): 0
LogDevObjectVersion:   Dev-Platform (6631380F-2D4D-43E0-8009-CF276956A95A): 0
LogDevObjectVersion:   Dev-Rendering (12F88B9F-8875-4AFC-A67C-D90C383ABD29): 31
LogDevObjectVersion:   Dev-Sequencer (7B5AE74C-D270-4C10-A958-57980B212A5A): 11
LogDevObjectVersion:   Dev-VR (D7296918-1DD6-4BDD-9DE2-64A83CC13884): 2
LogDevObjectVersion:   Dev-LoadTimes (C2A15278-BFE7-4AFE-6C17-90FF531DF755): 1
LogDevObjectVersion:   Private-Geometry (6EACA3D4-40EC-4CC1-B786-8BED09428FC5): 3
LogDevObjectVersion:   Dev-AnimPhys (29E575DD-E0A3-4627-9D10-D276232CDCEA): 17
LogDevObjectVersion:   Dev-Anim (AF43A65D-7FD3-4947-9873-3E8ED9C1BB05): 2
LogDevObjectVersion:   Dev-ReflectionCapture (6B266CEC-1EC7-4B8F-A30B-E4D90942FC07): 1
LogDevObjectVersion:   Dev-Automation (0DF73D61-A23F-47EA-B727-89E90C41499A): 1
LogDevObjectVersion:   FortniteMain (601D1886-AC64-4F84-AA16-D3DE0DEAC7D6): 27
LogDevObjectVersion:   Dev-Enterprise (9DFFBCD6-494F-0158-E221-12823C92A888): 6
LogDevObjectVersion:   Dev-Niagara (F2AED0AC-9AFE-416F-8664-AA7FFA26D6FC): 1
LogDevObjectVersion:   Dev-Destruction (174F1F0B-B4C6-45A5-B13F-2EE8D0FB917D): 9
LogInit: Presizing for max 16777216 objects, including 0 objects not considered by GC, pre-allocating 0 bytes for permanent pool.
LogInit: Object subsystem initialized
LogConfig: Setting CVar [[con.DebugEarlyDefault:1]]
LogConfig: Setting CVar [[r.setres:1280x720]]
[2020.04.12-20.13.58:392][  0]LogConfig: Setting CVar [[r.VSync:0]]
[2020.04.12-20.13.58:392][  0]LogConfig: Setting CVar [[r.RHICmdBypass:0]]
[2020.04.12-20.13.58:393][  0]LogConfig: Applying CVar settings from Section [/Script/Engine.RendererSettings] File [C:/Users/ivan_PC/Desktop/secp/MyProject2/Saved/Config/Windows/Engine.ini]
[2020.04.12-20.13.58:393][  0]LogConfig: Setting CVar [[r.GPUCrashDebugging:0]]
[2020.04.12-20.13.58:393][  0]LogConfig: Applying CVar settings from Section [/Script/Engine.RendererOverrideSettings] File [C:/Users/ivan_PC/Desktop/secp/MyProject2/Saved/Config/Windows/Engine.ini]
[2020.04.12-20.13.58:393][  0]LogConfig: Applying CVar settings from Section [/Script/Engine.StreamingSettings] File [C:/Users/ivan_PC/Desktop/secp/MyProject2/Saved/Config/Windows/Engine.ini]
[2020.04.12-20.13.58:393][  0]LogConfig: Setting CVar [[s.MinBulkDataSizeForAsyncLoading:131072]]
[2020.04.12-20.13.58:393][  0]LogConfig: Setting CVar [[s.AsyncLoadingThreadEnabled:0]]
[2020.04.12-20.13.58:393][  0]LogConfig: Setting CVar [[s.EventDrivenLoaderEnabled:1]]
[2020.04.12-20.13.58:393][  0]LogConfig: Setting CVar [[s.WarnIfTimeLimitExceeded:0]]
[2020.04.12-20.13.58:393][  0]LogConfig: Setting CVar [[s.TimeLimitExceededMultiplier:1.5]]
[2020.04.12-20.13.58:393][  0]LogConfig: Setting CVar [[s.TimeLimitExceededMinTime:0.005]]
[2020.04.12-20.13.58:393][  0]LogConfig: Setting CVar [[s.UseBackgroundLevelStreaming:1]]
[2020.04.12-20.13.58:393][  0]LogConfig: Setting CVar [[s.PriorityAsyncLoadingExtraTime:15.0]]
[2020.04.12-20.13.58:393][  0]LogConfig: Setting CVar [[s.LevelStreamingActorsUpdateTimeLimit:5.0]]
[2020.04.12-20.13.58:393][  0]LogConfig: Setting CVar [[s.PriorityLevelStreamingActorsUpdateExtraTime:5.0]]
[2020.04.12-20.13.58:393][  0]LogConfig: Setting CVar [[s.LevelStreamingComponentsRegistrationGranularity:10]]
[2020.04.12-20.13.58:393][  0]LogConfig: Setting CVar [[s.UnregisterComponentsTimeLimit:1.0]]
[2020.04.12-20.13.58:393][  0]LogConfig: Setting CVar [[s.LevelStreamingComponentsUnregistrationGranularity:5]]
[2020.04.12-20.13.58:393][  0]LogConfig: Applying CVar settings from Section [/Script/Engine.GarbageCollectionSettings] File [C:/Users/ivan_PC/Desktop/secp/MyProject2/Saved/Config/Windows/Engine.ini]
[2020.04.12-20.13.58:393][  0]LogConfig: Setting CVar [[gc.MaxObjectsNotConsideredByGC:1]]
[2020.04.12-20.13.58:393][  0]LogConfig: Setting CVar [[gc.SizeOfPermanentObjectPool:0]]
[2020.04.12-20.13.58:393][  0]LogConfig: Setting CVar [[gc.FlushStreamingOnGC:0]]
[2020.04.12-20.13.58:393][  0]LogConfig: Setting CVar [[gc.NumRetriesBeforeForcingGC:10]]
[2020.04.12-20.13.58:393][  0]LogConfig: Setting CVar [[gc.AllowParallelGC:1]]
[2020.04.12-20.13.58:393][  0]LogConfig: Setting CVar [[gc.TimeBetweenPurgingPendingKillObjects:61.1]]
[2020.04.12-20.13.58:393][  0]LogConfig: Setting CVar [[gc.MaxObjectsInEditor:16777216]]
[2020.04.12-20.13.58:393][  0]LogConfig: Setting CVar [[gc.IncrementalBeginDestroyEnabled:1]]
[2020.04.12-20.13.58:393][  0]LogConfig: Setting CVar [[gc.CreateGCClusters:1]]
[2020.04.12-20.13.58:393][  0]LogConfig: Setting CVar [[gc.MinGCClusterSize:5]]
[2020.04.12-20.13.58:393][  0]LogConfig: Setting CVar [[gc.ActorClusteringEnabled:0]]
[2020.04.12-20.13.58:393][  0]LogConfig: Setting CVar [[gc.BlueprintClusteringEnabled:0]]
[2020.04.12-20.13.58:393][  0]LogConfig: Setting CVar [[gc.UseDisregardForGCOnDedicatedServers:0]]
[2020.04.12-20.13.58:393][  0]LogConfig: Applying CVar settings from Section [/Script/Engine.NetworkSettings] File [C:/Users/ivan_PC/Desktop/secp/MyProject2/Saved/Config/Windows/Engine.ini]
[2020.04.12-20.13.58:393][  0]LogConfig: Applying CVar settings from Section [/Script/UnrealEd.CookerSettings] File [C:/Users/ivan_PC/Desktop/secp/MyProject2/Saved/Config/Windows/Engine.ini]
[2020.04.12-20.13.58:401][  0]LogConfig: Applying CVar settings from Section [ViewDistanceQuality@3] File [C:/Users/ivan_PC/Desktop/secp/MyProject2/Saved/Config/Windows/Scalability.ini]
[2020.04.12-20.13.58:401][  0]LogConfig: Setting CVar [[r.SkeletalMeshLODBias:0]]
[2020.04.12-20.13.58:401][  0]LogConfig: Setting CVar [[r.ViewDistanceScale:1.0]]
[2020.04.12-20.13.58:401][  0]LogConfig: Applying CVar settings from Section [AntiAliasingQuality@3] File [C:/Users/ivan_PC/Desktop/secp/MyProject2/Saved/Config/Windows/Scalability.ini]
[2020.04.12-20.13.58:401][  0]LogConfig: Setting CVar [[r.PostProcessAAQuality:4]]
[2020.04.12-20.13.58:401][  0]LogConfig: Applying CVar settings from Section [ShadowQuality@3] File [C:/Users/ivan_PC/Desktop/secp/MyProject2/Saved/Config/Windows/Scalability.ini]
[2020.04.12-20.13.58:401][  0]LogConfig: Setting CVar [[r.LightFunctionQuality:1]]
[2020.04.12-20.13.58:401][  0]LogConfig: Setting CVar [[r.ShadowQuality:5]]
[2020.04.12-20.13.58:401][  0]LogConfig: Setting CVar [[r.Shadow.CSM.MaxCascades:10]]
[2020.04.12-20.13.58:401][  0]LogConfig: Setting CVar [[r.Shadow.MaxResolution:2048]]
[2020.04.12-20.13.58:401][  0]LogConfig: Setting CVar [[r.Shadow.MaxCSMResolution:2048]]
[2020.04.12-20.13.58:401][  0]LogConfig: Setting CVar [[r.Shadow.RadiusThreshold:0.01]]
[2020.04.12-20.13.58:401][  0]LogConfig: Setting CVar [[r.Shadow.DistanceScale:1.0]]
[2020.04.12-20.13.58:401][  0]LogConfig: Setting CVar [[r.Shadow.CSM.TransitionScale:1.0]]
[2020.04.12-20.13.58:401][  0]LogConfig: Setting CVar [[r.Shadow.PreShadowResolutionFactor:1.0]]
[2020.04.12-20.13.58:402][  0]LogConfig: Setting CVar [[r.DistanceFieldShadowing:1]]
[2020.04.12-20.13.58:402][  0]LogConfig: Setting CVar [[r.DistanceFieldAO:1]]
[2020.04.12-20.13.58:402][  0]LogConfig: Setting CVar [[r.AOQuality:2]]
[2020.04.12-20.13.58:402][  0]LogConfig: Setting CVar [[r.VolumetricFog:1]]
[2020.04.12-20.13.58:402][  0]LogConfig: Setting CVar [[r.VolumetricFog.GridPixelSize:8]]
[2020.04.12-20.13.58:402][  0]LogConfig: Setting CVar [[r.VolumetricFog.GridSizeZ:128]]
[2020.04.12-20.13.58:402][  0]LogConfig: Setting CVar [[r.VolumetricFog.HistoryMissSupersampleCount:4]]
[2020.04.12-20.13.58:402][  0]LogConfig: Setting CVar [[r.LightMaxDrawDistanceScale:1]]
[2020.04.12-20.13.58:402][  0]LogConfig: Setting CVar [[r.CapsuleShadows:1]]
[2020.04.12-20.13.58:402][  0]LogConfig: Applying CVar settings from Section [PostProcessQuality@3] File [C:/Users/ivan_PC/Desktop/secp/MyProject2/Saved/Config/Windows/Scalability.ini]
[2020.04.12-20.13.58:402][  0]LogConfig: Setting CVar [[r.MotionBlurQuality:4]]
[2020.04.12-20.13.58:402][  0]LogConfig: Setting CVar [[r.AmbientOcclusionMipLevelFactor:0.4]]
[2020.04.12-20.13.58:402][  0]LogConfig: Setting CVar [[r.AmbientOcclusionMaxQuality:100]]
[2020.04.12-20.13.58:402][  0]LogConfig: Setting CVar [[r.AmbientOcclusionLevels:-1]]
[2020.04.12-20.13.58:402][  0]LogConfig: Setting CVar [[r.AmbientOcclusionRadiusScale:1.0]]
[2020.04.12-20.13.58:402][  0]LogConfig: Setting CVar [[r.DepthOfFieldQuality:2]]
[2020.04.12-20.13.58:402][  0]LogConfig: Setting CVar [[r.RenderTargetPoolMin:400]]
[2020.04.12-20.13.58:402][  0]LogConfig: Setting CVar [[r.LensFlareQuality:2]]
[2020.04.12-20.13.58:402][  0]LogConfig: Setting CVar [[r.SceneColorFringeQuality:1]]
[2020.04.12-20.13.58:402][  0]LogConfig: Setting CVar [[r.EyeAdaptationQuality:2]]
[2020.04.12-20.13.58:402][  0]LogConfig: Setting CVar [[r.BloomQuality:5]]
[2020.04.12-20.13.58:402][  0]LogConfig: Setting CVar [[r.FastBlurThreshold:100]]
[2020.04.12-20.13.58:402][  0]LogConfig: Setting CVar [[r.Upscale.Quality:3]]
[2020.04.12-20.13.58:402][  0]LogConfig: Setting CVar [[r.Tonemapper.GrainQuantization:1]]
[2020.04.12-20.13.58:402][  0]LogConfig: Setting CVar [[r.LightShaftQuality:1]]
[2020.04.12-20.13.58:402][  0]LogConfig: Setting CVar [[r.Filter.SizeScale:1]]
[2020.04.12-20.13.58:402][  0]LogConfig: Setting CVar [[r.Tonemapper.Quality:5]]
[2020.04.12-20.13.58:402][  0]LogConfig: Setting CVar [[r.DOF.Gather.AccumulatorQuality:1        ; higher gathering accumulator quality]]
[2020.04.12-20.13.58:402][  0]LogConfig: Setting CVar [[r.DOF.Gather.PostfilterMethod:1          ; Median3x3 postfilering method]]
[2020.04.12-20.13.58:402][  0]LogConfig: Setting CVar [[r.DOF.Gather.EnableBokehSettings:0       ; no bokeh simulation when gathering]]
[2020.04.12-20.13.58:402][  0]LogConfig: Setting CVar [[r.DOF.Gather.RingCount:4                 ; medium number of samples when gathering]]
[2020.04.12-20.13.58:402][  0]LogConfig: Setting CVar [[r.DOF.Scatter.ForegroundCompositing:1    ; additive foreground scattering]]
[2020.04.12-20.13.58:402][  0]LogConfig: Setting CVar [[r.DOF.Scatter.BackgroundCompositing:2    ; additive background scattering]]
[2020.04.12-20.13.58:402][  0]LogConfig: Setting CVar [[r.DOF.Scatter.EnableBokehSettings:1      ; bokeh simulation when scattering]]
[2020.04.12-20.13.58:402][  0]LogConfig: Setting CVar [[r.DOF.Scatter.MaxSpriteRatio:0.1         ; only a maximum of 10% of scattered bokeh]]
[2020.04.12-20.13.58:402][  0]LogConfig: Setting CVar [[r.DOF.Recombine.Quality:1                ; cheap slight out of focus]]
[2020.04.12-20.13.58:402][  0]LogConfig: Setting CVar [[r.DOF.Recombine.EnableBokehSettings:0    ; no bokeh simulation on slight out of focus]]
[2020.04.12-20.13.58:402][  0]LogConfig: Setting CVar [[r.DOF.TemporalAAQuality:1                ; more stable temporal accumulation]]
[2020.04.12-20.13.58:402][  0]LogConfig: Setting CVar [[r.DOF.Kernel.MaxForegroundRadius:0.025]]
[2020.04.12-20.13.58:402][  0]LogConfig: Setting CVar [[r.DOF.Kernel.MaxBackgroundRadius:0.025]]
[2020.04.12-20.13.58:402][  0]LogConfig: Applying CVar settings from Section [TextureQuality@3] File [C:/Users/ivan_PC/Desktop/secp/MyProject2/Saved/Config/Windows/Scalability.ini]
[2020.04.12-20.13.58:402][  0]LogConfig: Setting CVar [[r.Streaming.MipBias:0]]
[2020.04.12-20.13.58:402][  0]LogConfig: Setting CVar [[r.Streaming.AmortizeCPUToGPUCopy:0]]
[2020.04.12-20.13.58:402][  0]LogConfig: Setting CVar [[r.Streaming.MaxNumTexturesToStreamPerFrame:0]]
[2020.04.12-20.13.58:402][  0]LogConfig: Setting CVar [[r.Streaming.Boost:1]]
[2020.04.12-20.13.58:402][  0]LogConfig: Setting CVar [[r.MaxAnisotropy:8]]
[2020.04.12-20.13.58:402][  0]LogConfig: Setting CVar [[r.Streaming.LimitPoolSizeToVRAM:0]]
[2020.04.12-20.13.58:402][  0]LogConfig: Setting CVar [[r.Streaming.PoolSize:1000]]
[2020.04.12-20.13.58:402][  0]LogConfig: Setting CVar [[r.Streaming.MaxEffectiveScreenSize:0]]
[2020.04.12-20.13.58:402][  0]LogConfig: Applying CVar settings from Section [EffectsQuality@3] File [C:/Users/ivan_PC/Desktop/secp/MyProject2/Saved/Config/Windows/Scalability.ini]
[2020.04.12-20.13.58:402][  0]LogConfig: Setting CVar [[r.TranslucencyLightingVolumeDim:64]]
[2020.04.12-20.13.58:402][  0]LogConfig: Setting CVar [[r.RefractionQuality:2]]
[2020.04.12-20.13.58:402][  0]LogConfig: Setting CVar [[r.SSR.Quality:3]]
[2020.04.12-20.13.58:402][  0]LogConfig: Setting CVar [[r.SceneColorFormat:4]]
[2020.04.12-20.13.58:402][  0]LogConfig: Setting CVar [[r.DetailMode:2]]
[2020.04.12-20.13.58:402][  0]LogConfig: Setting CVar [[r.TranslucencyVolumeBlur:1]]
[2020.04.12-20.13.58:402][  0]LogConfig: Setting CVar [[r.MaterialQualityLevel:1 ; High quality]]
[2020.04.12-20.13.58:402][  0]LogConfig: Setting CVar [[r.SSS.Scale:1]]
[2020.04.12-20.13.58:402][  0]LogConfig: Setting CVar [[r.SSS.SampleSet:2]]
[2020.04.12-20.13.58:402][  0]LogConfig: Setting CVar [[r.SSS.Quality:1]]
[2020.04.12-20.13.58:402][  0]LogConfig: Setting CVar [[r.SSS.HalfRes:1]]
[2020.04.12-20.13.58:402][  0]LogConfig: Setting CVar [[r.EmitterSpawnRateScale:1.0]]
[2020.04.12-20.13.58:402][  0]LogConfig: Setting CVar [[r.ParticleLightQuality:2]]
[2020.04.12-20.13.58:402][  0]LogConfig: Applying CVar settings from Section [FoliageQuality@3] File [C:/Users/ivan_PC/Desktop/secp/MyProject2/Saved/Config/Windows/Scalability.ini]
[2020.04.12-20.13.58:402][  0]LogConfig: Setting CVar [[foliage.DensityScale:1.0]]
[2020.04.12-20.13.58:402][  0]LogConfig: Setting CVar [[grass.DensityScale:1.0]]
[2020.04.12-20.13.58:403][  0]LogInit: Selected Device Profile: [Windows]
[2020.04.12-20.13.58:403][  0]LogInit: Applying CVar settings loaded from the selected device profile: [Windows]
[2020.04.12-20.13.58:411][  0]LogHAL: Display: Platform has ~ 8 GB [8550825984 / 8589934592 / 8], which maps to Default [LargestMinGB=32, LargerMinGB=12, DefaultMinGB=8, SmallerMinGB=6, SmallestMinGB=0)
[2020.04.12-20.13.58:411][  0]LogInit: Going up to parent DeviceProfile []
[2020.04.12-20.13.58:411][  0]LogConfig: Applying CVar settings from Section [ViewDistanceQuality@3] File [C:/Users/ivan_PC/Desktop/secp/MyProject2/Saved/Config/Windows/Scalability.ini]
[2020.04.12-20.13.58:411][  0]LogConfig: Setting CVar [[r.SkeletalMeshLODBias:0]]
[2020.04.12-20.13.58:411][  0]LogConfig: Setting CVar [[r.ViewDistanceScale:1.0]]
[2020.04.12-20.13.58:411][  0]LogConfig: Applying CVar settings from Section [AntiAliasingQuality@3] File [C:/Users/ivan_PC/Desktop/secp/MyProject2/Saved/Config/Windows/Scalability.ini]
[2020.04.12-20.13.58:412][  0]LogConfig: Setting CVar [[r.PostProcessAAQuality:4]]
[2020.04.12-20.13.58:412][  0]LogConfig: Applying CVar settings from Section [ShadowQuality@3] File [C:/Users/ivan_PC/Desktop/secp/MyProject2/Saved/Config/Windows/Scalability.ini]
[2020.04.12-20.13.58:412][  0]LogConfig: Setting CVar [[r.LightFunctionQuality:1]]
[2020.04.12-20.13.58:412][  0]LogConfig: Setting CVar [[r.ShadowQuality:5]]
[2020.04.12-20.13.58:412][  0]LogConfig: Setting CVar [[r.Shadow.CSM.MaxCascades:10]]
[2020.04.12-20.13.58:412][  0]LogConfig: Setting CVar [[r.Shadow.MaxResolution:2048]]
[2020.04.12-20.13.58:412][  0]LogConfig: Setting CVar [[r.Shadow.MaxCSMResolution:2048]]
[2020.04.12-20.13.58:412][  0]LogConfig: Setting CVar [[r.Shadow.RadiusThreshold:0.01]]
[2020.04.12-20.13.58:412][  0]LogConfig: Setting CVar [[r.Shadow.DistanceScale:1.0]]
[2020.04.12-20.13.58:412][  0]LogConfig: Setting CVar [[r.Shadow.CSM.TransitionScale:1.0]]
[2020.04.12-20.13.58:412][  0]LogConfig: Setting CVar [[r.Shadow.PreShadowResolutionFactor:1.0]]
[2020.04.12-20.13.58:412][  0]LogConfig: Setting CVar [[r.DistanceFieldShadowing:1]]
[2020.04.12-20.13.58:412][  0]LogConfig: Setting CVar [[r.DistanceFieldAO:1]]
[2020.04.12-20.13.58:412][  0]LogConfig: Setting CVar [[r.AOQuality:2]]
[2020.04.12-20.13.58:412][  0]LogConfig: Setting CVar [[r.VolumetricFog:1]]
[2020.04.12-20.13.58:412][  0]LogConfig: Setting CVar [[r.VolumetricFog.GridPixelSize:8]]
[2020.04.12-20.13.58:412][  0]LogConfig: Setting CVar [[r.VolumetricFog.GridSizeZ:128]]
[2020.04.12-20.13.58:412][  0]LogConfig: Setting CVar [[r.VolumetricFog.HistoryMissSupersampleCount:4]]
[2020.04.12-20.13.58:412][  0]LogConfig: Setting CVar [[r.LightMaxDrawDistanceScale:1]]
[2020.04.12-20.13.58:412][  0]LogConfig: Setting CVar [[r.CapsuleShadows:1]]
[2020.04.12-20.13.58:412][  0]LogConfig: Applying CVar settings from Section [PostProcessQuality@3] File [C:/Users/ivan_PC/Desktop/secp/MyProject2/Saved/Config/Windows/Scalability.ini]
[2020.04.12-20.13.58:412][  0]LogConfig: Setting CVar [[r.MotionBlurQuality:4]]
[2020.04.12-20.13.58:412][  0]LogConfig: Setting CVar [[r.AmbientOcclusionMipLevelFactor:0.4]]
[2020.04.12-20.13.58:412][  0]LogConfig: Setting CVar [[r.AmbientOcclusionMaxQuality:100]]
[2020.04.12-20.13.58:412][  0]LogConfig: Setting CVar [[r.AmbientOcclusionLevels:-1]]
[2020.04.12-20.13.58:412][  0]LogConfig: Setting CVar [[r.AmbientOcclusionRadiusScale:1.0]]
[2020.04.12-20.13.58:412][  0]LogConfig: Setting CVar [[r.DepthOfFieldQuality:2]]
[2020.04.12-20.13.58:412][  0]LogConfig: Setting CVar [[r.RenderTargetPoolMin:400]]
[2020.04.12-20.13.58:412][  0]LogConfig: Setting CVar [[r.LensFlareQuality:2]]
[2020.04.12-20.13.58:412][  0]LogConfig: Setting CVar [[r.SceneColorFringeQuality:1]]
[2020.04.12-20.13.58:412][  0]LogConfig: Setting CVar [[r.EyeAdaptationQuality:2]]
[2020.04.12-20.13.58:412][  0]LogConfig: Setting CVar [[r.BloomQuality:5]]
[2020.04.12-20.13.58:412][  0]LogConfig: Setting CVar [[r.FastBlurThreshold:100]]
[2020.04.12-20.13.58:412][  0]LogConfig: Setting CVar [[r.Upscale.Quality:3]]
[2020.04.12-20.13.58:412][  0]LogConfig: Setting CVar [[r.Tonemapper.GrainQuantization:1]]
[2020.04.12-20.13.58:412][  0]LogConfig: Setting CVar [[r.LightShaftQuality:1]]
[2020.04.12-20.13.58:412][  0]LogConfig: Setting CVar [[r.Filter.SizeScale:1]]
[2020.04.12-20.13.58:412][  0]LogConfig: Setting CVar [[r.Tonemapper.Quality:5]]
[2020.04.12-20.13.58:412][  0]LogConfig: Setting CVar [[r.DOF.Gather.AccumulatorQuality:1        ; higher gathering accumulator quality]]
[2020.04.12-20.13.58:412][  0]LogConfig: Setting CVar [[r.DOF.Gather.PostfilterMethod:1          ; Median3x3 postfilering method]]
[2020.04.12-20.13.58:412][  0]LogConfig: Setting CVar [[r.DOF.Gather.EnableBokehSettings:0       ; no bokeh simulation when gathering]]
[2020.04.12-20.13.58:412][  0]LogConfig: Setting CVar [[r.DOF.Gather.RingCount:4                 ; medium number of samples when gathering]]
[2020.04.12-20.13.58:412][  0]LogConfig: Setting CVar [[r.DOF.Scatter.ForegroundCompositing:1    ; additive foreground scattering]]
[2020.04.12-20.13.58:412][  0]LogConfig: Setting CVar [[r.DOF.Scatter.BackgroundCompositing:2    ; additive background scattering]]
[2020.04.12-20.13.58:412][  0]LogConfig: Setting CVar [[r.DOF.Scatter.EnableBokehSettings:1      ; bokeh simulation when scattering]]
[2020.04.12-20.13.58:412][  0]LogConfig: Setting CVar [[r.DOF.Scatter.MaxSpriteRatio:0.1         ; only a maximum of 10% of scattered bokeh]]
[2020.04.12-20.13.58:412][  0]LogConfig: Setting CVar [[r.DOF.Recombine.Quality:1                ; cheap slight out of focus]]
[2020.04.12-20.13.58:412][  0]LogConfig: Setting CVar [[r.DOF.Recombine.EnableBokehSettings:0    ; no bokeh simulation on slight out of focus]]
[2020.04.12-20.13.58:412][  0]LogConfig: Setting CVar [[r.DOF.TemporalAAQuality:1                ; more stable temporal accumulation]]
[2020.04.12-20.13.58:412][  0]LogConfig: Setting CVar [[r.DOF.Kernel.MaxForegroundRadius:0.025]]
[2020.04.12-20.13.58:412][  0]LogConfig: Setting CVar [[r.DOF.Kernel.MaxBackgroundRadius:0.025]]
[2020.04.12-20.13.58:412][  0]LogConfig: Applying CVar settings from Section [TextureQuality@3] File [C:/Users/ivan_PC/Desktop/secp/MyProject2/Saved/Config/Windows/Scalability.ini]
[2020.04.12-20.13.58:412][  0]LogConfig: Setting CVar [[r.Streaming.MipBias:0]]
[2020.04.12-20.13.58:412][  0]LogConfig: Setting CVar [[r.Streaming.AmortizeCPUToGPUCopy:0]]
[2020.04.12-20.13.58:412][  0]LogConfig: Setting CVar [[r.Streaming.MaxNumTexturesToStreamPerFrame:0]]
[2020.04.12-20.13.58:412][  0]LogConfig: Setting CVar [[r.Streaming.Boost:1]]
[2020.04.12-20.13.58:412][  0]LogConfig: Setting CVar [[r.MaxAnisotropy:8]]
[2020.04.12-20.13.58:412][  0]LogConfig: Setting CVar [[r.Streaming.LimitPoolSizeToVRAM:0]]
[2020.04.12-20.13.58:412][  0]LogConfig: Setting CVar [[r.Streaming.PoolSize:1000]]
[2020.04.12-20.13.58:412][  0]LogConfig: Setting CVar [[r.Streaming.MaxEffectiveScreenSize:0]]
[2020.04.12-20.13.58:412][  0]LogConfig: Applying CVar settings from Section [EffectsQuality@3] File [C:/Users/ivan_PC/Desktop/secp/MyProject2/Saved/Config/Windows/Scalability.ini]
[2020.04.12-20.13.58:412][  0]LogConfig: Setting CVar [[r.TranslucencyLightingVolumeDim:64]]
[2020.04.12-20.13.58:412][  0]LogConfig: Setting CVar [[r.RefractionQuality:2]]
[2020.04.12-20.13.58:412][  0]LogConfig: Setting CVar [[r.SSR.Quality:3]]
[2020.04.12-20.13.58:412][  0]LogConfig: Setting CVar [[r.SceneColorFormat:4]]
[2020.04.12-20.13.58:412][  0]LogConfig: Setting CVar [[r.DetailMode:2]]
[2020.04.12-20.13.58:412][  0]LogConfig: Setting CVar [[r.TranslucencyVolumeBlur:1]]
[2020.04.12-20.13.58:412][  0]LogConfig: Setting CVar [[r.MaterialQualityLevel:1 ; High quality]]
[2020.04.12-20.13.58:412][  0]LogConfig: Setting CVar [[r.SSS.Scale:1]]
[2020.04.12-20.13.58:412][  0]LogConfig: Setting CVar [[r.SSS.SampleSet:2]]
[2020.04.12-20.13.58:412][  0]LogConfig: Setting CVar [[r.SSS.Quality:1]]
[2020.04.12-20.13.58:412][  0]LogConfig: Setting CVar [[r.SSS.HalfRes:1]]
[2020.04.12-20.13.58:412][  0]LogConfig: Setting CVar [[r.EmitterSpawnRateScale:1.0]]
[2020.04.12-20.13.58:412][  0]LogConfig: Setting CVar [[r.ParticleLightQuality:2]]
[2020.04.12-20.13.58:412][  0]LogConfig: Applying CVar settings from Section [FoliageQuality@3] File [C:/Users/ivan_PC/Desktop/secp/MyProject2/Saved/Config/Windows/Scalability.ini]
[2020.04.12-20.13.58:412][  0]LogConfig: Setting CVar [[foliage.DensityScale:1.0]]
[2020.04.12-20.13.58:412][  0]LogConfig: Setting CVar [[grass.DensityScale:1.0]]
[2020.04.12-20.13.58:412][  0]LogConfig: Applying CVar settings from Section [Startup] File [../../../Engine/Config/ConsoleVariables.ini]
[2020.04.12-20.13.58:419][  0]LogConfig: Setting CVar [[net.UseAdaptiveNetUpdateFrequency:0]]
[2020.04.12-20.13.58:419][  0]LogConfig: Setting CVar [[p.chaos.AllowCreatePhysxBodies:1]]
[2020.04.12-20.13.58:419][  0]LogConfig: Applying CVar settings from Section [ConsoleVariables] File [C:/Users/ivan_PC/Desktop/secp/MyProject2/Saved/Config/Windows/Engine.ini]
[2020.04.12-20.13.58:420][  0]LogInit: Computer: IVAN
[2020.04.12-20.13.58:420][  0]LogInit: User: ivanPC
[2020.04.12-20.13.58:420][  0]LogInit: CPU Page size=4096, Cores=4
[2020.04.12-20.13.58:420][  0]LogInit: High frequency timer resolution =3.421873 MHz
[2020.04.12-20.13.58:420][  0]LogMemory: Memory total: Physical=8.0GB (8GB approx)
[2020.04.12-20.13.58:420][  0]LogMemory: Platform Memory Stats for Windows
[2020.04.12-20.13.58:420][  0]LogMemory: Process Physical Memory: 97.87 MB used, 97.87 MB peak
[2020.04.12-20.13.58:420][  0]LogMemory: Process Virtual Memory: 87.65 MB used, 87.65 MB peak
[2020.04.12-20.13.58:420][  0]LogMemory: Physical Memory: 4882.01 MB used,  3272.69 MB free, 8154.70 MB total
[2020.04.12-20.13.58:420][  0]LogMemory: Virtual Memory: 508.32 MB used,  134217216.00 MB free, 134217728.00 MB total
[2020.04.12-20.13.58:427][  0]LogWindows: WindowsPlatformFeatures enabled
[2020.04.12-20.13.58:623][  0]LogInit: Overriding language with editor language configuration option (en).
[2020.04.12-20.13.58:623][  0]LogInit: Overriding locale with editor culture configuration option ().
[2020.04.12-20.13.58:623][  0]LogInit: Using OS detected locale (es-ES).
[2020.04.12-20.13.58:899][  0]LogInit: Setting process to per monitor DPI aware
[2020.04.12-20.13.58:978][  0]LogSlate: New Slate User Created.  User Index 0, Is Virtual User: 0
[2020.04.12-20.13.58:978][  0]LogSlate: Slate User Registered.  User Index 0, Is Virtual User: 0
[2020.04.12-20.14.01:253][  0]LogHMD: Failed to initialize OpenVR with code 110
[2020.04.12-20.14.01:253][  0]LogD3D11RHI: D3D11 adapters:
[2020.04.12-20.14.01:291][  0]LogD3D11RHI:    0. 'NVIDIA GeForce GTX 970' (Feature Level 11_0)
[2020.04.12-20.14.01:291][  0]LogD3D11RHI:       3992/0/4077 MB DedicatedVideo/DedicatedSystem/SharedSystem, Outputs:2, VendorId:0x10de
[2020.04.12-20.14.01:293][  0]LogD3D11RHI:    1. 'Microsoft Basic Render Driver' (Feature Level 11_0)
[2020.04.12-20.14.01:293][  0]LogD3D11RHI:       0/0/256 MB DedicatedVideo/DedicatedSystem/SharedSystem, Outputs:0, VendorId:0x1414
[2020.04.12-20.14.01:293][  0]LogD3D11RHI: Chosen D3D11 Adapter: 0
[2020.04.12-20.14.01:297][  0]LogD3D11RHI: Creating new Direct3DDevice
[2020.04.12-20.14.01:297][  0]LogD3D11RHI:     GPU DeviceId: 0x13c2 (for the marketing name, search the web for "GPU Device Id")
[2020.04.12-20.14.01:297][  0]LogWindows: EnumDisplayDevices:
[2020.04.12-20.14.01:297][  0]LogWindows:    0. 'NVIDIA GeForce GTX 970' (P:1 D:1)
[2020.04.12-20.14.01:298][  0]LogWindows:    1. 'NVIDIA GeForce GTX 970' (P:0 D:1)
[2020.04.12-20.14.01:298][  0]LogWindows:    2. 'NVIDIA GeForce GTX 970' (P:0 D:0)
[2020.04.12-20.14.01:298][  0]LogWindows:    3. 'NVIDIA GeForce GTX 970' (P:0 D:0)
[2020.04.12-20.14.01:298][  0]LogWindows: DebugString: FoundDriverCount:4 
[2020.04.12-20.14.01:298][  0]LogD3D11RHI:     Adapter Name: NVIDIA GeForce GTX 970
[2020.04.12-20.14.01:298][  0]LogD3D11RHI:   Driver Version: 442.19 (internal:26.21.14.4219, unified:442.19)
[2020.04.12-20.14.01:298][  0]LogD3D11RHI:      Driver Date: 1-29-2020
[2020.04.12-20.14.01:298][  0]LogRHI: Texture pool is 2794 MB (70% of 3992 MB)
[2020.04.12-20.14.01:316][  0]LogD3D11RHI: Async texture creation enabled
[2020.04.12-20.14.01:351][  0]LogD3D11RHI: GPU Timing Frequency: 1000.000000 (Debug: 2 2)
[2020.04.12-20.14.01:632][  0]LogTemp: Display: Module 'AllDesktopTargetPlatform' loaded TargetPlatform 'AllDesktop'
[2020.04.12-20.14.01:640][  0]LogTemp: Display: Module 'MacClientTargetPlatform' loaded TargetPlatform 'MacClient'
[2020.04.12-20.14.01:648][  0]LogTemp: Display: Module 'MacNoEditorTargetPlatform' loaded TargetPlatform 'MacNoEditor'
[2020.04.12-20.14.01:655][  0]LogTemp: Display: Module 'MacServerTargetPlatform' loaded TargetPlatform 'MacServer'
[2020.04.12-20.14.01:668][  0]LogTemp: Display: Module 'MacTargetPlatform' loaded TargetPlatform 'Mac'
[2020.04.12-20.14.01:675][  0]LogTemp: Display: Module 'WindowsClientTargetPlatform' loaded TargetPlatform 'WindowsClient'
[2020.04.12-20.14.01:683][  0]LogTemp: Display: Module 'WindowsNoEditorTargetPlatform' loaded TargetPlatform 'WindowsNoEditor'
[2020.04.12-20.14.01:691][  0]LogTemp: Display: Module 'WindowsServerTargetPlatform' loaded TargetPlatform 'WindowsServer'
[2020.04.12-20.14.01:695][  0]LogTemp: Display: Module 'WindowsTargetPlatform' loaded TargetPlatform 'Windows'
[2020.04.12-20.14.01:732][  0]LogTemp: Display: Module 'AndroidTargetPlatform' loaded TargetPlatform 'Android'
[2020.04.12-20.14.01:732][  0]LogTemp: Display: Module 'AndroidTargetPlatform' loaded TargetPlatform 'Android_ASTC'
[2020.04.12-20.14.01:732][  0]LogTemp: Display: Module 'AndroidTargetPlatform' loaded TargetPlatform 'Android_ATC'
[2020.04.12-20.14.01:732][  0]LogTemp: Display: Module 'AndroidTargetPlatform' loaded TargetPlatform 'Android_DXT'
[2020.04.12-20.14.01:732][  0]LogTemp: Display: Module 'AndroidTargetPlatform' loaded TargetPlatform 'Android_ETC1'
[2020.04.12-20.14.01:732][  0]LogTemp: Display: Module 'AndroidTargetPlatform' loaded TargetPlatform 'Android_ETC1a'
[2020.04.12-20.14.01:732][  0]LogTemp: Display: Module 'AndroidTargetPlatform' loaded TargetPlatform 'Android_ETC2'
[2020.04.12-20.14.01:732][  0]LogTemp: Display: Module 'AndroidTargetPlatform' loaded TargetPlatform 'Android_PVRTC'
[2020.04.12-20.14.01:732][  0]LogTemp: Display: Module 'AndroidTargetPlatform' loaded TargetPlatform 'AndroidClient'
[2020.04.12-20.14.01:732][  0]LogTemp: Display: Module 'AndroidTargetPlatform' loaded TargetPlatform 'Android_ASTCClient'
[2020.04.12-20.14.01:732][  0]LogTemp: Display: Module 'AndroidTargetPlatform' loaded TargetPlatform 'Android_ATCClient'
[2020.04.12-20.14.01:732][  0]LogTemp: Display: Module 'AndroidTargetPlatform' loaded TargetPlatform 'Android_DXTClient'
[2020.04.12-20.14.01:732][  0]LogTemp: Display: Module 'AndroidTargetPlatform' loaded TargetPlatform 'Android_ETC1Client'
[2020.04.12-20.14.01:732][  0]LogTemp: Display: Module 'AndroidTargetPlatform' loaded TargetPlatform 'Android_ETC1aClient'
[2020.04.12-20.14.01:732][  0]LogTemp: Display: Module 'AndroidTargetPlatform' loaded TargetPlatform 'Android_ETC2Client'
[2020.04.12-20.14.01:732][  0]LogTemp: Display: Module 'AndroidTargetPlatform' loaded TargetPlatform 'Android_PVRTCClient'
[2020.04.12-20.14.01:732][  0]LogTemp: Display: Module 'AndroidTargetPlatform' loaded TargetPlatform 'Android_Multi'
[2020.04.12-20.14.01:732][  0]LogTemp: Display: Module 'AndroidTargetPlatform' loaded TargetPlatform 'Android_MultiClient'
[2020.04.12-20.14.01:735][  0]LogTemp: Display: Module 'HTML5TargetPlatform' loaded TargetPlatform 'HTML5'
[2020.04.12-20.14.01:760][  0]LogTemp: Display: Module 'IOSTargetPlatform' loaded TargetPlatform 'IOSClient'
[2020.04.12-20.14.01:760][  0]LogTemp: Display: Module 'IOSTargetPlatform' loaded TargetPlatform 'IOS'
[2020.04.12-20.14.01:771][  0]LogTemp: Display: Module 'TVOSTargetPlatform' loaded TargetPlatform 'TVOSClient'
[2020.04.12-20.14.01:771][  0]LogTemp: Display: Module 'TVOSTargetPlatform' loaded TargetPlatform 'TVOS'
[2020.04.12-20.14.01:778][  0]LogTemp: Display: Module 'LinuxClientTargetPlatform' loaded TargetPlatform 'LinuxClient'
[2020.04.12-20.14.01:785][  0]LogTemp: Display: Module 'LinuxNoEditorTargetPlatform' loaded TargetPlatform 'LinuxNoEditor'
[2020.04.12-20.14.01:792][  0]LogTemp: Display: Module 'LinuxServerTargetPlatform' loaded TargetPlatform 'LinuxServer'
[2020.04.12-20.14.01:807][  0]LogTemp: Display: Module 'LinuxTargetPlatform' loaded TargetPlatform 'Linux'
[2020.04.12-20.14.01:831][  0]LogTemp: Display: Module 'LuminTargetPlatform' loaded TargetPlatform 'Lumin'
[2020.04.12-20.14.01:831][  0]LogTemp: Display: Module 'LuminTargetPlatform' loaded TargetPlatform 'LuminClient'
[2020.04.12-20.14.01:831][  0]LogTargetPlatformManager: Display: Building Assets For Windows
[2020.04.12-20.14.01:843][  0]LogAudioDebug: Display: Lib vorbis DLL was dynamically loaded.
[2020.04.12-20.14.01:936][  0]LogShaderCompilers: Guid format shader working directory is -7 characters bigger than the processId version (../../../../../../Users/ivan_PC/Desktop/secp/MyProject2/Intermediate/Shaders/WorkingDirectory/3684/).
[2020.04.12-20.14.01:936][  0]LogShaderCompilers: Cleaned the shader compiler working directory 'C:/Users/ivan_PC/AppData/Local/Temp/UnrealShaderWorkingDir/DA6323F94B8FF33C962D8B877C8FF2BD/'.
[2020.04.12-20.14.01:938][  0]LogXGEController: Cleaning working directory: C:/Users/ivan_PC/AppData/Local/Temp/UnrealXGEWorkingDir/
[2020.04.12-20.14.01:938][  0]LogXGEController: Cannot use XGE Controller as Incredibuild is not installed on this machine.
[2020.04.12-20.14.01:938][  0]LogShaderCompilers: Cannot use XGE Shader Compiler as Incredibuild is not installed on this machine.
[2020.04.12-20.14.01:938][  0]LogShaderCompilers: Display: Using Local Shader Compiler.
[2020.04.12-20.14.04:463][  0]LogDerivedDataCache: Display: Max Cache Size: 512 MB
[2020.04.12-20.14.04:664][  0]LogDerivedDataCache: Loaded boot cache 0.20s 73MB C:/Users/ivan_PC/AppData/Local/UnrealEngine/4.23/DerivedDataCache/Boot.ddc.
[2020.04.12-20.14.04:664][  0]LogDerivedDataCache: Display: Loaded Boot cache: C:/Users/ivan_PC/AppData/Local/UnrealEngine/4.23/DerivedDataCache/Boot.ddc
[2020.04.12-20.14.04:664][  0]LogDerivedDataCache: FDerivedDataBackendGraph:  Pak pak cache file ../../../../../../Users/ivan_PC/Desktop/secp/MyProject2/DerivedDataCache/DDC.ddp not found, will not use a pak cache.
[2020.04.12-20.14.04:664][  0]LogDerivedDataCache: Unable to find inner node Pak for hierarchical cache Hierarchy.
[2020.04.12-20.14.04:664][  0]LogDerivedDataCache: FDerivedDataBackendGraph:  CompressedPak pak cache file ../../../../../../Users/ivan_PC/Desktop/secp/MyProject2/DerivedDataCache/Compressed.ddp not found, will not use a pak cache.
[2020.04.12-20.14.04:664][  0]LogDerivedDataCache: Unable to find inner node CompressedPak for hierarchical cache Hierarchy.
[2020.04.12-20.14.04:686][  0]LogDerivedDataCache: Display: Pak cache opened for reading ../../../Engine/DerivedDataCache/Compressed.ddp.
[2020.04.12-20.14.04:686][  0]LogDerivedDataCache: FDerivedDataBackendGraph:  EnterprisePak pak cache file ../../../Enterprise/DerivedDataCache/Compressed.ddp not found, will not use a pak cache.
[2020.04.12-20.14.04:686][  0]LogDerivedDataCache: Unable to find inner node EnterprisePak for hierarchical cache Hierarchy.
[2020.04.12-20.14.04:688][  0]LogDerivedDataCache: Using Local data cache path C:/Users/ivan_PC/AppData/Local/UnrealEngine/Common/DerivedDataCache: Writable
[2020.04.12-20.14.04:688][  0]LogDerivedDataCache: Shared data cache path not found in *engine.ini, will not use an Shared cache.
[2020.04.12-20.14.04:688][  0]LogDerivedDataCache: Unable to find inner node Shared for hierarchical cache Hierarchy.
[2020.04.12-20.14.04:707][  0]LogMaterial: Verifying Global Shaders for PCD3D_SM5
[2020.04.12-20.14.04:713][  0]LogSlate: Using FreeType 2.6.0
[2020.04.12-20.14.04:727][  0]LogSlate: SlateFontServices - WITH_FREETYPE: 1, WITH_HARFBUZZ: 1
[2020.04.12-20.14.04:984][  0]LogAssetRegistry: FAssetRegistry took 0.0038 seconds to start up
[2020.04.12-20.14.05:332][  0]LogInit: Selected Device Profile: [Windows]
[2020.04.12-20.14.05:628][  0]LogMeshReduction: Using QuadricMeshReduction for automatic static mesh reduction
[2020.04.12-20.14.05:628][  0]LogMeshReduction: Using SimplygonMeshReduction for automatic skeletal mesh reduction
[2020.04.12-20.14.05:628][  0]LogMeshReduction: Using ProxyLODMeshReduction for automatic mesh merging
[2020.04.12-20.14.05:628][  0]LogMeshReduction: No distributed automatic mesh merging module available
[2020.04.12-20.14.05:629][  0]LogMeshMerging: No distributed automatic mesh merging module available
[2020.04.12-20.14.05:671][  0]LogNetVersion: MyProject2 1.0.0, NetCL: 8386587, EngineNetVer: 11, GameNetVer: 0 (Checksum: 4230709586)
[2020.04.12-20.14.06:786][  0]LogPackageLocalizationCache: Processed 12 localized package path(s) for 1 prioritized culture(s) in 0.052248 seconds
[2020.04.12-20.14.06:792][  0]LogUObjectArray: 43444 objects as part of root set at end of initial load.
[2020.04.12-20.14.06:792][  0]LogUObjectAllocator: 7548648 out of 0 bytes used by permanent object pool.
[2020.04.12-20.14.06:792][  0]LogUObjectArray: CloseDisregardForGC: 0/0 objects in disregard for GC pool
[2020.04.12-20.14.09:896][  0]LogTcpMessaging: Initializing TcpMessaging bridge
[2020.04.12-20.14.09:902][  0]LogUdpMessaging: Initializing bridge on interface 0.0.0.0:0 to multicast group 230.0.0.1:6666.
[2020.04.12-20.14.10:035][  0]SourceControl: Source control is disabled
[2020.04.12-20.14.10:036][  0]SourceControl: Source control is disabled
[2020.04.12-20.14.10:045][  0]SourceControl: Source control is disabled
[2020.04.12-20.14.10:048][  0]SourceControl: Source control is disabled
[2020.04.12-20.14.10:285][  0]LogOnline: Display: STEAM: Loading Steam SDK 1.42
[2020.04.12-20.14.10:316][  0]LogAndroidPermission: UAndroidPermissionCallbackProxy::GetInstance
[2020.04.12-20.14.10:442][  0]LogOcInput: OculusInput pre-init called
[2020.04.12-20.14.10:452][  0]LogWindows: Failed to load 'OVRPlugin.dll' (GetLastError=126)
[2020.04.12-20.14.10:452][  0]LogWindows: File 'OVRPlugin.dll' does not exist
[2020.04.12-20.14.10:575][  0]LogEngine: Initializing Engine...
[2020.04.12-20.14.10:576][  0]LogHMD: Failed to initialize OpenVR with code 110
[2020.04.12-20.14.10:579][  0]LogStats: UGameplayTagsManager::InitializeManager -  0.001 s
[2020.04.12-20.14.11:003][  0]LogInit: Initializing FReadOnlyCVARCache
[2020.04.12-20.14.11:032][  0]LogAIModule: Creating AISystem for world Untitled
[2020.04.12-20.14.11:044][  0]LogInit: XAudio2 using 'Focusrite USB (Focusrite USB Audio)' : 2 channels at 44.1 kHz using 16 bits per sample (channel mask 0x3)
[2020.04.12-20.14.11:050][  0]LogInit: FAudioDevice initialized.
[2020.04.12-20.14.11:050][  0]LogNetVersion: Set ProjectVersion to 1.0.0.0. Version Checksum will be recalculated on next use.
[2020.04.12-20.14.11:231][  0]LogDerivedDataCache: Saved boot cache 0.18s 73MB C:/Users/ivan_PC/AppData/Local/UnrealEngine/4.23/DerivedDataCache/Boot.ddc.
[2020.04.12-20.14.11:239][  0]LogInit: Texture streaming: Enabled
[2020.04.12-20.14.11:274][  0]LogEngineSessionManager: EngineSessionManager initialized
[2020.04.12-20.14.11:274][  0]LogEditorSessionSummary: Verbose: Initializing EditorSessionSummaryWriter for editor session tracking
[2020.04.12-20.14.11:275][  0]LogEditorSessionSummary: EditorSessionSummaryWriter initialized
[2020.04.12-20.14.11:367][  0]LogInit: Transaction tracking system initialized
[2020.04.12-20.14.11:425][  0]BlueprintLog: New page: Editor Load
[2020.04.12-20.14.11:582][  0]LocalizationService: Localization service is disabled
[2020.04.12-20.14.12:263][  0]LogFileCache: Scanning file cache for directory 'C:/Users/ivan_PC/Desktop/secp/MyProject2/Content/' took 0.01s
[2020.04.12-20.14.12:263][  0]LogCook: Display: Max memory allowance for cook 16384mb min free memory 0mb
[2020.04.12-20.14.12:263][  0]LogCook: Display: Mobile HDR setting 1
[2020.04.12-20.14.13:093][  0]SourceControl: Source control is disabled
[2020.04.12-20.14.13:094][  0]Cmd: MAP LOAD FILE="../../../../../../Users/ivan_PC/Desktop/secp/MyProject2/Content/TopDownBP/Maps/TopDownExampleMap.umap" TEMPLATE=0 SHOWPROGRESS=1 FEATURELEVEL=3
[2020.04.12-20.14.13:095][  0]LightingResults: New page: Lighting Build
[2020.04.12-20.14.13:099][  0]LogWorld: UWorld::CleanupWorld for Untitled, bSessionEnded=true, bCleanupResources=true
[2020.04.12-20.14.13:101][  0]MapCheck: New page: Map Check
[2020.04.12-20.14.13:101][  0]LightingResults: New page: Lighting Build
[2020.04.12-20.14.13:149][  0]LogUObjectHash: Compacting FUObjectHashTables data took   2.32ms
[2020.04.12-20.14.16:215][  0]LogPhysics: Warning: Failed to cook TriMesh: /Game/TopDownBP/Assets/Character/Mesh/Extra/NoBarba.NoBarba.
[2020.04.12-20.14.16:215][  0]LogPhysics: Warning: Attempt to build physics data for /Game/TopDownBP/Assets/Character/Mesh/Extra/NoBarba.NoBarba:BodySetup_0 when we are unable to.
[2020.04.12-20.14.16:808][  0]LogAIModule: Creating AISystem for world TopDownExampleMap
[2020.04.12-20.14.16:836][  0]LogEditorServer: Finished looking for orphan Actors (0.000 secs)
[2020.04.12-20.14.16:876][  0]LogUObjectHash: Compacting FUObjectHashTables data took   2.89ms
[2020.04.12-20.14.16:876][  0]Cmd: MAP CHECKDEP NOCLEARLOG
[2020.04.12-20.14.16:879][  0]MapCheck: Map check complete: 0 Error(s), 0 Warning(s), took 2,59ms to complete.
[2020.04.12-20.14.16:879][  0]LogFileHelpers: Loading map 'TopDownExampleMap' took 3.786
[2020.04.12-20.14.17:046][  0]LogSlate: Updating window title bar state: overlay mode, drag disabled, window buttons hidden, title bar hidden
[2020.04.12-20.14.17:054][  0]LogSlate: Updating window title bar state: overlay mode, drag disabled, window buttons hidden, title bar hidden
[2020.04.12-20.14.17:061][  0]LogSlate: Updating window title bar state: overlay mode, drag disabled, window buttons hidden, title bar hidden
[2020.04.12-20.14.17:067][  0]LogSlate: Updating window title bar state: overlay mode, drag disabled, window buttons hidden, title bar hidden
[2020.04.12-20.14.17:083][  0]LogCollectionManager: Loaded 0 collections in 0.001252 seconds
[2020.04.12-20.14.17:105][  0]LogFileCache: Scanning file cache for directory 'C:/Users/ivan_PC/Desktop/secp/MyProject2/Saved/Collections/' took 0.00s
[2020.04.12-20.14.17:105][  0]LogFileCache: Scanning file cache for directory 'C:/Users/ivan_PC/Desktop/secp/MyProject2/Content/Developers/ivanPC/Collections/' took 0.00s
[2020.04.12-20.14.17:105][  0]LogFileCache: Scanning file cache for directory 'C:/Users/ivan_PC/Desktop/secp/MyProject2/Content/Collections/' took 0.00s
[2020.04.12-20.14.17:105][  0]LogCollectionManager: Rebuilt the GUID cache for 0 collections in 0.000004 seconds
[2020.04.12-20.14.17:116][  0]LogContentBrowser: Native class hierarchy populated in 0.0093 seconds. Added 2889 classes and 690 folders.
[2020.04.12-20.14.17:128][  0]LogContentBrowser: Native class hierarchy updated for 'WidgetCarousel' in 0.0003 seconds. Added 0 classes and 0 folders.
[2020.04.12-20.14.17:447][  0]LogContentBrowser: Native class hierarchy updated for 'AddContentDialog' in 0.0002 seconds. Added 0 classes and 0 folders.
[2020.04.12-20.14.17:458][  0]LogContentBrowser: Native class hierarchy updated for 'SceneOutliner' in 0.0002 seconds. Added 1 classes and 2 folders.
[2020.04.12-20.14.17:616][  0]LogSlate: Took 0.005493 seconds to synchronously load lazily loaded font '../../../Engine/Content/Slate/Fonts/Roboto-Regular.ttf' (155K)
[2020.04.12-20.14.17:623][  0]LogSlate: Took 0.005146 seconds to synchronously load lazily loaded font '../../../Engine/Content/Slate/Fonts/Roboto-Bold.ttf' (160K)
[2020.04.12-20.14.17:631][  0]LogSlate: Took 0.004551 seconds to synchronously load lazily loaded font '../../../Engine/Content/Editor/Slate/Fonts/FontAwesome.ttf' (139K)
[2020.04.12-20.14.17:772][  0]LogRenderer: Reallocating scene render targets to support 1616x932 Format 10 NumSamples 1 (Frame:1).
[2020.04.12-20.14.17:968][  0]LogContentBrowser: Native class hierarchy updated for 'HierarchicalLODOutliner' in 0.0002 seconds. Added 0 classes and 0 folders.
[2020.04.12-20.14.17:968][  0]LogLoad: (Engine Initialization) Total time: 23.89 seconds
[2020.04.12-20.14.17:968][  0]LogLoad: (Engine Initialization) Total Blueprint compile time: 0.00 seconds
[2020.04.12-20.14.18:036][  0]LogContentStreaming: Texture pool size now 1000 MB
[2020.04.12-20.14.19:251][ 19]LogAssetRegistry: Asset discovery search completed in 14.2681 seconds
[2020.04.12-20.14.19:255][ 19]LogCollectionManager: Rebuilt the object cache for 0 collections in 0.000004 seconds (found 0 objects)
[2020.04.12-20.14.19:255][ 19]LogCollectionManager: Fixed up redirectors for 0 collections in 0.000053 seconds (updated 0 objects)
[2020.04.12-20.15.18:027][194]LogEditorSessionSummary: EditorSessionSummary sent report. Type=Shutdown, SessionId={A0A44972-45D8-EA20-D337-549A51C5AA81}
[2020.04.12-20.22.06:775][868]LogSlate: FSceneViewport::OnFocusLost() reason 0
[2020.04.12-20.22.11:507][414]LogSlate: Took 0.054995 seconds to synchronously load lazily loaded font '../../../Engine/Content/Slate/Fonts/Roboto-Light.ttf' (167K)
[2020.04.12-20.22.11:515][414]LogAssetEditorManager: Opening Asset editor for WidgetBlueprint /Game/TopDownBP/Widgets/Creacion_personajeTecnologias.Creacion_personajeTecnologias
[2020.04.12-20.22.11:911][414]LogContentBrowser: Native class hierarchy updated for 'BlueprintGraph' in 0.0004 seconds. Added 121 classes and 0 folders.
[2020.04.12-20.22.13:156][414]LogSlate: Took 0.006393 seconds to synchronously load lazily loaded font '../../../Engine/Content/Slate/Fonts/Roboto-BoldCondensed.ttf' (158K)
[2020.04.12-20.22.15:467][621]LogSlate: Took 0.005463 seconds to synchronously load lazily loaded font '../../../Engine/Content/Slate/Fonts/Roboto-Italic.ttf' (157K)
[2020.04.12-20.22.45:578][531]LogSlate: Took 0.004321 seconds to synchronously load lazily loaded font '../../../Engine/Content/Slate/Fonts/Roboto-BoldCondensedItalic.ttf' (160K)
[2020.04.12-20.24.24:519][211]LogUObjectHash: Compacting FUObjectHashTables data took   5.13ms
[2020.04.12-20.24.24:519][211]LogFileHelpers: Editor autosave (incl. sublevels) for '/Game/TopDownBP/Maps/TopDownExampleMap' took 0.073
[2020.04.12-20.24.24:522][211]OBJ SavePackage: Generating thumbnails for [0] asset(s) in package [/Game/TopDownBP/Widgets/Creacion_personajeTecnologias] ([1] browsable assets)...
[2020.04.12-20.24.24:522][211]OBJ SavePackage: Finished generating thumbnails for package [/Game/TopDownBP/Widgets/Creacion_personajeTecnologias]
[2020.04.12-20.24.24:728][211]LogSavePackage: Moving '../../../../../../Users/ivan_PC/Desktop/secp/MyProject2/Saved/Creacion_personajeTecnologias_AuAE2820C7496EF9504ABC7D976838D567.tmp' to '../../../../../../Users/ivan_PC/Desktop/secp/MyProject2/Saved/Autosaves/Game/TopDownBP/Widgets/Creacion_personajeTecnologias_Auto1.uasset'
[2020.04.12-20.24.24:734][211]LogFileHelpers: Auto-saving content packages took 0.215
[2020.04.12-20.34.25:362][929]LogUObjectHash: Compacting FUObjectHashTables data took   6.18ms
[2020.04.12-20.34.25:363][929]LogFileHelpers: Editor autosave (incl. sublevels) for '/Game/TopDownBP/Maps/TopDownExampleMap' took 0.205
[2020.04.12-20.34.25:370][929]OBJ SavePackage: Generating thumbnails for [0] asset(s) in package [/Game/TopDownBP/Widgets/Creacion_personajeTecnologias] ([1] browsable assets)...
[2020.04.12-20.34.25:370][929]OBJ SavePackage: Finished generating thumbnails for package [/Game/TopDownBP/Widgets/Creacion_personajeTecnologias]
[2020.04.12-20.34.25:567][929]LogSavePackage: Moving '../../../../../../Users/ivan_PC/Desktop/secp/MyProject2/Saved/Creacion_personajeTecnologias_Au28E7565845F708D57544FE940F91FA42.tmp' to '../../../../../../Users/ivan_PC/Desktop/secp/MyProject2/Saved/Autosaves/Game/TopDownBP/Widgets/Creacion_personajeTecnologias_Auto2.uasset'
[2020.04.12-20.34.25:571][929]LogFileHelpers: Auto-saving content packages took 0.207
[2020.04.12-21.05.24:331][749]LogUObjectHash: Compacting FUObjectHashTables data took   8.53ms
[2020.04.12-21.05.24:332][749]LogFileHelpers: Editor autosave (incl. sublevels) for '/Game/TopDownBP/Maps/TopDownExampleMap' took 0.076
[2020.04.12-21.05.24:333][749]OBJ SavePackage: Generating thumbnails for [0] asset(s) in package [/Game/TopDownBP/Widgets/Creacion_personajeTecnologias] ([1] browsable assets)...
[2020.04.12-21.05.24:333][749]OBJ SavePackage: Finished generating thumbnails for package [/Game/TopDownBP/Widgets/Creacion_personajeTecnologias]
[2020.04.12-21.05.24:552][749]LogSavePackage: Moving '../../../../../../Users/ivan_PC/Desktop/secp/MyProject2/Saved/Creacion_personajeTecnologias_AuC1FB82654EEF0E749B708CBF534D0A1D.tmp' to '../../../../../../Users/ivan_PC/Desktop/secp/MyProject2/Saved/Autosaves/Game/TopDownBP/Widgets/Creacion_personajeTecnologias_Auto3.uasset'
[2020.04.12-21.05.24:555][749]LogFileHelpers: Auto-saving content packages took 0.223
[2020.04.12-21.07.08:778][733]LogEditorTransaction: Undo Paste clipboard contents
[2020.04.12-21.15.24:914][475]LogUObjectHash: Compacting FUObjectHashTables data took   5.10ms
[2020.04.12-21.15.24:914][475]LogFileHelpers: Editor autosave (incl. sublevels) for '/Game/TopDownBP/Maps/TopDownExampleMap' took 0.068
[2020.04.12-21.15.24:916][475]OBJ SavePackage: Generating thumbnails for [0] asset(s) in package [/Game/TopDownBP/Widgets/Creacion_personajeTecnologias] ([1] browsable assets)...
[2020.04.12-21.15.24:917][475]OBJ SavePackage: Finished generating thumbnails for package [/Game/TopDownBP/Widgets/Creacion_personajeTecnologias]
[2020.04.12-21.15.25:176][475]LogSavePackage: Moving '../../../../../../Users/ivan_PC/Desktop/secp/MyProject2/Saved/Creacion_personajeTecnologias_AuCB3EA52D4086B94F861B999A64DAAEF9.tmp' to '../../../../../../Users/ivan_PC/Desktop/secp/MyProject2/Saved/Autosaves/Game/TopDownBP/Widgets/Creacion_personajeTecnologias_Auto4.uasset'
[2020.04.12-21.15.25:180][475]LogFileHelpers: Auto-saving content packages took 0.265
[2020.04.12-21.28.50:264][331]LogUObjectHash: Warning: Ambiguous search, could be K2Node_VariableSet /Game/TopDownBP/Widgets/Creacion_personajeTecnologias.Creacion_personajeTecnologias:EventGraph.K2Node_VariableSet_20 or K2Node_VariableSet /Game/TopDownBP/Widgets/Creacion_personajeTecnologias.Creacion_personajeTecnologias:EventGraph.K2Node_VariableSet_20
[2020.04.12-21.30.43:858][763]LogUObjectHash: Compacting FUObjectHashTables data took   5.31ms
[2020.04.12-21.30.43:858][763]LogFileHelpers: Editor autosave (incl. sublevels) for '/Game/TopDownBP/Maps/TopDownExampleMap' took 0.058
[2020.04.12-21.30.43:860][763]OBJ SavePackage: Generating thumbnails for [0] asset(s) in package [/Game/TopDownBP/Widgets/Creacion_personajeTecnologias] ([1] browsable assets)...
[2020.04.12-21.30.43:860][763]OBJ SavePackage: Finished generating thumbnails for package [/Game/TopDownBP/Widgets/Creacion_personajeTecnologias]
[2020.04.12-21.30.44:049][763]LogSavePackage: Moving '../../../../../../Users/ivan_PC/Desktop/secp/MyProject2/Saved/Creacion_personajeTecnologias_AuBF2832304E2273D7A365F1A07D426B41.tmp' to '../../../../../../Users/ivan_PC/Desktop/secp/MyProject2/Saved/Autosaves/Game/TopDownBP/Widgets/Creacion_personajeTecnologias_Auto5.uasset'
[2020.04.12-21.30.44:051][763]LogFileHelpers: Auto-saving content packages took 0.192
[2020.04.12-21.33.59:090][912]LogSlate: Window 'Change Variable Type' being destroyed
[2020.04.12-21.34.01:078][981]LogSlate: Window 'Find in Blueprints' being destroyed
[2020.04.12-21.34.01:083][981]LogSlate: Window 'Find in Blueprints' being destroyed
[2020.04.12-21.40.44:514][834]LogUObjectHash: Compacting FUObjectHashTables data took   4.73ms
[2020.04.12-21.40.44:514][834]LogFileHelpers: Editor autosave (incl. sublevels) for '/Game/TopDownBP/Maps/TopDownExampleMap' took 0.056
[2020.04.12-21.40.44:515][834]OBJ SavePackage: Generating thumbnails for [0] asset(s) in package [/Game/TopDownBP/Widgets/Creacion_personajeTecnologias] ([1] browsable assets)...
[2020.04.12-21.40.44:516][834]OBJ SavePackage: Finished generating thumbnails for package [/Game/TopDownBP/Widgets/Creacion_personajeTecnologias]
[2020.04.12-21.40.44:681][834]LogSavePackage: Moving '../../../../../../Users/ivan_PC/Desktop/secp/MyProject2/Saved/Creacion_personajeTecnologias_AuA16CC72943340A8F730E6EBD42EEF364.tmp' to '../../../../../../Users/ivan_PC/Desktop/secp/MyProject2/Saved/Autosaves/Game/TopDownBP/Widgets/Creacion_personajeTecnologias_Auto6.uasset'
[2020.04.12-21.40.44:683][834]LogFileHelpers: Auto-saving content packages took 0.167
[2020.04.12-22.14.35:736][188]LogUObjectHash: Compacting FUObjectHashTables data took   1.07ms
[2020.04.12-22.14.35:736][188]LogFileHelpers: Editor autosave (incl. sublevels) for '/Game/TopDownBP/Maps/TopDownExampleMap' took 0.057
[2020.04.12-22.14.35:738][188]OBJ SavePackage: Generating thumbnails for [0] asset(s) in package [/Game/TopDownBP/Widgets/Creacion_personajeTecnologias] ([1] browsable assets)...
[2020.04.12-22.14.35:738][188]OBJ SavePackage: Finished generating thumbnails for package [/Game/TopDownBP/Widgets/Creacion_personajeTecnologias]
[2020.04.12-22.14.35:954][188]LogSavePackage: Moving '../../../../../../Users/ivan_PC/Desktop/secp/MyProject2/Saved/Creacion_personajeTecnologias_Au20AB4DAF4D6DB5218B690CB87D0ED347.tmp' to '../../../../../../Users/ivan_PC/Desktop/secp/MyProject2/Saved/Autosaves/Game/TopDownBP/Widgets/Creacion_personajeTecnologias_Auto7.uasset'
[2020.04.12-22.14.35:956][188]LogFileHelpers: Auto-saving content packages took 0.219
[2020.04.12-22.17.22:226][208]LogEditorTransaction: Undo Move Nodes
[2020.04.12-22.25.29:513][625]LogAssetEditorManager: Opening Asset editor for UserDefinedEnum /Game/TopDownBP/Enum/DeepTechs/DTRoboticaYDrones.DTRoboticaYDrones
[2020.04.12-22.25.54:348][517]LogUObjectHash: Compacting FUObjectHashTables data took   5.10ms
[2020.04.12-22.25.54:348][517]LogFileHelpers: Editor autosave (incl. sublevels) for '/Game/TopDownBP/Maps/TopDownExampleMap' took 0.054
[2020.04.12-22.25.54:349][517]OBJ SavePackage: Generating thumbnails for [0] asset(s) in package [/Game/TopDownBP/Widgets/Creacion_personajeTecnologias] ([1] browsable assets)...
[2020.04.12-22.25.54:349][517]OBJ SavePackage: Finished generating thumbnails for package [/Game/TopDownBP/Widgets/Creacion_personajeTecnologias]
[2020.04.12-22.25.54:542][517]LogSavePackage: Moving '../../../../../../Users/ivan_PC/Desktop/secp/MyProject2/Saved/Creacion_personajeTecnologias_Au6AA85EC442050830607DAD8FDAF89FC5.tmp' to '../../../../../../Users/ivan_PC/Desktop/secp/MyProject2/Saved/Autosaves/Game/TopDownBP/Widgets/Creacion_personajeTecnologias_Auto8.uasset'
[2020.04.12-22.25.54:544][517]OBJ SavePackage: Generating thumbnails for [0] asset(s) in package [/Game/TopDownBP/Enum/DeepTechs/DTRoboticaYDrones] ([1] browsable assets)...
[2020.04.12-22.25.54:544][517]OBJ SavePackage: Finished generating thumbnails for package [/Game/TopDownBP/Enum/DeepTechs/DTRoboticaYDrones]
[2020.04.12-22.25.54:552][517]LogSavePackage: Moving '../../../../../../Users/ivan_PC/Desktop/secp/MyProject2/Saved/DTRoboticaYDrones_Auto8D31EFD824D5FDA23A63195B45155B88A.tmp' to '../../../../../../Users/ivan_PC/Desktop/secp/MyProject2/Saved/Autosaves/Game/TopDownBP/Enum/DeepTechs/DTRoboticaYDrones_Auto8.uasset'
[2020.04.12-22.25.54:553][517]LogFileHelpers: Auto-saving content packages took 0.204
