Log file open, 04/21/20 22:38:14
LogWindows: Failed to load 'aqProf.dll' (GetLastError=126)
LogWindows: File 'aqProf.dll' does not exist
LogWindows: Failed to load 'VtuneApi.dll' (GetLastError=126)
LogWindows: File 'VtuneApi.dll' does not exist
LogWindows: Failed to load 'VtuneApi32e.dll' (GetLastError=126)
LogWindows: File 'VtuneApi32e.dll' does not exist
LogConsoleResponse: Display: Failed to find resolution value strings in scalability ini. Falling back to default.
LogInit: Display: Running engine for game: MyProject2
LogPlatformFile: Not using cached read wrapper
LogTaskGraph: Started task graph with 5 named threads and 23 total threads with 3 sets of task threads.
LogStats: Stats thread started at 4.884859
LogD3D11RHI: Loaded GFSDK_Aftermath_Lib.x64.dll
LogICUInternationalization: ICU TimeZone Detection - Raw Offset: +1:00, Platform Override: ''
LogPluginManager: Mounting plugin Paper2D
LogPluginManager: Mounting plugin AISupport
LogPluginManager: Mounting plugin LightPropagationVolume
LogPluginManager: Mounting plugin ActorLayerUtilities
LogPluginManager: Mounting plugin AnimationSharing
LogPluginManager: Mounting plugin CLionSourceCodeAccess
LogPluginManager: Mounting plugin CodeLiteSourceCodeAccess
LogPluginManager: Mounting plugin GitSourceControl
LogPluginManager: Mounting plugin KDevelopSourceCodeAccess
LogPluginManager: Mounting plugin NullSourceCodeAccess
LogPluginManager: Mounting plugin PerforceSourceControl
LogPluginManager: Mounting plugin SubversionSourceControl
LogPluginManager: Mounting plugin UObjectPlugin
LogPluginManager: Mounting plugin VisualStudioCodeSourceCodeAccess
LogPluginManager: Mounting plugin VisualStudioSourceCodeAccess
LogPluginManager: Mounting plugin XCodeSourceCodeAccess
LogPluginManager: Mounting plugin AssetManagerEditor
LogPluginManager: Mounting plugin CryptoKeys
LogPluginManager: Mounting plugin CurveEditorTools
LogPluginManager: Mounting plugin DataValidation
LogPluginManager: Mounting plugin FacialAnimation
LogPluginManager: Mounting plugin GameplayTagsEditor
LogPluginManager: Mounting plugin MacGraphicsSwitching
LogPluginManager: Mounting plugin MaterialAnalyzer
LogPluginManager: Mounting plugin MobileLauncherProfileWizard
LogPluginManager: Mounting plugin PluginBrowser
LogPluginManager: Mounting plugin SpeedTreeImporter
LogPluginManager: Mounting plugin DatasmithContent
LogPluginManager: Mounting plugin VariantManagerContent
LogPluginManager: Mounting plugin AlembicImporter
LogPluginManager: Mounting plugin AutomationUtils
LogPluginManager: Mounting plugin BackChannel
LogPluginManager: Mounting plugin CharacterAI
LogPluginManager: Mounting plugin GeometryCache
LogPluginManager: Mounting plugin HTML5Networking
LogPluginManager: Mounting plugin PlatformCrypto
LogPluginManager: Mounting plugin ProxyLODPlugin
LogPluginManager: Mounting plugin SkeletalReduction
LogPluginManager: Mounting plugin MagicLeap
LogPluginManager: Mounting plugin MagicLeapMedia
LogPluginManager: Mounting plugin TcpSocketPlugin
LogPluginManager: Mounting plugin AndroidMedia
LogPluginManager: Mounting plugin AvfMedia
LogPluginManager: Mounting plugin ImgMedia
LogPluginManager: Mounting plugin MediaCompositing
LogPluginManager: Mounting plugin MediaPlayerEditor
LogPluginManager: Mounting plugin WebMMedia
LogPluginManager: Mounting plugin WmfMedia
LogPluginManager: Mounting plugin TcpMessaging
LogPluginManager: Mounting plugin UdpMessaging
LogPluginManager: Mounting plugin ActorSequence
LogPluginManager: Mounting plugin LevelSequenceEditor
LogPluginManager: Mounting plugin MatineeToLevelSequence
LogPluginManager: Mounting plugin NetcodeUnitTest
LogPluginManager: Mounting plugin NUTUnrealEngine4
LogPluginManager: Mounting plugin OnlineSubsystemGooglePlay
LogPluginManager: Mounting plugin OnlineSubsystemIOS
LogPluginManager: Mounting plugin OnlineSubsystem
LogPluginManager: Mounting plugin OnlineSubsystemNull
LogPluginManager: Mounting plugin OnlineSubsystemSteam
LogPluginManager: Mounting plugin OnlineSubsystemUtils
LogPluginManager: Mounting plugin LauncherChunkInstaller
LogPluginManager: Mounting plugin AndroidDeviceProfileSelector
LogPluginManager: Mounting plugin AndroidMoviePlayer
LogPluginManager: Mounting plugin AndroidPermission
LogPluginManager: Mounting plugin AppleImageUtils
LogPluginManager: Mounting plugin AppleMoviePlayer
LogPluginManager: Mounting plugin ArchVisCharacter
LogPluginManager: Mounting plugin AudioCapture
LogPluginManager: Mounting plugin CableComponent
LogPluginManager: Mounting plugin CustomMeshComponent
LogPluginManager: Mounting plugin EditableMesh
LogPluginManager: Mounting plugin ExampleDeviceProfileSelector
LogPluginManager: Mounting plugin GoogleCloudMessaging
LogPluginManager: Mounting plugin IOSDeviceProfileSelector
LogPluginManager: Mounting plugin LinuxDeviceProfileSelector
LogPluginManager: Mounting plugin LocationServicesBPLibrary
LogPluginManager: Mounting plugin MobilePatchingUtils
LogPluginManager: Mounting plugin OculusVR
LogPluginManager: Mounting plugin PhysXVehicles
LogPluginManager: Mounting plugin ProceduralMeshComponent
LogPluginManager: Mounting plugin RuntimePhysXCooking
LogPluginManager: Mounting plugin SignificanceManager
LogPluginManager: Mounting plugin SteamVR
LogPluginManager: Mounting plugin WebMMoviePlayer
LogPluginManager: Mounting plugin WindowsMoviePlayer
LogPluginManager: Mounting plugin ScreenshotTools
LogPluginManager: Mounting plugin AdvancedSessions
LogPluginManager: Mounting plugin AdvancedSteamSessions
LogInit: Using libcurl 7.55.1-DEV
LogInit:  - built for x86_64-pc-win32
LogInit:  - supports SSL with OpenSSL/1.1.1
LogInit:  - supports HTTP deflate (compression) using libz 1.2.8
LogInit:  - other features:
LogInit:      CURL_VERSION_SSL
LogInit:      CURL_VERSION_LIBZ
LogInit:      CURL_VERSION_IPV6
LogInit:      CURL_VERSION_ASYNCHDNS
LogInit:      CURL_VERSION_LARGEFILE
LogInit:      CURL_VERSION_IDN
LogInit:  CurlRequestOptions (configurable via config and command line):
LogInit:  - bVerifyPeer = true  - Libcurl will verify peer certificate
LogInit:  - bUseHttpProxy = false  - Libcurl will NOT use HTTP proxy
LogInit:  - bDontReuseConnections = false  - Libcurl will reuse connections
LogInit:  - MaxHostConnections = 16  - Libcurl will limit the number of connections to a host
LogInit:  - LocalHostAddr = Default
LogInit:  - BufferSize = 65536
LogOnline: OSS: Creating online subsystem instance for: NULL
LogInit: WinSock: version 1.1 (2.2), MaxSocks=32767, MaxUdp=65467
LogInit: Build: ++UE4+Release-4.23-CL-9631420
LogInit: Engine Version: 4.23.1-9631420+++UE4+Release-4.23
LogInit: Compatible Engine Version: 4.23.0-8386587+++UE4+Release-4.23
LogInit: Net CL: 8386587
LogInit: OS: Windows 10 (Release 1903) (), CPU: Intel(R) Core(TM) i7-4770 CPU @ 3.40GHz, GPU: NVIDIA GeForce GTX 1070
LogInit: Compiled (64-bit): Oct 18 2019 02:07:44
LogInit: Compiled with Visual C++: 19.16.27030.01
LogInit: Build Configuration: Development
LogInit: Branch Name: ++UE4+Release-4.23
LogInit: Command Line: 
LogInit: Base Directory: F:/Epic Games/UE_4.23/Engine/Binaries/Win64/
LogInit: Installed Engine Build: 1
LogDevObjectVersion: Number of dev versions registered: 23
LogDevObjectVersion:   Dev-Blueprints (B0D832E4-1F89-4F0D-ACCF-7EB736FD4AA2): 10
LogDevObjectVersion:   Dev-Build (E1C64328-A22C-4D53-A36C-8E866417BD8C): 0
LogDevObjectVersion:   Dev-Core (375EC13C-06E4-48FB-B500-84F0262A717E): 3
LogDevObjectVersion:   Dev-Editor (E4B068ED-F494-42E9-A231-DA0B2E46BB41): 34
LogDevObjectVersion:   Dev-Framework (CFFC743F-43B0-4480-9391-14DF171D2073): 35
LogDevObjectVersion:   Dev-Mobile (B02B49B5-BB20-44E9-A304-32B752E40360): 2
LogDevObjectVersion:   Dev-Networking (A4E4105C-59A1-49B5-A7C5-40C4547EDFEE): 0
LogDevObjectVersion:   Dev-Online (39C831C9-5AE6-47DC-9A44-9C173E1C8E7C): 0
LogDevObjectVersion:   Dev-Physics (78F01B33-EBEA-4F98-B9B4-84EACCB95AA2): 0
LogDevObjectVersion:   Dev-Platform (6631380F-2D4D-43E0-8009-CF276956A95A): 0
LogDevObjectVersion:   Dev-Rendering (12F88B9F-8875-4AFC-A67C-D90C383ABD29): 31
LogDevObjectVersion:   Dev-Sequencer (7B5AE74C-D270-4C10-A958-57980B212A5A): 11
LogDevObjectVersion:   Dev-VR (D7296918-1DD6-4BDD-9DE2-64A83CC13884): 2
LogDevObjectVersion:   Dev-LoadTimes (C2A15278-BFE7-4AFE-6C17-90FF531DF755): 1
LogDevObjectVersion:   Private-Geometry (6EACA3D4-40EC-4CC1-B786-8BED09428FC5): 3
LogDevObjectVersion:   Dev-AnimPhys (29E575DD-E0A3-4627-9D10-D276232CDCEA): 17
LogDevObjectVersion:   Dev-Anim (AF43A65D-7FD3-4947-9873-3E8ED9C1BB05): 2
LogDevObjectVersion:   Dev-ReflectionCapture (6B266CEC-1EC7-4B8F-A30B-E4D90942FC07): 1
LogDevObjectVersion:   Dev-Automation (0DF73D61-A23F-47EA-B727-89E90C41499A): 1
LogDevObjectVersion:   FortniteMain (601D1886-AC64-4F84-AA16-D3DE0DEAC7D6): 27
LogDevObjectVersion:   Dev-Enterprise (9DFFBCD6-494F-0158-E221-12823C92A888): 6
LogDevObjectVersion:   Dev-Niagara (F2AED0AC-9AFE-416F-8664-AA7FFA26D6FC): 1
LogDevObjectVersion:   Dev-Destruction (174F1F0B-B4C6-45A5-B13F-2EE8D0FB917D): 9
LogInit: Presizing for max 16777216 objects, including 0 objects not considered by GC, pre-allocating 0 bytes for permanent pool.
LogInit: Object subsystem initialized
LogConfig: Setting CVar [[con.DebugEarlyDefault:1]]
LogConfig: Setting CVar [[r.setres:1280x720]]
[2020.04.21-20.38.18:862][  0]LogConfig: Setting CVar [[r.VSync:0]]
[2020.04.21-20.38.18:863][  0]LogConfig: Setting CVar [[r.RHICmdBypass:0]]
[2020.04.21-20.38.18:864][  0]LogConfig: Applying CVar settings from Section [/Script/Engine.RendererSettings] File [C:/Users/guill/Desktop/secp/MyProject2/Saved/Config/Windows/Engine.ini]
[2020.04.21-20.38.18:864][  0]LogConfig: Setting CVar [[r.GPUCrashDebugging:0]]
[2020.04.21-20.38.18:864][  0]LogConfig: Applying CVar settings from Section [/Script/Engine.RendererOverrideSettings] File [C:/Users/guill/Desktop/secp/MyProject2/Saved/Config/Windows/Engine.ini]
[2020.04.21-20.38.18:864][  0]LogConfig: Applying CVar settings from Section [/Script/Engine.StreamingSettings] File [C:/Users/guill/Desktop/secp/MyProject2/Saved/Config/Windows/Engine.ini]
[2020.04.21-20.38.18:864][  0]LogConfig: Setting CVar [[s.MinBulkDataSizeForAsyncLoading:131072]]
[2020.04.21-20.38.18:864][  0]LogConfig: Setting CVar [[s.AsyncLoadingThreadEnabled:0]]
[2020.04.21-20.38.18:864][  0]LogConfig: Setting CVar [[s.EventDrivenLoaderEnabled:1]]
[2020.04.21-20.38.18:864][  0]LogConfig: Setting CVar [[s.WarnIfTimeLimitExceeded:0]]
[2020.04.21-20.38.18:864][  0]LogConfig: Setting CVar [[s.TimeLimitExceededMultiplier:1.5]]
[2020.04.21-20.38.18:864][  0]LogConfig: Setting CVar [[s.TimeLimitExceededMinTime:0.005]]
[2020.04.21-20.38.18:864][  0]LogConfig: Setting CVar [[s.UseBackgroundLevelStreaming:1]]
[2020.04.21-20.38.18:865][  0]LogConfig: Setting CVar [[s.PriorityAsyncLoadingExtraTime:15.0]]
[2020.04.21-20.38.18:865][  0]LogConfig: Setting CVar [[s.LevelStreamingActorsUpdateTimeLimit:5.0]]
[2020.04.21-20.38.18:865][  0]LogConfig: Setting CVar [[s.PriorityLevelStreamingActorsUpdateExtraTime:5.0]]
[2020.04.21-20.38.18:865][  0]LogConfig: Setting CVar [[s.LevelStreamingComponentsRegistrationGranularity:10]]
[2020.04.21-20.38.18:865][  0]LogConfig: Setting CVar [[s.UnregisterComponentsTimeLimit:1.0]]
[2020.04.21-20.38.18:865][  0]LogConfig: Setting CVar [[s.LevelStreamingComponentsUnregistrationGranularity:5]]
[2020.04.21-20.38.18:865][  0]LogConfig: Applying CVar settings from Section [/Script/Engine.GarbageCollectionSettings] File [C:/Users/guill/Desktop/secp/MyProject2/Saved/Config/Windows/Engine.ini]
[2020.04.21-20.38.18:865][  0]LogConfig: Setting CVar [[gc.MaxObjectsNotConsideredByGC:1]]
[2020.04.21-20.38.18:865][  0]LogConfig: Setting CVar [[gc.SizeOfPermanentObjectPool:0]]
[2020.04.21-20.38.18:865][  0]LogConfig: Setting CVar [[gc.FlushStreamingOnGC:0]]
[2020.04.21-20.38.18:865][  0]LogConfig: Setting CVar [[gc.NumRetriesBeforeForcingGC:10]]
[2020.04.21-20.38.18:865][  0]LogConfig: Setting CVar [[gc.AllowParallelGC:1]]
[2020.04.21-20.38.18:865][  0]LogConfig: Setting CVar [[gc.TimeBetweenPurgingPendingKillObjects:61.1]]
[2020.04.21-20.38.18:865][  0]LogConfig: Setting CVar [[gc.MaxObjectsInEditor:16777216]]
[2020.04.21-20.38.18:865][  0]LogConfig: Setting CVar [[gc.IncrementalBeginDestroyEnabled:1]]
[2020.04.21-20.38.18:865][  0]LogConfig: Setting CVar [[gc.CreateGCClusters:1]]
[2020.04.21-20.38.18:866][  0]LogConfig: Setting CVar [[gc.MinGCClusterSize:5]]
[2020.04.21-20.38.18:866][  0]LogConfig: Setting CVar [[gc.ActorClusteringEnabled:0]]
[2020.04.21-20.38.18:866][  0]LogConfig: Setting CVar [[gc.BlueprintClusteringEnabled:0]]
[2020.04.21-20.38.18:866][  0]LogConfig: Setting CVar [[gc.UseDisregardForGCOnDedicatedServers:0]]
[2020.04.21-20.38.18:866][  0]LogConfig: Applying CVar settings from Section [/Script/Engine.NetworkSettings] File [C:/Users/guill/Desktop/secp/MyProject2/Saved/Config/Windows/Engine.ini]
[2020.04.21-20.38.18:866][  0]LogConfig: Applying CVar settings from Section [/Script/UnrealEd.CookerSettings] File [C:/Users/guill/Desktop/secp/MyProject2/Saved/Config/Windows/Engine.ini]
[2020.04.21-20.38.18:950][  0]LogConfig: Applying CVar settings from Section [ViewDistanceQuality@3] File [C:/Users/guill/Desktop/secp/MyProject2/Saved/Config/Windows/Scalability.ini]
[2020.04.21-20.38.18:950][  0]LogConfig: Setting CVar [[r.SkeletalMeshLODBias:0]]
[2020.04.21-20.38.18:950][  0]LogConfig: Setting CVar [[r.ViewDistanceScale:1.0]]
[2020.04.21-20.38.18:950][  0]LogConfig: Applying CVar settings from Section [AntiAliasingQuality@3] File [C:/Users/guill/Desktop/secp/MyProject2/Saved/Config/Windows/Scalability.ini]
[2020.04.21-20.38.18:950][  0]LogConfig: Setting CVar [[r.PostProcessAAQuality:4]]
[2020.04.21-20.38.18:950][  0]LogConfig: Applying CVar settings from Section [ShadowQuality@3] File [C:/Users/guill/Desktop/secp/MyProject2/Saved/Config/Windows/Scalability.ini]
[2020.04.21-20.38.18:950][  0]LogConfig: Setting CVar [[r.LightFunctionQuality:1]]
[2020.04.21-20.38.18:950][  0]LogConfig: Setting CVar [[r.ShadowQuality:5]]
[2020.04.21-20.38.18:950][  0]LogConfig: Setting CVar [[r.Shadow.CSM.MaxCascades:10]]
[2020.04.21-20.38.18:950][  0]LogConfig: Setting CVar [[r.Shadow.MaxResolution:2048]]
[2020.04.21-20.38.18:950][  0]LogConfig: Setting CVar [[r.Shadow.MaxCSMResolution:2048]]
[2020.04.21-20.38.18:950][  0]LogConfig: Setting CVar [[r.Shadow.RadiusThreshold:0.01]]
[2020.04.21-20.38.18:950][  0]LogConfig: Setting CVar [[r.Shadow.DistanceScale:1.0]]
[2020.04.21-20.38.18:950][  0]LogConfig: Setting CVar [[r.Shadow.CSM.TransitionScale:1.0]]
[2020.04.21-20.38.18:950][  0]LogConfig: Setting CVar [[r.Shadow.PreShadowResolutionFactor:1.0]]
[2020.04.21-20.38.18:950][  0]LogConfig: Setting CVar [[r.DistanceFieldShadowing:1]]
[2020.04.21-20.38.18:950][  0]LogConfig: Setting CVar [[r.DistanceFieldAO:1]]
[2020.04.21-20.38.18:950][  0]LogConfig: Setting CVar [[r.AOQuality:2]]
[2020.04.21-20.38.18:950][  0]LogConfig: Setting CVar [[r.VolumetricFog:1]]
[2020.04.21-20.38.18:951][  0]LogConfig: Setting CVar [[r.VolumetricFog.GridPixelSize:8]]
[2020.04.21-20.38.18:951][  0]LogConfig: Setting CVar [[r.VolumetricFog.GridSizeZ:128]]
[2020.04.21-20.38.18:951][  0]LogConfig: Setting CVar [[r.VolumetricFog.HistoryMissSupersampleCount:4]]
[2020.04.21-20.38.18:951][  0]LogConfig: Setting CVar [[r.LightMaxDrawDistanceScale:1]]
[2020.04.21-20.38.18:951][  0]LogConfig: Setting CVar [[r.CapsuleShadows:1]]
[2020.04.21-20.38.18:951][  0]LogConfig: Applying CVar settings from Section [PostProcessQuality@3] File [C:/Users/guill/Desktop/secp/MyProject2/Saved/Config/Windows/Scalability.ini]
[2020.04.21-20.38.18:951][  0]LogConfig: Setting CVar [[r.MotionBlurQuality:4]]
[2020.04.21-20.38.18:951][  0]LogConfig: Setting CVar [[r.AmbientOcclusionMipLevelFactor:0.4]]
[2020.04.21-20.38.18:951][  0]LogConfig: Setting CVar [[r.AmbientOcclusionMaxQuality:100]]
[2020.04.21-20.38.18:951][  0]LogConfig: Setting CVar [[r.AmbientOcclusionLevels:-1]]
[2020.04.21-20.38.18:951][  0]LogConfig: Setting CVar [[r.AmbientOcclusionRadiusScale:1.0]]
[2020.04.21-20.38.18:951][  0]LogConfig: Setting CVar [[r.DepthOfFieldQuality:2]]
[2020.04.21-20.38.18:951][  0]LogConfig: Setting CVar [[r.RenderTargetPoolMin:400]]
[2020.04.21-20.38.18:951][  0]LogConfig: Setting CVar [[r.LensFlareQuality:2]]
[2020.04.21-20.38.18:951][  0]LogConfig: Setting CVar [[r.SceneColorFringeQuality:1]]
[2020.04.21-20.38.18:951][  0]LogConfig: Setting CVar [[r.EyeAdaptationQuality:2]]
[2020.04.21-20.38.18:951][  0]LogConfig: Setting CVar [[r.BloomQuality:5]]
[2020.04.21-20.38.18:951][  0]LogConfig: Setting CVar [[r.FastBlurThreshold:100]]
[2020.04.21-20.38.18:951][  0]LogConfig: Setting CVar [[r.Upscale.Quality:3]]
[2020.04.21-20.38.18:951][  0]LogConfig: Setting CVar [[r.Tonemapper.GrainQuantization:1]]
[2020.04.21-20.38.18:951][  0]LogConfig: Setting CVar [[r.LightShaftQuality:1]]
[2020.04.21-20.38.18:951][  0]LogConfig: Setting CVar [[r.Filter.SizeScale:1]]
[2020.04.21-20.38.18:951][  0]LogConfig: Setting CVar [[r.Tonemapper.Quality:5]]
[2020.04.21-20.38.18:951][  0]LogConfig: Setting CVar [[r.DOF.Gather.AccumulatorQuality:1        ; higher gathering accumulator quality]]
[2020.04.21-20.38.18:951][  0]LogConfig: Setting CVar [[r.DOF.Gather.PostfilterMethod:1          ; Median3x3 postfilering method]]
[2020.04.21-20.38.18:951][  0]LogConfig: Setting CVar [[r.DOF.Gather.EnableBokehSettings:0       ; no bokeh simulation when gathering]]
[2020.04.21-20.38.18:951][  0]LogConfig: Setting CVar [[r.DOF.Gather.RingCount:4                 ; medium number of samples when gathering]]
[2020.04.21-20.38.18:951][  0]LogConfig: Setting CVar [[r.DOF.Scatter.ForegroundCompositing:1    ; additive foreground scattering]]
[2020.04.21-20.38.18:951][  0]LogConfig: Setting CVar [[r.DOF.Scatter.BackgroundCompositing:2    ; additive background scattering]]
[2020.04.21-20.38.18:951][  0]LogConfig: Setting CVar [[r.DOF.Scatter.EnableBokehSettings:1      ; bokeh simulation when scattering]]
[2020.04.21-20.38.18:951][  0]LogConfig: Setting CVar [[r.DOF.Scatter.MaxSpriteRatio:0.1         ; only a maximum of 10% of scattered bokeh]]
[2020.04.21-20.38.18:951][  0]LogConfig: Setting CVar [[r.DOF.Recombine.Quality:1                ; cheap slight out of focus]]
[2020.04.21-20.38.18:951][  0]LogConfig: Setting CVar [[r.DOF.Recombine.EnableBokehSettings:0    ; no bokeh simulation on slight out of focus]]
[2020.04.21-20.38.18:952][  0]LogConfig: Setting CVar [[r.DOF.TemporalAAQuality:1                ; more stable temporal accumulation]]
[2020.04.21-20.38.18:952][  0]LogConfig: Setting CVar [[r.DOF.Kernel.MaxForegroundRadius:0.025]]
[2020.04.21-20.38.18:952][  0]LogConfig: Setting CVar [[r.DOF.Kernel.MaxBackgroundRadius:0.025]]
[2020.04.21-20.38.18:952][  0]LogConfig: Applying CVar settings from Section [TextureQuality@3] File [C:/Users/guill/Desktop/secp/MyProject2/Saved/Config/Windows/Scalability.ini]
[2020.04.21-20.38.18:952][  0]LogConfig: Setting CVar [[r.Streaming.MipBias:0]]
[2020.04.21-20.38.18:952][  0]LogConfig: Setting CVar [[r.Streaming.AmortizeCPUToGPUCopy:0]]
[2020.04.21-20.38.18:952][  0]LogConfig: Setting CVar [[r.Streaming.MaxNumTexturesToStreamPerFrame:0]]
[2020.04.21-20.38.18:952][  0]LogConfig: Setting CVar [[r.Streaming.Boost:1]]
[2020.04.21-20.38.18:952][  0]LogConfig: Setting CVar [[r.MaxAnisotropy:8]]
[2020.04.21-20.38.18:952][  0]LogConfig: Setting CVar [[r.Streaming.LimitPoolSizeToVRAM:0]]
[2020.04.21-20.38.18:952][  0]LogConfig: Setting CVar [[r.Streaming.PoolSize:1000]]
[2020.04.21-20.38.18:952][  0]LogConfig: Setting CVar [[r.Streaming.MaxEffectiveScreenSize:0]]
[2020.04.21-20.38.18:952][  0]LogConfig: Applying CVar settings from Section [EffectsQuality@3] File [C:/Users/guill/Desktop/secp/MyProject2/Saved/Config/Windows/Scalability.ini]
[2020.04.21-20.38.18:952][  0]LogConfig: Setting CVar [[r.TranslucencyLightingVolumeDim:64]]
[2020.04.21-20.38.18:952][  0]LogConfig: Setting CVar [[r.RefractionQuality:2]]
[2020.04.21-20.38.18:952][  0]LogConfig: Setting CVar [[r.SSR.Quality:3]]
[2020.04.21-20.38.18:952][  0]LogConfig: Setting CVar [[r.SceneColorFormat:4]]
[2020.04.21-20.38.18:952][  0]LogConfig: Setting CVar [[r.DetailMode:2]]
[2020.04.21-20.38.18:952][  0]LogConfig: Setting CVar [[r.TranslucencyVolumeBlur:1]]
[2020.04.21-20.38.18:952][  0]LogConfig: Setting CVar [[r.MaterialQualityLevel:1 ; High quality]]
[2020.04.21-20.38.18:952][  0]LogConfig: Setting CVar [[r.SSS.Scale:1]]
[2020.04.21-20.38.18:952][  0]LogConfig: Setting CVar [[r.SSS.SampleSet:2]]
[2020.04.21-20.38.18:952][  0]LogConfig: Setting CVar [[r.SSS.Quality:1]]
[2020.04.21-20.38.18:952][  0]LogConfig: Setting CVar [[r.SSS.HalfRes:1]]
[2020.04.21-20.38.18:952][  0]LogConfig: Setting CVar [[r.EmitterSpawnRateScale:1.0]]
[2020.04.21-20.38.18:952][  0]LogConfig: Setting CVar [[r.ParticleLightQuality:2]]
[2020.04.21-20.38.18:952][  0]LogConfig: Applying CVar settings from Section [FoliageQuality@3] File [C:/Users/guill/Desktop/secp/MyProject2/Saved/Config/Windows/Scalability.ini]
[2020.04.21-20.38.18:952][  0]LogConfig: Setting CVar [[foliage.DensityScale:1.0]]
[2020.04.21-20.38.18:952][  0]LogConfig: Setting CVar [[grass.DensityScale:1.0]]
[2020.04.21-20.38.18:961][  0]LogInit: Selected Device Profile: [Windows]
[2020.04.21-20.38.18:963][  0]LogInit: Applying CVar settings loaded from the selected device profile: [Windows]
[2020.04.21-20.38.19:025][  0]LogHAL: Display: Platform has ~ 16 GB [17114763264 / 17179869184 / 16], which maps to Larger [LargestMinGB=32, LargerMinGB=12, DefaultMinGB=8, SmallerMinGB=6, SmallestMinGB=0)
[2020.04.21-20.38.19:025][  0]LogInit: Going up to parent DeviceProfile []
[2020.04.21-20.38.19:025][  0]LogConfig: Applying CVar settings from Section [ViewDistanceQuality@3] File [C:/Users/guill/Desktop/secp/MyProject2/Saved/Config/Windows/Scalability.ini]
[2020.04.21-20.38.19:025][  0]LogConfig: Setting CVar [[r.SkeletalMeshLODBias:0]]
[2020.04.21-20.38.19:025][  0]LogConfig: Setting CVar [[r.ViewDistanceScale:1.0]]
[2020.04.21-20.38.19:025][  0]LogConfig: Applying CVar settings from Section [AntiAliasingQuality@3] File [C:/Users/guill/Desktop/secp/MyProject2/Saved/Config/Windows/Scalability.ini]
[2020.04.21-20.38.19:025][  0]LogConfig: Setting CVar [[r.PostProcessAAQuality:4]]
[2020.04.21-20.38.19:025][  0]LogConfig: Applying CVar settings from Section [ShadowQuality@3] File [C:/Users/guill/Desktop/secp/MyProject2/Saved/Config/Windows/Scalability.ini]
[2020.04.21-20.38.19:025][  0]LogConfig: Setting CVar [[r.LightFunctionQuality:1]]
[2020.04.21-20.38.19:025][  0]LogConfig: Setting CVar [[r.ShadowQuality:5]]
[2020.04.21-20.38.19:025][  0]LogConfig: Setting CVar [[r.Shadow.CSM.MaxCascades:10]]
[2020.04.21-20.38.19:025][  0]LogConfig: Setting CVar [[r.Shadow.MaxResolution:2048]]
[2020.04.21-20.38.19:025][  0]LogConfig: Setting CVar [[r.Shadow.MaxCSMResolution:2048]]
[2020.04.21-20.38.19:026][  0]LogConfig: Setting CVar [[r.Shadow.RadiusThreshold:0.01]]
[2020.04.21-20.38.19:026][  0]LogConfig: Setting CVar [[r.Shadow.DistanceScale:1.0]]
[2020.04.21-20.38.19:026][  0]LogConfig: Setting CVar [[r.Shadow.CSM.TransitionScale:1.0]]
[2020.04.21-20.38.19:026][  0]LogConfig: Setting CVar [[r.Shadow.PreShadowResolutionFactor:1.0]]
[2020.04.21-20.38.19:026][  0]LogConfig: Setting CVar [[r.DistanceFieldShadowing:1]]
[2020.04.21-20.38.19:026][  0]LogConfig: Setting CVar [[r.DistanceFieldAO:1]]
[2020.04.21-20.38.19:026][  0]LogConfig: Setting CVar [[r.AOQuality:2]]
[2020.04.21-20.38.19:026][  0]LogConfig: Setting CVar [[r.VolumetricFog:1]]
[2020.04.21-20.38.19:026][  0]LogConfig: Setting CVar [[r.VolumetricFog.GridPixelSize:8]]
[2020.04.21-20.38.19:026][  0]LogConfig: Setting CVar [[r.VolumetricFog.GridSizeZ:128]]
[2020.04.21-20.38.19:026][  0]LogConfig: Setting CVar [[r.VolumetricFog.HistoryMissSupersampleCount:4]]
[2020.04.21-20.38.19:026][  0]LogConfig: Setting CVar [[r.LightMaxDrawDistanceScale:1]]
[2020.04.21-20.38.19:026][  0]LogConfig: Setting CVar [[r.CapsuleShadows:1]]
[2020.04.21-20.38.19:026][  0]LogConfig: Applying CVar settings from Section [PostProcessQuality@3] File [C:/Users/guill/Desktop/secp/MyProject2/Saved/Config/Windows/Scalability.ini]
[2020.04.21-20.38.19:026][  0]LogConfig: Setting CVar [[r.MotionBlurQuality:4]]
[2020.04.21-20.38.19:026][  0]LogConfig: Setting CVar [[r.AmbientOcclusionMipLevelFactor:0.4]]
[2020.04.21-20.38.19:026][  0]LogConfig: Setting CVar [[r.AmbientOcclusionMaxQuality:100]]
[2020.04.21-20.38.19:026][  0]LogConfig: Setting CVar [[r.AmbientOcclusionLevels:-1]]
[2020.04.21-20.38.19:026][  0]LogConfig: Setting CVar [[r.AmbientOcclusionRadiusScale:1.0]]
[2020.04.21-20.38.19:026][  0]LogConfig: Setting CVar [[r.DepthOfFieldQuality:2]]
[2020.04.21-20.38.19:026][  0]LogConfig: Setting CVar [[r.RenderTargetPoolMin:400]]
[2020.04.21-20.38.19:026][  0]LogConfig: Setting CVar [[r.LensFlareQuality:2]]
[2020.04.21-20.38.19:026][  0]LogConfig: Setting CVar [[r.SceneColorFringeQuality:1]]
[2020.04.21-20.38.19:026][  0]LogConfig: Setting CVar [[r.EyeAdaptationQuality:2]]
[2020.04.21-20.38.19:026][  0]LogConfig: Setting CVar [[r.BloomQuality:5]]
[2020.04.21-20.38.19:026][  0]LogConfig: Setting CVar [[r.FastBlurThreshold:100]]
[2020.04.21-20.38.19:026][  0]LogConfig: Setting CVar [[r.Upscale.Quality:3]]
[2020.04.21-20.38.19:026][  0]LogConfig: Setting CVar [[r.Tonemapper.GrainQuantization:1]]
[2020.04.21-20.38.19:026][  0]LogConfig: Setting CVar [[r.LightShaftQuality:1]]
[2020.04.21-20.38.19:026][  0]LogConfig: Setting CVar [[r.Filter.SizeScale:1]]
[2020.04.21-20.38.19:026][  0]LogConfig: Setting CVar [[r.Tonemapper.Quality:5]]
[2020.04.21-20.38.19:026][  0]LogConfig: Setting CVar [[r.DOF.Gather.AccumulatorQuality:1        ; higher gathering accumulator quality]]
[2020.04.21-20.38.19:026][  0]LogConfig: Setting CVar [[r.DOF.Gather.PostfilterMethod:1          ; Median3x3 postfilering method]]
[2020.04.21-20.38.19:026][  0]LogConfig: Setting CVar [[r.DOF.Gather.EnableBokehSettings:0       ; no bokeh simulation when gathering]]
[2020.04.21-20.38.19:026][  0]LogConfig: Setting CVar [[r.DOF.Gather.RingCount:4                 ; medium number of samples when gathering]]
[2020.04.21-20.38.19:026][  0]LogConfig: Setting CVar [[r.DOF.Scatter.ForegroundCompositing:1    ; additive foreground scattering]]
[2020.04.21-20.38.19:026][  0]LogConfig: Setting CVar [[r.DOF.Scatter.BackgroundCompositing:2    ; additive background scattering]]
[2020.04.21-20.38.19:026][  0]LogConfig: Setting CVar [[r.DOF.Scatter.EnableBokehSettings:1      ; bokeh simulation when scattering]]
[2020.04.21-20.38.19:026][  0]LogConfig: Setting CVar [[r.DOF.Scatter.MaxSpriteRatio:0.1         ; only a maximum of 10% of scattered bokeh]]
[2020.04.21-20.38.19:026][  0]LogConfig: Setting CVar [[r.DOF.Recombine.Quality:1                ; cheap slight out of focus]]
[2020.04.21-20.38.19:026][  0]LogConfig: Setting CVar [[r.DOF.Recombine.EnableBokehSettings:0    ; no bokeh simulation on slight out of focus]]
[2020.04.21-20.38.19:026][  0]LogConfig: Setting CVar [[r.DOF.TemporalAAQuality:1                ; more stable temporal accumulation]]
[2020.04.21-20.38.19:026][  0]LogConfig: Setting CVar [[r.DOF.Kernel.MaxForegroundRadius:0.025]]
[2020.04.21-20.38.19:026][  0]LogConfig: Setting CVar [[r.DOF.Kernel.MaxBackgroundRadius:0.025]]
[2020.04.21-20.38.19:026][  0]LogConfig: Applying CVar settings from Section [TextureQuality@3] File [C:/Users/guill/Desktop/secp/MyProject2/Saved/Config/Windows/Scalability.ini]
[2020.04.21-20.38.19:026][  0]LogConfig: Setting CVar [[r.Streaming.MipBias:0]]
[2020.04.21-20.38.19:026][  0]LogConfig: Setting CVar [[r.Streaming.AmortizeCPUToGPUCopy:0]]
[2020.04.21-20.38.19:026][  0]LogConfig: Setting CVar [[r.Streaming.MaxNumTexturesToStreamPerFrame:0]]
[2020.04.21-20.38.19:026][  0]LogConfig: Setting CVar [[r.Streaming.Boost:1]]
[2020.04.21-20.38.19:026][  0]LogConfig: Setting CVar [[r.MaxAnisotropy:8]]
[2020.04.21-20.38.19:027][  0]LogConfig: Setting CVar [[r.Streaming.LimitPoolSizeToVRAM:0]]
[2020.04.21-20.38.19:027][  0]LogConfig: Setting CVar [[r.Streaming.PoolSize:1000]]
[2020.04.21-20.38.19:027][  0]LogConfig: Setting CVar [[r.Streaming.MaxEffectiveScreenSize:0]]
[2020.04.21-20.38.19:027][  0]LogConfig: Applying CVar settings from Section [EffectsQuality@3] File [C:/Users/guill/Desktop/secp/MyProject2/Saved/Config/Windows/Scalability.ini]
[2020.04.21-20.38.19:027][  0]LogConfig: Setting CVar [[r.TranslucencyLightingVolumeDim:64]]
[2020.04.21-20.38.19:027][  0]LogConfig: Setting CVar [[r.RefractionQuality:2]]
[2020.04.21-20.38.19:027][  0]LogConfig: Setting CVar [[r.SSR.Quality:3]]
[2020.04.21-20.38.19:027][  0]LogConfig: Setting CVar [[r.SceneColorFormat:4]]
[2020.04.21-20.38.19:027][  0]LogConfig: Setting CVar [[r.DetailMode:2]]
[2020.04.21-20.38.19:027][  0]LogConfig: Setting CVar [[r.TranslucencyVolumeBlur:1]]
[2020.04.21-20.38.19:027][  0]LogConfig: Setting CVar [[r.MaterialQualityLevel:1 ; High quality]]
[2020.04.21-20.38.19:027][  0]LogConfig: Setting CVar [[r.SSS.Scale:1]]
[2020.04.21-20.38.19:027][  0]LogConfig: Setting CVar [[r.SSS.SampleSet:2]]
[2020.04.21-20.38.19:027][  0]LogConfig: Setting CVar [[r.SSS.Quality:1]]
[2020.04.21-20.38.19:027][  0]LogConfig: Setting CVar [[r.SSS.HalfRes:1]]
[2020.04.21-20.38.19:027][  0]LogConfig: Setting CVar [[r.EmitterSpawnRateScale:1.0]]
[2020.04.21-20.38.19:027][  0]LogConfig: Setting CVar [[r.ParticleLightQuality:2]]
[2020.04.21-20.38.19:027][  0]LogConfig: Applying CVar settings from Section [FoliageQuality@3] File [C:/Users/guill/Desktop/secp/MyProject2/Saved/Config/Windows/Scalability.ini]
[2020.04.21-20.38.19:027][  0]LogConfig: Setting CVar [[foliage.DensityScale:1.0]]
[2020.04.21-20.38.19:027][  0]LogConfig: Setting CVar [[grass.DensityScale:1.0]]
[2020.04.21-20.38.19:027][  0]LogConfig: Applying CVar settings from Section [Startup] File [../../../Engine/Config/ConsoleVariables.ini]
[2020.04.21-20.38.19:058][  0]LogConfig: Setting CVar [[net.UseAdaptiveNetUpdateFrequency:0]]
[2020.04.21-20.38.19:058][  0]LogConfig: Setting CVar [[p.chaos.AllowCreatePhysxBodies:1]]
[2020.04.21-20.38.19:058][  0]LogConfig: Applying CVar settings from Section [ConsoleVariables] File [C:/Users/guill/Desktop/secp/MyProject2/Saved/Config/Windows/Engine.ini]
[2020.04.21-20.38.19:092][  0]LogInit: Computer: DESKTOP-6FF6MBF
[2020.04.21-20.38.19:092][  0]LogInit: User: guill
[2020.04.21-20.38.19:092][  0]LogInit: CPU Page size=4096, Cores=4
[2020.04.21-20.38.19:092][  0]LogInit: High frequency timer resolution =10.000000 MHz
[2020.04.21-20.38.19:093][  0]LogMemory: Memory total: Physical=15.9GB (16GB approx)
[2020.04.21-20.38.19:093][  0]LogMemory: Platform Memory Stats for Windows
[2020.04.21-20.38.19:093][  0]LogMemory: Process Physical Memory: 102.58 MB used, 102.58 MB peak
[2020.04.21-20.38.19:093][  0]LogMemory: Process Virtual Memory: 91.43 MB used, 91.43 MB peak
[2020.04.21-20.38.19:093][  0]LogMemory: Physical Memory: 5697.96 MB used,  10623.95 MB free, 16321.91 MB total
[2020.04.21-20.38.19:093][  0]LogMemory: Virtual Memory: 4659.98 MB used,  134213064.00 MB free, 134217728.00 MB total
[2020.04.21-20.38.19:098][  0]LogWindows: WindowsPlatformFeatures enabled
[2020.04.21-20.38.20:116][  0]LogInit: Overriding language with editor language configuration option (en).
[2020.04.21-20.38.20:116][  0]LogInit: Overriding locale with editor locale configuration option (en).
[2020.04.21-20.38.21:415][  0]LogInit: Setting process to per monitor DPI aware
[2020.04.21-20.38.22:574][  0]LogSlate: New Slate User Created.  User Index 0, Is Virtual User: 0
[2020.04.21-20.38.22:575][  0]LogSlate: Slate User Registered.  User Index 0, Is Virtual User: 0
[2020.04.21-20.38.28:303][  0]LogHMD: Failed to initialize OpenVR with code 110
[2020.04.21-20.38.28:304][  0]LogD3D11RHI: D3D11 adapters:
[2020.04.21-20.38.28:448][  0]LogD3D11RHI:    0. 'NVIDIA GeForce GTX 1070' (Feature Level 11_0)
[2020.04.21-20.38.28:448][  0]LogD3D11RHI:       8088/0/8160 MB DedicatedVideo/DedicatedSystem/SharedSystem, Outputs:1, VendorId:0x10de
[2020.04.21-20.38.28:451][  0]LogD3D11RHI:    1. 'Microsoft Basic Render Driver' (Feature Level 11_0)
[2020.04.21-20.38.28:451][  0]LogD3D11RHI:       0/0/8160 MB DedicatedVideo/DedicatedSystem/SharedSystem, Outputs:0, VendorId:0x1414
[2020.04.21-20.38.28:451][  0]LogD3D11RHI: Chosen D3D11 Adapter: 0
[2020.04.21-20.38.28:469][  0]LogD3D11RHI: Creating new Direct3DDevice
[2020.04.21-20.38.28:469][  0]LogD3D11RHI:     GPU DeviceId: 0x1b81 (for the marketing name, search the web for "GPU Device Id")
[2020.04.21-20.38.28:469][  0]LogWindows: EnumDisplayDevices:
[2020.04.21-20.38.28:469][  0]LogWindows:    0. 'NVIDIA GeForce GTX 1070' (P:1 D:1)
[2020.04.21-20.38.28:469][  0]LogWindows:    1. 'NVIDIA GeForce GTX 1070' (P:0 D:0)
[2020.04.21-20.38.28:470][  0]LogWindows:    2. 'NVIDIA GeForce GTX 1070' (P:0 D:0)
[2020.04.21-20.38.28:470][  0]LogWindows:    3. 'NVIDIA GeForce GTX 1070' (P:0 D:0)
[2020.04.21-20.38.28:470][  0]LogWindows: DebugString: FoundDriverCount:4 
[2020.04.21-20.38.28:470][  0]LogD3D11RHI:     Adapter Name: NVIDIA GeForce GTX 1070
[2020.04.21-20.38.28:470][  0]LogD3D11RHI:   Driver Version: 445.87 (internal:26.21.14.4587, unified:445.87)
[2020.04.21-20.38.28:470][  0]LogD3D11RHI:      Driver Date: 4-3-2020
[2020.04.21-20.38.28:470][  0]LogRHI: Texture pool is 5661 MB (70% of 8088 MB)
[2020.04.21-20.38.28:525][  0]LogD3D11RHI: Async texture creation enabled
[2020.04.21-20.38.28:807][  0]LogD3D11RHI: GPU Timing Frequency: 1000.000000 (Debug: 2 1)
[2020.04.21-20.38.30:015][  0]LogTemp: Display: Module 'AllDesktopTargetPlatform' loaded TargetPlatform 'AllDesktop'
[2020.04.21-20.38.30:102][  0]LogTemp: Display: Module 'MacClientTargetPlatform' loaded TargetPlatform 'MacClient'
[2020.04.21-20.38.30:147][  0]LogTemp: Display: Module 'MacNoEditorTargetPlatform' loaded TargetPlatform 'MacNoEditor'
[2020.04.21-20.38.30:182][  0]LogTemp: Display: Module 'MacServerTargetPlatform' loaded TargetPlatform 'MacServer'
[2020.04.21-20.38.30:290][  0]LogTemp: Display: Module 'MacTargetPlatform' loaded TargetPlatform 'Mac'
[2020.04.21-20.38.30:383][  0]LogTemp: Display: Module 'WindowsClientTargetPlatform' loaded TargetPlatform 'WindowsClient'
[2020.04.21-20.38.30:425][  0]LogTemp: Display: Module 'WindowsNoEditorTargetPlatform' loaded TargetPlatform 'WindowsNoEditor'
[2020.04.21-20.38.30:465][  0]LogTemp: Display: Module 'WindowsServerTargetPlatform' loaded TargetPlatform 'WindowsServer'
[2020.04.21-20.38.30:505][  0]LogTemp: Display: Module 'WindowsTargetPlatform' loaded TargetPlatform 'Windows'
[2020.04.21-20.38.30:632][  0]LogTemp: Display: Module 'AndroidTargetPlatform' loaded TargetPlatform 'Android'
[2020.04.21-20.38.30:632][  0]LogTemp: Display: Module 'AndroidTargetPlatform' loaded TargetPlatform 'Android_ASTC'
[2020.04.21-20.38.30:632][  0]LogTemp: Display: Module 'AndroidTargetPlatform' loaded TargetPlatform 'Android_ATC'
[2020.04.21-20.38.30:632][  0]LogTemp: Display: Module 'AndroidTargetPlatform' loaded TargetPlatform 'Android_DXT'
[2020.04.21-20.38.30:632][  0]LogTemp: Display: Module 'AndroidTargetPlatform' loaded TargetPlatform 'Android_ETC1'
[2020.04.21-20.38.30:632][  0]LogTemp: Display: Module 'AndroidTargetPlatform' loaded TargetPlatform 'Android_ETC1a'
[2020.04.21-20.38.30:632][  0]LogTemp: Display: Module 'AndroidTargetPlatform' loaded TargetPlatform 'Android_ETC2'
[2020.04.21-20.38.30:632][  0]LogTemp: Display: Module 'AndroidTargetPlatform' loaded TargetPlatform 'Android_PVRTC'
[2020.04.21-20.38.30:632][  0]LogTemp: Display: Module 'AndroidTargetPlatform' loaded TargetPlatform 'AndroidClient'
[2020.04.21-20.38.30:632][  0]LogTemp: Display: Module 'AndroidTargetPlatform' loaded TargetPlatform 'Android_ASTCClient'
[2020.04.21-20.38.30:632][  0]LogTemp: Display: Module 'AndroidTargetPlatform' loaded TargetPlatform 'Android_ATCClient'
[2020.04.21-20.38.30:632][  0]LogTemp: Display: Module 'AndroidTargetPlatform' loaded TargetPlatform 'Android_DXTClient'
[2020.04.21-20.38.30:633][  0]LogTemp: Display: Module 'AndroidTargetPlatform' loaded TargetPlatform 'Android_ETC1Client'
[2020.04.21-20.38.30:633][  0]LogTemp: Display: Module 'AndroidTargetPlatform' loaded TargetPlatform 'Android_ETC1aClient'
[2020.04.21-20.38.30:633][  0]LogTemp: Display: Module 'AndroidTargetPlatform' loaded TargetPlatform 'Android_ETC2Client'
[2020.04.21-20.38.30:633][  0]LogTemp: Display: Module 'AndroidTargetPlatform' loaded TargetPlatform 'Android_PVRTCClient'
[2020.04.21-20.38.30:633][  0]LogTemp: Display: Module 'AndroidTargetPlatform' loaded TargetPlatform 'Android_Multi'
[2020.04.21-20.38.30:633][  0]LogTemp: Display: Module 'AndroidTargetPlatform' loaded TargetPlatform 'Android_MultiClient'
[2020.04.21-20.38.30:691][  0]LogTemp: Display: Module 'HTML5TargetPlatform' loaded TargetPlatform 'HTML5'
[2020.04.21-20.38.30:882][  0]LogTemp: Display: Module 'IOSTargetPlatform' loaded TargetPlatform 'IOSClient'
[2020.04.21-20.38.30:882][  0]LogTemp: Display: Module 'IOSTargetPlatform' loaded TargetPlatform 'IOS'
[2020.04.21-20.38.30:936][  0]LogTemp: Display: Module 'TVOSTargetPlatform' loaded TargetPlatform 'TVOSClient'
[2020.04.21-20.38.30:936][  0]LogTemp: Display: Module 'TVOSTargetPlatform' loaded TargetPlatform 'TVOS'
[2020.04.21-20.38.30:984][  0]LogTemp: Display: Module 'LinuxClientTargetPlatform' loaded TargetPlatform 'LinuxClient'
[2020.04.21-20.38.31:018][  0]LogTemp: Display: Module 'LinuxNoEditorTargetPlatform' loaded TargetPlatform 'LinuxNoEditor'
[2020.04.21-20.38.31:063][  0]LogTemp: Display: Module 'LinuxServerTargetPlatform' loaded TargetPlatform 'LinuxServer'
[2020.04.21-20.38.31:138][  0]LogTemp: Display: Module 'LinuxTargetPlatform' loaded TargetPlatform 'Linux'
[2020.04.21-20.38.31:215][  0]LogTemp: Display: Module 'LuminTargetPlatform' loaded TargetPlatform 'Lumin'
[2020.04.21-20.38.31:215][  0]LogTemp: Display: Module 'LuminTargetPlatform' loaded TargetPlatform 'LuminClient'
[2020.04.21-20.38.31:215][  0]LogTargetPlatformManager: Display: Building Assets For Windows
[2020.04.21-20.38.31:499][  0]LogAudioDebug: Display: Lib vorbis DLL was dynamically loaded.
[2020.04.21-20.38.32:814][  0]LogShaderCompilers: Guid format shader working directory is 7 characters bigger than the processId version (C:/Users/guill/Desktop/secp/MyProject2/Intermediate/Shaders/WorkingDirectory/17032/).
[2020.04.21-20.38.32:814][  0]LogShaderCompilers: Cleaned the shader compiler working directory 'C:/Users/guill/AppData/Local/Temp/UnrealShaderWorkingDir/1E5B78F5429B7F2A5029038EE55D2BD7/'.
[2020.04.21-20.38.32:844][  0]LogXGEController: Cleaning working directory: C:/Users/guill/AppData/Local/Temp/UnrealXGEWorkingDir/
[2020.04.21-20.38.32:845][  0]LogXGEController: Cannot use XGE Controller as Incredibuild is not installed on this machine.
[2020.04.21-20.38.32:845][  0]LogShaderCompilers: Cannot use XGE Shader Compiler as Incredibuild is not installed on this machine.
[2020.04.21-20.38.32:845][  0]LogShaderCompilers: Display: Using Local Shader Compiler.
[2020.04.21-20.38.39:285][  0]LogDerivedDataCache: Display: Max Cache Size: 512 MB
[2020.04.21-20.38.39:658][  0]LogDerivedDataCache: Loaded boot cache 0.37s 73MB C:/Users/guill/AppData/Local/UnrealEngine/4.23/DerivedDataCache/Boot.ddc.
[2020.04.21-20.38.39:658][  0]LogDerivedDataCache: Display: Loaded Boot cache: C:/Users/guill/AppData/Local/UnrealEngine/4.23/DerivedDataCache/Boot.ddc
[2020.04.21-20.38.39:659][  0]LogDerivedDataCache: FDerivedDataBackendGraph:  Pak pak cache file C:/Users/guill/Desktop/secp/MyProject2/DerivedDataCache/DDC.ddp not found, will not use a pak cache.
[2020.04.21-20.38.39:659][  0]LogDerivedDataCache: Unable to find inner node Pak for hierarchical cache Hierarchy.
[2020.04.21-20.38.39:659][  0]LogDerivedDataCache: FDerivedDataBackendGraph:  CompressedPak pak cache file C:/Users/guill/Desktop/secp/MyProject2/DerivedDataCache/Compressed.ddp not found, will not use a pak cache.
[2020.04.21-20.38.39:659][  0]LogDerivedDataCache: Unable to find inner node CompressedPak for hierarchical cache Hierarchy.
[2020.04.21-20.38.39:768][  0]LogDerivedDataCache: Display: Pak cache opened for reading ../../../Engine/DerivedDataCache/Compressed.ddp.
[2020.04.21-20.38.39:768][  0]LogDerivedDataCache: FDerivedDataBackendGraph:  EnterprisePak pak cache file ../../../Enterprise/DerivedDataCache/Compressed.ddp not found, will not use a pak cache.
[2020.04.21-20.38.39:768][  0]LogDerivedDataCache: Unable to find inner node EnterprisePak for hierarchical cache Hierarchy.
[2020.04.21-20.38.39:770][  0]LogDerivedDataCache: Using Local data cache path C:/Users/guill/AppData/Local/UnrealEngine/Common/DerivedDataCache: Writable
[2020.04.21-20.38.39:770][  0]LogDerivedDataCache: Shared data cache path not found in *engine.ini, will not use an Shared cache.
[2020.04.21-20.38.39:770][  0]LogDerivedDataCache: Unable to find inner node Shared for hierarchical cache Hierarchy.
[2020.04.21-20.38.39:821][  0]LogMaterial: Verifying Global Shaders for PCD3D_SM5
[2020.04.21-20.38.39:921][  0]LogSlate: Using FreeType 2.6.0
[2020.04.21-20.38.40:078][  0]LogSlate: SlateFontServices - WITH_FREETYPE: 1, WITH_HARFBUZZ: 1
[2020.04.21-20.38.41:736][  0]LogAssetRegistry: FAssetRegistry took 0.0097 seconds to start up
[2020.04.21-20.38.49:701][  0]LogInit: Selected Device Profile: [Windows]
[2020.04.21-20.38.52:011][  0]LogMeshReduction: Using QuadricMeshReduction for automatic static mesh reduction
[2020.04.21-20.38.52:011][  0]LogMeshReduction: Using SimplygonMeshReduction for automatic skeletal mesh reduction
[2020.04.21-20.38.52:011][  0]LogMeshReduction: Using ProxyLODMeshReduction for automatic mesh merging
[2020.04.21-20.38.52:011][  0]LogMeshReduction: No distributed automatic mesh merging module available
[2020.04.21-20.38.52:012][  0]LogMeshMerging: No distributed automatic mesh merging module available
[2020.04.21-20.38.52:363][  0]LogNetVersion: MyProject2 1.0.0, NetCL: 8386587, EngineNetVer: 11, GameNetVer: 0 (Checksum: 4230709586)
[2020.04.21-20.38.58:477][  0]LogPackageLocalizationCache: Processed 12 localized package path(s) for 1 prioritized culture(s) in 0.078953 seconds
[2020.04.21-20.38.58:484][  0]LogUObjectArray: 43444 objects as part of root set at end of initial load.
[2020.04.21-20.38.58:484][  0]LogUObjectAllocator: 7548648 out of 0 bytes used by permanent object pool.
[2020.04.21-20.38.58:484][  0]LogUObjectArray: CloseDisregardForGC: 0/0 objects in disregard for GC pool
[2020.04.21-20.39.26:555][  0]LogTcpMessaging: Initializing TcpMessaging bridge
[2020.04.21-20.39.26:628][  0]LogUdpMessaging: Initializing bridge on interface 0.0.0.0:0 to multicast group 230.0.0.1:6666.
[2020.04.21-20.39.28:299][  0]SourceControl: Source control is disabled
[2020.04.21-20.39.28:312][  0]SourceControl: Source control is disabled
[2020.04.21-20.39.28:461][  0]SourceControl: Source control is disabled
[2020.04.21-20.39.28:546][  0]SourceControl: Source control is disabled
[2020.04.21-20.39.30:728][  0]LogOnline: Display: STEAM: Loading Steam SDK 1.42
[2020.04.21-20.39.30:855][  0]LogAndroidPermission: UAndroidPermissionCallbackProxy::GetInstance
[2020.04.21-20.39.32:028][  0]LogOcInput: OculusInput pre-init called
[2020.04.21-20.39.32:133][  0]LogWindows: Failed to load 'OVRPlugin.dll' (GetLastError=126)
[2020.04.21-20.39.32:133][  0]LogWindows: File 'OVRPlugin.dll' does not exist
[2020.04.21-20.39.33:428][  0]LogEngine: Initializing Engine...
[2020.04.21-20.39.33:475][  0]LogHMD: Failed to initialize OpenVR with code 110
[2020.04.21-20.39.33:508][  0]LogStats: UGameplayTagsManager::InitializeManager -  0.032 s
[2020.04.21-20.39.34:731][  0]LogInit: Initializing FReadOnlyCVARCache
[2020.04.21-20.39.35:044][  0]LogAIModule: Creating AISystem for world Untitled
[2020.04.21-20.39.35:322][  0]LogInit: XAudio2 using 'Altavoces (Realtek High Definition Audio)' : 2 channels at 48 kHz using 32 bits per sample (channel mask 0x3)
[2020.04.21-20.39.35:346][  0]LogInit: FAudioDevice initialized.
[2020.04.21-20.39.35:346][  0]LogNetVersion: Set ProjectVersion to 1.0.0.0. Version Checksum will be recalculated on next use.
[2020.04.21-20.39.35:548][  0]LogDerivedDataCache: Saved boot cache 0.20s 73MB C:/Users/guill/AppData/Local/UnrealEngine/4.23/DerivedDataCache/Boot.ddc.
[2020.04.21-20.39.35:553][  0]LogInit: Texture streaming: Enabled
[2020.04.21-20.39.35:799][  0]LogEngineSessionManager: EngineSessionManager initialized
[2020.04.21-20.39.35:799][  0]LogEditorSessionSummary: Verbose: Initializing EditorSessionSummaryWriter for editor session tracking
[2020.04.21-20.39.35:814][  0]LogEditorSessionSummary: EditorSessionSummaryWriter initialized
[2020.04.21-20.39.36:125][  0]LogInit: Transaction tracking system initialized
[2020.04.21-20.39.36:785][  0]BlueprintLog: New page: Editor Load
[2020.04.21-20.39.38:679][  0]LocalizationService: Localization service is disabled
[2020.04.21-20.39.44:314][  0]LogFileCache: Scanning file cache for directory 'C:/Users/guill/Desktop/secp/MyProject2/Content/' took 0.01s
[2020.04.21-20.39.44:314][  0]LogCook: Display: Max memory allowance for cook 16384mb min free memory 0mb
[2020.04.21-20.39.44:315][  0]LogCook: Display: Mobile HDR setting 1
[2020.04.21-20.39.49:858][  0]SourceControl: Source control is disabled
[2020.04.21-20.39.49:914][  0]Cmd: MAP LOAD FILE="C:/Users/guill/Desktop/secp/MyProject2/Content/TopDownBP/Maps/TopDownExampleMap.umap" TEMPLATE=0 SHOWPROGRESS=1 FEATURELEVEL=3
[2020.04.21-20.39.49:937][  0]LightingResults: New page: Lighting Build
[2020.04.21-20.39.50:070][  0]LogWorld: UWorld::CleanupWorld for Untitled, bSessionEnded=true, bCleanupResources=true
[2020.04.21-20.39.50:202][  0]MapCheck: New page: Map Check
[2020.04.21-20.39.50:202][  0]LightingResults: New page: Lighting Build
[2020.04.21-20.39.50:486][  0]LogUObjectHash: Compacting FUObjectHashTables data took   7.74ms
[2020.04.21-20.39.52:671][  0]LogProperty: Error: UStructProperty::Serialize Loading: Property 'StructProperty /Game/TopDownBP/Widgets/SmallProfile.SmallProfile_C:userData'. Unknown structure.
[2020.04.21-20.39.52:671][  0]LogClass: Warning: Property userData of userData has a struct type mismatch (tag STRUCT_REINST_UserInfo_11 != prop FallbackStruct) in package:  C:/Users/guill/Desktop/secp/MyProject2/Content/TopDownBP/Widgets/SmallProfile.uasset. If that struct got renamed, add an entry to ActiveStructRedirects.
[2020.04.21-20.39.53:847][  0]LogClass: Warning: Property userData of userData has a struct type mismatch (tag FallbackStruct != prop UserInfo) in package:  FObjectReader. If that struct got renamed, add an entry to ActiveStructRedirects.
[2020.04.21-20.39.55:287][  0]LogProperty: Error: UStructProperty::Serialize Loading: Property 'StructProperty /Game/TopDownBP/Blueprints/TopDownCharacter.TopDownCharacter_C:UserData'. Unknown structure.
[2020.04.21-20.39.55:288][  0]LogClass: Warning: Property UserData of UserData has a struct type mismatch (tag STRUCT_REINST_UserInfo_11 != prop FallbackStruct) in package:  C:/Users/guill/Desktop/secp/MyProject2/Content/TopDownBP/Blueprints/TopDownCharacter.uasset. If that struct got renamed, add an entry to ActiveStructRedirects.
[2020.04.21-20.39.55:425][  0]LogClass: Warning: Property UserData of UserData has a struct type mismatch (tag FallbackStruct != prop UserInfo) in package:  FObjectReader. If that struct got renamed, add an entry to ActiveStructRedirects.
[2020.04.21-20.39.56:521][  0]LogPhysics: Warning: Failed to cook TriMesh: /Game/TopDownBP/Assets/Character/Mesh/Extra/NoBarba.NoBarba.
[2020.04.21-20.39.56:521][  0]LogPhysics: Warning: Attempt to build physics data for /Game/TopDownBP/Assets/Character/Mesh/Extra/NoBarba.NoBarba:BodySetup_0 when we are unable to.
[2020.04.21-20.39.57:978][  0]LogAIModule: Creating AISystem for world TopDownExampleMap
[2020.04.21-20.39.58:647][  0]LogEditorServer: Finished looking for orphan Actors (0.000 secs)
[2020.04.21-20.39.58:818][  0]LogUObjectHash: Compacting FUObjectHashTables data took   3.65ms
[2020.04.21-20.39.58:818][  0]Cmd: MAP CHECKDEP NOCLEARLOG
[2020.04.21-20.39.58:837][  0]MapCheck: Map check complete: 0 Error(s), 0 Warning(s), took 18.625ms to complete.
[2020.04.21-20.39.58:837][  0]LogFileHelpers: Loading map 'TopDownExampleMap' took 8.947
[2020.04.21-20.40.00:592][  0]LogSlate: Updating window title bar state: overlay mode, drag disabled, window buttons hidden, title bar hidden
[2020.04.21-20.40.00:629][  0]LogSlate: Updating window title bar state: overlay mode, drag disabled, window buttons hidden, title bar hidden
[2020.04.21-20.40.00:647][  0]LogSlate: Updating window title bar state: overlay mode, drag disabled, window buttons hidden, title bar hidden
[2020.04.21-20.40.00:654][  0]LogSlate: Updating window title bar state: overlay mode, drag disabled, window buttons hidden, title bar hidden
[2020.04.21-20.40.00:737][  0]LogCollectionManager: Loaded 0 collections in 0.001027 seconds
[2020.04.21-20.40.00:834][  0]LogFileCache: Scanning file cache for directory 'C:/Users/guill/Desktop/secp/MyProject2/Saved/Collections/' took 0.00s
[2020.04.21-20.40.00:834][  0]LogFileCache: Scanning file cache for directory 'C:/Users/guill/Desktop/secp/MyProject2/Content/Developers/guill/Collections/' took 0.00s
[2020.04.21-20.40.00:834][  0]LogFileCache: Scanning file cache for directory 'C:/Users/guill/Desktop/secp/MyProject2/Content/Collections/' took 0.00s
[2020.04.21-20.40.00:834][  0]LogCollectionManager: Rebuilt the GUID cache for 0 collections in 0.000002 seconds
[2020.04.21-20.40.00:843][  0]LogContentBrowser: Native class hierarchy populated in 0.0095 seconds. Added 2891 classes and 693 folders.
[2020.04.21-20.40.00:928][  0]LogContentBrowser: Native class hierarchy updated for 'WidgetCarousel' in 0.0003 seconds. Added 0 classes and 0 folders.
[2020.04.21-20.40.02:997][  0]LogContentBrowser: Native class hierarchy updated for 'AddContentDialog' in 0.0007 seconds. Added 0 classes and 0 folders.
[2020.04.21-20.40.03:110][  0]LogContentBrowser: Native class hierarchy updated for 'SceneOutliner' in 0.0003 seconds. Added 1 classes and 2 folders.
[2020.04.21-20.40.04:208][  0]LogSlate: Took 0.041916 seconds to synchronously load lazily loaded font '../../../Engine/Content/Slate/Fonts/Roboto-Regular.ttf' (155K)
[2020.04.21-20.40.04:263][  0]LogSlate: Took 0.041736 seconds to synchronously load lazily loaded font '../../../Engine/Content/Slate/Fonts/Roboto-Bold.ttf' (160K)
[2020.04.21-20.40.04:352][  0]LogSlate: Took 0.042573 seconds to synchronously load lazily loaded font '../../../Engine/Content/Editor/Slate/Fonts/FontAwesome.ttf' (139K)
[2020.04.21-20.40.05:138][  0]LogRenderer: Reallocating scene render targets to support 1032x612 Format 10 NumSamples 1 (Frame:1).
[2020.04.21-20.40.05:799][  0]LogContentBrowser: Native class hierarchy updated for 'HierarchicalLODOutliner' in 0.0009 seconds. Added 0 classes and 0 folders.
[2020.04.21-20.40.05:799][  0]LogLoad: (Engine Initialization) Total time: 131.79 seconds
[2020.04.21-20.40.05:799][  0]LogLoad: (Engine Initialization) Total Blueprint compile time: 0.00 seconds
[2020.04.21-20.40.06:124][  0]LogContentStreaming: Texture pool size now 1000 MB
[2020.04.21-20.40.06:249][  0]LogSlate: Took 0.031319 seconds to synchronously load lazily loaded font '../../../Engine/Content/Slate/Fonts/Roboto-Light.ttf' (167K)
[2020.04.21-20.40.09:887][ 47]LogAssetRegistry: Asset discovery search completed in 88.1526 seconds
[2020.04.21-20.40.09:892][ 47]LogCollectionManager: Rebuilt the object cache for 0 collections in 0.000008 seconds (found 0 objects)
[2020.04.21-20.40.09:892][ 47]LogCollectionManager: Fixed up redirectors for 0 collections in 0.000060 seconds (updated 0 objects)
[2020.04.21-20.41.06:015][215]LogEditorSessionSummary: EditorSessionSummary sent report. Type=Shutdown, SessionId={AEC39E7D-4E60-40B3-3D28-B78F4C772C2C}
[2020.04.21-20.41.06:015][215]LogEditorSessionSummary: EditorSessionSummary sent report. Type=Shutdown, SessionId={7448BEAE-4213-1D62-C969-58AD01D24561}
[2020.04.21-20.41.56:005][547]LogSlate: FSceneViewport::OnFocusLost() reason 0
[2020.04.21-20.41.59:179][841]LogSlate: Took 0.000349 seconds to synchronously load lazily loaded font '../../../Engine/Content/Slate/Fonts/Roboto-Light.ttf' (167K)
[2020.04.21-20.41.59:189][841]LogAssetEditorManager: Opening Asset editor for Blueprint /Game/TopDownBP/Blueprints/TopDownGameMode.TopDownGameMode
[2020.04.21-20.41.59:923][841]LogEnum: Warning: Enum name collision: 'Sectores::Sectores_MAX' is in both '/Game/TopDownBP/Enum/Sectores.Sectores' and '/Game/TopDownBP/Enum/Sectores/Sectores.Sectores'
[2020.04.21-20.42.00:355][841]LogContentBrowser: Native class hierarchy updated for 'BlueprintGraph' in 0.0011 seconds. Added 121 classes and 0 folders.
[2020.04.21-20.42.08:554][463]LogAssetEditorManager: Opening Asset editor for Blueprint /Game/TopDownBP/Blueprints/NetworkControllerFolder/NetworkGameMode.NetworkGameMode
[2020.04.21-20.42.09:168][463]LogSlate: Took 0.050397 seconds to synchronously load lazily loaded font '../../../Engine/Content/Slate/Fonts/Roboto-BoldCondensed.ttf' (158K)
[2020.04.21-20.42.09:512][464]LogSlate: Took 0.021787 seconds to synchronously load lazily loaded font '../../../Engine/Content/Slate/Fonts/Roboto-Italic.ttf' (157K)
[2020.04.21-20.42.10:617][556]LogWorld: UWorld::CleanupWorld for World_5, bSessionEnded=true, bCleanupResources=true
[2020.04.21-21.03.44:069][642]LogUObjectHash: Compacting FUObjectHashTables data took   5.87ms
[2020.04.21-21.04.13:414][752]LogUObjectHash: Compacting FUObjectHashTables data took   1.23ms
[2020.04.21-21.04.13:699][752]LogSlate: Window 'NetworkGameMode' being destroyed
[2020.04.21-21.04.13:822][752]LogActorComponent: UnregisterComponent: (/Engine/Transient.EditorFloorComp) Not registered. Aborting.
[2020.04.21-21.04.13:822][752]LogWorld: UWorld::CleanupWorld for World_7, bSessionEnded=true, bCleanupResources=true
[2020.04.21-21.04.13:942][752]LogSlate: Window 'MyProject2 - Unreal Editor' being destroyed
[2020.04.21-21.04.13:943][752]LogWindowsTextInputMethodSystem: Display: IME system now deactivated.
[2020.04.21-21.04.14:547][753]Cmd: QUIT_EDITOR
[2020.04.21-21.04.15:287][753]LogExit: Preparing to exit.
[2020.04.21-21.04.16:757][753]LogWorld: UWorld::CleanupWorld for World_0, bSessionEnded=true, bCleanupResources=true
[2020.04.21-21.04.16:764][753]LogWorld: UWorld::CleanupWorld for World_1, bSessionEnded=true, bCleanupResources=true
[2020.04.21-21.04.16:771][753]LogWorld: UWorld::CleanupWorld for World_3, bSessionEnded=true, bCleanupResources=true
[2020.04.21-21.04.16:777][753]LogWorld: UWorld::CleanupWorld for World_4, bSessionEnded=true, bCleanupResources=true
[2020.04.21-21.04.16:781][753]LogWorld: UWorld::CleanupWorld for World_6, bSessionEnded=true, bCleanupResources=true
[2020.04.21-21.04.16:787][753]LogWorld: UWorld::CleanupWorld for World_2, bSessionEnded=true, bCleanupResources=true
[2020.04.21-21.04.17:044][753]LogDemo: Cleaned up 0 splitscreen connections with owner deletion
[2020.04.21-21.04.17:271][753]LogWorld: UWorld::CleanupWorld for None, bSessionEnded=true, bCleanupResources=true
[2020.04.21-21.04.17:294][753]LogExit: Editor shut down
[2020.04.21-21.04.17:295][753]LogExit: Transaction tracking system shut down
[2020.04.21-21.04.20:392][753]LogExit: Object subsystem successfully closed.
[2020.04.21-21.04.20:619][753]LogShaderCompilers: Display: Shaders left to compile 0
[2020.04.21-21.04.22:589][753]LogModuleManager: Shutting down and abandoning module BlueprintGraph (678)
[2020.04.21-21.04.22:589][753]LogModuleManager: Shutting down and abandoning module HierarchicalLODOutliner (676)
[2020.04.21-21.04.22:589][753]LogModuleManager: Shutting down and abandoning module SceneOutliner (674)
[2020.04.21-21.04.22:589][753]LogModuleManager: Shutting down and abandoning module AddContentDialog (672)
[2020.04.21-21.04.22:629][753]LogModuleManager: Shutting down and abandoning module WidgetCarousel (671)
[2020.04.21-21.04.22:629][753]LogModuleManager: Shutting down and abandoning module EditorWidgets (668)
[2020.04.21-21.04.22:629][753]LogModuleManager: Shutting down and abandoning module CollectionManager (666)
[2020.04.21-21.04.22:641][753]LogModuleManager: Shutting down and abandoning module StatsViewer (664)
[2020.04.21-21.04.22:658][753]LogModuleManager: Shutting down and abandoning module VirtualTexturingEditor (662)
[2020.04.21-21.04.22:658][753]LogModuleManager: Shutting down and abandoning module FoliageEdit (660)
[2020.04.21-21.04.22:673][753]LogModuleManager: Shutting down and abandoning module LandscapeEditor (658)
[2020.04.21-21.04.22:720][753]LogModuleManager: Shutting down and abandoning module MeshPaintMode (656)
[2020.04.21-21.04.22:720][753]LogModuleManager: Shutting down and abandoning module SceneDepthPickerMode (654)
[2020.04.21-21.04.22:720][753]LogModuleManager: Shutting down and abandoning module ActorPickerMode (652)
[2020.04.21-21.04.22:720][753]LogModuleManager: Shutting down and abandoning module GeometryMode (650)
[2020.04.21-21.04.22:734][753]LogModuleManager: Shutting down and abandoning module TextureAlignMode (648)
[2020.04.21-21.04.22:734][753]LogModuleManager: Shutting down and abandoning module BspMode (646)
[2020.04.21-21.04.22:734][753]LogModuleManager: Shutting down and abandoning module PIEPreviewDeviceProfileSelector (644)
[2020.04.21-21.04.22:735][753]LogModuleManager: Shutting down and abandoning module SequenceRecorderSections (642)
[2020.04.21-21.04.22:750][753]LogModuleManager: Shutting down and abandoning module AutomationWorker (640)
[2020.04.21-21.04.22:750][753]LogModuleManager: Shutting down and abandoning module OculusMR (638)
[2020.04.21-21.04.22:750][753]LogModuleManager: Shutting down and abandoning module AudioCaptureEditor (636)
[2020.04.21-21.04.22:763][753]LogModuleManager: Shutting down and abandoning module MatineeToLevelSequence (634)
[2020.04.21-21.04.22:783][753]LogModuleManager: Shutting down and abandoning module LevelSequenceEditor (632)
[2020.04.21-21.04.22:849][753]LogModuleManager: Shutting down and abandoning module PlacementMode (631)
[2020.04.21-21.04.22:849][753]LogModuleManager: Shutting down and abandoning module MaterialEditor (630)
[2020.04.21-21.04.22:894][753]LogModuleManager: Shutting down and abandoning module ActorSequenceEditor (626)
[2020.04.21-21.04.22:910][753]LogModuleManager: Shutting down and abandoning module WmfMediaFactory (624)
[2020.04.21-21.04.22:910][753]LogModuleManager: Shutting down and abandoning module WmfMediaEditor (622)
[2020.04.21-21.04.22:910][753]LogModuleManager: Shutting down and abandoning module WebMMediaFactory (620)
[2020.04.21-21.04.22:910][753]LogModuleManager: Shutting down and abandoning module WebMMediaEditor (618)
[2020.04.21-21.04.22:910][753]LogModuleManager: Shutting down and abandoning module WebMMedia (616)
[2020.04.21-21.04.22:910][753]LogModuleManager: Shutting down and abandoning module MediaPlayerEditor (614)
[2020.04.21-21.04.22:934][753]LogModuleManager: Shutting down and abandoning module MediaCompositingEditor (612)
[2020.04.21-21.04.22:979][753]LogModuleManager: Shutting down and abandoning module SequenceRecorder (611)
[2020.04.21-21.04.22:979][753]LogModuleManager: Shutting down and abandoning module OpenExrWrapper (608)
[2020.04.21-21.04.22:979][753]LogModuleManager: Shutting down and abandoning module ImgMediaFactory (606)
[2020.04.21-21.04.22:979][753]LogModuleManager: Shutting down and abandoning module ImgMediaEditor (604)
[2020.04.21-21.04.22:979][753]LogModuleManager: Shutting down and abandoning module AvfMediaFactory (602)
[2020.04.21-21.04.22:979][753]LogModuleManager: Shutting down and abandoning module AvfMediaEditor (600)
[2020.04.21-21.04.22:979][753]LogModuleManager: Shutting down and abandoning module AndroidMediaFactory (598)
[2020.04.21-21.04.22:979][753]LogModuleManager: Shutting down and abandoning module AndroidMediaEditor (596)
[2020.04.21-21.04.22:979][753]LogModuleManager: Shutting down and abandoning module MagicLeapCameraPreviewFactory (594)
[2020.04.21-21.04.22:979][753]LogModuleManager: Shutting down and abandoning module MagicLeapMediaCodecFactory (592)
[2020.04.21-21.04.22:979][753]LogModuleManager: Shutting down and abandoning module MagicLeapMediaFactory (590)
[2020.04.21-21.04.22:979][753]LogModuleManager: Shutting down and abandoning module MagicLeapMediaEditor (588)
[2020.04.21-21.04.22:979][753]LogModuleManager: Shutting down and abandoning module CharacterAI (586)
[2020.04.21-21.04.22:979][753]LogModuleManager: Shutting down and abandoning module SmartSnapping (584)
[2020.04.21-21.04.22:979][753]LogModuleManager: Shutting down and abandoning module SessionServices (582)
[2020.04.21-21.04.22:980][753]LogModuleManager: Shutting down and abandoning module MeshPaint (580)
[2020.04.21-21.04.23:005][753]LogModuleManager: Shutting down and abandoning module ViewportSnapping (578)
[2020.04.21-21.04.23:005][753]LogModuleManager: Shutting down and abandoning module ViewportInteraction (576)
[2020.04.21-21.04.23:005][753]LogModuleManager: Shutting down and abandoning module ClothPainter (574)
[2020.04.21-21.04.23:055][753]LogModuleManager: Shutting down and abandoning module SkeletalMeshEditor (573)
[2020.04.21-21.04.23:078][753]LogModuleManager: Shutting down and abandoning module LogVisualizer (570)
[2020.04.21-21.04.23:096][753]LogModuleManager: Shutting down and abandoning module IntroTutorials (568)
[2020.04.21-21.04.23:096][753]LogModuleManager: Shutting down and abandoning module GameProjectGeneration (567)
[2020.04.21-21.04.23:109][753]LogModuleManager: Shutting down and abandoning module LuminPlatformEditor (564)
[2020.04.21-21.04.23:109][753]LogModuleManager: Shutting down and abandoning module IOSPlatformEditor (562)
[2020.04.21-21.04.23:123][753]LogModuleManager: Shutting down and abandoning module HTML5PlatformEditor (560)
[2020.04.21-21.04.23:123][753]LogModuleManager: Shutting down and abandoning module AndroidPlatformEditor (558)
[2020.04.21-21.04.23:123][753]LogModuleManager: Shutting down and abandoning module AndroidDeviceDetection (557)
[2020.04.21-21.04.24:128][753]LogModuleManager: Shutting down and abandoning module WindowsPlatformEditor (554)
[2020.04.21-21.04.24:128][753]LogModuleManager: Shutting down and abandoning module LuminRuntimeSettings (552)
[2020.04.21-21.04.24:128][753]LogModuleManager: Shutting down and abandoning module IOSRuntimeSettings (550)
[2020.04.21-21.04.24:128][753]LogModuleManager: Shutting down and abandoning module AndroidRuntimeSettings (548)
[2020.04.21-21.04.24:128][753]LogModuleManager: Shutting down and abandoning module TimeManagementEditor (546)
[2020.04.21-21.04.24:128][753]LogModuleManager: Shutting down and abandoning module InputBindingEditor (544)
[2020.04.21-21.04.24:156][753]LogModuleManager: Shutting down and abandoning module MergeActors (542)
[2020.04.21-21.04.24:178][753]LogModuleManager: Shutting down and abandoning module LocalizationDashboard (540)
[2020.04.21-21.04.24:196][753]LogModuleManager: Shutting down and abandoning module LocalizationService (539)
[2020.04.21-21.04.24:211][753]LogModuleManager: Shutting down and abandoning module HardwareTargeting (536)
[2020.04.21-21.04.24:211][753]LogModuleManager: Shutting down and abandoning module DeviceProfileEditor (534)
[2020.04.21-21.04.24:225][753]LogModuleManager: Shutting down and abandoning module UndoHistory (532)
[2020.04.21-21.04.24:239][753]LogModuleManager: Shutting down and abandoning module XmlParser (530)
[2020.04.21-21.04.24:254][753]LogModuleManager: Shutting down and abandoning module Blutility (528)
[2020.04.21-21.04.24:271][753]LogModuleManager: Shutting down and abandoning module ProjectSettingsViewer (526)
[2020.04.21-21.04.24:271][753]LogModuleManager: Shutting down and abandoning module ProjectTargetPlatformEditor (525)
[2020.04.21-21.04.24:271][753]LogModuleManager: Shutting down and abandoning module EditorSettingsViewer (522)
[2020.04.21-21.04.24:271][753]LogModuleManager: Shutting down and abandoning module SettingsEditor (520)
[2020.04.21-21.04.24:292][753]LogModuleManager: Shutting down and abandoning module ProjectLauncher (518)
[2020.04.21-21.04.24:310][753]LogModuleManager: Shutting down and abandoning module SessionFrontend (516)
[2020.04.21-21.04.24:317][753]LogModuleManager: Shutting down and abandoning module ProfilerClient (514)
[2020.04.21-21.04.24:326][753]LogModuleManager: Shutting down and abandoning module DeviceManager (512)
[2020.04.21-21.04.24:340][753]LogModuleManager: Shutting down and abandoning module TargetDeviceServices (511)
[2020.04.21-21.04.24:409][753]LogModuleManager: Shutting down and abandoning module AutomationController (508)
[2020.04.21-21.04.24:434][753]LogModuleManager: Shutting down and abandoning module AutomationWindow (506)
[2020.04.21-21.04.24:462][753]LogModuleManager: Shutting down and abandoning module Layers (504)
[2020.04.21-21.04.24:500][753]LogModuleManager: Shutting down and abandoning module ComponentVisualizers (502)
[2020.04.21-21.04.24:500][753]LogModuleManager: Shutting down and abandoning module DetailCustomizations (500)
[2020.04.21-21.04.24:517][753]LogModuleManager: Shutting down and abandoning module PackagesDialog (498)
[2020.04.21-21.04.24:518][753]LogModuleManager: Shutting down and abandoning module AnimationBlueprintEditor (496)
[2020.04.21-21.04.24:563][753]LogModuleManager: Shutting down and abandoning module Persona (494)
[2020.04.21-21.04.24:597][753]LogModuleManager: Shutting down and abandoning module AdvancedPreviewScene (493)
[2020.04.21-21.04.24:597][753]LogModuleManager: Shutting down and abandoning module AnimGraph (491)
[2020.04.21-21.04.24:597][753]LogModuleManager: Shutting down and abandoning module Kismet (488)
[2020.04.21-21.04.24:623][753]LogModuleManager: Shutting down and abandoning module KismetWidgets (487)
[2020.04.21-21.04.24:633][753]LogModuleManager: Shutting down and abandoning module GraphEditor (484)
[2020.04.21-21.04.24:633][753]LogModuleManager: Shutting down and abandoning module StructViewer (482)
[2020.04.21-21.04.24:633][753]LogModuleManager: Shutting down and abandoning module ClassViewer (480)
[2020.04.21-21.04.24:633][753]LogModuleManager: Shutting down and abandoning module Toolbox (478)
[2020.04.21-21.04.24:633][753]LogModuleManager: Shutting down and abandoning module ModuleUI (476)
[2020.04.21-21.04.24:644][753]LogModuleManager: Shutting down and abandoning module MovieSceneTools (474)
[2020.04.21-21.04.24:678][753]LogModuleManager: Shutting down and abandoning module OutputLog (472)
[2020.04.21-21.04.24:684][753]LogModuleManager: Shutting down and abandoning module GammaUI (470)
[2020.04.21-21.04.24:706][753]LogModuleManager: Shutting down and abandoning module Documentation (468)
[2020.04.21-21.04.24:706][753]LogModuleManager: Shutting down and abandoning module LiveCoding (466)
[2020.04.21-21.04.24:735][753]LogModuleManager: Shutting down and abandoning module LevelSequence (464)
[2020.04.21-21.04.24:735][753]LogModuleManager: Shutting down and abandoning module MovieSceneTracks (462)
[2020.04.21-21.04.24:735][753]LogModuleManager: Shutting down and abandoning module MovieScene (460)
[2020.04.21-21.04.24:749][753]LogModuleManager: Shutting down and abandoning module StreamingPauseRendering (458)
[2020.04.21-21.04.24:760][753]LogModuleManager: Shutting down and abandoning module LauncherPlatform (456)
[2020.04.21-21.04.24:760][753]LogModuleManager: Shutting down and abandoning module AnalyticsET (454)
[2020.04.21-21.04.24:760][753]LogModuleManager: Shutting down and abandoning module PortalServices (452)
[2020.04.21-21.04.24:760][753]LogModuleManager: Shutting down and abandoning module PortalRpc (450)
[2020.04.21-21.04.24:760][753]LogModuleManager: Shutting down and abandoning module MessagingRpc (448)
[2020.04.21-21.04.24:761][753]LogModuleManager: Shutting down and abandoning module AIModule (446)
[2020.04.21-21.04.24:769][753]LogModuleManager: Shutting down and abandoning module GameplayDebugger (445)
[2020.04.21-21.04.24:783][753]LogModuleManager: Shutting down and abandoning module AITestSuite (443)
[2020.04.21-21.04.24:783][753]LogModuleManager: Shutting down and abandoning module NavigationSystem (441)
[2020.04.21-21.04.24:783][753]LogModuleManager: Shutting down and abandoning module DesktopPlatform (438)
[2020.04.21-21.04.24:802][753]LogModuleManager: Shutting down and abandoning module ImageWriteQueue (436)
[2020.04.21-21.04.24:804][753]LogModuleManager: Shutting down and abandoning module ProfilerService (434)
[2020.04.21-21.04.24:934][753]LogModuleManager: Shutting down and abandoning module TaskGraph (432)
[2020.04.21-21.04.24:970][753]LogModuleManager: Shutting down and abandoning module ScreenshotTools (430)
[2020.04.21-21.04.24:970][753]LogModuleManager: Shutting down and abandoning module SteamVRController (428)
[2020.04.21-21.04.24:970][753]LogModuleManager: Shutting down and abandoning module ProceduralMeshComponentEditor (426)
[2020.04.21-21.04.24:970][753]LogModuleManager: Shutting down and abandoning module ProceduralMeshComponent (424)
[2020.04.21-21.04.24:986][753]LogModuleManager: Shutting down and abandoning module OculusEditor (422)
[2020.04.21-21.04.24:986][753]LogModuleManager: Shutting down and abandoning module OculusInput (420)
[2020.04.21-21.04.24:986][753]LogModuleManager: Shutting down and abandoning module MobilePatchingUtils (418)
[2020.04.21-21.04.24:986][753]LogModuleManager: Shutting down and abandoning module EditableMesh (416)
[2020.04.21-21.04.25:001][753]LogModuleManager: Shutting down and abandoning module CustomMeshComponent (414)
[2020.04.21-21.04.25:001][753]LogModuleManager: Shutting down and abandoning module CableComponent (412)
[2020.04.21-21.04.25:001][753]LogModuleManager: Shutting down and abandoning module AudioCapture (410)
[2020.04.21-21.04.25:001][753]LogModuleManager: Shutting down and abandoning module ArchVisCharacter (408)
[2020.04.21-21.04.25:001][753]LogModuleManager: Shutting down and abandoning module AppleImageUtilsBlueprintSupport (406)
[2020.04.21-21.04.25:001][753]LogModuleManager: Shutting down and abandoning module AppleImageUtils (404)
[2020.04.21-21.04.25:001][753]LogModuleManager: Shutting down and abandoning module AndroidPermission (402)
[2020.04.21-21.04.25:001][753]LogModuleManager: Shutting down and abandoning module NUTUnrealEngine4 (398)
[2020.04.21-21.04.25:017][753]LogModuleManager: Shutting down and abandoning module NetcodeUnitTest (396)
[2020.04.21-21.04.25:030][753]LogModuleManager: Shutting down and abandoning module MediaCompositing (394)
[2020.04.21-21.04.25:030][753]LogModuleManager: Shutting down and abandoning module ImgMedia (392)
[2020.04.21-21.04.25:048][753]LogModuleManager: Shutting down and abandoning module MagicLeapHelperVulkan (390)
[2020.04.21-21.04.25:048][753]LogModuleManager: Shutting down and abandoning module MagicLeapHelperOpenGL (388)
[2020.04.21-21.04.25:049][753]LogModuleManager: Shutting down and abandoning module MagicLeapAudio (386)
[2020.04.21-21.04.25:065][753]LogModuleManager: Shutting down and abandoning module HTML5Networking (384)
[2020.04.21-21.04.25:065][753]LogModuleManager: Shutting down and abandoning module GeometryCacheTracks (382)
[2020.04.21-21.04.25:065][753]LogModuleManager: Shutting down and abandoning module GeometryCacheSequencer (380)
[2020.04.21-21.04.25:065][753]LogModuleManager: Shutting down and abandoning module BackChannel (378)
[2020.04.21-21.04.25:085][753]LogModuleManager: Shutting down and abandoning module AutomationUtilsEditor (376)
[2020.04.21-21.04.25:085][753]LogModuleManager: Shutting down and abandoning module AutomationUtils (374)
[2020.04.21-21.04.25:085][753]LogModuleManager: Shutting down and abandoning module AlembicImporter (372)
[2020.04.21-21.04.25:102][753]LogModuleManager: Shutting down and abandoning module AlembicLibrary (371)
[2020.04.21-21.04.25:102][753]LogModuleManager: Shutting down and abandoning module GeometryCache (370)
[2020.04.21-21.04.25:102][753]LogModuleManager: Shutting down and abandoning module GeometryCacheEd (369)
[2020.04.21-21.04.25:102][753]LogModuleManager: Shutting down and abandoning module VariantManagerContent (364)
[2020.04.21-21.04.25:102][753]LogModuleManager: Shutting down and abandoning module DatasmithContentEditor (362)
[2020.04.21-21.04.25:102][753]LogModuleManager: Shutting down and abandoning module SpeedTreeImporter (360)
[2020.04.21-21.04.25:102][753]LogModuleManager: Shutting down and abandoning module PluginBrowser (358)
[2020.04.21-21.04.25:135][753]LogModuleManager: Shutting down and abandoning module MobileLauncherProfileWizard (356)
[2020.04.21-21.04.25:154][753]LogModuleManager: Shutting down and abandoning module MaterialAnalyzer (354)
[2020.04.21-21.04.25:169][753]LogModuleManager: Shutting down and abandoning module CurveEditorTools (352)
[2020.04.21-21.04.25:198][753]LogModuleManager: Shutting down and abandoning module CurveEditor (351)
[2020.04.21-21.04.25:230][753]LogModuleManager: Shutting down and abandoning module CryptoKeysOpenSSL (348)
[2020.04.21-21.04.25:230][753]LogModuleManager: Shutting down and abandoning module CryptoKeys (346)
[2020.04.21-21.04.25:230][753]LogModuleManager: Shutting down and abandoning module VisualStudioSourceCodeAccess (344)
[2020.04.21-21.04.25:245][753]LogModuleManager: Shutting down and abandoning module VisualStudioCodeSourceCodeAccess (342)
[2020.04.21-21.04.25:245][753]LogModuleManager: Shutting down and abandoning module UObjectPlugin (340)
[2020.04.21-21.04.25:245][753]LogModuleManager: Shutting down and abandoning module SubversionSourceControl (338)
[2020.04.21-21.04.25:271][753]LogModuleManager: Shutting down and abandoning module PerforceSourceControl (336)
[2020.04.21-21.04.25:281][753]LogModuleManager: Shutting down and abandoning module GitSourceControl (334)
[2020.04.21-21.04.25:311][753]LogModuleManager: Shutting down and abandoning module SourceControl (333)
[2020.04.21-21.04.25:311][753]LogModuleManager: Shutting down and abandoning module CLionSourceCodeAccess (330)
[2020.04.21-21.04.25:311][753]LogModuleManager: Shutting down and abandoning module AnimationSharingEd (328)
[2020.04.21-21.04.25:311][753]LogModuleManager: Shutting down and abandoning module ActorLayerUtilitiesEditor (326)
[2020.04.21-21.04.25:311][753]LogModuleManager: Shutting down and abandoning module ActorLayerUtilities (324)
[2020.04.21-21.04.25:311][753]LogModuleManager: Shutting down and abandoning module LightPropagationVolumeEditor (322)
[2020.04.21-21.04.25:311][753]LogModuleManager: Shutting down and abandoning module PaperTiledImporter (320)
[2020.04.21-21.04.25:311][753]LogModuleManager: Shutting down and abandoning module PaperSpriteSheetImporter (318)
[2020.04.21-21.04.25:311][753]LogModuleManager: Shutting down and abandoning module Paper2DEditor (316)
[2020.04.21-21.04.25:335][753]LogModuleManager: Shutting down and abandoning module AdvancedSteamSessions (314)
[2020.04.21-21.04.25:335][753]LogModuleManager: Shutting down and abandoning module AdvancedSessions (312)
[2020.04.21-21.04.25:335][753]LogModuleManager: Shutting down and abandoning module SignificanceManager (310)
[2020.04.21-21.04.25:335][753]LogModuleManager: Shutting down and abandoning module RuntimePhysXCooking (308)
[2020.04.21-21.04.25:335][753]LogModuleManager: Shutting down and abandoning module PhysXVehiclesEditor (306)
[2020.04.21-21.04.25:335][753]LogModuleManager: Shutting down and abandoning module LocationServicesBPLibrary (302)
[2020.04.21-21.04.25:335][753]LogModuleManager: Shutting down and abandoning module ActorSequence (300)
[2020.04.21-21.04.25:335][753]LogModuleManager: Shutting down and abandoning module UdpMessaging (298)
[2020.04.21-21.04.25:436][753]LogModuleManager: Shutting down and abandoning module TcpMessaging (296)
[2020.04.21-21.04.25:548][753]LogModuleManager: Shutting down and abandoning module MagicLeapIdentity (294)
[2020.04.21-21.04.25:548][753]LogModuleManager: Shutting down and abandoning module MagicLeapSecureStorage (292)
[2020.04.21-21.04.25:548][753]LogModuleManager: Shutting down and abandoning module MagicLeapHandTracking (290)
[2020.04.21-21.04.25:564][753]LogModuleManager: Shutting down and abandoning module MagicLeapEyeTracker (288)
[2020.04.21-21.04.25:564][753]LogModuleManager: Shutting down and abandoning module MagicLeapController (286)
[2020.04.21-21.04.25:564][753]LogSlate: Slate User Destroyed.  User Index 0, Is Virtual User: 0
[2020.04.21-21.04.25:564][753]LogModuleManager: Shutting down and abandoning module MagicLeapAR (284)
[2020.04.21-21.04.25:564][753]LogModuleManager: Shutting down and abandoning module AugmentedReality (283)
[2020.04.21-21.04.25:564][753]LogModuleManager: Shutting down and abandoning module GameplayTagsEditor (280)
[2020.04.21-21.04.25:582][753]LogModuleManager: Shutting down and abandoning module FacialAnimationEditor (278)
[2020.04.21-21.04.25:582][753]LogModuleManager: Shutting down and abandoning module FacialAnimation (276)
[2020.04.21-21.04.25:582][753]LogModuleManager: Shutting down and abandoning module DataValidation (274)
[2020.04.21-21.04.25:603][753]LogModuleManager: Shutting down and abandoning module AssetManagerEditor (272)
[2020.04.21-21.04.25:629][753]LogModuleManager: Shutting down and abandoning module LevelEditor (271)
[2020.04.21-21.04.25:693][753]LogModuleManager: Shutting down and abandoning module PixelInspectorModule (270)
[2020.04.21-21.04.25:725][753]LogModuleManager: Shutting down and abandoning module CommonMenuExtensions (268)
[2020.04.21-21.04.25:725][753]LogModuleManager: Shutting down and abandoning module MainFrame (266)
[2020.04.21-21.04.25:734][753]LogModuleManager: Shutting down and abandoning module HotReload (265)
[2020.04.21-21.04.25:755][753]LogModuleManager: Shutting down and abandoning module ContentBrowser (261)
[2020.04.21-21.04.25:756][753]LogModuleManager: Shutting down and abandoning module TreeMap (259)
[2020.04.21-21.04.25:772][753]LogModuleManager: Shutting down and abandoning module AnimationSharing (256)
[2020.04.21-21.04.25:772][753]LogModuleManager: Shutting down and abandoning module LightPropagationVolumeRuntime (254)
[2020.04.21-21.04.25:772][753]LogModuleManager: Shutting down and abandoning module Paper2D (252)
[2020.04.21-21.04.25:789][753]LogModuleManager: Shutting down and abandoning module WindowsMoviePlayer (250)
[2020.04.21-21.04.25:816][753]LogModuleManager: Shutting down and abandoning module WebMMoviePlayer (248)
[2020.04.21-21.04.25:831][753]LogModuleManager: Shutting down and abandoning module TcpSocketPlugin (246)
[2020.04.21-21.04.25:831][753]LogModuleManager: Shutting down and abandoning module NetworkReplayStreaming (244)
[2020.04.21-21.04.25:831][753]LogModuleManager: Shutting down and abandoning module PacketHandler (242)
[2020.04.21-21.04.25:831][753]LogModuleManager: Shutting down and abandoning module ClothingSystemEditor (240)
[2020.04.21-21.04.25:831][753]LogModuleManager: Shutting down and abandoning module ClothingSystemRuntime (238)
[2020.04.21-21.04.25:863][753]LogModuleManager: Shutting down and abandoning module MediaAssets (236)
[2020.04.21-21.04.25:863][753]LogModuleManager: Shutting down and abandoning module Overlay (234)
[2020.04.21-21.04.25:863][753]LogModuleManager: Shutting down and abandoning module OverlayEditor (233)
[2020.04.21-21.04.25:863][753]LogModuleManager: Shutting down and abandoning module VREditor (230)
[2020.04.21-21.04.25:892][753]LogModuleManager: Shutting down and abandoning module StringTableEditor (228)
[2020.04.21-21.04.25:916][753]LogModuleManager: Shutting down and abandoning module GameplayTasksEditor (226)
[2020.04.21-21.04.25:917][753]LogModuleManager: Shutting down and abandoning module BehaviorTreeEditor (224)
[2020.04.21-21.04.25:946][753]LogModuleManager: Shutting down and abandoning module FunctionalTesting (222)
[2020.04.21-21.04.25:959][753]LogModuleManager: Shutting down and abandoning module CollisionAnalyzer (220)
[2020.04.21-21.04.25:984][753]LogModuleManager: Shutting down and abandoning module WorkspaceMenuStructure (219)
[2020.04.21-21.04.25:992][753]LogModuleManager: Shutting down and abandoning module UMG (216)
[2020.04.21-21.04.26:009][753]LogModuleManager: Shutting down and abandoning module UMGEditor (215)
[2020.04.21-21.04.26:026][753]LogModuleManager: Shutting down and abandoning module Sequencer (214)
[2020.04.21-21.04.26:095][753]LogModuleManager: Shutting down and abandoning module MessageLog (211)
[2020.04.21-21.04.26:095][753]LogModuleManager: Shutting down and abandoning module SlateReflector (206)
[2020.04.21-21.04.26:141][753]LogModuleManager: Shutting down and abandoning module Slate (204)
[2020.04.21-21.04.26:141][753]LogModuleManager: Shutting down and abandoning module LandscapeEditorUtilities (202)
[2020.04.21-21.04.26:141][753]LogModuleManager: Shutting down and abandoning module EditorStyle (200)
[2020.04.21-21.04.26:151][753]LogModuleManager: Shutting down and abandoning module UnrealEd (198)
[2020.04.21-21.04.26:151][753]LogModuleManager: Shutting down and abandoning module MRMesh (196)
[2020.04.21-21.04.26:151][753]LogModuleManager: Shutting down and abandoning module SourceCodeAccess (194)
[2020.04.21-21.04.26:151][753]LogModuleManager: Shutting down and abandoning module HeadMountedDisplay (192)
[2020.04.21-21.04.26:165][753]LogModuleManager: Shutting down and abandoning module XAudio2 (190)
[2020.04.21-21.04.26:165][753]LogModuleManager: Shutting down and abandoning module Networking (188)
[2020.04.21-21.04.26:165][753]LogModuleManager: Shutting down and abandoning module Core (186)
[2020.04.21-21.04.26:165][753]LogModuleManager: Shutting down and abandoning module KismetCompiler (184)
[2020.04.21-21.04.26:165][753]LogModuleManager: Shutting down and abandoning module MeshUtilities (182)
[2020.04.21-21.04.26:165][753]LogModuleManager: Shutting down and abandoning module MeshMergeUtilities (181)
[2020.04.21-21.04.26:177][753]LogModuleManager: Shutting down and abandoning module MeshReductionInterface (180)
[2020.04.21-21.04.26:177][753]LogModuleManager: Shutting down and abandoning module SkeletalMeshReduction (179)
[2020.04.21-21.04.26:200][753]LogModuleManager: Shutting down and abandoning module ProxyLODMeshReduction (177)
[2020.04.21-21.04.26:240][753]LogModuleManager: Shutting down and abandoning module QuadricMeshReduction (175)
[2020.04.21-21.04.26:256][753]LogModuleManager: Shutting down and abandoning module MaterialBaking (171)
[2020.04.21-21.04.26:270][753]LogModuleManager: Shutting down and abandoning module NullInstallBundleManager (166)
[2020.04.21-21.04.26:270][753]LogModuleManager: Shutting down and abandoning module DerivedDataCache (164)
[2020.04.21-21.04.26:288][753]LogDerivedDataCache: Shutdown
[2020.04.21-21.04.26:293][753]LogModuleManager: Shutting down and abandoning module XGEController (162)
[2020.04.21-21.04.26:293][753]LogXGEController: Cleaning working directory: C:/Users/guill/AppData/Local/Temp/UnrealXGEWorkingDir/
[2020.04.21-21.04.26:320][753]LogModuleManager: Shutting down and abandoning module TargetPlatform (160)
[2020.04.21-21.04.26:339][753]LogModuleManager: Shutting down and abandoning module VulkanShaderFormat (159)
[2020.04.21-21.04.26:371][753]LogModuleManager: Shutting down and abandoning module ShaderFormatVectorVM (157)
[2020.04.21-21.04.26:410][753]LogModuleManager: Shutting down and abandoning module ShaderFormatOpenGL (155)
[2020.04.21-21.04.26:420][753]LogModuleManager: Shutting down and abandoning module ShaderFormatD3D (153)
[2020.04.21-21.04.26:438][753]LogModuleManager: Shutting down and abandoning module MetalShaderFormat (151)
[2020.04.21-21.04.26:465][753]LogModuleManager: Shutting down and abandoning module TextureFormatUncompressed (149)
[2020.04.21-21.04.26:465][753]LogModuleManager: Shutting down and abandoning module TextureFormatPVR (147)
[2020.04.21-21.04.26:465][753]LogModuleManager: Shutting down and abandoning module TextureFormatDXT (145)
[2020.04.21-21.04.26:487][753]LogModuleManager: Shutting down and abandoning module TextureFormatIntelISPCTexComp (143)
[2020.04.21-21.04.26:499][753]LogModuleManager: Shutting down and abandoning module TextureFormatASTC (141)
[2020.04.21-21.04.26:499][753]LogModuleManager: Shutting down and abandoning module ImageWrapper (140)
[2020.04.21-21.04.26:499][753]LogModuleManager: Shutting down and abandoning module TextureFormatAndroid (137)
[2020.04.21-21.04.26:499][753]LogModuleManager: Shutting down and abandoning module AudioFormatOpus (135)
[2020.04.21-21.04.26:517][753]LogModuleManager: Shutting down and abandoning module AudioFormatOgg (133)
[2020.04.21-21.04.26:517][753]LogModuleManager: Shutting down and abandoning module AudioFormatADPCM (131)
[2020.04.21-21.04.26:517][753]LogModuleManager: Shutting down and abandoning module LuminTargetPlatform (129)
[2020.04.21-21.04.26:549][753]LogModuleManager: Shutting down and abandoning module LinuxTargetPlatform (127)
[2020.04.21-21.04.26:549][753]LogModuleManager: Shutting down and abandoning module LinuxServerTargetPlatform (125)
[2020.04.21-21.04.26:566][753]LogModuleManager: Shutting down and abandoning module LinuxNoEditorTargetPlatform (123)
[2020.04.21-21.04.26:579][753]LogModuleManager: Shutting down and abandoning module LinuxClientTargetPlatform (121)
[2020.04.21-21.04.26:588][753]LogModuleManager: Shutting down and abandoning module TVOSTargetPlatform (119)
[2020.04.21-21.04.26:589][753]LogModuleManager: Shutting down and abandoning module Messaging (117)
[2020.04.21-21.04.26:589][753]LogModuleManager: Shutting down and abandoning module IOSTargetPlatform (115)
[2020.04.21-21.04.26:590][753]LogModuleManager: Shutting down and abandoning module HTML5TargetPlatform (113)
[2020.04.21-21.04.26:590][753]LogModuleManager: Shutting down and abandoning module AndroidTargetPlatform (111)
[2020.04.21-21.04.26:598][753]LogModuleManager: Shutting down and abandoning module WindowsTargetPlatform (109)
[2020.04.21-21.04.26:598][753]LogModuleManager: Shutting down and abandoning module WindowsServerTargetPlatform (107)
[2020.04.21-21.04.26:598][753]LogModuleManager: Shutting down and abandoning module WindowsNoEditorTargetPlatform (105)
[2020.04.21-21.04.26:598][753]LogModuleManager: Shutting down and abandoning module WindowsClientTargetPlatform (103)
[2020.04.21-21.04.26:598][753]LogModuleManager: Shutting down and abandoning module MacTargetPlatform (101)
[2020.04.21-21.04.26:598][753]LogModuleManager: Shutting down and abandoning module MacServerTargetPlatform (99)
[2020.04.21-21.04.26:598][753]LogModuleManager: Shutting down and abandoning module MacNoEditorTargetPlatform (97)
[2020.04.21-21.04.26:598][753]LogModuleManager: Shutting down and abandoning module MacClientTargetPlatform (95)
[2020.04.21-21.04.26:598][753]LogModuleManager: Shutting down and abandoning module AllDesktopTargetPlatform (93)
[2020.04.21-21.04.26:598][753]LogModuleManager: Shutting down and abandoning module InputCore (90)
[2020.04.21-21.04.26:598][753]LogModuleManager: Shutting down and abandoning module Settings (88)
[2020.04.21-21.04.26:598][753]LogModuleManager: Shutting down and abandoning module DirectoryWatcher (86)
[2020.04.21-21.04.26:598][753]LogModuleManager: Shutting down and abandoning module PhysXCooking (84)
[2020.04.21-21.04.26:598][753]LogModuleManager: Shutting down and abandoning module WindowsPlatformFeatures (82)
[2020.04.21-21.04.26:598][753]LogModuleManager: Shutting down and abandoning module GameplayMediaEncoder (81)
[2020.04.21-21.04.26:616][753]LogModuleManager: Shutting down and abandoning module SteamVR (78)
[2020.04.21-21.04.26:626][753]LogHMD: Freeing OpenVRDLLHandle.
[2020.04.21-21.04.26:626][753]LogModuleManager: Shutting down and abandoning module OculusHMD (76)
[2020.04.21-21.04.26:639][753]LogModuleManager: Shutting down and abandoning module ExampleDeviceProfileSelector (74)
[2020.04.21-21.04.26:639][753]LogModuleManager: Shutting down and abandoning module LauncherChunkInstaller (72)
[2020.04.21-21.04.26:640][753]LogModuleManager: Shutting down and abandoning module OnlineBlueprintSupport (70)
[2020.04.21-21.04.26:640][753]LogModuleManager: Shutting down and abandoning module OnlineSubsystem (66)
[2020.04.21-21.04.26:775][753]LogModuleManager: Shutting down and abandoning module XMPP (61)
[2020.04.21-21.04.26:792][753]LogModuleManager: Shutting down and abandoning module WebSockets (60)
[2020.04.21-21.04.26:840][753]LogModuleManager: Shutting down and abandoning module HTTP (57)
[2020.04.21-21.04.26:840][753]LogHttp: Display: Http module shutting down, but needs to wait on 1 outstanding Http requests:
[2020.04.21-21.04.26:840][753]LogHttp: Display: 	verb=[POST] url=[https://datarouter.ol.epicgames.com/datarouter/api/v1/public/data?SessionID=%7B49C5ACCB-4104-B42C-A0DC-E590C849C7AF%7D&AppID=UEEditor.Rocket.Release&AppVersion=4.23.1-9631420%2B%2B%2BUE4%2BRelease-4.23&UserID=573d294044725032294f4f85ed4ee69b%7Cb5daf4eb9e374074a66d50e195a2811c%7C42303269-42ad-4f32-b983-c8454ae7d94d&AppEnvironment=datacollector-binary&UploadType=eteventstream] status=Processing
[2020.04.21-21.04.26:859][753]LogModuleManager: Shutting down and abandoning module SSL (56)
[2020.04.21-21.04.26:861][753]LogModuleManager: Shutting down and abandoning module WmfMedia (52)
[2020.04.21-21.04.26:891][753]LogModuleManager: Shutting down and abandoning module Media (51)
[2020.04.21-21.04.26:892][753]LogModuleManager: Shutting down and abandoning module MagicLeap (48)
[2020.04.21-21.04.26:907][753]LogModuleManager: Shutting down and abandoning module DatasmithContent (46)
[2020.04.21-21.04.26:907][753]LogModuleManager: Shutting down and abandoning module AISupportModule (44)
[2020.04.21-21.04.26:907][753]LogModuleManager: Shutting down and abandoning module PlatformCryptoOpenSSL (42)
[2020.04.21-21.04.26:930][753]LogModuleManager: Shutting down and abandoning module PlatformCrypto (40)
[2020.04.21-21.04.26:930][753]LogModuleManager: Shutting down and abandoning module AnimationModifiers (38)
[2020.04.21-21.04.26:943][753]LogModuleManager: Shutting down and abandoning module PropertyEditor (37)
[2020.04.21-21.04.26:944][753]LogModuleManager: Shutting down and abandoning module AudioEditor (34)
[2020.04.21-21.04.26:973][753]LogModuleManager: Shutting down and abandoning module TextureCompressor (32)
[2020.04.21-21.04.26:988][753]LogModuleManager: Shutting down and abandoning module RenderCore (30)
[2020.04.21-21.04.26:989][753]LogModuleManager: Shutting down and abandoning module Landscape (28)
[2020.04.21-21.04.26:989][753]LogModuleManager: Shutting down and abandoning module SlateRHIRenderer (26)
[2020.04.21-21.04.27:014][753]LogModuleManager: Shutting down and abandoning module OpenGLDrv (24)
[2020.04.21-21.04.27:037][753]LogModuleManager: Shutting down and abandoning module D3D11RHI (22)
[2020.04.21-21.04.27:037][753]LogModuleManager: Shutting down and abandoning module AnimGraphRuntime (20)
[2020.04.21-21.04.27:053][753]LogModuleManager: Shutting down and abandoning module Renderer (18)
[2020.04.21-21.04.27:053][753]LogModuleManager: Shutting down and abandoning module Engine (16)
[2020.04.21-21.04.27:068][753]LogModuleManager: Shutting down and abandoning module CoreUObject (14)
[2020.04.21-21.04.27:068][753]LogModuleManager: Shutting down and abandoning module NetworkFile (12)
[2020.04.21-21.04.27:077][753]LogModuleManager: Shutting down and abandoning module CookedIterativeFile (10)
[2020.04.21-21.04.27:078][753]LogModuleManager: Shutting down and abandoning module StreamingFile (8)
[2020.04.21-21.04.27:093][753]LogModuleManager: Shutting down and abandoning module SandboxFile (6)
[2020.04.21-21.04.27:093][753]LogModuleManager: Shutting down and abandoning module PakFile (4)
[2020.04.21-21.04.27:109][753]LogModuleManager: Shutting down and abandoning module RSA (3)
[2020.04.21-21.04.27:128][753]LogD3D11RHI: Shutdown
[2020.04.21-21.04.27:151][753]LogD3D11RHI: CleanupD3DDevice
[2020.04.21-21.04.27:264][753]LogRendererCore: FGlobalDynamicReadBuffer::Cleanup()
[2020.04.21-21.04.27:269][753]LogRendererCore: FGlobalDynamicReadBuffer::Cleanup()
[2020.04.21-21.04.27:269][753]LogRendererCore: FGlobalDynamicReadBuffer::Cleanup()
[2020.04.21-21.04.27:421][753]LogD3D11RHI: ~FD3D11DynamicRHI
[2020.04.21-21.04.27:484][753]LogExit: Exiting.
[2020.04.21-21.04.27:500][753]Log file closed, 04/21/20 23:04:27
