Log file open, 05/26/20 20:07:59
LogWindows: Failed to load 'aqProf.dll' (GetLastError=126)
LogWindows: File 'aqProf.dll' does not exist
LogWindows: Failed to load 'VtuneApi.dll' (GetLastError=126)
LogWindows: File 'VtuneApi.dll' does not exist
LogWindows: Failed to load 'VtuneApi32e.dll' (GetLastError=126)
LogWindows: File 'VtuneApi32e.dll' does not exist
LogConsoleResponse: Display: Failed to find resolution value strings in scalability ini. Falling back to default.
LogInit: Display: Running engine for game: MyProject2
LogPlatformFile: Not using cached read wrapper
LogTaskGraph: Started task graph with 5 named threads and 14 total threads with 3 sets of task threads.
LogStats: Stats thread started at 0.054568
LogD3D11RHI: Loaded GFSDK_Aftermath_Lib.x64.dll
LogICUInternationalization: ICU TimeZone Detection - Raw Offset: +1:00, Platform Override: ''
LogPluginManager: Mounting plugin Paper2D
LogPluginManager: Mounting plugin AISupport
LogPluginManager: Mounting plugin LightPropagationVolume
LogPluginManager: Mounting plugin ActorLayerUtilities
LogPluginManager: Mounting plugin AnimationSharing
LogPluginManager: Mounting plugin CLionSourceCodeAccess
LogPluginManager: Mounting plugin CodeLiteSourceCodeAccess
LogPluginManager: Mounting plugin GitSourceControl
LogPluginManager: Mounting plugin KDevelopSourceCodeAccess
LogPluginManager: Mounting plugin NullSourceCodeAccess
LogPluginManager: Mounting plugin PerforceSourceControl
LogPluginManager: Mounting plugin SubversionSourceControl
LogPluginManager: Mounting plugin UObjectPlugin
LogPluginManager: Mounting plugin VisualStudioCodeSourceCodeAccess
LogPluginManager: Mounting plugin VisualStudioSourceCodeAccess
LogPluginManager: Mounting plugin XCodeSourceCodeAccess
LogPluginManager: Mounting plugin AssetManagerEditor
LogPluginManager: Mounting plugin CryptoKeys
LogPluginManager: Mounting plugin CurveEditorTools
LogPluginManager: Mounting plugin DataValidation
LogPluginManager: Mounting plugin FacialAnimation
LogPluginManager: Mounting plugin GameplayTagsEditor
LogPluginManager: Mounting plugin MacGraphicsSwitching
LogPluginManager: Mounting plugin MaterialAnalyzer
LogPluginManager: Mounting plugin MobileLauncherProfileWizard
LogPluginManager: Mounting plugin PluginBrowser
LogPluginManager: Mounting plugin SpeedTreeImporter
LogPluginManager: Mounting plugin DatasmithContent
LogPluginManager: Mounting plugin VariantManagerContent
LogPluginManager: Mounting plugin AlembicImporter
LogPluginManager: Mounting plugin AutomationUtils
LogPluginManager: Mounting plugin BackChannel
LogPluginManager: Mounting plugin CharacterAI
LogPluginManager: Mounting plugin GeometryCache
LogPluginManager: Mounting plugin HTML5Networking
LogPluginManager: Mounting plugin PlatformCrypto
LogPluginManager: Mounting plugin ProxyLODPlugin
LogPluginManager: Mounting plugin SkeletalReduction
LogPluginManager: Mounting plugin MagicLeap
LogPluginManager: Mounting plugin MagicLeapMedia
LogPluginManager: Mounting plugin TcpSocketPlugin
LogPluginManager: Mounting plugin AndroidMedia
LogPluginManager: Mounting plugin AvfMedia
LogPluginManager: Mounting plugin ImgMedia
LogPluginManager: Mounting plugin MediaCompositing
LogPluginManager: Mounting plugin MediaPlayerEditor
LogPluginManager: Mounting plugin WebMMedia
LogPluginManager: Mounting plugin WmfMedia
LogPluginManager: Mounting plugin TcpMessaging
LogPluginManager: Mounting plugin UdpMessaging
LogPluginManager: Mounting plugin ActorSequence
LogPluginManager: Mounting plugin LevelSequenceEditor
LogPluginManager: Mounting plugin MatineeToLevelSequence
LogPluginManager: Mounting plugin NetcodeUnitTest
LogPluginManager: Mounting plugin NUTUnrealEngine4
LogPluginManager: Mounting plugin OnlineSubsystemGooglePlay
LogPluginManager: Mounting plugin OnlineSubsystemIOS
LogPluginManager: Mounting plugin OnlineSubsystem
LogPluginManager: Mounting plugin OnlineSubsystemNull
LogPluginManager: Mounting plugin OnlineSubsystemUtils
LogPluginManager: Mounting plugin LauncherChunkInstaller
LogPluginManager: Mounting plugin AndroidDeviceProfileSelector
LogPluginManager: Mounting plugin AndroidMoviePlayer
LogPluginManager: Mounting plugin AndroidPermission
LogPluginManager: Mounting plugin AppleImageUtils
LogPluginManager: Mounting plugin AppleMoviePlayer
LogPluginManager: Mounting plugin ArchVisCharacter
LogPluginManager: Mounting plugin AudioCapture
LogPluginManager: Mounting plugin CableComponent
LogPluginManager: Mounting plugin CustomMeshComponent
LogPluginManager: Mounting plugin EditableMesh
LogPluginManager: Mounting plugin ExampleDeviceProfileSelector
LogPluginManager: Mounting plugin GoogleCloudMessaging
LogPluginManager: Mounting plugin IOSDeviceProfileSelector
LogPluginManager: Mounting plugin LinuxDeviceProfileSelector
LogPluginManager: Mounting plugin LocationServicesBPLibrary
LogPluginManager: Mounting plugin MobilePatchingUtils
LogPluginManager: Mounting plugin OculusVR
LogPluginManager: Mounting plugin PhysXVehicles
LogPluginManager: Mounting plugin ProceduralMeshComponent
LogPluginManager: Mounting plugin RuntimePhysXCooking
LogPluginManager: Mounting plugin SignificanceManager
LogPluginManager: Mounting plugin SteamVR
LogPluginManager: Mounting plugin Synthesis
LogPluginManager: Mounting plugin WebMMoviePlayer
LogPluginManager: Mounting plugin WindowsMoviePlayer
LogPluginManager: Mounting plugin ScreenshotTools
LogInit: Using libcurl 7.55.1-DEV
LogInit:  - built for x86_64-pc-win32
LogInit:  - supports SSL with OpenSSL/1.1.1
LogInit:  - supports HTTP deflate (compression) using libz 1.2.8
LogInit:  - other features:
LogInit:      CURL_VERSION_SSL
LogInit:      CURL_VERSION_LIBZ
LogInit:      CURL_VERSION_IPV6
LogInit:      CURL_VERSION_ASYNCHDNS
LogInit:      CURL_VERSION_LARGEFILE
LogInit:      CURL_VERSION_IDN
LogInit:  CurlRequestOptions (configurable via config and command line):
LogInit:  - bVerifyPeer = true  - Libcurl will verify peer certificate
LogInit:  - bUseHttpProxy = false  - Libcurl will NOT use HTTP proxy
LogInit:  - bDontReuseConnections = false  - Libcurl will reuse connections
LogInit:  - MaxHostConnections = 16  - Libcurl will limit the number of connections to a host
LogInit:  - LocalHostAddr = Default
LogInit:  - BufferSize = 65536
LogOnline: OSS: Creating online subsystem instance for: NULL
LogInit: WinSock: version 1.1 (2.2), MaxSocks=32767, MaxUdp=65467
LogInit: Build: ++UE4+Release-4.23-CL-9631420
LogInit: Engine Version: 4.23.1-9631420+++UE4+Release-4.23
LogInit: Compatible Engine Version: 4.23.0-8386587+++UE4+Release-4.23
LogInit: Net CL: 8386587
LogInit: OS: Windows 8.1 (), CPU: Intel(R) Core(TM) i5-6600K CPU @ 3.50GHz, GPU: NVIDIA GeForce GTX 970
LogInit: Compiled (64-bit): Oct 18 2019 02:07:44
LogInit: Compiled with Visual C++: 19.16.27030.01
LogInit: Build Configuration: Development
LogInit: Branch Name: ++UE4+Release-4.23
LogInit: Command Line: 
LogInit: Base Directory: C:/Program Files/Epic Games/UE_4.23/Engine/Binaries/Win64/
LogInit: Installed Engine Build: 1
LogDevObjectVersion: Number of dev versions registered: 23
LogDevObjectVersion:   Dev-Blueprints (B0D832E4-1F89-4F0D-ACCF-7EB736FD4AA2): 10
LogDevObjectVersion:   Dev-Build (E1C64328-A22C-4D53-A36C-8E866417BD8C): 0
LogDevObjectVersion:   Dev-Core (375EC13C-06E4-48FB-B500-84F0262A717E): 3
LogDevObjectVersion:   Dev-Editor (E4B068ED-F494-42E9-A231-DA0B2E46BB41): 34
LogDevObjectVersion:   Dev-Framework (CFFC743F-43B0-4480-9391-14DF171D2073): 35
LogDevObjectVersion:   Dev-Mobile (B02B49B5-BB20-44E9-A304-32B752E40360): 2
LogDevObjectVersion:   Dev-Networking (A4E4105C-59A1-49B5-A7C5-40C4547EDFEE): 0
LogDevObjectVersion:   Dev-Online (39C831C9-5AE6-47DC-9A44-9C173E1C8E7C): 0
LogDevObjectVersion:   Dev-Physics (78F01B33-EBEA-4F98-B9B4-84EACCB95AA2): 0
LogDevObjectVersion:   Dev-Platform (6631380F-2D4D-43E0-8009-CF276956A95A): 0
LogDevObjectVersion:   Dev-Rendering (12F88B9F-8875-4AFC-A67C-D90C383ABD29): 31
LogDevObjectVersion:   Dev-Sequencer (7B5AE74C-D270-4C10-A958-57980B212A5A): 11
LogDevObjectVersion:   Dev-VR (D7296918-1DD6-4BDD-9DE2-64A83CC13884): 2
LogDevObjectVersion:   Dev-LoadTimes (C2A15278-BFE7-4AFE-6C17-90FF531DF755): 1
LogDevObjectVersion:   Private-Geometry (6EACA3D4-40EC-4CC1-B786-8BED09428FC5): 3
LogDevObjectVersion:   Dev-AnimPhys (29E575DD-E0A3-4627-9D10-D276232CDCEA): 17
LogDevObjectVersion:   Dev-Anim (AF43A65D-7FD3-4947-9873-3E8ED9C1BB05): 2
LogDevObjectVersion:   Dev-ReflectionCapture (6B266CEC-1EC7-4B8F-A30B-E4D90942FC07): 1
LogDevObjectVersion:   Dev-Automation (0DF73D61-A23F-47EA-B727-89E90C41499A): 1
LogDevObjectVersion:   FortniteMain (601D1886-AC64-4F84-AA16-D3DE0DEAC7D6): 27
LogDevObjectVersion:   Dev-Enterprise (9DFFBCD6-494F-0158-E221-12823C92A888): 6
LogDevObjectVersion:   Dev-Niagara (F2AED0AC-9AFE-416F-8664-AA7FFA26D6FC): 1
LogDevObjectVersion:   Dev-Destruction (174F1F0B-B4C6-45A5-B13F-2EE8D0FB917D): 9
LogInit: Presizing for max 16777216 objects, including 0 objects not considered by GC, pre-allocating 0 bytes for permanent pool.
LogInit: Object subsystem initialized
LogConfig: Setting CVar [[con.DebugEarlyDefault:1]]
LogConfig: Setting CVar [[r.setres:1280x720]]
[2020.05.26-18.07.59:440][  0]LogConfig: Setting CVar [[r.VSync:0]]
[2020.05.26-18.07.59:440][  0]LogConfig: Setting CVar [[r.RHICmdBypass:0]]
[2020.05.26-18.07.59:440][  0]LogConfig: Applying CVar settings from Section [/Script/Engine.RendererSettings] File [C:/Users/ivan_PC/Desktop/secp/MyProject2/Saved/Config/Windows/Engine.ini]
[2020.05.26-18.07.59:440][  0]LogConfig: Setting CVar [[r.GPUCrashDebugging:0]]
[2020.05.26-18.07.59:440][  0]LogConfig: Applying CVar settings from Section [/Script/Engine.RendererOverrideSettings] File [C:/Users/ivan_PC/Desktop/secp/MyProject2/Saved/Config/Windows/Engine.ini]
[2020.05.26-18.07.59:440][  0]LogConfig: Applying CVar settings from Section [/Script/Engine.StreamingSettings] File [C:/Users/ivan_PC/Desktop/secp/MyProject2/Saved/Config/Windows/Engine.ini]
[2020.05.26-18.07.59:440][  0]LogConfig: Setting CVar [[s.MinBulkDataSizeForAsyncLoading:131072]]
[2020.05.26-18.07.59:440][  0]LogConfig: Setting CVar [[s.AsyncLoadingThreadEnabled:0]]
[2020.05.26-18.07.59:440][  0]LogConfig: Setting CVar [[s.EventDrivenLoaderEnabled:1]]
[2020.05.26-18.07.59:440][  0]LogConfig: Setting CVar [[s.WarnIfTimeLimitExceeded:0]]
[2020.05.26-18.07.59:440][  0]LogConfig: Setting CVar [[s.TimeLimitExceededMultiplier:1.5]]
[2020.05.26-18.07.59:440][  0]LogConfig: Setting CVar [[s.TimeLimitExceededMinTime:0.005]]
[2020.05.26-18.07.59:440][  0]LogConfig: Setting CVar [[s.UseBackgroundLevelStreaming:1]]
[2020.05.26-18.07.59:440][  0]LogConfig: Setting CVar [[s.PriorityAsyncLoadingExtraTime:15.0]]
[2020.05.26-18.07.59:440][  0]LogConfig: Setting CVar [[s.LevelStreamingActorsUpdateTimeLimit:5.0]]
[2020.05.26-18.07.59:440][  0]LogConfig: Setting CVar [[s.PriorityLevelStreamingActorsUpdateExtraTime:5.0]]
[2020.05.26-18.07.59:440][  0]LogConfig: Setting CVar [[s.LevelStreamingComponentsRegistrationGranularity:10]]
[2020.05.26-18.07.59:440][  0]LogConfig: Setting CVar [[s.UnregisterComponentsTimeLimit:1.0]]
[2020.05.26-18.07.59:440][  0]LogConfig: Setting CVar [[s.LevelStreamingComponentsUnregistrationGranularity:5]]
[2020.05.26-18.07.59:440][  0]LogConfig: Applying CVar settings from Section [/Script/Engine.GarbageCollectionSettings] File [C:/Users/ivan_PC/Desktop/secp/MyProject2/Saved/Config/Windows/Engine.ini]
[2020.05.26-18.07.59:440][  0]LogConfig: Setting CVar [[gc.MaxObjectsNotConsideredByGC:1]]
[2020.05.26-18.07.59:440][  0]LogConfig: Setting CVar [[gc.SizeOfPermanentObjectPool:0]]
[2020.05.26-18.07.59:440][  0]LogConfig: Setting CVar [[gc.FlushStreamingOnGC:0]]
[2020.05.26-18.07.59:440][  0]LogConfig: Setting CVar [[gc.NumRetriesBeforeForcingGC:10]]
[2020.05.26-18.07.59:440][  0]LogConfig: Setting CVar [[gc.AllowParallelGC:1]]
[2020.05.26-18.07.59:440][  0]LogConfig: Setting CVar [[gc.TimeBetweenPurgingPendingKillObjects:61.1]]
[2020.05.26-18.07.59:440][  0]LogConfig: Setting CVar [[gc.MaxObjectsInEditor:16777216]]
[2020.05.26-18.07.59:440][  0]LogConfig: Setting CVar [[gc.IncrementalBeginDestroyEnabled:1]]
[2020.05.26-18.07.59:440][  0]LogConfig: Setting CVar [[gc.CreateGCClusters:1]]
[2020.05.26-18.07.59:440][  0]LogConfig: Setting CVar [[gc.MinGCClusterSize:5]]
[2020.05.26-18.07.59:440][  0]LogConfig: Setting CVar [[gc.ActorClusteringEnabled:0]]
[2020.05.26-18.07.59:440][  0]LogConfig: Setting CVar [[gc.BlueprintClusteringEnabled:0]]
[2020.05.26-18.07.59:440][  0]LogConfig: Setting CVar [[gc.UseDisregardForGCOnDedicatedServers:0]]
[2020.05.26-18.07.59:440][  0]LogConfig: Applying CVar settings from Section [/Script/Engine.NetworkSettings] File [C:/Users/ivan_PC/Desktop/secp/MyProject2/Saved/Config/Windows/Engine.ini]
[2020.05.26-18.07.59:440][  0]LogConfig: Applying CVar settings from Section [/Script/UnrealEd.CookerSettings] File [C:/Users/ivan_PC/Desktop/secp/MyProject2/Saved/Config/Windows/Engine.ini]
[2020.05.26-18.07.59:446][  0]LogConfig: Applying CVar settings from Section [ViewDistanceQuality@3] File [C:/Users/ivan_PC/Desktop/secp/MyProject2/Saved/Config/Windows/Scalability.ini]
[2020.05.26-18.07.59:446][  0]LogConfig: Setting CVar [[r.SkeletalMeshLODBias:0]]
[2020.05.26-18.07.59:446][  0]LogConfig: Setting CVar [[r.ViewDistanceScale:1.0]]
[2020.05.26-18.07.59:446][  0]LogConfig: Applying CVar settings from Section [AntiAliasingQuality@3] File [C:/Users/ivan_PC/Desktop/secp/MyProject2/Saved/Config/Windows/Scalability.ini]
[2020.05.26-18.07.59:446][  0]LogConfig: Setting CVar [[r.PostProcessAAQuality:4]]
[2020.05.26-18.07.59:446][  0]LogConfig: Applying CVar settings from Section [ShadowQuality@3] File [C:/Users/ivan_PC/Desktop/secp/MyProject2/Saved/Config/Windows/Scalability.ini]
[2020.05.26-18.07.59:446][  0]LogConfig: Setting CVar [[r.LightFunctionQuality:1]]
[2020.05.26-18.07.59:446][  0]LogConfig: Setting CVar [[r.ShadowQuality:5]]
[2020.05.26-18.07.59:446][  0]LogConfig: Setting CVar [[r.Shadow.CSM.MaxCascades:10]]
[2020.05.26-18.07.59:446][  0]LogConfig: Setting CVar [[r.Shadow.MaxResolution:2048]]
[2020.05.26-18.07.59:446][  0]LogConfig: Setting CVar [[r.Shadow.MaxCSMResolution:2048]]
[2020.05.26-18.07.59:446][  0]LogConfig: Setting CVar [[r.Shadow.RadiusThreshold:0.01]]
[2020.05.26-18.07.59:446][  0]LogConfig: Setting CVar [[r.Shadow.DistanceScale:1.0]]
[2020.05.26-18.07.59:446][  0]LogConfig: Setting CVar [[r.Shadow.CSM.TransitionScale:1.0]]
[2020.05.26-18.07.59:446][  0]LogConfig: Setting CVar [[r.Shadow.PreShadowResolutionFactor:1.0]]
[2020.05.26-18.07.59:446][  0]LogConfig: Setting CVar [[r.DistanceFieldShadowing:1]]
[2020.05.26-18.07.59:446][  0]LogConfig: Setting CVar [[r.DistanceFieldAO:1]]
[2020.05.26-18.07.59:446][  0]LogConfig: Setting CVar [[r.AOQuality:2]]
[2020.05.26-18.07.59:446][  0]LogConfig: Setting CVar [[r.VolumetricFog:1]]
[2020.05.26-18.07.59:446][  0]LogConfig: Setting CVar [[r.VolumetricFog.GridPixelSize:8]]
[2020.05.26-18.07.59:446][  0]LogConfig: Setting CVar [[r.VolumetricFog.GridSizeZ:128]]
[2020.05.26-18.07.59:446][  0]LogConfig: Setting CVar [[r.VolumetricFog.HistoryMissSupersampleCount:4]]
[2020.05.26-18.07.59:446][  0]LogConfig: Setting CVar [[r.LightMaxDrawDistanceScale:1]]
[2020.05.26-18.07.59:446][  0]LogConfig: Setting CVar [[r.CapsuleShadows:1]]
[2020.05.26-18.07.59:446][  0]LogConfig: Applying CVar settings from Section [PostProcessQuality@3] File [C:/Users/ivan_PC/Desktop/secp/MyProject2/Saved/Config/Windows/Scalability.ini]
[2020.05.26-18.07.59:446][  0]LogConfig: Setting CVar [[r.MotionBlurQuality:4]]
[2020.05.26-18.07.59:446][  0]LogConfig: Setting CVar [[r.AmbientOcclusionMipLevelFactor:0.4]]
[2020.05.26-18.07.59:446][  0]LogConfig: Setting CVar [[r.AmbientOcclusionMaxQuality:100]]
[2020.05.26-18.07.59:446][  0]LogConfig: Setting CVar [[r.AmbientOcclusionLevels:-1]]
[2020.05.26-18.07.59:446][  0]LogConfig: Setting CVar [[r.AmbientOcclusionRadiusScale:1.0]]
[2020.05.26-18.07.59:446][  0]LogConfig: Setting CVar [[r.DepthOfFieldQuality:2]]
[2020.05.26-18.07.59:446][  0]LogConfig: Setting CVar [[r.RenderTargetPoolMin:400]]
[2020.05.26-18.07.59:446][  0]LogConfig: Setting CVar [[r.LensFlareQuality:2]]
[2020.05.26-18.07.59:446][  0]LogConfig: Setting CVar [[r.SceneColorFringeQuality:1]]
[2020.05.26-18.07.59:446][  0]LogConfig: Setting CVar [[r.EyeAdaptationQuality:2]]
[2020.05.26-18.07.59:446][  0]LogConfig: Setting CVar [[r.BloomQuality:5]]
[2020.05.26-18.07.59:446][  0]LogConfig: Setting CVar [[r.FastBlurThreshold:100]]
[2020.05.26-18.07.59:446][  0]LogConfig: Setting CVar [[r.Upscale.Quality:3]]
[2020.05.26-18.07.59:446][  0]LogConfig: Setting CVar [[r.Tonemapper.GrainQuantization:1]]
[2020.05.26-18.07.59:446][  0]LogConfig: Setting CVar [[r.LightShaftQuality:1]]
[2020.05.26-18.07.59:446][  0]LogConfig: Setting CVar [[r.Filter.SizeScale:1]]
[2020.05.26-18.07.59:446][  0]LogConfig: Setting CVar [[r.Tonemapper.Quality:5]]
[2020.05.26-18.07.59:446][  0]LogConfig: Setting CVar [[r.DOF.Gather.AccumulatorQuality:1        ; higher gathering accumulator quality]]
[2020.05.26-18.07.59:446][  0]LogConfig: Setting CVar [[r.DOF.Gather.PostfilterMethod:1          ; Median3x3 postfilering method]]
[2020.05.26-18.07.59:446][  0]LogConfig: Setting CVar [[r.DOF.Gather.EnableBokehSettings:0       ; no bokeh simulation when gathering]]
[2020.05.26-18.07.59:446][  0]LogConfig: Setting CVar [[r.DOF.Gather.RingCount:4                 ; medium number of samples when gathering]]
[2020.05.26-18.07.59:446][  0]LogConfig: Setting CVar [[r.DOF.Scatter.ForegroundCompositing:1    ; additive foreground scattering]]
[2020.05.26-18.07.59:446][  0]LogConfig: Setting CVar [[r.DOF.Scatter.BackgroundCompositing:2    ; additive background scattering]]
[2020.05.26-18.07.59:446][  0]LogConfig: Setting CVar [[r.DOF.Scatter.EnableBokehSettings:1      ; bokeh simulation when scattering]]
[2020.05.26-18.07.59:446][  0]LogConfig: Setting CVar [[r.DOF.Scatter.MaxSpriteRatio:0.1         ; only a maximum of 10% of scattered bokeh]]
[2020.05.26-18.07.59:446][  0]LogConfig: Setting CVar [[r.DOF.Recombine.Quality:1                ; cheap slight out of focus]]
[2020.05.26-18.07.59:446][  0]LogConfig: Setting CVar [[r.DOF.Recombine.EnableBokehSettings:0    ; no bokeh simulation on slight out of focus]]
[2020.05.26-18.07.59:446][  0]LogConfig: Setting CVar [[r.DOF.TemporalAAQuality:1                ; more stable temporal accumulation]]
[2020.05.26-18.07.59:446][  0]LogConfig: Setting CVar [[r.DOF.Kernel.MaxForegroundRadius:0.025]]
[2020.05.26-18.07.59:446][  0]LogConfig: Setting CVar [[r.DOF.Kernel.MaxBackgroundRadius:0.025]]
[2020.05.26-18.07.59:446][  0]LogConfig: Applying CVar settings from Section [TextureQuality@3] File [C:/Users/ivan_PC/Desktop/secp/MyProject2/Saved/Config/Windows/Scalability.ini]
[2020.05.26-18.07.59:446][  0]LogConfig: Setting CVar [[r.Streaming.MipBias:0]]
[2020.05.26-18.07.59:446][  0]LogConfig: Setting CVar [[r.Streaming.AmortizeCPUToGPUCopy:0]]
[2020.05.26-18.07.59:446][  0]LogConfig: Setting CVar [[r.Streaming.MaxNumTexturesToStreamPerFrame:0]]
[2020.05.26-18.07.59:446][  0]LogConfig: Setting CVar [[r.Streaming.Boost:1]]
[2020.05.26-18.07.59:446][  0]LogConfig: Setting CVar [[r.MaxAnisotropy:8]]
[2020.05.26-18.07.59:446][  0]LogConfig: Setting CVar [[r.Streaming.LimitPoolSizeToVRAM:0]]
[2020.05.26-18.07.59:446][  0]LogConfig: Setting CVar [[r.Streaming.PoolSize:1000]]
[2020.05.26-18.07.59:446][  0]LogConfig: Setting CVar [[r.Streaming.MaxEffectiveScreenSize:0]]
[2020.05.26-18.07.59:446][  0]LogConfig: Applying CVar settings from Section [EffectsQuality@3] File [C:/Users/ivan_PC/Desktop/secp/MyProject2/Saved/Config/Windows/Scalability.ini]
[2020.05.26-18.07.59:446][  0]LogConfig: Setting CVar [[r.TranslucencyLightingVolumeDim:64]]
[2020.05.26-18.07.59:446][  0]LogConfig: Setting CVar [[r.RefractionQuality:2]]
[2020.05.26-18.07.59:446][  0]LogConfig: Setting CVar [[r.SSR.Quality:3]]
[2020.05.26-18.07.59:446][  0]LogConfig: Setting CVar [[r.SceneColorFormat:4]]
[2020.05.26-18.07.59:446][  0]LogConfig: Setting CVar [[r.DetailMode:2]]
[2020.05.26-18.07.59:446][  0]LogConfig: Setting CVar [[r.TranslucencyVolumeBlur:1]]
[2020.05.26-18.07.59:446][  0]LogConfig: Setting CVar [[r.MaterialQualityLevel:1 ; High quality]]
[2020.05.26-18.07.59:446][  0]LogConfig: Setting CVar [[r.SSS.Scale:1]]
[2020.05.26-18.07.59:446][  0]LogConfig: Setting CVar [[r.SSS.SampleSet:2]]
[2020.05.26-18.07.59:446][  0]LogConfig: Setting CVar [[r.SSS.Quality:1]]
[2020.05.26-18.07.59:446][  0]LogConfig: Setting CVar [[r.SSS.HalfRes:1]]
[2020.05.26-18.07.59:446][  0]LogConfig: Setting CVar [[r.EmitterSpawnRateScale:1.0]]
[2020.05.26-18.07.59:446][  0]LogConfig: Setting CVar [[r.ParticleLightQuality:2]]
[2020.05.26-18.07.59:447][  0]LogConfig: Applying CVar settings from Section [FoliageQuality@3] File [C:/Users/ivan_PC/Desktop/secp/MyProject2/Saved/Config/Windows/Scalability.ini]
[2020.05.26-18.07.59:447][  0]LogConfig: Setting CVar [[foliage.DensityScale:1.0]]
[2020.05.26-18.07.59:447][  0]LogConfig: Setting CVar [[grass.DensityScale:1.0]]
[2020.05.26-18.07.59:447][  0]LogInit: Selected Device Profile: [Windows]
[2020.05.26-18.07.59:447][  0]LogInit: Applying CVar settings loaded from the selected device profile: [Windows]
[2020.05.26-18.07.59:449][  0]LogHAL: Display: Platform has ~ 8 GB [8550825984 / 8589934592 / 8], which maps to Default [LargestMinGB=32, LargerMinGB=12, DefaultMinGB=8, SmallerMinGB=6, SmallestMinGB=0)
[2020.05.26-18.07.59:449][  0]LogInit: Going up to parent DeviceProfile []
[2020.05.26-18.07.59:449][  0]LogConfig: Applying CVar settings from Section [ViewDistanceQuality@3] File [C:/Users/ivan_PC/Desktop/secp/MyProject2/Saved/Config/Windows/Scalability.ini]
[2020.05.26-18.07.59:449][  0]LogConfig: Setting CVar [[r.SkeletalMeshLODBias:0]]
[2020.05.26-18.07.59:449][  0]LogConfig: Setting CVar [[r.ViewDistanceScale:1.0]]
[2020.05.26-18.07.59:449][  0]LogConfig: Applying CVar settings from Section [AntiAliasingQuality@3] File [C:/Users/ivan_PC/Desktop/secp/MyProject2/Saved/Config/Windows/Scalability.ini]
[2020.05.26-18.07.59:449][  0]LogConfig: Setting CVar [[r.PostProcessAAQuality:4]]
[2020.05.26-18.07.59:449][  0]LogConfig: Applying CVar settings from Section [ShadowQuality@3] File [C:/Users/ivan_PC/Desktop/secp/MyProject2/Saved/Config/Windows/Scalability.ini]
[2020.05.26-18.07.59:449][  0]LogConfig: Setting CVar [[r.LightFunctionQuality:1]]
[2020.05.26-18.07.59:449][  0]LogConfig: Setting CVar [[r.ShadowQuality:5]]
[2020.05.26-18.07.59:449][  0]LogConfig: Setting CVar [[r.Shadow.CSM.MaxCascades:10]]
[2020.05.26-18.07.59:449][  0]LogConfig: Setting CVar [[r.Shadow.MaxResolution:2048]]
[2020.05.26-18.07.59:449][  0]LogConfig: Setting CVar [[r.Shadow.MaxCSMResolution:2048]]
[2020.05.26-18.07.59:449][  0]LogConfig: Setting CVar [[r.Shadow.RadiusThreshold:0.01]]
[2020.05.26-18.07.59:449][  0]LogConfig: Setting CVar [[r.Shadow.DistanceScale:1.0]]
[2020.05.26-18.07.59:449][  0]LogConfig: Setting CVar [[r.Shadow.CSM.TransitionScale:1.0]]
[2020.05.26-18.07.59:449][  0]LogConfig: Setting CVar [[r.Shadow.PreShadowResolutionFactor:1.0]]
[2020.05.26-18.07.59:449][  0]LogConfig: Setting CVar [[r.DistanceFieldShadowing:1]]
[2020.05.26-18.07.59:449][  0]LogConfig: Setting CVar [[r.DistanceFieldAO:1]]
[2020.05.26-18.07.59:449][  0]LogConfig: Setting CVar [[r.AOQuality:2]]
[2020.05.26-18.07.59:449][  0]LogConfig: Setting CVar [[r.VolumetricFog:1]]
[2020.05.26-18.07.59:449][  0]LogConfig: Setting CVar [[r.VolumetricFog.GridPixelSize:8]]
[2020.05.26-18.07.59:449][  0]LogConfig: Setting CVar [[r.VolumetricFog.GridSizeZ:128]]
[2020.05.26-18.07.59:449][  0]LogConfig: Setting CVar [[r.VolumetricFog.HistoryMissSupersampleCount:4]]
[2020.05.26-18.07.59:449][  0]LogConfig: Setting CVar [[r.LightMaxDrawDistanceScale:1]]
[2020.05.26-18.07.59:449][  0]LogConfig: Setting CVar [[r.CapsuleShadows:1]]
[2020.05.26-18.07.59:449][  0]LogConfig: Applying CVar settings from Section [PostProcessQuality@3] File [C:/Users/ivan_PC/Desktop/secp/MyProject2/Saved/Config/Windows/Scalability.ini]
[2020.05.26-18.07.59:449][  0]LogConfig: Setting CVar [[r.MotionBlurQuality:4]]
[2020.05.26-18.07.59:449][  0]LogConfig: Setting CVar [[r.AmbientOcclusionMipLevelFactor:0.4]]
[2020.05.26-18.07.59:449][  0]LogConfig: Setting CVar [[r.AmbientOcclusionMaxQuality:100]]
[2020.05.26-18.07.59:449][  0]LogConfig: Setting CVar [[r.AmbientOcclusionLevels:-1]]
[2020.05.26-18.07.59:449][  0]LogConfig: Setting CVar [[r.AmbientOcclusionRadiusScale:1.0]]
[2020.05.26-18.07.59:449][  0]LogConfig: Setting CVar [[r.DepthOfFieldQuality:2]]
[2020.05.26-18.07.59:449][  0]LogConfig: Setting CVar [[r.RenderTargetPoolMin:400]]
[2020.05.26-18.07.59:449][  0]LogConfig: Setting CVar [[r.LensFlareQuality:2]]
[2020.05.26-18.07.59:449][  0]LogConfig: Setting CVar [[r.SceneColorFringeQuality:1]]
[2020.05.26-18.07.59:449][  0]LogConfig: Setting CVar [[r.EyeAdaptationQuality:2]]
[2020.05.26-18.07.59:449][  0]LogConfig: Setting CVar [[r.BloomQuality:5]]
[2020.05.26-18.07.59:449][  0]LogConfig: Setting CVar [[r.FastBlurThreshold:100]]
[2020.05.26-18.07.59:449][  0]LogConfig: Setting CVar [[r.Upscale.Quality:3]]
[2020.05.26-18.07.59:449][  0]LogConfig: Setting CVar [[r.Tonemapper.GrainQuantization:1]]
[2020.05.26-18.07.59:449][  0]LogConfig: Setting CVar [[r.LightShaftQuality:1]]
[2020.05.26-18.07.59:449][  0]LogConfig: Setting CVar [[r.Filter.SizeScale:1]]
[2020.05.26-18.07.59:449][  0]LogConfig: Setting CVar [[r.Tonemapper.Quality:5]]
[2020.05.26-18.07.59:449][  0]LogConfig: Setting CVar [[r.DOF.Gather.AccumulatorQuality:1        ; higher gathering accumulator quality]]
[2020.05.26-18.07.59:449][  0]LogConfig: Setting CVar [[r.DOF.Gather.PostfilterMethod:1          ; Median3x3 postfilering method]]
[2020.05.26-18.07.59:449][  0]LogConfig: Setting CVar [[r.DOF.Gather.EnableBokehSettings:0       ; no bokeh simulation when gathering]]
[2020.05.26-18.07.59:449][  0]LogConfig: Setting CVar [[r.DOF.Gather.RingCount:4                 ; medium number of samples when gathering]]
[2020.05.26-18.07.59:449][  0]LogConfig: Setting CVar [[r.DOF.Scatter.ForegroundCompositing:1    ; additive foreground scattering]]
[2020.05.26-18.07.59:449][  0]LogConfig: Setting CVar [[r.DOF.Scatter.BackgroundCompositing:2    ; additive background scattering]]
[2020.05.26-18.07.59:449][  0]LogConfig: Setting CVar [[r.DOF.Scatter.EnableBokehSettings:1      ; bokeh simulation when scattering]]
[2020.05.26-18.07.59:449][  0]LogConfig: Setting CVar [[r.DOF.Scatter.MaxSpriteRatio:0.1         ; only a maximum of 10% of scattered bokeh]]
[2020.05.26-18.07.59:449][  0]LogConfig: Setting CVar [[r.DOF.Recombine.Quality:1                ; cheap slight out of focus]]
[2020.05.26-18.07.59:449][  0]LogConfig: Setting CVar [[r.DOF.Recombine.EnableBokehSettings:0    ; no bokeh simulation on slight out of focus]]
[2020.05.26-18.07.59:449][  0]LogConfig: Setting CVar [[r.DOF.TemporalAAQuality:1                ; more stable temporal accumulation]]
[2020.05.26-18.07.59:449][  0]LogConfig: Setting CVar [[r.DOF.Kernel.MaxForegroundRadius:0.025]]
[2020.05.26-18.07.59:449][  0]LogConfig: Setting CVar [[r.DOF.Kernel.MaxBackgroundRadius:0.025]]
[2020.05.26-18.07.59:449][  0]LogConfig: Applying CVar settings from Section [TextureQuality@3] File [C:/Users/ivan_PC/Desktop/secp/MyProject2/Saved/Config/Windows/Scalability.ini]
[2020.05.26-18.07.59:449][  0]LogConfig: Setting CVar [[r.Streaming.MipBias:0]]
[2020.05.26-18.07.59:449][  0]LogConfig: Setting CVar [[r.Streaming.AmortizeCPUToGPUCopy:0]]
[2020.05.26-18.07.59:449][  0]LogConfig: Setting CVar [[r.Streaming.MaxNumTexturesToStreamPerFrame:0]]
[2020.05.26-18.07.59:449][  0]LogConfig: Setting CVar [[r.Streaming.Boost:1]]
[2020.05.26-18.07.59:449][  0]LogConfig: Setting CVar [[r.MaxAnisotropy:8]]
[2020.05.26-18.07.59:449][  0]LogConfig: Setting CVar [[r.Streaming.LimitPoolSizeToVRAM:0]]
[2020.05.26-18.07.59:449][  0]LogConfig: Setting CVar [[r.Streaming.PoolSize:1000]]
[2020.05.26-18.07.59:449][  0]LogConfig: Setting CVar [[r.Streaming.MaxEffectiveScreenSize:0]]
[2020.05.26-18.07.59:449][  0]LogConfig: Applying CVar settings from Section [EffectsQuality@3] File [C:/Users/ivan_PC/Desktop/secp/MyProject2/Saved/Config/Windows/Scalability.ini]
[2020.05.26-18.07.59:449][  0]LogConfig: Setting CVar [[r.TranslucencyLightingVolumeDim:64]]
[2020.05.26-18.07.59:449][  0]LogConfig: Setting CVar [[r.RefractionQuality:2]]
[2020.05.26-18.07.59:449][  0]LogConfig: Setting CVar [[r.SSR.Quality:3]]
[2020.05.26-18.07.59:449][  0]LogConfig: Setting CVar [[r.SceneColorFormat:4]]
[2020.05.26-18.07.59:449][  0]LogConfig: Setting CVar [[r.DetailMode:2]]
[2020.05.26-18.07.59:449][  0]LogConfig: Setting CVar [[r.TranslucencyVolumeBlur:1]]
[2020.05.26-18.07.59:449][  0]LogConfig: Setting CVar [[r.MaterialQualityLevel:1 ; High quality]]
[2020.05.26-18.07.59:449][  0]LogConfig: Setting CVar [[r.SSS.Scale:1]]
[2020.05.26-18.07.59:449][  0]LogConfig: Setting CVar [[r.SSS.SampleSet:2]]
[2020.05.26-18.07.59:449][  0]LogConfig: Setting CVar [[r.SSS.Quality:1]]
[2020.05.26-18.07.59:449][  0]LogConfig: Setting CVar [[r.SSS.HalfRes:1]]
[2020.05.26-18.07.59:449][  0]LogConfig: Setting CVar [[r.EmitterSpawnRateScale:1.0]]
[2020.05.26-18.07.59:449][  0]LogConfig: Setting CVar [[r.ParticleLightQuality:2]]
[2020.05.26-18.07.59:449][  0]LogConfig: Applying CVar settings from Section [FoliageQuality@3] File [C:/Users/ivan_PC/Desktop/secp/MyProject2/Saved/Config/Windows/Scalability.ini]
[2020.05.26-18.07.59:449][  0]LogConfig: Setting CVar [[foliage.DensityScale:1.0]]
[2020.05.26-18.07.59:449][  0]LogConfig: Setting CVar [[grass.DensityScale:1.0]]
[2020.05.26-18.07.59:449][  0]LogConfig: Applying CVar settings from Section [Startup] File [../../../Engine/Config/ConsoleVariables.ini]
[2020.05.26-18.07.59:450][  0]LogConfig: Setting CVar [[net.UseAdaptiveNetUpdateFrequency:0]]
[2020.05.26-18.07.59:450][  0]LogConfig: Setting CVar [[p.chaos.AllowCreatePhysxBodies:1]]
[2020.05.26-18.07.59:450][  0]LogConfig: Applying CVar settings from Section [ConsoleVariables] File [C:/Users/ivan_PC/Desktop/secp/MyProject2/Saved/Config/Windows/Engine.ini]
[2020.05.26-18.07.59:450][  0]LogInit: Computer: IVAN
[2020.05.26-18.07.59:450][  0]LogInit: User: ivanPC
[2020.05.26-18.07.59:450][  0]LogInit: CPU Page size=4096, Cores=4
[2020.05.26-18.07.59:450][  0]LogInit: High frequency timer resolution =3.421877 MHz
[2020.05.26-18.07.59:450][  0]LogMemory: Memory total: Physical=8.0GB (8GB approx)
[2020.05.26-18.07.59:450][  0]LogMemory: Platform Memory Stats for Windows
[2020.05.26-18.07.59:450][  0]LogMemory: Process Physical Memory: 97.88 MB used, 97.88 MB peak
[2020.05.26-18.07.59:450][  0]LogMemory: Process Virtual Memory: 119.64 MB used, 119.64 MB peak
[2020.05.26-18.07.59:450][  0]LogMemory: Physical Memory: 5431.93 MB used,  2722.78 MB free, 8154.70 MB total
[2020.05.26-18.07.59:450][  0]LogMemory: Virtual Memory: 540.31 MB used,  134217184.00 MB free, 134217728.00 MB total
[2020.05.26-18.07.59:454][  0]LogWindows: WindowsPlatformFeatures enabled
[2020.05.26-18.07.59:468][  0]LogInit: Overriding language with editor language configuration option (en).
[2020.05.26-18.07.59:468][  0]LogInit: Overriding locale with editor culture configuration option ().
[2020.05.26-18.07.59:468][  0]LogInit: Using OS detected locale (es-ES).
[2020.05.26-18.07.59:605][  0]LogInit: Setting process to per monitor DPI aware
[2020.05.26-18.07.59:632][  0]LogSlate: New Slate User Created.  User Index 0, Is Virtual User: 0
[2020.05.26-18.07.59:632][  0]LogSlate: Slate User Registered.  User Index 0, Is Virtual User: 0
[2020.05.26-18.07.59:748][  0]LogHMD: Failed to initialize OpenVR with code 110
[2020.05.26-18.07.59:748][  0]LogD3D11RHI: D3D11 adapters:
[2020.05.26-18.07.59:779][  0]LogD3D11RHI:    0. 'NVIDIA GeForce GTX 970' (Feature Level 11_0)
[2020.05.26-18.07.59:779][  0]LogD3D11RHI:       3992/0/4077 MB DedicatedVideo/DedicatedSystem/SharedSystem, Outputs:2, VendorId:0x10de
[2020.05.26-18.07.59:780][  0]LogD3D11RHI:    1. 'Microsoft Basic Render Driver' (Feature Level 11_0)
[2020.05.26-18.07.59:780][  0]LogD3D11RHI:       0/0/256 MB DedicatedVideo/DedicatedSystem/SharedSystem, Outputs:0, VendorId:0x1414
[2020.05.26-18.07.59:780][  0]LogD3D11RHI: Chosen D3D11 Adapter: 0
[2020.05.26-18.07.59:784][  0]LogD3D11RHI: Creating new Direct3DDevice
[2020.05.26-18.07.59:784][  0]LogD3D11RHI:     GPU DeviceId: 0x13c2 (for the marketing name, search the web for "GPU Device Id")
[2020.05.26-18.07.59:784][  0]LogWindows: EnumDisplayDevices:
[2020.05.26-18.07.59:784][  0]LogWindows:    0. 'NVIDIA GeForce GTX 970' (P:1 D:1)
[2020.05.26-18.07.59:784][  0]LogWindows:    1. 'NVIDIA GeForce GTX 970' (P:0 D:1)
[2020.05.26-18.07.59:784][  0]LogWindows:    2. 'NVIDIA GeForce GTX 970' (P:0 D:0)
[2020.05.26-18.07.59:784][  0]LogWindows:    3. 'NVIDIA GeForce GTX 970' (P:0 D:0)
[2020.05.26-18.07.59:784][  0]LogWindows: DebugString: FoundDriverCount:4 
[2020.05.26-18.07.59:784][  0]LogD3D11RHI:     Adapter Name: NVIDIA GeForce GTX 970
[2020.05.26-18.07.59:784][  0]LogD3D11RHI:   Driver Version: 445.87 (internal:26.21.14.4587, unified:445.87)
[2020.05.26-18.07.59:784][  0]LogD3D11RHI:      Driver Date: 4-3-2020
[2020.05.26-18.07.59:784][  0]LogRHI: Texture pool is 2794 MB (70% of 3992 MB)
[2020.05.26-18.07.59:802][  0]LogD3D11RHI: Async texture creation enabled
[2020.05.26-18.07.59:837][  0]LogD3D11RHI: GPU Timing Frequency: 1000.000000 (Debug: 2 2)
[2020.05.26-18.08.00:028][  0]LogTemp: Display: Module 'AllDesktopTargetPlatform' loaded TargetPlatform 'AllDesktop'
[2020.05.26-18.08.00:035][  0]LogTemp: Display: Module 'MacClientTargetPlatform' loaded TargetPlatform 'MacClient'
[2020.05.26-18.08.00:042][  0]LogTemp: Display: Module 'MacNoEditorTargetPlatform' loaded TargetPlatform 'MacNoEditor'
[2020.05.26-18.08.00:048][  0]LogTemp: Display: Module 'MacServerTargetPlatform' loaded TargetPlatform 'MacServer'
[2020.05.26-18.08.00:055][  0]LogTemp: Display: Module 'MacTargetPlatform' loaded TargetPlatform 'Mac'
[2020.05.26-18.08.00:062][  0]LogTemp: Display: Module 'WindowsClientTargetPlatform' loaded TargetPlatform 'WindowsClient'
[2020.05.26-18.08.00:068][  0]LogTemp: Display: Module 'WindowsNoEditorTargetPlatform' loaded TargetPlatform 'WindowsNoEditor'
[2020.05.26-18.08.00:075][  0]LogTemp: Display: Module 'WindowsServerTargetPlatform' loaded TargetPlatform 'WindowsServer'
[2020.05.26-18.08.00:078][  0]LogTemp: Display: Module 'WindowsTargetPlatform' loaded TargetPlatform 'Windows'
[2020.05.26-18.08.00:105][  0]LogTemp: Display: Module 'AndroidTargetPlatform' loaded TargetPlatform 'Android'
[2020.05.26-18.08.00:105][  0]LogTemp: Display: Module 'AndroidTargetPlatform' loaded TargetPlatform 'Android_ASTC'
[2020.05.26-18.08.00:105][  0]LogTemp: Display: Module 'AndroidTargetPlatform' loaded TargetPlatform 'Android_ATC'
[2020.05.26-18.08.00:105][  0]LogTemp: Display: Module 'AndroidTargetPlatform' loaded TargetPlatform 'Android_DXT'
[2020.05.26-18.08.00:106][  0]LogTemp: Display: Module 'AndroidTargetPlatform' loaded TargetPlatform 'Android_ETC1'
[2020.05.26-18.08.00:106][  0]LogTemp: Display: Module 'AndroidTargetPlatform' loaded TargetPlatform 'Android_ETC1a'
[2020.05.26-18.08.00:106][  0]LogTemp: Display: Module 'AndroidTargetPlatform' loaded TargetPlatform 'Android_ETC2'
[2020.05.26-18.08.00:106][  0]LogTemp: Display: Module 'AndroidTargetPlatform' loaded TargetPlatform 'Android_PVRTC'
[2020.05.26-18.08.00:106][  0]LogTemp: Display: Module 'AndroidTargetPlatform' loaded TargetPlatform 'AndroidClient'
[2020.05.26-18.08.00:106][  0]LogTemp: Display: Module 'AndroidTargetPlatform' loaded TargetPlatform 'Android_ASTCClient'
[2020.05.26-18.08.00:106][  0]LogTemp: Display: Module 'AndroidTargetPlatform' loaded TargetPlatform 'Android_ATCClient'
[2020.05.26-18.08.00:106][  0]LogTemp: Display: Module 'AndroidTargetPlatform' loaded TargetPlatform 'Android_DXTClient'
[2020.05.26-18.08.00:106][  0]LogTemp: Display: Module 'AndroidTargetPlatform' loaded TargetPlatform 'Android_ETC1Client'
[2020.05.26-18.08.00:106][  0]LogTemp: Display: Module 'AndroidTargetPlatform' loaded TargetPlatform 'Android_ETC1aClient'
[2020.05.26-18.08.00:106][  0]LogTemp: Display: Module 'AndroidTargetPlatform' loaded TargetPlatform 'Android_ETC2Client'
[2020.05.26-18.08.00:106][  0]LogTemp: Display: Module 'AndroidTargetPlatform' loaded TargetPlatform 'Android_PVRTCClient'
[2020.05.26-18.08.00:106][  0]LogTemp: Display: Module 'AndroidTargetPlatform' loaded TargetPlatform 'Android_Multi'
[2020.05.26-18.08.00:106][  0]LogTemp: Display: Module 'AndroidTargetPlatform' loaded TargetPlatform 'Android_MultiClient'
[2020.05.26-18.08.00:107][  0]LogTemp: Display: Module 'HTML5TargetPlatform' loaded TargetPlatform 'HTML5'
[2020.05.26-18.08.00:121][  0]LogTemp: Display: Module 'IOSTargetPlatform' loaded TargetPlatform 'IOSClient'
[2020.05.26-18.08.00:121][  0]LogTemp: Display: Module 'IOSTargetPlatform' loaded TargetPlatform 'IOS'
[2020.05.26-18.08.00:132][  0]LogTemp: Display: Module 'TVOSTargetPlatform' loaded TargetPlatform 'TVOSClient'
[2020.05.26-18.08.00:132][  0]LogTemp: Display: Module 'TVOSTargetPlatform' loaded TargetPlatform 'TVOS'
[2020.05.26-18.08.00:138][  0]LogTemp: Display: Module 'LinuxClientTargetPlatform' loaded TargetPlatform 'LinuxClient'
[2020.05.26-18.08.00:143][  0]LogTemp: Display: Module 'LinuxNoEditorTargetPlatform' loaded TargetPlatform 'LinuxNoEditor'
[2020.05.26-18.08.00:149][  0]LogTemp: Display: Module 'LinuxServerTargetPlatform' loaded TargetPlatform 'LinuxServer'
[2020.05.26-18.08.00:155][  0]LogTemp: Display: Module 'LinuxTargetPlatform' loaded TargetPlatform 'Linux'
[2020.05.26-18.08.00:175][  0]LogTemp: Display: Module 'LuminTargetPlatform' loaded TargetPlatform 'Lumin'
[2020.05.26-18.08.00:175][  0]LogTemp: Display: Module 'LuminTargetPlatform' loaded TargetPlatform 'LuminClient'
[2020.05.26-18.08.00:175][  0]LogTargetPlatformManager: Display: Building Assets For Windows
[2020.05.26-18.08.00:182][  0]LogAudioDebug: Display: Lib vorbis DLL was dynamically loaded.
[2020.05.26-18.08.00:216][  0]LogShaderCompilers: Guid format shader working directory is -6 characters bigger than the processId version (../../../../../../Users/ivan_PC/Desktop/secp/MyProject2/Intermediate/Shaders/WorkingDirectory/312/).
[2020.05.26-18.08.00:217][  0]LogShaderCompilers: Cleaned the shader compiler working directory 'C:/Users/ivan_PC/AppData/Local/Temp/UnrealShaderWorkingDir/48782BFD4590F2310A7125A7BDFD7B0D/'.
[2020.05.26-18.08.00:218][  0]LogXGEController: Cannot use XGE Controller as Incredibuild is not installed on this machine.
[2020.05.26-18.08.00:218][  0]LogShaderCompilers: Cannot use XGE Shader Compiler as Incredibuild is not installed on this machine.
[2020.05.26-18.08.00:218][  0]LogShaderCompilers: Display: Using Local Shader Compiler.
[2020.05.26-18.08.00:754][  0]LogDerivedDataCache: Display: Max Cache Size: 512 MB
[2020.05.26-18.08.00:821][  0]LogDerivedDataCache: Loaded boot cache 0.07s 73MB C:/Users/ivan_PC/AppData/Local/UnrealEngine/4.23/DerivedDataCache/Boot.ddc.
[2020.05.26-18.08.00:821][  0]LogDerivedDataCache: Display: Loaded Boot cache: C:/Users/ivan_PC/AppData/Local/UnrealEngine/4.23/DerivedDataCache/Boot.ddc
[2020.05.26-18.08.00:821][  0]LogDerivedDataCache: FDerivedDataBackendGraph:  Pak pak cache file ../../../../../../Users/ivan_PC/Desktop/secp/MyProject2/DerivedDataCache/DDC.ddp not found, will not use a pak cache.
[2020.05.26-18.08.00:821][  0]LogDerivedDataCache: Unable to find inner node Pak for hierarchical cache Hierarchy.
[2020.05.26-18.08.00:822][  0]LogDerivedDataCache: FDerivedDataBackendGraph:  CompressedPak pak cache file ../../../../../../Users/ivan_PC/Desktop/secp/MyProject2/DerivedDataCache/Compressed.ddp not found, will not use a pak cache.
[2020.05.26-18.08.00:822][  0]LogDerivedDataCache: Unable to find inner node CompressedPak for hierarchical cache Hierarchy.
[2020.05.26-18.08.00:832][  0]LogDerivedDataCache: Display: Pak cache opened for reading ../../../Engine/DerivedDataCache/Compressed.ddp.
[2020.05.26-18.08.00:832][  0]LogDerivedDataCache: FDerivedDataBackendGraph:  EnterprisePak pak cache file ../../../Enterprise/DerivedDataCache/Compressed.ddp not found, will not use a pak cache.
[2020.05.26-18.08.00:832][  0]LogDerivedDataCache: Unable to find inner node EnterprisePak for hierarchical cache Hierarchy.
[2020.05.26-18.08.00:833][  0]LogDerivedDataCache: Using Local data cache path C:/Users/ivan_PC/AppData/Local/UnrealEngine/Common/DerivedDataCache: Writable
[2020.05.26-18.08.00:833][  0]LogDerivedDataCache: Shared data cache path not found in *engine.ini, will not use an Shared cache.
[2020.05.26-18.08.00:833][  0]LogDerivedDataCache: Unable to find inner node Shared for hierarchical cache Hierarchy.
[2020.05.26-18.08.00:850][  0]LogMaterial: Verifying Global Shaders for PCD3D_SM5
[2020.05.26-18.08.00:853][  0]LogSlate: Using FreeType 2.6.0
[2020.05.26-18.08.00:853][  0]LogSlate: SlateFontServices - WITH_FREETYPE: 1, WITH_HARFBUZZ: 1
[2020.05.26-18.08.00:900][  0]LogAssetRegistry: FAssetRegistry took 0.0018 seconds to start up
[2020.05.26-18.08.01:128][  0]LogInit: Selected Device Profile: [Windows]
[2020.05.26-18.08.01:253][  0]LogMeshReduction: Using QuadricMeshReduction for automatic static mesh reduction
[2020.05.26-18.08.01:253][  0]LogMeshReduction: Using SimplygonMeshReduction for automatic skeletal mesh reduction
[2020.05.26-18.08.01:253][  0]LogMeshReduction: Using ProxyLODMeshReduction for automatic mesh merging
[2020.05.26-18.08.01:253][  0]LogMeshReduction: No distributed automatic mesh merging module available
[2020.05.26-18.08.01:253][  0]LogMeshMerging: No distributed automatic mesh merging module available
[2020.05.26-18.08.01:261][  0]LogNetVersion: MyProject2 1.0.0, NetCL: 8386587, EngineNetVer: 11, GameNetVer: 0 (Checksum: 4230709586)
[2020.05.26-18.08.01:626][  0]LogPackageLocalizationCache: Processed 13 localized package path(s) for 1 prioritized culture(s) in 0.049037 seconds
[2020.05.26-18.08.01:631][  0]LogUObjectArray: 43444 objects as part of root set at end of initial load.
[2020.05.26-18.08.01:631][  0]LogUObjectAllocator: 7548648 out of 0 bytes used by permanent object pool.
[2020.05.26-18.08.01:631][  0]LogUObjectArray: CloseDisregardForGC: 0/0 objects in disregard for GC pool
[2020.05.26-18.08.02:290][  0]LogTcpMessaging: Initializing TcpMessaging bridge
[2020.05.26-18.08.02:292][  0]LogUdpMessaging: Initializing bridge on interface 0.0.0.0:0 to multicast group 230.0.0.1:6666.
[2020.05.26-18.08.02:332][  0]SourceControl: Source control is disabled
[2020.05.26-18.08.02:332][  0]SourceControl: Source control is disabled
[2020.05.26-18.08.02:334][  0]SourceControl: Source control is disabled
[2020.05.26-18.08.02:334][  0]SourceControl: Source control is disabled
[2020.05.26-18.08.02:401][  0]LogAndroidPermission: UAndroidPermissionCallbackProxy::GetInstance
[2020.05.26-18.08.02:464][  0]LogOcInput: OculusInput pre-init called
[2020.05.26-18.08.02:469][  0]LogWindows: Failed to load 'OVRPlugin.dll' (GetLastError=126)
[2020.05.26-18.08.02:469][  0]LogWindows: File 'OVRPlugin.dll' does not exist
[2020.05.26-18.08.02:587][  0]LogEngine: Initializing Engine...
[2020.05.26-18.08.02:587][  0]LogHMD: Failed to initialize OpenVR with code 110
[2020.05.26-18.08.02:588][  0]LogStats: UGameplayTagsManager::InitializeManager -  0.000 s
[2020.05.26-18.08.02:802][  0]LogInit: Initializing FReadOnlyCVARCache
[2020.05.26-18.08.02:813][  0]LogAIModule: Creating AISystem for world Untitled
[2020.05.26-18.08.02:832][  0]LogInit: XAudio2 using 'AG241QG4 (NVIDIA High Definition Audio)' : 2 channels at 48 kHz using 16 bits per sample (channel mask 0x3)
[2020.05.26-18.08.02:837][  0]LogInit: FAudioDevice initialized.
[2020.05.26-18.08.02:838][  0]LogNetVersion: Set ProjectVersion to 1.0.0.0. Version Checksum will be recalculated on next use.
[2020.05.26-18.08.02:915][  0]LogDerivedDataCache: Saved boot cache 0.08s 73MB C:/Users/ivan_PC/AppData/Local/UnrealEngine/4.23/DerivedDataCache/Boot.ddc.
[2020.05.26-18.08.02:920][  0]LogInit: Texture streaming: Enabled
[2020.05.26-18.08.02:934][  0]LogEngineSessionManager: EngineSessionManager initialized
[2020.05.26-18.08.02:934][  0]LogEditorSessionSummary: Verbose: Initializing EditorSessionSummaryWriter for editor session tracking
[2020.05.26-18.08.02:934][  0]LogEditorSessionSummary: EditorSessionSummaryWriter initialized
[2020.05.26-18.08.03:019][  0]LogInit: Transaction tracking system initialized
[2020.05.26-18.08.03:041][  0]BlueprintLog: New page: Editor Load
[2020.05.26-18.08.03:098][  0]LocalizationService: Localization service is disabled
[2020.05.26-18.08.03:301][  0]LogFileCache: Scanning file cache for directory 'C:/Users/ivan_PC/Desktop/secp/MyProject2/Content/' took 0.01s
[2020.05.26-18.08.03:301][  0]LogCook: Display: Max memory allowance for cook 16384mb min free memory 0mb
[2020.05.26-18.08.03:301][  0]LogCook: Display: Mobile HDR setting 1
[2020.05.26-18.08.03:441][  0]SourceControl: Source control is disabled
[2020.05.26-18.08.03:441][  0]Cmd: MAP LOAD FILE="../../../../../../Users/ivan_PC/Desktop/secp/MyProject2/Content/TopDownBP/Maps/Secpholand.umap" TEMPLATE=0 SHOWPROGRESS=1 FEATURELEVEL=3
[2020.05.26-18.08.03:442][  0]LightingResults: New page: Lighting Build
[2020.05.26-18.08.03:443][  0]LogWorld: UWorld::CleanupWorld for Untitled, bSessionEnded=true, bCleanupResources=true
[2020.05.26-18.08.03:444][  0]MapCheck: New page: Map Check
[2020.05.26-18.08.03:444][  0]LightingResults: New page: Lighting Build
[2020.05.26-18.08.03:466][  0]LogUObjectHash: Compacting FUObjectHashTables data took   1.44ms
[2020.05.26-18.08.05:855][  0]LogPhysics: Warning: Failed to cook TriMesh: /Game/TopDownBP/Assets/Character/Mesh/Extra/noGafas.noGafas.
[2020.05.26-18.08.05:855][  0]LogPhysics: Warning: Attempt to build physics data for /Game/TopDownBP/Assets/Character/Mesh/Extra/noGafas.noGafas:BodySetup_0 when we are unable to.
[2020.05.26-18.08.05:866][  0]LogPhysics: Warning: Failed to cook TriMesh: /Game/TopDownBP/Assets/Character/Mesh/Extra/NoBarba.NoBarba.
[2020.05.26-18.08.05:866][  0]LogPhysics: Warning: Attempt to build physics data for /Game/TopDownBP/Assets/Character/Mesh/Extra/NoBarba.NoBarba:BodySetup_0 when we are unable to.
[2020.05.26-18.08.07:791][  0]LogAIModule: Creating AISystem for world Secpholand
[2020.05.26-18.08.07:804][  0]LogPhysics: Warning: PopulatePhysXGeometryAndTransform(Convex): ConvexElem has invalid transform
[2020.05.26-18.08.07:804][  0]LogPhysics: Warning: ForeachShape(Convex): ScaledElem[0] invalid
[2020.05.26-18.08.07:812][  0]LogPhysics: Warning: PopulatePhysXGeometryAndTransform(Convex): ConvexElem has invalid transform
[2020.05.26-18.08.07:812][  0]LogPhysics: Warning: ForeachShape(Convex): ScaledElem[0] invalid
[2020.05.26-18.08.07:813][  0]LogPhysics: Warning: PopulatePhysXGeometryAndTransform(Convex): ConvexElem has invalid transform
[2020.05.26-18.08.07:813][  0]LogPhysics: Warning: ForeachShape(Convex): ScaledElem[0] invalid
[2020.05.26-18.08.07:813][  0]LogPhysics: Warning: PopulatePhysXGeometryAndTransform(Convex): ConvexElem has invalid transform
[2020.05.26-18.08.07:813][  0]LogPhysics: Warning: ForeachShape(Convex): ScaledElem[0] invalid
[2020.05.26-18.08.07:823][  0]LogEditorServer: Finished looking for orphan Actors (0.000 secs)
[2020.05.26-18.08.07:824][  0]LogNavigation: Warning: Recreating dtNavMesh instance due to saved navmesh origin (X=-230.531 Y=-202.967 Z=0.000, usually the RecastNavMesh location) not being aligned with tile size (988 uu) 
[2020.05.26-18.08.07:873][  0]LogUObjectHash: Compacting FUObjectHashTables data took   3.05ms
[2020.05.26-18.08.07:874][  0]Cmd: MAP CHECKDEP NOCLEARLOG
[2020.05.26-18.08.07:874][  0]MapCheck: Map check complete: 0 Error(s), 0 Warning(s), took 0,151ms to complete.
[2020.05.26-18.08.07:874][  0]LogFileHelpers: Loading map 'Secpholand' took 4.433
[2020.05.26-18.08.07:963][  0]LogSlate: Updating window title bar state: overlay mode, drag disabled, window buttons hidden, title bar hidden
[2020.05.26-18.08.07:992][  0]LogSlate: Updating window title bar state: overlay mode, drag disabled, window buttons hidden, title bar hidden
[2020.05.26-18.08.08:019][  0]LogSlate: Updating window title bar state: overlay mode, drag disabled, window buttons hidden, title bar hidden
[2020.05.26-18.08.08:025][  0]LogSlate: Updating window title bar state: overlay mode, drag disabled, window buttons hidden, title bar hidden
[2020.05.26-18.08.08:029][  0]LogCollectionManager: Loaded 0 collections in 0.001131 seconds
[2020.05.26-18.08.08:034][  0]LogFileCache: Scanning file cache for directory 'C:/Users/ivan_PC/Desktop/secp/MyProject2/Saved/Collections/' took 0.00s
[2020.05.26-18.08.08:034][  0]LogFileCache: Scanning file cache for directory 'C:/Users/ivan_PC/Desktop/secp/MyProject2/Content/Developers/ivanPC/Collections/' took 0.00s
[2020.05.26-18.08.08:034][  0]LogFileCache: Scanning file cache for directory 'C:/Users/ivan_PC/Desktop/secp/MyProject2/Content/Collections/' took 0.00s
[2020.05.26-18.08.08:034][  0]LogCollectionManager: Rebuilt the GUID cache for 0 collections in 0.000001 seconds
[2020.05.26-18.08.08:041][  0]LogContentBrowser: Native class hierarchy populated in 0.0068 seconds. Added 2895 classes and 693 folders.
[2020.05.26-18.08.08:045][  0]LogContentBrowser: Native class hierarchy updated for 'WidgetCarousel' in 0.0002 seconds. Added 0 classes and 0 folders.
[2020.05.26-18.08.08:069][  0]LogContentBrowser: Native class hierarchy updated for 'AddContentDialog' in 0.0002 seconds. Added 0 classes and 0 folders.
[2020.05.26-18.08.08:073][  0]LogContentBrowser: Native class hierarchy updated for 'SceneOutliner' in 0.0003 seconds. Added 1 classes and 2 folders.
[2020.05.26-18.08.08:174][  0]LogSlate: Took 0.000137 seconds to synchronously load lazily loaded font '../../../Engine/Content/Slate/Fonts/Roboto-Regular.ttf' (155K)
[2020.05.26-18.08.08:175][  0]LogSlate: Took 0.000098 seconds to synchronously load lazily loaded font '../../../Engine/Content/Slate/Fonts/Roboto-Bold.ttf' (160K)
[2020.05.26-18.08.08:178][  0]LogSlate: Took 0.000115 seconds to synchronously load lazily loaded font '../../../Engine/Content/Editor/Slate/Fonts/FontAwesome.ttf' (139K)
[2020.05.26-18.08.08:228][  0]LogRenderer: Reallocating scene render targets to support 1696x888 Format 10 NumSamples 1 (Frame:1).
[2020.05.26-18.08.08:394][  0]LogContentBrowser: Native class hierarchy updated for 'HierarchicalLODOutliner' in 0.0002 seconds. Added 0 classes and 0 folders.
[2020.05.26-18.08.08:394][  0]LogLoad: (Engine Initialization) Total time: 9.70 seconds
[2020.05.26-18.08.08:394][  0]LogLoad: (Engine Initialization) Total Blueprint compile time: 0.00 seconds
[2020.05.26-18.08.08:455][  0]LogContentStreaming: Texture pool size now 1000 MB
[2020.05.26-18.08.09:273][ 12]LogAssetRegistry: Asset discovery search completed in 8.3740 seconds
[2020.05.26-18.08.09:277][ 12]LogCollectionManager: Rebuilt the object cache for 0 collections in 0.000004 seconds (found 0 objects)
[2020.05.26-18.08.09:277][ 12]LogCollectionManager: Fixed up redirectors for 0 collections in 0.000049 seconds (updated 0 objects)
[2020.05.26-18.08.49:039][174]LogSlate: FSceneViewport::OnFocusLost() reason 5
[2020.05.26-18.08.54:084][558]LogSlate: Window 'Plugins' being destroyed
[2020.05.26-18.08.54:086][558]LogSlate: Window 'Plugins' being destroyed
[2020.05.26-18.08.54:086][558]LogDirectoryWatcher: A directory notification for '../../../Engine/Plugins/' was aborted.
[2020.05.26-18.08.54:086][558]LogDirectoryWatcher: A directory notification for '../../../../../../Users/ivan_PC/Desktop/secp/MyProject2/Plugins/' was aborted.
[2020.05.26-18.15.09:721][195]LogEditorSessionSummary: EditorSessionSummary sent report. Type=Shutdown, SessionId={03E0B887-46D7-22CD-E5A9-018643F79D84}
[2020.05.26-18.17.10:209][555]LogEditorSessionSummary: EditorSessionSummary sent report. Type=Shutdown, SessionId={3B944F41-455F-FB13-B63E-2F994305E95A}
[2020.05.26-18.22.15:075][465]LogAudio: Warning: Current Audio Device with ID {0.0.0.00000000}.{2e03080a-cbbd-4659-9c64-efe14cc5c71d} was removed. Shutting down audio device.
[2020.05.26-18.22.15:075][465]LogInit: XAudio2 using 'Focusrite USB (Focusrite USB Audio)' : 2 channels at 44.1 kHz using 16 bits per sample (channel mask 0x3)
[2020.05.26-18.23.05:412][714]LogSlate: FSceneViewport::OnFocusLost() reason 0
[2020.05.26-18.23.05:490][721]LogUObjectHash: Compacting FUObjectHashTables data took   0.77ms
[2020.05.26-18.23.05:635][721]LogSlate: Window 'MyProject2 - Unreal Editor' being destroyed
[2020.05.26-18.23.05:636][721]LogWindowsTextInputMethodSystem: Display: IME system now deactivated.
[2020.05.26-18.23.05:765][722]Cmd: QUIT_EDITOR
[2020.05.26-18.23.05:787][722]LogExit: Preparing to exit.
[2020.05.26-18.23.05:807][722]LogWorld: UWorld::CleanupWorld for World_0, bSessionEnded=true, bCleanupResources=true
[2020.05.26-18.23.05:850][722]LogDemo: Cleaned up 0 splitscreen connections with owner deletion
[2020.05.26-18.23.05:866][722]LogWorld: UWorld::CleanupWorld for None, bSessionEnded=true, bCleanupResources=true
[2020.05.26-18.23.05:866][722]LogExit: Editor shut down
[2020.05.26-18.23.05:867][722]LogExit: Transaction tracking system shut down
[2020.05.26-18.23.06:182][722]LogExit: Object subsystem successfully closed.
[2020.05.26-18.23.06:195][722]LogShaderCompilers: Display: Shaders left to compile 0
[2020.05.26-18.23.06:216][722]LogModuleManager: Shutting down and abandoning module HierarchicalLODOutliner (674)
[2020.05.26-18.23.06:216][722]LogModuleManager: Shutting down and abandoning module SceneOutliner (672)
[2020.05.26-18.23.06:216][722]LogModuleManager: Shutting down and abandoning module AddContentDialog (670)
[2020.05.26-18.23.06:217][722]LogModuleManager: Shutting down and abandoning module WidgetCarousel (669)
[2020.05.26-18.23.06:217][722]LogModuleManager: Shutting down and abandoning module EditorWidgets (666)
[2020.05.26-18.23.06:217][722]LogModuleManager: Shutting down and abandoning module CollectionManager (664)
[2020.05.26-18.23.06:217][722]LogModuleManager: Shutting down and abandoning module StatsViewer (662)
[2020.05.26-18.23.06:217][722]LogModuleManager: Shutting down and abandoning module VirtualTexturingEditor (660)
[2020.05.26-18.23.06:217][722]LogModuleManager: Shutting down and abandoning module FoliageEdit (658)
[2020.05.26-18.23.06:217][722]LogModuleManager: Shutting down and abandoning module LandscapeEditor (656)
[2020.05.26-18.23.06:217][722]LogModuleManager: Shutting down and abandoning module MeshPaintMode (654)
[2020.05.26-18.23.06:217][722]LogModuleManager: Shutting down and abandoning module SceneDepthPickerMode (652)
[2020.05.26-18.23.06:217][722]LogModuleManager: Shutting down and abandoning module ActorPickerMode (650)
[2020.05.26-18.23.06:217][722]LogModuleManager: Shutting down and abandoning module GeometryMode (648)
[2020.05.26-18.23.06:217][722]LogModuleManager: Shutting down and abandoning module TextureAlignMode (646)
[2020.05.26-18.23.06:217][722]LogModuleManager: Shutting down and abandoning module BspMode (644)
[2020.05.26-18.23.06:217][722]LogModuleManager: Shutting down and abandoning module PIEPreviewDeviceProfileSelector (642)
[2020.05.26-18.23.06:217][722]LogModuleManager: Shutting down and abandoning module SequenceRecorderSections (640)
[2020.05.26-18.23.06:217][722]LogModuleManager: Shutting down and abandoning module AutomationWorker (638)
[2020.05.26-18.23.06:217][722]LogModuleManager: Shutting down and abandoning module OculusMR (636)
[2020.05.26-18.23.06:217][722]LogModuleManager: Shutting down and abandoning module AudioCaptureEditor (634)
[2020.05.26-18.23.06:217][722]LogModuleManager: Shutting down and abandoning module MatineeToLevelSequence (632)
[2020.05.26-18.23.06:217][722]LogModuleManager: Shutting down and abandoning module LevelSequenceEditor (630)
[2020.05.26-18.23.06:217][722]LogModuleManager: Shutting down and abandoning module PlacementMode (629)
[2020.05.26-18.23.06:217][722]LogModuleManager: Shutting down and abandoning module MaterialEditor (628)
[2020.05.26-18.23.06:217][722]LogModuleManager: Shutting down and abandoning module ActorSequenceEditor (624)
[2020.05.26-18.23.06:217][722]LogModuleManager: Shutting down and abandoning module WmfMediaFactory (622)
[2020.05.26-18.23.06:217][722]LogModuleManager: Shutting down and abandoning module WmfMediaEditor (620)
[2020.05.26-18.23.06:217][722]LogModuleManager: Shutting down and abandoning module WebMMediaFactory (618)
[2020.05.26-18.23.06:217][722]LogModuleManager: Shutting down and abandoning module WebMMediaEditor (616)
[2020.05.26-18.23.06:217][722]LogModuleManager: Shutting down and abandoning module WebMMedia (614)
[2020.05.26-18.23.06:217][722]LogModuleManager: Shutting down and abandoning module MediaPlayerEditor (612)
[2020.05.26-18.23.06:217][722]LogModuleManager: Shutting down and abandoning module MediaCompositingEditor (610)
[2020.05.26-18.23.06:217][722]LogModuleManager: Shutting down and abandoning module SequenceRecorder (609)
[2020.05.26-18.23.06:217][722]LogModuleManager: Shutting down and abandoning module OpenExrWrapper (606)
[2020.05.26-18.23.06:217][722]LogModuleManager: Shutting down and abandoning module ImgMediaFactory (604)
[2020.05.26-18.23.06:217][722]LogModuleManager: Shutting down and abandoning module ImgMediaEditor (602)
[2020.05.26-18.23.06:217][722]LogModuleManager: Shutting down and abandoning module AvfMediaFactory (600)
[2020.05.26-18.23.06:217][722]LogModuleManager: Shutting down and abandoning module AvfMediaEditor (598)
[2020.05.26-18.23.06:217][722]LogModuleManager: Shutting down and abandoning module AndroidMediaFactory (596)
[2020.05.26-18.23.06:217][722]LogModuleManager: Shutting down and abandoning module AndroidMediaEditor (594)
[2020.05.26-18.23.06:217][722]LogModuleManager: Shutting down and abandoning module MagicLeapCameraPreviewFactory (592)
[2020.05.26-18.23.06:217][722]LogModuleManager: Shutting down and abandoning module MagicLeapMediaCodecFactory (590)
[2020.05.26-18.23.06:217][722]LogModuleManager: Shutting down and abandoning module MagicLeapMediaFactory (588)
[2020.05.26-18.23.06:217][722]LogModuleManager: Shutting down and abandoning module MagicLeapMediaEditor (586)
[2020.05.26-18.23.06:217][722]LogModuleManager: Shutting down and abandoning module CharacterAI (584)
[2020.05.26-18.23.06:217][722]LogModuleManager: Shutting down and abandoning module SmartSnapping (582)
[2020.05.26-18.23.06:217][722]LogModuleManager: Shutting down and abandoning module SessionServices (580)
[2020.05.26-18.23.06:217][722]LogModuleManager: Shutting down and abandoning module MeshPaint (578)
[2020.05.26-18.23.06:217][722]LogModuleManager: Shutting down and abandoning module ViewportSnapping (576)
[2020.05.26-18.23.06:218][722]LogModuleManager: Shutting down and abandoning module ViewportInteraction (574)
[2020.05.26-18.23.06:218][722]LogModuleManager: Shutting down and abandoning module ClothPainter (572)
[2020.05.26-18.23.06:218][722]LogModuleManager: Shutting down and abandoning module SkeletalMeshEditor (571)
[2020.05.26-18.23.06:218][722]LogModuleManager: Shutting down and abandoning module LogVisualizer (568)
[2020.05.26-18.23.06:218][722]LogModuleManager: Shutting down and abandoning module IntroTutorials (566)
[2020.05.26-18.23.06:218][722]LogModuleManager: Shutting down and abandoning module GameProjectGeneration (565)
[2020.05.26-18.23.06:218][722]LogModuleManager: Shutting down and abandoning module LuminPlatformEditor (562)
[2020.05.26-18.23.06:218][722]LogModuleManager: Shutting down and abandoning module IOSPlatformEditor (560)
[2020.05.26-18.23.06:218][722]LogModuleManager: Shutting down and abandoning module HTML5PlatformEditor (558)
[2020.05.26-18.23.06:218][722]LogModuleManager: Shutting down and abandoning module AndroidPlatformEditor (556)
[2020.05.26-18.23.06:218][722]LogModuleManager: Shutting down and abandoning module AndroidDeviceDetection (555)
[2020.05.26-18.23.06:663][722]LogModuleManager: Shutting down and abandoning module WindowsPlatformEditor (552)
[2020.05.26-18.23.06:663][722]LogModuleManager: Shutting down and abandoning module LuminRuntimeSettings (550)
[2020.05.26-18.23.06:663][722]LogModuleManager: Shutting down and abandoning module IOSRuntimeSettings (548)
[2020.05.26-18.23.06:663][722]LogModuleManager: Shutting down and abandoning module AndroidRuntimeSettings (546)
[2020.05.26-18.23.06:663][722]LogModuleManager: Shutting down and abandoning module TimeManagementEditor (544)
[2020.05.26-18.23.06:663][722]LogModuleManager: Shutting down and abandoning module InputBindingEditor (542)
[2020.05.26-18.23.06:663][722]LogModuleManager: Shutting down and abandoning module MergeActors (540)
[2020.05.26-18.23.06:663][722]LogModuleManager: Shutting down and abandoning module LocalizationDashboard (538)
[2020.05.26-18.23.06:663][722]LogModuleManager: Shutting down and abandoning module LocalizationService (537)
[2020.05.26-18.23.06:663][722]LogModuleManager: Shutting down and abandoning module HardwareTargeting (534)
[2020.05.26-18.23.06:663][722]LogModuleManager: Shutting down and abandoning module DeviceProfileEditor (532)
[2020.05.26-18.23.06:663][722]LogModuleManager: Shutting down and abandoning module UndoHistory (530)
[2020.05.26-18.23.06:663][722]LogModuleManager: Shutting down and abandoning module XmlParser (528)
[2020.05.26-18.23.06:663][722]LogModuleManager: Shutting down and abandoning module Blutility (526)
[2020.05.26-18.23.06:663][722]LogModuleManager: Shutting down and abandoning module ProjectSettingsViewer (524)
[2020.05.26-18.23.06:663][722]LogModuleManager: Shutting down and abandoning module ProjectTargetPlatformEditor (523)
[2020.05.26-18.23.06:663][722]LogModuleManager: Shutting down and abandoning module EditorSettingsViewer (520)
[2020.05.26-18.23.06:663][722]LogModuleManager: Shutting down and abandoning module SettingsEditor (518)
[2020.05.26-18.23.06:664][722]LogModuleManager: Shutting down and abandoning module ProjectLauncher (516)
[2020.05.26-18.23.06:664][722]LogModuleManager: Shutting down and abandoning module SessionFrontend (514)
[2020.05.26-18.23.06:664][722]LogModuleManager: Shutting down and abandoning module ProfilerClient (512)
[2020.05.26-18.23.06:664][722]LogModuleManager: Shutting down and abandoning module DeviceManager (510)
[2020.05.26-18.23.06:664][722]LogModuleManager: Shutting down and abandoning module TargetDeviceServices (509)
[2020.05.26-18.23.06:708][722]LogModuleManager: Shutting down and abandoning module AutomationController (506)
[2020.05.26-18.23.06:708][722]LogModuleManager: Shutting down and abandoning module AutomationWindow (504)
[2020.05.26-18.23.06:708][722]LogModuleManager: Shutting down and abandoning module Layers (502)
[2020.05.26-18.23.06:708][722]LogModuleManager: Shutting down and abandoning module ComponentVisualizers (500)
[2020.05.26-18.23.06:708][722]LogModuleManager: Shutting down and abandoning module DetailCustomizations (498)
[2020.05.26-18.23.06:708][722]LogModuleManager: Shutting down and abandoning module PackagesDialog (496)
[2020.05.26-18.23.06:708][722]LogModuleManager: Shutting down and abandoning module AnimationBlueprintEditor (494)
[2020.05.26-18.23.06:708][722]LogModuleManager: Shutting down and abandoning module Persona (492)
[2020.05.26-18.23.06:708][722]LogModuleManager: Shutting down and abandoning module AdvancedPreviewScene (491)
[2020.05.26-18.23.06:708][722]LogModuleManager: Shutting down and abandoning module AnimGraph (489)
[2020.05.26-18.23.06:708][722]LogModuleManager: Shutting down and abandoning module Kismet (486)
[2020.05.26-18.23.06:710][722]LogModuleManager: Shutting down and abandoning module KismetWidgets (485)
[2020.05.26-18.23.06:710][722]LogModuleManager: Shutting down and abandoning module GraphEditor (482)
[2020.05.26-18.23.06:710][722]LogModuleManager: Shutting down and abandoning module StructViewer (480)
[2020.05.26-18.23.06:710][722]LogModuleManager: Shutting down and abandoning module ClassViewer (478)
[2020.05.26-18.23.06:710][722]LogModuleManager: Shutting down and abandoning module Toolbox (476)
[2020.05.26-18.23.06:710][722]LogModuleManager: Shutting down and abandoning module ModuleUI (474)
[2020.05.26-18.23.06:710][722]LogModuleManager: Shutting down and abandoning module MovieSceneTools (472)
[2020.05.26-18.23.06:710][722]LogModuleManager: Shutting down and abandoning module OutputLog (470)
[2020.05.26-18.23.06:710][722]LogModuleManager: Shutting down and abandoning module GammaUI (468)
[2020.05.26-18.23.06:710][722]LogModuleManager: Shutting down and abandoning module Documentation (466)
[2020.05.26-18.23.06:710][722]LogModuleManager: Shutting down and abandoning module LiveCoding (464)
[2020.05.26-18.23.06:710][722]LogModuleManager: Shutting down and abandoning module LevelSequence (462)
[2020.05.26-18.23.06:710][722]LogModuleManager: Shutting down and abandoning module MovieSceneTracks (460)
[2020.05.26-18.23.06:710][722]LogModuleManager: Shutting down and abandoning module MovieScene (458)
[2020.05.26-18.23.06:710][722]LogModuleManager: Shutting down and abandoning module StreamingPauseRendering (456)
[2020.05.26-18.23.06:710][722]LogModuleManager: Shutting down and abandoning module LauncherPlatform (454)
[2020.05.26-18.23.06:710][722]LogModuleManager: Shutting down and abandoning module AnalyticsET (452)
[2020.05.26-18.23.06:710][722]LogModuleManager: Shutting down and abandoning module PortalServices (450)
[2020.05.26-18.23.06:710][722]LogModuleManager: Shutting down and abandoning module PortalRpc (448)
[2020.05.26-18.23.06:710][722]LogModuleManager: Shutting down and abandoning module MessagingRpc (446)
[2020.05.26-18.23.06:710][722]LogModuleManager: Shutting down and abandoning module AIModule (444)
[2020.05.26-18.23.06:710][722]LogModuleManager: Shutting down and abandoning module GameplayDebugger (443)
[2020.05.26-18.23.06:710][722]LogModuleManager: Shutting down and abandoning module AITestSuite (441)
[2020.05.26-18.23.06:710][722]LogModuleManager: Shutting down and abandoning module NavigationSystem (439)
[2020.05.26-18.23.06:710][722]LogModuleManager: Shutting down and abandoning module DesktopPlatform (436)
[2020.05.26-18.23.06:711][722]LogModuleManager: Shutting down and abandoning module ImageWriteQueue (434)
[2020.05.26-18.23.06:712][722]LogModuleManager: Shutting down and abandoning module ProfilerService (432)
[2020.05.26-18.23.06:862][722]LogModuleManager: Shutting down and abandoning module TaskGraph (430)
[2020.05.26-18.23.06:862][722]LogModuleManager: Shutting down and abandoning module ScreenshotTools (428)
[2020.05.26-18.23.06:862][722]LogModuleManager: Shutting down and abandoning module SynthesisEditor (426)
[2020.05.26-18.23.06:862][722]LogModuleManager: Shutting down and abandoning module Synthesis (424)
[2020.05.26-18.23.06:863][722]LogModuleManager: Shutting down and abandoning module SteamVRController (422)
[2020.05.26-18.23.06:863][722]LogModuleManager: Shutting down and abandoning module ProceduralMeshComponentEditor (420)
[2020.05.26-18.23.06:863][722]LogModuleManager: Shutting down and abandoning module ProceduralMeshComponent (418)
[2020.05.26-18.23.06:863][722]LogModuleManager: Shutting down and abandoning module OculusEditor (416)
[2020.05.26-18.23.06:863][722]LogModuleManager: Shutting down and abandoning module OculusInput (414)
[2020.05.26-18.23.06:863][722]LogModuleManager: Shutting down and abandoning module MobilePatchingUtils (412)
[2020.05.26-18.23.06:863][722]LogModuleManager: Shutting down and abandoning module EditableMesh (410)
[2020.05.26-18.23.06:863][722]LogModuleManager: Shutting down and abandoning module CustomMeshComponent (408)
[2020.05.26-18.23.06:863][722]LogModuleManager: Shutting down and abandoning module CableComponent (406)
[2020.05.26-18.23.06:863][722]LogModuleManager: Shutting down and abandoning module AudioCapture (404)
[2020.05.26-18.23.06:863][722]LogModuleManager: Shutting down and abandoning module ArchVisCharacter (402)
[2020.05.26-18.23.06:863][722]LogModuleManager: Shutting down and abandoning module AppleImageUtilsBlueprintSupport (400)
[2020.05.26-18.23.06:863][722]LogModuleManager: Shutting down and abandoning module AppleImageUtils (398)
[2020.05.26-18.23.06:863][722]LogModuleManager: Shutting down and abandoning module AndroidPermission (396)
[2020.05.26-18.23.06:863][722]LogModuleManager: Shutting down and abandoning module NUTUnrealEngine4 (394)
[2020.05.26-18.23.06:863][722]LogModuleManager: Shutting down and abandoning module NetcodeUnitTest (392)
[2020.05.26-18.23.06:863][722]LogModuleManager: Shutting down and abandoning module MediaCompositing (390)
[2020.05.26-18.23.06:863][722]LogModuleManager: Shutting down and abandoning module ImgMedia (388)
[2020.05.26-18.23.06:863][722]LogModuleManager: Shutting down and abandoning module MagicLeapHelperVulkan (386)
[2020.05.26-18.23.06:863][722]LogModuleManager: Shutting down and abandoning module MagicLeapHelperOpenGL (384)
[2020.05.26-18.23.06:863][722]LogModuleManager: Shutting down and abandoning module MagicLeapAudio (382)
[2020.05.26-18.23.06:863][722]LogModuleManager: Shutting down and abandoning module HTML5Networking (380)
[2020.05.26-18.23.06:863][722]LogModuleManager: Shutting down and abandoning module GeometryCacheTracks (378)
[2020.05.26-18.23.06:863][722]LogModuleManager: Shutting down and abandoning module GeometryCacheSequencer (376)
[2020.05.26-18.23.06:863][722]LogModuleManager: Shutting down and abandoning module BackChannel (374)
[2020.05.26-18.23.06:863][722]LogModuleManager: Shutting down and abandoning module AutomationUtilsEditor (372)
[2020.05.26-18.23.06:863][722]LogModuleManager: Shutting down and abandoning module AutomationUtils (370)
[2020.05.26-18.23.06:863][722]LogModuleManager: Shutting down and abandoning module AlembicImporter (368)
[2020.05.26-18.23.06:863][722]LogModuleManager: Shutting down and abandoning module AlembicLibrary (367)
[2020.05.26-18.23.06:863][722]LogModuleManager: Shutting down and abandoning module GeometryCache (366)
[2020.05.26-18.23.06:863][722]LogModuleManager: Shutting down and abandoning module GeometryCacheEd (365)
[2020.05.26-18.23.06:863][722]LogModuleManager: Shutting down and abandoning module VariantManagerContent (360)
[2020.05.26-18.23.06:863][722]LogModuleManager: Shutting down and abandoning module DatasmithContentEditor (358)
[2020.05.26-18.23.06:863][722]LogModuleManager: Shutting down and abandoning module SpeedTreeImporter (356)
[2020.05.26-18.23.06:863][722]LogModuleManager: Shutting down and abandoning module PluginBrowser (354)
[2020.05.26-18.23.06:863][722]LogModuleManager: Shutting down and abandoning module MobileLauncherProfileWizard (352)
[2020.05.26-18.23.06:864][722]LogModuleManager: Shutting down and abandoning module MaterialAnalyzer (350)
[2020.05.26-18.23.06:864][722]LogModuleManager: Shutting down and abandoning module CurveEditorTools (348)
[2020.05.26-18.23.06:864][722]LogModuleManager: Shutting down and abandoning module CurveEditor (347)
[2020.05.26-18.23.06:864][722]LogModuleManager: Shutting down and abandoning module CryptoKeysOpenSSL (344)
[2020.05.26-18.23.06:864][722]LogModuleManager: Shutting down and abandoning module CryptoKeys (342)
[2020.05.26-18.23.06:864][722]LogModuleManager: Shutting down and abandoning module VisualStudioSourceCodeAccess (340)
[2020.05.26-18.23.06:864][722]LogModuleManager: Shutting down and abandoning module VisualStudioCodeSourceCodeAccess (338)
[2020.05.26-18.23.06:864][722]LogModuleManager: Shutting down and abandoning module UObjectPlugin (336)
[2020.05.26-18.23.06:864][722]LogModuleManager: Shutting down and abandoning module SubversionSourceControl (334)
[2020.05.26-18.23.06:864][722]LogModuleManager: Shutting down and abandoning module PerforceSourceControl (332)
[2020.05.26-18.23.06:864][722]LogModuleManager: Shutting down and abandoning module GitSourceControl (330)
[2020.05.26-18.23.06:864][722]LogModuleManager: Shutting down and abandoning module SourceControl (329)
[2020.05.26-18.23.06:864][722]LogModuleManager: Shutting down and abandoning module CLionSourceCodeAccess (326)
[2020.05.26-18.23.06:864][722]LogModuleManager: Shutting down and abandoning module AnimationSharingEd (324)
[2020.05.26-18.23.06:864][722]LogModuleManager: Shutting down and abandoning module ActorLayerUtilitiesEditor (322)
[2020.05.26-18.23.06:864][722]LogModuleManager: Shutting down and abandoning module ActorLayerUtilities (320)
[2020.05.26-18.23.06:864][722]LogModuleManager: Shutting down and abandoning module LightPropagationVolumeEditor (318)
[2020.05.26-18.23.06:864][722]LogModuleManager: Shutting down and abandoning module PaperTiledImporter (316)
[2020.05.26-18.23.06:864][722]LogModuleManager: Shutting down and abandoning module PaperSpriteSheetImporter (314)
[2020.05.26-18.23.06:864][722]LogModuleManager: Shutting down and abandoning module Paper2DEditor (312)
[2020.05.26-18.23.06:864][722]LogModuleManager: Shutting down and abandoning module SignificanceManager (310)
[2020.05.26-18.23.06:864][722]LogModuleManager: Shutting down and abandoning module RuntimePhysXCooking (308)
[2020.05.26-18.23.06:864][722]LogModuleManager: Shutting down and abandoning module PhysXVehiclesEditor (306)
[2020.05.26-18.23.06:864][722]LogModuleManager: Shutting down and abandoning module LocationServicesBPLibrary (302)
[2020.05.26-18.23.06:864][722]LogModuleManager: Shutting down and abandoning module ActorSequence (300)
[2020.05.26-18.23.06:864][722]LogModuleManager: Shutting down and abandoning module UdpMessaging (298)
[2020.05.26-18.23.06:966][722]LogModuleManager: Shutting down and abandoning module TcpMessaging (296)
[2020.05.26-18.23.07:066][722]LogModuleManager: Shutting down and abandoning module MagicLeapIdentity (294)
[2020.05.26-18.23.07:066][722]LogModuleManager: Shutting down and abandoning module MagicLeapSecureStorage (292)
[2020.05.26-18.23.07:066][722]LogModuleManager: Shutting down and abandoning module MagicLeapHandTracking (290)
[2020.05.26-18.23.07:066][722]LogModuleManager: Shutting down and abandoning module MagicLeapEyeTracker (288)
[2020.05.26-18.23.07:066][722]LogModuleManager: Shutting down and abandoning module MagicLeapController (286)
[2020.05.26-18.23.07:066][722]LogSlate: Slate User Destroyed.  User Index 0, Is Virtual User: 0
[2020.05.26-18.23.07:066][722]LogModuleManager: Shutting down and abandoning module MagicLeapAR (284)
[2020.05.26-18.23.07:066][722]LogModuleManager: Shutting down and abandoning module AugmentedReality (283)
[2020.05.26-18.23.07:066][722]LogModuleManager: Shutting down and abandoning module GameplayTagsEditor (280)
[2020.05.26-18.23.07:066][722]LogModuleManager: Shutting down and abandoning module FacialAnimationEditor (278)
[2020.05.26-18.23.07:066][722]LogModuleManager: Shutting down and abandoning module FacialAnimation (276)
[2020.05.26-18.23.07:066][722]LogModuleManager: Shutting down and abandoning module DataValidation (274)
[2020.05.26-18.23.07:066][722]LogModuleManager: Shutting down and abandoning module AssetManagerEditor (272)
[2020.05.26-18.23.07:066][722]LogModuleManager: Shutting down and abandoning module LevelEditor (271)
[2020.05.26-18.23.07:067][722]LogModuleManager: Shutting down and abandoning module PixelInspectorModule (270)
[2020.05.26-18.23.07:067][722]LogModuleManager: Shutting down and abandoning module CommonMenuExtensions (268)
[2020.05.26-18.23.07:067][722]LogModuleManager: Shutting down and abandoning module MainFrame (266)
[2020.05.26-18.23.07:067][722]LogModuleManager: Shutting down and abandoning module HotReload (265)
[2020.05.26-18.23.07:067][722]LogModuleManager: Shutting down and abandoning module ContentBrowser (261)
[2020.05.26-18.23.07:068][722]LogModuleManager: Shutting down and abandoning module TreeMap (259)
[2020.05.26-18.23.07:068][722]LogModuleManager: Shutting down and abandoning module AnimationSharing (256)
[2020.05.26-18.23.07:068][722]LogModuleManager: Shutting down and abandoning module LightPropagationVolumeRuntime (254)
[2020.05.26-18.23.07:068][722]LogModuleManager: Shutting down and abandoning module Paper2D (252)
[2020.05.26-18.23.07:068][722]LogModuleManager: Shutting down and abandoning module WindowsMoviePlayer (250)
[2020.05.26-18.23.07:072][722]LogModuleManager: Shutting down and abandoning module WebMMoviePlayer (248)
[2020.05.26-18.23.07:072][722]LogModuleManager: Shutting down and abandoning module TcpSocketPlugin (246)
[2020.05.26-18.23.07:072][722]LogModuleManager: Shutting down and abandoning module NetworkReplayStreaming (244)
[2020.05.26-18.23.07:072][722]LogModuleManager: Shutting down and abandoning module PacketHandler (242)
[2020.05.26-18.23.07:072][722]LogModuleManager: Shutting down and abandoning module ClothingSystemEditor (240)
[2020.05.26-18.23.07:072][722]LogModuleManager: Shutting down and abandoning module ClothingSystemRuntime (238)
[2020.05.26-18.23.07:072][722]LogModuleManager: Shutting down and abandoning module MediaAssets (236)
[2020.05.26-18.23.07:072][722]LogModuleManager: Shutting down and abandoning module Overlay (234)
[2020.05.26-18.23.07:072][722]LogModuleManager: Shutting down and abandoning module OverlayEditor (233)
[2020.05.26-18.23.07:072][722]LogModuleManager: Shutting down and abandoning module VREditor (230)
[2020.05.26-18.23.07:072][722]LogModuleManager: Shutting down and abandoning module StringTableEditor (228)
[2020.05.26-18.23.07:072][722]LogModuleManager: Shutting down and abandoning module GameplayTasksEditor (226)
[2020.05.26-18.23.07:072][722]LogModuleManager: Shutting down and abandoning module BehaviorTreeEditor (224)
[2020.05.26-18.23.07:072][722]LogModuleManager: Shutting down and abandoning module FunctionalTesting (222)
[2020.05.26-18.23.07:072][722]LogModuleManager: Shutting down and abandoning module CollisionAnalyzer (220)
[2020.05.26-18.23.07:072][722]LogModuleManager: Shutting down and abandoning module WorkspaceMenuStructure (219)
[2020.05.26-18.23.07:072][722]LogModuleManager: Shutting down and abandoning module UMG (216)
[2020.05.26-18.23.07:072][722]LogModuleManager: Shutting down and abandoning module UMGEditor (215)
[2020.05.26-18.23.07:072][722]LogModuleManager: Shutting down and abandoning module Sequencer (214)
[2020.05.26-18.23.07:072][722]LogModuleManager: Shutting down and abandoning module MessageLog (211)
[2020.05.26-18.23.07:072][722]LogModuleManager: Shutting down and abandoning module SlateReflector (206)
[2020.05.26-18.23.07:072][722]LogModuleManager: Shutting down and abandoning module Slate (204)
[2020.05.26-18.23.07:072][722]LogModuleManager: Shutting down and abandoning module LandscapeEditorUtilities (202)
[2020.05.26-18.23.07:072][722]LogModuleManager: Shutting down and abandoning module EditorStyle (200)
[2020.05.26-18.23.07:073][722]LogModuleManager: Shutting down and abandoning module UnrealEd (198)
[2020.05.26-18.23.07:073][722]LogModuleManager: Shutting down and abandoning module MRMesh (196)
[2020.05.26-18.23.07:073][722]LogModuleManager: Shutting down and abandoning module SourceCodeAccess (194)
[2020.05.26-18.23.07:073][722]LogModuleManager: Shutting down and abandoning module HeadMountedDisplay (192)
[2020.05.26-18.23.07:073][722]LogModuleManager: Shutting down and abandoning module XAudio2 (190)
[2020.05.26-18.23.07:073][722]LogModuleManager: Shutting down and abandoning module Networking (188)
[2020.05.26-18.23.07:073][722]LogModuleManager: Shutting down and abandoning module Core (186)
[2020.05.26-18.23.07:073][722]LogModuleManager: Shutting down and abandoning module KismetCompiler (184)
[2020.05.26-18.23.07:073][722]LogModuleManager: Shutting down and abandoning module MeshUtilities (182)
[2020.05.26-18.23.07:073][722]LogModuleManager: Shutting down and abandoning module MeshMergeUtilities (181)
[2020.05.26-18.23.07:073][722]LogModuleManager: Shutting down and abandoning module MeshReductionInterface (180)
[2020.05.26-18.23.07:073][722]LogModuleManager: Shutting down and abandoning module SkeletalMeshReduction (179)
[2020.05.26-18.23.07:073][722]LogModuleManager: Shutting down and abandoning module ProxyLODMeshReduction (177)
[2020.05.26-18.23.07:073][722]LogModuleManager: Shutting down and abandoning module QuadricMeshReduction (175)
[2020.05.26-18.23.07:073][722]LogModuleManager: Shutting down and abandoning module MaterialBaking (171)
[2020.05.26-18.23.07:073][722]LogModuleManager: Shutting down and abandoning module NullInstallBundleManager (166)
[2020.05.26-18.23.07:073][722]LogModuleManager: Shutting down and abandoning module DerivedDataCache (164)
[2020.05.26-18.23.07:125][722]LogDerivedDataCache: Shutdown
[2020.05.26-18.23.07:125][722]LogModuleManager: Shutting down and abandoning module XGEController (162)
[2020.05.26-18.23.07:125][722]LogModuleManager: Shutting down and abandoning module TargetPlatform (160)
[2020.05.26-18.23.07:125][722]LogModuleManager: Shutting down and abandoning module VulkanShaderFormat (159)
[2020.05.26-18.23.07:125][722]LogModuleManager: Shutting down and abandoning module ShaderFormatVectorVM (157)
[2020.05.26-18.23.07:125][722]LogModuleManager: Shutting down and abandoning module ShaderFormatOpenGL (155)
[2020.05.26-18.23.07:125][722]LogModuleManager: Shutting down and abandoning module ShaderFormatD3D (153)
[2020.05.26-18.23.07:125][722]LogModuleManager: Shutting down and abandoning module MetalShaderFormat (151)
[2020.05.26-18.23.07:125][722]LogModuleManager: Shutting down and abandoning module TextureFormatUncompressed (149)
[2020.05.26-18.23.07:125][722]LogModuleManager: Shutting down and abandoning module TextureFormatPVR (147)
[2020.05.26-18.23.07:125][722]LogModuleManager: Shutting down and abandoning module TextureFormatDXT (145)
[2020.05.26-18.23.07:125][722]LogModuleManager: Shutting down and abandoning module TextureFormatIntelISPCTexComp (143)
[2020.05.26-18.23.07:125][722]LogModuleManager: Shutting down and abandoning module TextureFormatASTC (141)
[2020.05.26-18.23.07:125][722]LogModuleManager: Shutting down and abandoning module ImageWrapper (140)
[2020.05.26-18.23.07:125][722]LogModuleManager: Shutting down and abandoning module TextureFormatAndroid (137)
[2020.05.26-18.23.07:125][722]LogModuleManager: Shutting down and abandoning module AudioFormatOpus (135)
[2020.05.26-18.23.07:125][722]LogModuleManager: Shutting down and abandoning module AudioFormatOgg (133)
[2020.05.26-18.23.07:125][722]LogModuleManager: Shutting down and abandoning module AudioFormatADPCM (131)
[2020.05.26-18.23.07:125][722]LogModuleManager: Shutting down and abandoning module LuminTargetPlatform (129)
[2020.05.26-18.23.07:126][722]LogModuleManager: Shutting down and abandoning module LinuxTargetPlatform (127)
[2020.05.26-18.23.07:126][722]LogModuleManager: Shutting down and abandoning module LinuxServerTargetPlatform (125)
[2020.05.26-18.23.07:126][722]LogModuleManager: Shutting down and abandoning module LinuxNoEditorTargetPlatform (123)
[2020.05.26-18.23.07:126][722]LogModuleManager: Shutting down and abandoning module LinuxClientTargetPlatform (121)
[2020.05.26-18.23.07:126][722]LogModuleManager: Shutting down and abandoning module TVOSTargetPlatform (119)
[2020.05.26-18.23.07:127][722]LogModuleManager: Shutting down and abandoning module Messaging (117)
[2020.05.26-18.23.07:127][722]LogModuleManager: Shutting down and abandoning module IOSTargetPlatform (115)
[2020.05.26-18.23.07:128][722]LogModuleManager: Shutting down and abandoning module HTML5TargetPlatform (113)
[2020.05.26-18.23.07:128][722]LogModuleManager: Shutting down and abandoning module AndroidTargetPlatform (111)
[2020.05.26-18.23.07:133][722]LogModuleManager: Shutting down and abandoning module WindowsTargetPlatform (109)
[2020.05.26-18.23.07:133][722]LogModuleManager: Shutting down and abandoning module WindowsServerTargetPlatform (107)
[2020.05.26-18.23.07:133][722]LogModuleManager: Shutting down and abandoning module WindowsNoEditorTargetPlatform (105)
[2020.05.26-18.23.07:133][722]LogModuleManager: Shutting down and abandoning module WindowsClientTargetPlatform (103)
[2020.05.26-18.23.07:133][722]LogModuleManager: Shutting down and abandoning module MacTargetPlatform (101)
[2020.05.26-18.23.07:133][722]LogModuleManager: Shutting down and abandoning module MacServerTargetPlatform (99)
[2020.05.26-18.23.07:133][722]LogModuleManager: Shutting down and abandoning module MacNoEditorTargetPlatform (97)
[2020.05.26-18.23.07:133][722]LogModuleManager: Shutting down and abandoning module MacClientTargetPlatform (95)
[2020.05.26-18.23.07:133][722]LogModuleManager: Shutting down and abandoning module AllDesktopTargetPlatform (93)
[2020.05.26-18.23.07:133][722]LogModuleManager: Shutting down and abandoning module InputCore (90)
[2020.05.26-18.23.07:133][722]LogModuleManager: Shutting down and abandoning module Settings (88)
[2020.05.26-18.23.07:133][722]LogModuleManager: Shutting down and abandoning module DirectoryWatcher (86)
[2020.05.26-18.23.07:133][722]LogModuleManager: Shutting down and abandoning module PhysXCooking (84)
[2020.05.26-18.23.07:133][722]LogModuleManager: Shutting down and abandoning module WindowsPlatformFeatures (82)
[2020.05.26-18.23.07:133][722]LogModuleManager: Shutting down and abandoning module GameplayMediaEncoder (81)
[2020.05.26-18.23.07:133][722]LogModuleManager: Shutting down and abandoning module SteamVR (78)
[2020.05.26-18.23.07:133][722]LogHMD: Freeing OpenVRDLLHandle.
[2020.05.26-18.23.07:133][722]LogModuleManager: Shutting down and abandoning module OculusHMD (76)
[2020.05.26-18.23.07:133][722]LogModuleManager: Shutting down and abandoning module ExampleDeviceProfileSelector (74)
[2020.05.26-18.23.07:133][722]LogModuleManager: Shutting down and abandoning module LauncherChunkInstaller (72)
[2020.05.26-18.23.07:133][722]LogModuleManager: Shutting down and abandoning module OnlineBlueprintSupport (70)
[2020.05.26-18.23.07:134][722]LogModuleManager: Shutting down and abandoning module OnlineSubsystem (66)
[2020.05.26-18.23.07:134][722]LogModuleManager: Shutting down and abandoning module XMPP (61)
[2020.05.26-18.23.07:134][722]LogModuleManager: Shutting down and abandoning module WebSockets (60)
[2020.05.26-18.23.07:158][722]LogModuleManager: Shutting down and abandoning module HTTP (57)
[2020.05.26-18.23.07:158][722]LogHttp: Display: Http module shutting down, but needs to wait on 1 outstanding Http requests:
[2020.05.26-18.23.07:158][722]LogHttp: Display: 	verb=[POST] url=[https://datarouter.ol.epicgames.com/datarouter/api/v1/public/data?SessionID=%7BF422C4AD-446D-CD24-1BD9-EC84925E3471%7D&AppID=UEEditor.Rocket.Release&AppVersion=4.23.1-9631420%2B%2B%2BUE4%2BRelease-4.23&UserID=20082b414b8250dd72878f904fe211f7%7Cfc5c9666091548c48bec3a3c713d048f%7C530757a4-446c-4237-85ec-d9e8b2bbf3f8&AppEnvironment=datacollector-binary&UploadType=eteventstream] status=Processing
[2020.05.26-18.23.07:181][722]LogModuleManager: Shutting down and abandoning module SSL (56)
[2020.05.26-18.23.07:182][722]LogModuleManager: Shutting down and abandoning module WmfMedia (52)
[2020.05.26-18.23.07:182][722]LogModuleManager: Shutting down and abandoning module Media (51)
[2020.05.26-18.23.07:183][722]LogModuleManager: Shutting down and abandoning module MagicLeap (48)
[2020.05.26-18.23.07:183][722]LogModuleManager: Shutting down and abandoning module DatasmithContent (46)
[2020.05.26-18.23.07:183][722]LogModuleManager: Shutting down and abandoning module AISupportModule (44)
[2020.05.26-18.23.07:183][722]LogModuleManager: Shutting down and abandoning module PlatformCryptoOpenSSL (42)
[2020.05.26-18.23.07:183][722]LogModuleManager: Shutting down and abandoning module PlatformCrypto (40)
[2020.05.26-18.23.07:183][722]LogModuleManager: Shutting down and abandoning module AnimationModifiers (38)
[2020.05.26-18.23.07:183][722]LogModuleManager: Shutting down and abandoning module PropertyEditor (37)
[2020.05.26-18.23.07:183][722]LogModuleManager: Shutting down and abandoning module AudioEditor (34)
[2020.05.26-18.23.07:183][722]LogModuleManager: Shutting down and abandoning module TextureCompressor (32)
[2020.05.26-18.23.07:183][722]LogModuleManager: Shutting down and abandoning module RenderCore (30)
[2020.05.26-18.23.07:183][722]LogModuleManager: Shutting down and abandoning module Landscape (28)
[2020.05.26-18.23.07:183][722]LogModuleManager: Shutting down and abandoning module SlateRHIRenderer (26)
[2020.05.26-18.23.07:184][722]LogModuleManager: Shutting down and abandoning module OpenGLDrv (24)
[2020.05.26-18.23.07:184][722]LogModuleManager: Shutting down and abandoning module D3D11RHI (22)
[2020.05.26-18.23.07:184][722]LogModuleManager: Shutting down and abandoning module AnimGraphRuntime (20)
[2020.05.26-18.23.07:184][722]LogModuleManager: Shutting down and abandoning module Renderer (18)
[2020.05.26-18.23.07:184][722]LogModuleManager: Shutting down and abandoning module Engine (16)
[2020.05.26-18.23.07:184][722]LogModuleManager: Shutting down and abandoning module CoreUObject (14)
[2020.05.26-18.23.07:184][722]LogModuleManager: Shutting down and abandoning module NetworkFile (12)
[2020.05.26-18.23.07:184][722]LogModuleManager: Shutting down and abandoning module CookedIterativeFile (10)
[2020.05.26-18.23.07:184][722]LogModuleManager: Shutting down and abandoning module StreamingFile (8)
[2020.05.26-18.23.07:184][722]LogModuleManager: Shutting down and abandoning module SandboxFile (6)
[2020.05.26-18.23.07:184][722]LogModuleManager: Shutting down and abandoning module PakFile (4)
[2020.05.26-18.23.07:184][722]LogModuleManager: Shutting down and abandoning module RSA (3)
[2020.05.26-18.23.07:184][722]LogD3D11RHI: Shutdown
[2020.05.26-18.23.07:184][722]LogD3D11RHI: CleanupD3DDevice
[2020.05.26-18.23.07:185][722]LogRendererCore: FGlobalDynamicReadBuffer::Cleanup()
[2020.05.26-18.23.07:185][722]LogRendererCore: FGlobalDynamicReadBuffer::Cleanup()
[2020.05.26-18.23.07:185][722]LogRendererCore: FGlobalDynamicReadBuffer::Cleanup()
[2020.05.26-18.23.07:281][722]LogD3D11RHI: ~FD3D11DynamicRHI
[2020.05.26-18.23.07:284][722]LogExit: Exiting.
[2020.05.26-18.23.07:324][722]Log file closed, 05/26/20 20:23:07
